Apache Maven 3.5.4 (1edded0938998edf8bf061f1ceb3cfdeccf443fe; 2018-06-17T20:33:14+02:00)
Maven home: /home/spirals/danglot/apache-maven-3.5.4
Java version: 1.8.0_121, vendor: Oracle Corporation, runtime: /home/spirals/danglot/jdk1.8.0_121/jre
Default locale: en_US, platform encoding: ANSI_X3.4-1968
OS name: "linux", version: "3.16.0-4-amd64", arch: "amd64", family: "unix"
[DEBUG] Created new class realm maven.api
[DEBUG] Importing foreign packages into class realm maven.api
[DEBUG]   Imported: javax.annotation.* < plexus.core
[DEBUG]   Imported: javax.annotation.security.* < plexus.core
[DEBUG]   Imported: javax.enterprise.inject.* < plexus.core
[DEBUG]   Imported: javax.enterprise.util.* < plexus.core
[DEBUG]   Imported: javax.inject.* < plexus.core
[DEBUG]   Imported: org.apache.maven.* < plexus.core
[DEBUG]   Imported: org.apache.maven.artifact < plexus.core
[DEBUG]   Imported: org.apache.maven.classrealm < plexus.core
[DEBUG]   Imported: org.apache.maven.cli < plexus.core
[DEBUG]   Imported: org.apache.maven.configuration < plexus.core
[DEBUG]   Imported: org.apache.maven.exception < plexus.core
[DEBUG]   Imported: org.apache.maven.execution < plexus.core
[DEBUG]   Imported: org.apache.maven.execution.scope < plexus.core
[DEBUG]   Imported: org.apache.maven.lifecycle < plexus.core
[DEBUG]   Imported: org.apache.maven.model < plexus.core
[DEBUG]   Imported: org.apache.maven.monitor < plexus.core
[DEBUG]   Imported: org.apache.maven.plugin < plexus.core
[DEBUG]   Imported: org.apache.maven.profiles < plexus.core
[DEBUG]   Imported: org.apache.maven.project < plexus.core
[DEBUG]   Imported: org.apache.maven.reporting < plexus.core
[DEBUG]   Imported: org.apache.maven.repository < plexus.core
[DEBUG]   Imported: org.apache.maven.rtinfo < plexus.core
[DEBUG]   Imported: org.apache.maven.settings < plexus.core
[DEBUG]   Imported: org.apache.maven.toolchain < plexus.core
[DEBUG]   Imported: org.apache.maven.usability < plexus.core
[DEBUG]   Imported: org.apache.maven.wagon.* < plexus.core
[DEBUG]   Imported: org.apache.maven.wagon.authentication < plexus.core
[DEBUG]   Imported: org.apache.maven.wagon.authorization < plexus.core
[DEBUG]   Imported: org.apache.maven.wagon.events < plexus.core
[DEBUG]   Imported: org.apache.maven.wagon.observers < plexus.core
[DEBUG]   Imported: org.apache.maven.wagon.proxy < plexus.core
[DEBUG]   Imported: org.apache.maven.wagon.repository < plexus.core
[DEBUG]   Imported: org.apache.maven.wagon.resource < plexus.core
[DEBUG]   Imported: org.codehaus.classworlds < plexus.core
[DEBUG]   Imported: org.codehaus.plexus.* < plexus.core
[DEBUG]   Imported: org.codehaus.plexus.classworlds < plexus.core
[DEBUG]   Imported: org.codehaus.plexus.component < plexus.core
[DEBUG]   Imported: org.codehaus.plexus.configuration < plexus.core
[DEBUG]   Imported: org.codehaus.plexus.container < plexus.core
[DEBUG]   Imported: org.codehaus.plexus.context < plexus.core
[DEBUG]   Imported: org.codehaus.plexus.lifecycle < plexus.core
[DEBUG]   Imported: org.codehaus.plexus.logging < plexus.core
[DEBUG]   Imported: org.codehaus.plexus.personality < plexus.core
[DEBUG]   Imported: org.codehaus.plexus.util.xml.Xpp3Dom < plexus.core
[DEBUG]   Imported: org.codehaus.plexus.util.xml.pull.XmlPullParser < plexus.core
[DEBUG]   Imported: org.codehaus.plexus.util.xml.pull.XmlPullParserException < plexus.core
[DEBUG]   Imported: org.codehaus.plexus.util.xml.pull.XmlSerializer < plexus.core
[DEBUG]   Imported: org.eclipse.aether.* < plexus.core
[DEBUG]   Imported: org.eclipse.aether.artifact < plexus.core
[DEBUG]   Imported: org.eclipse.aether.collection < plexus.core
[DEBUG]   Imported: org.eclipse.aether.deployment < plexus.core
[DEBUG]   Imported: org.eclipse.aether.graph < plexus.core
[DEBUG]   Imported: org.eclipse.aether.impl < plexus.core
[DEBUG]   Imported: org.eclipse.aether.installation < plexus.core
[DEBUG]   Imported: org.eclipse.aether.internal.impl < plexus.core
[DEBUG]   Imported: org.eclipse.aether.metadata < plexus.core
[DEBUG]   Imported: org.eclipse.aether.repository < plexus.core
[DEBUG]   Imported: org.eclipse.aether.resolution < plexus.core
[DEBUG]   Imported: org.eclipse.aether.spi < plexus.core
[DEBUG]   Imported: org.eclipse.aether.transfer < plexus.core
[DEBUG]   Imported: org.eclipse.aether.version < plexus.core
[DEBUG]   Imported: org.fusesource.jansi.* < plexus.core
[DEBUG]   Imported: org.slf4j.* < plexus.core
[DEBUG]   Imported: org.slf4j.helpers.* < plexus.core
[DEBUG]   Imported: org.slf4j.spi.* < plexus.core
[DEBUG] Populating class realm maven.api
[INFO] Error stacktraces are turned on.
[DEBUG] Message scheme: color
[DEBUG] Message styles: debug info warning error success failure strong mojo project
[DEBUG] Reading global settings from /home/spirals/danglot/apache-maven-3.5.4/conf/settings.xml
[DEBUG] Reading user settings from /home/spirals/danglot/.m2/settings.xml
[DEBUG] Reading global toolchains from /home/spirals/danglot/apache-maven-3.5.4/conf/toolchains.xml
[DEBUG] Reading user toolchains from /home/spirals/danglot/.m2/toolchains.xml
[DEBUG] Using local repository at /home/spirals/danglot/.m2/repository
[DEBUG] Using manager EnhancedLocalRepositoryManager with priority 10.0 for /home/spirals/danglot/.m2/repository
[INFO] Scanning for projects...
[DEBUG] Extension realms for project org.xwiki.commons:xwiki-commons-extension-api:jar:10.7-SNAPSHOT: (none)
[DEBUG] Looking up lifecycle mappings for packaging jar from ClassRealm[plexus.core, parent: null]
[DEBUG] Extension realms for project org.xwiki.commons:xwiki-commons-extension:pom:10.7-SNAPSHOT: (none)
[DEBUG] Looking up lifecycle mappings for packaging pom from ClassRealm[plexus.core, parent: null]
[DEBUG] Extension realms for project org.xwiki.commons:xwiki-commons-core:pom:10.7-SNAPSHOT: (none)
[DEBUG] Looking up lifecycle mappings for packaging pom from ClassRealm[plexus.core, parent: null]
[DEBUG] Extension realms for project org.xwiki.commons:xwiki-commons-pom:pom:10.7-SNAPSHOT: (none)
[DEBUG] Looking up lifecycle mappings for packaging pom from ClassRealm[plexus.core, parent: null]
[DEBUG] Extension realms for project org.xwiki.commons:xwiki-commons:pom:10.7-SNAPSHOT: (none)
[DEBUG] Looking up lifecycle mappings for packaging pom from ClassRealm[plexus.core, parent: null]
[DEBUG] === REACTOR BUILD PLAN ================================================
[DEBUG] Project: org.xwiki.commons:xwiki-commons-extension-api:jar:10.7-SNAPSHOT
[DEBUG] Tasks:   [clean, eu.stamp-project:dspot-diff-test-selection:2.0.1-SNAPSHOT:list]
[DEBUG] Style:   Regular
[DEBUG] =======================================================================
[INFO] 
[INFO] -----------< org.xwiki.commons:xwiki-commons-extension-api >------------
[INFO] Building XWiki Commons - Extension - API 10.7-SNAPSHOT
[INFO] --------------------------------[ jar ]---------------------------------
[DEBUG] Lifecycle default -> [validate, initialize, generate-sources, process-sources, generate-resources, process-resources, compile, process-classes, generate-test-sources, process-test-sources, generate-test-resources, process-test-resources, test-compile, process-test-classes, test, prepare-package, package, pre-integration-test, integration-test, post-integration-test, verify, install, deploy]
[DEBUG] Lifecycle clean -> [pre-clean, clean, post-clean]
[DEBUG] Lifecycle site -> [pre-site, site, post-site, site-deploy]
[DEBUG] Lifecycle default -> [validate, initialize, generate-sources, process-sources, generate-resources, process-resources, compile, process-classes, generate-test-sources, process-test-sources, generate-test-resources, process-test-resources, test-compile, process-test-classes, test, prepare-package, package, pre-integration-test, integration-test, post-integration-test, verify, install, deploy]
[DEBUG] Lifecycle clean -> [pre-clean, clean, post-clean]
[DEBUG] Lifecycle site -> [pre-site, site, post-site, site-deploy]
[DEBUG] Lifecycle default -> [validate, initialize, generate-sources, process-sources, generate-resources, process-resources, compile, process-classes, generate-test-sources, process-test-sources, generate-test-resources, process-test-resources, test-compile, process-test-classes, test, prepare-package, package, pre-integration-test, integration-test, post-integration-test, verify, install, deploy]
[DEBUG] Lifecycle clean -> [pre-clean, clean, post-clean]
[DEBUG] Lifecycle site -> [pre-site, site, post-site, site-deploy]
[DEBUG] === PROJECT BUILD PLAN ================================================
[DEBUG] Project:       org.xwiki.commons:xwiki-commons-extension-api:10.7-SNAPSHOT
[DEBUG] Dependencies (collect): []
[DEBUG] Dependencies (resolve): []
[DEBUG] Repositories (dependencies): [central (https://repo.maven.apache.org/maven2, default, releases)]
[DEBUG] Repositories (plugins)     : [central (https://repo.maven.apache.org/maven2, default, releases)]
[DEBUG] -----------------------------------------------------------------------
[DEBUG] Goal:          org.apache.maven.plugins:maven-clean-plugin:3.1.0:clean (default-clean)
[DEBUG] Style:         Regular
[DEBUG] Configuration: <?xml version="1.0" encoding="UTF-8"?>
<configuration>
  <directory default-value="${project.build.directory}"/>
  <excludeDefaultDirectories default-value="false">${maven.clean.excludeDefaultDirectories}</excludeDefaultDirectories>
  <failOnError default-value="true">${maven.clean.failOnError}</failOnError>
  <followSymLinks default-value="false">${maven.clean.followSymLinks}</followSymLinks>
  <outputDirectory default-value="${project.build.outputDirectory}"/>
  <reportDirectory default-value="${project.build.outputDirectory}"/>
  <retryOnError default-value="true">${maven.clean.retryOnError}</retryOnError>
  <skip default-value="false">${maven.clean.skip}</skip>
  <testOutputDirectory default-value="${project.build.testOutputDirectory}"/>
  <verbose>${maven.clean.verbose}</verbose>
</configuration>
[DEBUG] -----------------------------------------------------------------------
[DEBUG] Goal:          eu.stamp-project:dspot-diff-test-selection:2.0.1-SNAPSHOT:list (default-cli)
[DEBUG] Style:         Regular
[DEBUG] Configuration: <?xml version="1.0" encoding="UTF-8"?>
<configuration>
  <module default-value="">${module}</module>
  <outputFormat default-value="CSV">${output-format}</outputFormat>
  <outputPath default-value="">${output-path}</outputPath>
  <pathDirSecondVersion>${path-dir-second-version}</pathDirSecondVersion>
  <pathToDiff default-value="">${path-to-diff}</pathToDiff>
  <project default-value="${project}"/>
</configuration>
[DEBUG] =======================================================================
[INFO] 
[INFO] --- maven-clean-plugin:3.1.0:clean (default-clean) @ xwiki-commons-extension-api ---
[DEBUG] Dependency collection stats: {ConflictMarker.analyzeTime=870278, ConflictMarker.markTime=511298, ConflictMarker.nodeCount=14, ConflictIdSorter.graphTime=461001, ConflictIdSorter.topsortTime=584149, ConflictIdSorter.conflictIdCount=12, ConflictIdSorter.conflictIdCycleCount=0, ConflictResolver.totalTime=4018100, ConflictResolver.conflictItemCount=14, DefaultDependencyCollector.collectTime=134487361, DefaultDependencyCollector.transformTime=8921713}
[DEBUG] org.apache.maven.plugins:maven-clean-plugin:jar:3.1.0:
[DEBUG]    org.apache.maven:maven-plugin-api:jar:3.0:compile
[DEBUG]       org.apache.maven:maven-model:jar:3.0:compile
[DEBUG]          org.codehaus.plexus:plexus-utils:jar:2.0.4:compile
[DEBUG]       org.apache.maven:maven-artifact:jar:3.0:compile
[DEBUG]       org.sonatype.sisu:sisu-inject-plexus:jar:1.4.2:compile
[DEBUG]          org.codehaus.plexus:plexus-component-annotations:jar:1.7.1:compile
[DEBUG]          org.codehaus.plexus:plexus-classworlds:jar:2.2.3:compile
[DEBUG]          org.sonatype.sisu:sisu-inject-bean:jar:1.4.2:compile
[DEBUG]             org.sonatype.sisu:sisu-guice:jar:noaop:2.1.7:compile
[DEBUG]    org.apache.maven.shared:maven-shared-utils:jar:3.2.1:compile
[DEBUG]       commons-io:commons-io:jar:2.5:compile
[DEBUG] Created new class realm plugin>org.apache.maven.plugins:maven-clean-plugin:3.1.0
[DEBUG] Importing foreign packages into class realm plugin>org.apache.maven.plugins:maven-clean-plugin:3.1.0
[DEBUG]   Imported:  < maven.api
[DEBUG] Populating class realm plugin>org.apache.maven.plugins:maven-clean-plugin:3.1.0
[DEBUG]   Included: org.apache.maven.plugins:maven-clean-plugin:jar:3.1.0
[DEBUG]   Included: org.codehaus.plexus:plexus-utils:jar:2.0.4
[DEBUG]   Included: org.codehaus.plexus:plexus-component-annotations:jar:1.7.1
[DEBUG]   Included: org.sonatype.sisu:sisu-inject-bean:jar:1.4.2
[DEBUG]   Included: org.sonatype.sisu:sisu-guice:jar:noaop:2.1.7
[DEBUG]   Included: org.apache.maven.shared:maven-shared-utils:jar:3.2.1
[DEBUG]   Included: commons-io:commons-io:jar:2.5
[DEBUG] Configuring mojo org.apache.maven.plugins:maven-clean-plugin:3.1.0:clean from plugin realm ClassRealm[plugin>org.apache.maven.plugins:maven-clean-plugin:3.1.0, parent: sun.misc.Launcher$AppClassLoader@55f96302]
[DEBUG] Configuring mojo 'org.apache.maven.plugins:maven-clean-plugin:3.1.0:clean' with basic configurator -->
[DEBUG]   (f) directory = /tmp/dspot-experiments/dataset/april-2019/xwiki-commons_parent/xwiki-commons-core/xwiki-commons-extension/xwiki-commons-extension-api/target
[DEBUG]   (f) excludeDefaultDirectories = false
[DEBUG]   (f) failOnError = true
[DEBUG]   (f) followSymLinks = false
[DEBUG]   (f) outputDirectory = /tmp/dspot-experiments/dataset/april-2019/xwiki-commons_parent/xwiki-commons-core/xwiki-commons-extension/xwiki-commons-extension-api/target/classes
[DEBUG]   (f) reportDirectory = /tmp/dspot-experiments/dataset/april-2019/xwiki-commons_parent/xwiki-commons-core/xwiki-commons-extension/xwiki-commons-extension-api/target/classes
[DEBUG]   (f) retryOnError = true
[DEBUG]   (f) skip = false
[DEBUG]   (f) testOutputDirectory = /tmp/dspot-experiments/dataset/april-2019/xwiki-commons_parent/xwiki-commons-core/xwiki-commons-extension/xwiki-commons-extension-api/target/test-classes
[DEBUG] -- end configuration --
[DEBUG] Skipping non-existing directory /tmp/dspot-experiments/dataset/april-2019/xwiki-commons_parent/xwiki-commons-core/xwiki-commons-extension/xwiki-commons-extension-api/target
[DEBUG] Skipping non-existing directory /tmp/dspot-experiments/dataset/april-2019/xwiki-commons_parent/xwiki-commons-core/xwiki-commons-extension/xwiki-commons-extension-api/target/classes
[DEBUG] Skipping non-existing directory /tmp/dspot-experiments/dataset/april-2019/xwiki-commons_parent/xwiki-commons-core/xwiki-commons-extension/xwiki-commons-extension-api/target/test-classes
[DEBUG] Skipping non-existing directory /tmp/dspot-experiments/dataset/april-2019/xwiki-commons_parent/xwiki-commons-core/xwiki-commons-extension/xwiki-commons-extension-api/target/classes
[INFO] 
[INFO] --- dspot-diff-test-selection:2.0.1-SNAPSHOT:list (default-cli) @ xwiki-commons-extension-api ---
[DEBUG] Could not find metadata org.eclipse.platform:org.eclipse.core.resources/maven-metadata.xml in local (/home/spirals/danglot/.m2/repository)
[DEBUG] Skipped remote request for org.eclipse.platform:org.eclipse.core.resources/maven-metadata.xml, locally cached metadata up-to-date.
[DEBUG] Failure to find org.eclipse.platform:org.eclipse.core.resources/maven-metadata.xml in https://repo.gradle.org/gradle/libs-releases-local/ was cached in the local repository, resolution will not be reattempted until the update interval of gradle-repo has elapsed or updates are forced
[DEBUG] Failure to find org.eclipse.platform:org.eclipse.core.resources/maven-metadata.xml in https://oss.sonatype.org/content/repositories/snapshots was cached in the local repository, resolution will not be reattempted until the update interval of sonatype-nexus-snapshots has elapsed or updates are forced
[DEBUG] Failure to find org.eclipse.platform:org.eclipse.core.resources/maven-metadata.xml in http://maven.inria.fr/artifactory/spoon-public-snapshot/ was cached in the local repository, resolution will not be reattempted until the update interval of gforge.inria.fr-release has elapsed or updates are forced
[DEBUG] Failure to find org.eclipse.platform:org.eclipse.core.resources/maven-metadata.xml in http://maven.inria.fr/artifactory/spoon-public-snapshot was cached in the local repository, resolution will not be reattempted until the update interval of maven.inria.fr-snapshot has elapsed or updates are forced
[DEBUG] Could not find metadata org.eclipse.platform:org.eclipse.core.expressions/maven-metadata.xml in local (/home/spirals/danglot/.m2/repository)
[DEBUG] Skipped remote request for org.eclipse.platform:org.eclipse.core.expressions/maven-metadata.xml, locally cached metadata up-to-date.
[DEBUG] Failure to find org.eclipse.platform:org.eclipse.core.expressions/maven-metadata.xml in https://repo.gradle.org/gradle/libs-releases-local/ was cached in the local repository, resolution will not be reattempted until the update interval of gradle-repo has elapsed or updates are forced
[DEBUG] Failure to find org.eclipse.platform:org.eclipse.core.expressions/maven-metadata.xml in https://oss.sonatype.org/content/repositories/snapshots was cached in the local repository, resolution will not be reattempted until the update interval of sonatype-nexus-snapshots has elapsed or updates are forced
[DEBUG] Failure to find org.eclipse.platform:org.eclipse.core.expressions/maven-metadata.xml in http://maven.inria.fr/artifactory/spoon-public-snapshot/ was cached in the local repository, resolution will not be reattempted until the update interval of gforge.inria.fr-release has elapsed or updates are forced
[DEBUG] Failure to find org.eclipse.platform:org.eclipse.core.expressions/maven-metadata.xml in http://maven.inria.fr/artifactory/spoon-public-snapshot was cached in the local repository, resolution will not be reattempted until the update interval of maven.inria.fr-snapshot has elapsed or updates are forced
[DEBUG] Could not find metadata org.eclipse.platform:org.eclipse.core.runtime/maven-metadata.xml in local (/home/spirals/danglot/.m2/repository)
[DEBUG] Skipped remote request for org.eclipse.platform:org.eclipse.core.runtime/maven-metadata.xml, locally cached metadata up-to-date.
[DEBUG] Failure to find org.eclipse.platform:org.eclipse.core.runtime/maven-metadata.xml in https://repo.gradle.org/gradle/libs-releases-local/ was cached in the local repository, resolution will not be reattempted until the update interval of gradle-repo has elapsed or updates are forced
[DEBUG] Failure to find org.eclipse.platform:org.eclipse.core.runtime/maven-metadata.xml in https://oss.sonatype.org/content/repositories/snapshots was cached in the local repository, resolution will not be reattempted until the update interval of sonatype-nexus-snapshots has elapsed or updates are forced
[DEBUG] Failure to find org.eclipse.platform:org.eclipse.core.runtime/maven-metadata.xml in http://maven.inria.fr/artifactory/spoon-public-snapshot/ was cached in the local repository, resolution will not be reattempted until the update interval of gforge.inria.fr-release has elapsed or updates are forced
[DEBUG] Failure to find org.eclipse.platform:org.eclipse.core.runtime/maven-metadata.xml in http://maven.inria.fr/artifactory/spoon-public-snapshot was cached in the local repository, resolution will not be reattempted until the update interval of maven.inria.fr-snapshot has elapsed or updates are forced
[DEBUG] Could not find metadata org.eclipse.platform:org.eclipse.osgi/maven-metadata.xml in local (/home/spirals/danglot/.m2/repository)
[DEBUG] Skipped remote request for org.eclipse.platform:org.eclipse.osgi/maven-metadata.xml, locally cached metadata up-to-date.
[DEBUG] Failure to find org.eclipse.platform:org.eclipse.osgi/maven-metadata.xml in https://repo.gradle.org/gradle/libs-releases-local/ was cached in the local repository, resolution will not be reattempted until the update interval of gradle-repo has elapsed or updates are forced
[DEBUG] Failure to find org.eclipse.platform:org.eclipse.osgi/maven-metadata.xml in https://oss.sonatype.org/content/repositories/snapshots was cached in the local repository, resolution will not be reattempted until the update interval of sonatype-nexus-snapshots has elapsed or updates are forced
[DEBUG] Failure to find org.eclipse.platform:org.eclipse.osgi/maven-metadata.xml in http://maven.inria.fr/artifactory/spoon-public-snapshot/ was cached in the local repository, resolution will not be reattempted until the update interval of gforge.inria.fr-release has elapsed or updates are forced
[DEBUG] Failure to find org.eclipse.platform:org.eclipse.osgi/maven-metadata.xml in http://maven.inria.fr/artifactory/spoon-public-snapshot was cached in the local repository, resolution will not be reattempted until the update interval of maven.inria.fr-snapshot has elapsed or updates are forced
[DEBUG] Could not find metadata org.eclipse.platform:org.eclipse.equinox.common/maven-metadata.xml in local (/home/spirals/danglot/.m2/repository)
[DEBUG] Skipped remote request for org.eclipse.platform:org.eclipse.equinox.common/maven-metadata.xml, locally cached metadata up-to-date.
[DEBUG] Failure to find org.eclipse.platform:org.eclipse.equinox.common/maven-metadata.xml in https://repo.gradle.org/gradle/libs-releases-local/ was cached in the local repository, resolution will not be reattempted until the update interval of gradle-repo has elapsed or updates are forced
[DEBUG] Failure to find org.eclipse.platform:org.eclipse.equinox.common/maven-metadata.xml in https://oss.sonatype.org/content/repositories/snapshots was cached in the local repository, resolution will not be reattempted until the update interval of sonatype-nexus-snapshots has elapsed or updates are forced
[DEBUG] Failure to find org.eclipse.platform:org.eclipse.equinox.common/maven-metadata.xml in http://maven.inria.fr/artifactory/spoon-public-snapshot/ was cached in the local repository, resolution will not be reattempted until the update interval of gforge.inria.fr-release has elapsed or updates are forced
[DEBUG] Failure to find org.eclipse.platform:org.eclipse.equinox.common/maven-metadata.xml in http://maven.inria.fr/artifactory/spoon-public-snapshot was cached in the local repository, resolution will not be reattempted until the update interval of maven.inria.fr-snapshot has elapsed or updates are forced
[DEBUG] Could not find metadata org.eclipse.platform:org.eclipse.core.jobs/maven-metadata.xml in local (/home/spirals/danglot/.m2/repository)
[DEBUG] Skipped remote request for org.eclipse.platform:org.eclipse.core.jobs/maven-metadata.xml, locally cached metadata up-to-date.
[DEBUG] Failure to find org.eclipse.platform:org.eclipse.core.jobs/maven-metadata.xml in https://repo.gradle.org/gradle/libs-releases-local/ was cached in the local repository, resolution will not be reattempted until the update interval of gradle-repo has elapsed or updates are forced
[DEBUG] Failure to find org.eclipse.platform:org.eclipse.core.jobs/maven-metadata.xml in https://oss.sonatype.org/content/repositories/snapshots was cached in the local repository, resolution will not be reattempted until the update interval of sonatype-nexus-snapshots has elapsed or updates are forced
[DEBUG] Failure to find org.eclipse.platform:org.eclipse.core.jobs/maven-metadata.xml in http://maven.inria.fr/artifactory/spoon-public-snapshot/ was cached in the local repository, resolution will not be reattempted until the update interval of gforge.inria.fr-release has elapsed or updates are forced
[DEBUG] Failure to find org.eclipse.platform:org.eclipse.core.jobs/maven-metadata.xml in http://maven.inria.fr/artifactory/spoon-public-snapshot was cached in the local repository, resolution will not be reattempted until the update interval of maven.inria.fr-snapshot has elapsed or updates are forced
[DEBUG] Could not find metadata org.eclipse.platform:org.eclipse.equinox.registry/maven-metadata.xml in local (/home/spirals/danglot/.m2/repository)
[DEBUG] Skipped remote request for org.eclipse.platform:org.eclipse.equinox.registry/maven-metadata.xml, locally cached metadata up-to-date.
[DEBUG] Failure to find org.eclipse.platform:org.eclipse.equinox.registry/maven-metadata.xml in https://repo.gradle.org/gradle/libs-releases-local/ was cached in the local repository, resolution will not be reattempted until the update interval of gradle-repo has elapsed or updates are forced
[DEBUG] Failure to find org.eclipse.platform:org.eclipse.equinox.registry/maven-metadata.xml in https://oss.sonatype.org/content/repositories/snapshots was cached in the local repository, resolution will not be reattempted until the update interval of sonatype-nexus-snapshots has elapsed or updates are forced
[DEBUG] Failure to find org.eclipse.platform:org.eclipse.equinox.registry/maven-metadata.xml in http://maven.inria.fr/artifactory/spoon-public-snapshot/ was cached in the local repository, resolution will not be reattempted until the update interval of gforge.inria.fr-release has elapsed or updates are forced
[DEBUG] Failure to find org.eclipse.platform:org.eclipse.equinox.registry/maven-metadata.xml in http://maven.inria.fr/artifactory/spoon-public-snapshot was cached in the local repository, resolution will not be reattempted until the update interval of maven.inria.fr-snapshot has elapsed or updates are forced
[DEBUG] Could not find metadata org.eclipse.platform:org.eclipse.equinox.common/maven-metadata.xml in local (/home/spirals/danglot/.m2/repository)
[DEBUG] Skipped remote request for org.eclipse.platform:org.eclipse.equinox.common/maven-metadata.xml, locally cached metadata up-to-date.
[DEBUG] Failure to find org.eclipse.platform:org.eclipse.equinox.common/maven-metadata.xml in https://repo.gradle.org/gradle/libs-releases-local/ was cached in the local repository, resolution will not be reattempted until the update interval of gradle-repo has elapsed or updates are forced
[DEBUG] Failure to find org.eclipse.platform:org.eclipse.equinox.common/maven-metadata.xml in https://oss.sonatype.org/content/repositories/snapshots was cached in the local repository, resolution will not be reattempted until the update interval of sonatype-nexus-snapshots has elapsed or updates are forced
[DEBUG] Failure to find org.eclipse.platform:org.eclipse.equinox.common/maven-metadata.xml in http://maven.inria.fr/artifactory/spoon-public-snapshot/ was cached in the local repository, resolution will not be reattempted until the update interval of gforge.inria.fr-release has elapsed or updates are forced
[DEBUG] Failure to find org.eclipse.platform:org.eclipse.equinox.common/maven-metadata.xml in http://maven.inria.fr/artifactory/spoon-public-snapshot was cached in the local repository, resolution will not be reattempted until the update interval of maven.inria.fr-snapshot has elapsed or updates are forced
[DEBUG] Could not find metadata org.eclipse.platform:org.eclipse.equinox.preferences/maven-metadata.xml in local (/home/spirals/danglot/.m2/repository)
[DEBUG] Skipped remote request for org.eclipse.platform:org.eclipse.equinox.preferences/maven-metadata.xml, locally cached metadata up-to-date.
[DEBUG] Failure to find org.eclipse.platform:org.eclipse.equinox.preferences/maven-metadata.xml in https://repo.gradle.org/gradle/libs-releases-local/ was cached in the local repository, resolution will not be reattempted until the update interval of gradle-repo has elapsed or updates are forced
[DEBUG] Failure to find org.eclipse.platform:org.eclipse.equinox.preferences/maven-metadata.xml in https://oss.sonatype.org/content/repositories/snapshots was cached in the local repository, resolution will not be reattempted until the update interval of sonatype-nexus-snapshots has elapsed or updates are forced
[DEBUG] Failure to find org.eclipse.platform:org.eclipse.equinox.preferences/maven-metadata.xml in http://maven.inria.fr/artifactory/spoon-public-snapshot/ was cached in the local repository, resolution will not be reattempted until the update interval of gforge.inria.fr-release has elapsed or updates are forced
[DEBUG] Failure to find org.eclipse.platform:org.eclipse.equinox.preferences/maven-metadata.xml in http://maven.inria.fr/artifactory/spoon-public-snapshot was cached in the local repository, resolution will not be reattempted until the update interval of maven.inria.fr-snapshot has elapsed or updates are forced
[DEBUG] Could not find metadata org.eclipse.platform:org.eclipse.equinox.common/maven-metadata.xml in local (/home/spirals/danglot/.m2/repository)
[DEBUG] Skipped remote request for org.eclipse.platform:org.eclipse.equinox.common/maven-metadata.xml, locally cached metadata up-to-date.
[DEBUG] Failure to find org.eclipse.platform:org.eclipse.equinox.common/maven-metadata.xml in https://repo.gradle.org/gradle/libs-releases-local/ was cached in the local repository, resolution will not be reattempted until the update interval of gradle-repo has elapsed or updates are forced
[DEBUG] Failure to find org.eclipse.platform:org.eclipse.equinox.common/maven-metadata.xml in https://oss.sonatype.org/content/repositories/snapshots was cached in the local repository, resolution will not be reattempted until the update interval of sonatype-nexus-snapshots has elapsed or updates are forced
[DEBUG] Failure to find org.eclipse.platform:org.eclipse.equinox.common/maven-metadata.xml in http://maven.inria.fr/artifactory/spoon-public-snapshot/ was cached in the local repository, resolution will not be reattempted until the update interval of gforge.inria.fr-release has elapsed or updates are forced
[DEBUG] Failure to find org.eclipse.platform:org.eclipse.equinox.common/maven-metadata.xml in http://maven.inria.fr/artifactory/spoon-public-snapshot was cached in the local repository, resolution will not be reattempted until the update interval of maven.inria.fr-snapshot has elapsed or updates are forced
[DEBUG] Could not find metadata org.eclipse.platform:org.eclipse.core.contenttype/maven-metadata.xml in local (/home/spirals/danglot/.m2/repository)
[DEBUG] Skipped remote request for org.eclipse.platform:org.eclipse.core.contenttype/maven-metadata.xml, locally cached metadata up-to-date.
[DEBUG] Failure to find org.eclipse.platform:org.eclipse.core.contenttype/maven-metadata.xml in https://repo.gradle.org/gradle/libs-releases-local/ was cached in the local repository, resolution will not be reattempted until the update interval of gradle-repo has elapsed or updates are forced
[DEBUG] Failure to find org.eclipse.platform:org.eclipse.core.contenttype/maven-metadata.xml in https://oss.sonatype.org/content/repositories/snapshots was cached in the local repository, resolution will not be reattempted until the update interval of sonatype-nexus-snapshots has elapsed or updates are forced
[DEBUG] Failure to find org.eclipse.platform:org.eclipse.core.contenttype/maven-metadata.xml in http://maven.inria.fr/artifactory/spoon-public-snapshot/ was cached in the local repository, resolution will not be reattempted until the update interval of gforge.inria.fr-release has elapsed or updates are forced
[DEBUG] Failure to find org.eclipse.platform:org.eclipse.core.contenttype/maven-metadata.xml in http://maven.inria.fr/artifactory/spoon-public-snapshot was cached in the local repository, resolution will not be reattempted until the update interval of maven.inria.fr-snapshot has elapsed or updates are forced
[DEBUG] Could not find metadata org.eclipse.platform:org.eclipse.equinox.preferences/maven-metadata.xml in local (/home/spirals/danglot/.m2/repository)
[DEBUG] Skipped remote request for org.eclipse.platform:org.eclipse.equinox.preferences/maven-metadata.xml, locally cached metadata up-to-date.
[DEBUG] Failure to find org.eclipse.platform:org.eclipse.equinox.preferences/maven-metadata.xml in https://repo.gradle.org/gradle/libs-releases-local/ was cached in the local repository, resolution will not be reattempted until the update interval of gradle-repo has elapsed or updates are forced
[DEBUG] Failure to find org.eclipse.platform:org.eclipse.equinox.preferences/maven-metadata.xml in https://oss.sonatype.org/content/repositories/snapshots was cached in the local repository, resolution will not be reattempted until the update interval of sonatype-nexus-snapshots has elapsed or updates are forced
[DEBUG] Failure to find org.eclipse.platform:org.eclipse.equinox.preferences/maven-metadata.xml in http://maven.inria.fr/artifactory/spoon-public-snapshot/ was cached in the local repository, resolution will not be reattempted until the update interval of gforge.inria.fr-release has elapsed or updates are forced
[DEBUG] Failure to find org.eclipse.platform:org.eclipse.equinox.preferences/maven-metadata.xml in http://maven.inria.fr/artifactory/spoon-public-snapshot was cached in the local repository, resolution will not be reattempted until the update interval of maven.inria.fr-snapshot has elapsed or updates are forced
[DEBUG] Could not find metadata org.eclipse.platform:org.eclipse.equinox.registry/maven-metadata.xml in local (/home/spirals/danglot/.m2/repository)
[DEBUG] Skipped remote request for org.eclipse.platform:org.eclipse.equinox.registry/maven-metadata.xml, locally cached metadata up-to-date.
[DEBUG] Failure to find org.eclipse.platform:org.eclipse.equinox.registry/maven-metadata.xml in https://repo.gradle.org/gradle/libs-releases-local/ was cached in the local repository, resolution will not be reattempted until the update interval of gradle-repo has elapsed or updates are forced
[DEBUG] Failure to find org.eclipse.platform:org.eclipse.equinox.registry/maven-metadata.xml in https://oss.sonatype.org/content/repositories/snapshots was cached in the local repository, resolution will not be reattempted until the update interval of sonatype-nexus-snapshots has elapsed or updates are forced
[DEBUG] Failure to find org.eclipse.platform:org.eclipse.equinox.registry/maven-metadata.xml in http://maven.inria.fr/artifactory/spoon-public-snapshot/ was cached in the local repository, resolution will not be reattempted until the update interval of gforge.inria.fr-release has elapsed or updates are forced
[DEBUG] Failure to find org.eclipse.platform:org.eclipse.equinox.registry/maven-metadata.xml in http://maven.inria.fr/artifactory/spoon-public-snapshot was cached in the local repository, resolution will not be reattempted until the update interval of maven.inria.fr-snapshot has elapsed or updates are forced
[DEBUG] Could not find metadata org.eclipse.platform:org.eclipse.equinox.app/maven-metadata.xml in local (/home/spirals/danglot/.m2/repository)
[DEBUG] Skipped remote request for org.eclipse.platform:org.eclipse.equinox.app/maven-metadata.xml, locally cached metadata up-to-date.
[DEBUG] Failure to find org.eclipse.platform:org.eclipse.equinox.app/maven-metadata.xml in https://repo.gradle.org/gradle/libs-releases-local/ was cached in the local repository, resolution will not be reattempted until the update interval of gradle-repo has elapsed or updates are forced
[DEBUG] Failure to find org.eclipse.platform:org.eclipse.equinox.app/maven-metadata.xml in https://oss.sonatype.org/content/repositories/snapshots was cached in the local repository, resolution will not be reattempted until the update interval of sonatype-nexus-snapshots has elapsed or updates are forced
[DEBUG] Failure to find org.eclipse.platform:org.eclipse.equinox.app/maven-metadata.xml in http://maven.inria.fr/artifactory/spoon-public-snapshot/ was cached in the local repository, resolution will not be reattempted until the update interval of gforge.inria.fr-release has elapsed or updates are forced
[DEBUG] Failure to find org.eclipse.platform:org.eclipse.equinox.app/maven-metadata.xml in http://maven.inria.fr/artifactory/spoon-public-snapshot was cached in the local repository, resolution will not be reattempted until the update interval of maven.inria.fr-snapshot has elapsed or updates are forced
[DEBUG] Could not find metadata org.eclipse.platform:org.eclipse.equinox.registry/maven-metadata.xml in local (/home/spirals/danglot/.m2/repository)
[DEBUG] Skipped remote request for org.eclipse.platform:org.eclipse.equinox.registry/maven-metadata.xml, locally cached metadata up-to-date.
[DEBUG] Failure to find org.eclipse.platform:org.eclipse.equinox.registry/maven-metadata.xml in https://repo.gradle.org/gradle/libs-releases-local/ was cached in the local repository, resolution will not be reattempted until the update interval of gradle-repo has elapsed or updates are forced
[DEBUG] Failure to find org.eclipse.platform:org.eclipse.equinox.registry/maven-metadata.xml in https://oss.sonatype.org/content/repositories/snapshots was cached in the local repository, resolution will not be reattempted until the update interval of sonatype-nexus-snapshots has elapsed or updates are forced
[DEBUG] Failure to find org.eclipse.platform:org.eclipse.equinox.registry/maven-metadata.xml in http://maven.inria.fr/artifactory/spoon-public-snapshot/ was cached in the local repository, resolution will not be reattempted until the update interval of gforge.inria.fr-release has elapsed or updates are forced
[DEBUG] Failure to find org.eclipse.platform:org.eclipse.equinox.registry/maven-metadata.xml in http://maven.inria.fr/artifactory/spoon-public-snapshot was cached in the local repository, resolution will not be reattempted until the update interval of maven.inria.fr-snapshot has elapsed or updates are forced
[DEBUG] Could not find metadata org.eclipse.platform:org.eclipse.osgi/maven-metadata.xml in local (/home/spirals/danglot/.m2/repository)
[DEBUG] Skipped remote request for org.eclipse.platform:org.eclipse.osgi/maven-metadata.xml, locally cached metadata up-to-date.
[DEBUG] Failure to find org.eclipse.platform:org.eclipse.osgi/maven-metadata.xml in https://repo.gradle.org/gradle/libs-releases-local/ was cached in the local repository, resolution will not be reattempted until the update interval of gradle-repo has elapsed or updates are forced
[DEBUG] Failure to find org.eclipse.platform:org.eclipse.osgi/maven-metadata.xml in https://oss.sonatype.org/content/repositories/snapshots was cached in the local repository, resolution will not be reattempted until the update interval of sonatype-nexus-snapshots has elapsed or updates are forced
[DEBUG] Failure to find org.eclipse.platform:org.eclipse.osgi/maven-metadata.xml in http://maven.inria.fr/artifactory/spoon-public-snapshot/ was cached in the local repository, resolution will not be reattempted until the update interval of gforge.inria.fr-release has elapsed or updates are forced
[DEBUG] Failure to find org.eclipse.platform:org.eclipse.osgi/maven-metadata.xml in http://maven.inria.fr/artifactory/spoon-public-snapshot was cached in the local repository, resolution will not be reattempted until the update interval of maven.inria.fr-snapshot has elapsed or updates are forced
[DEBUG] Could not find metadata org.eclipse.platform:org.eclipse.equinox.common/maven-metadata.xml in local (/home/spirals/danglot/.m2/repository)
[DEBUG] Skipped remote request for org.eclipse.platform:org.eclipse.equinox.common/maven-metadata.xml, locally cached metadata up-to-date.
[DEBUG] Failure to find org.eclipse.platform:org.eclipse.equinox.common/maven-metadata.xml in https://repo.gradle.org/gradle/libs-releases-local/ was cached in the local repository, resolution will not be reattempted until the update interval of gradle-repo has elapsed or updates are forced
[DEBUG] Failure to find org.eclipse.platform:org.eclipse.equinox.common/maven-metadata.xml in https://oss.sonatype.org/content/repositories/snapshots was cached in the local repository, resolution will not be reattempted until the update interval of sonatype-nexus-snapshots has elapsed or updates are forced
[DEBUG] Failure to find org.eclipse.platform:org.eclipse.equinox.common/maven-metadata.xml in http://maven.inria.fr/artifactory/spoon-public-snapshot/ was cached in the local repository, resolution will not be reattempted until the update interval of gforge.inria.fr-release has elapsed or updates are forced
[DEBUG] Failure to find org.eclipse.platform:org.eclipse.equinox.common/maven-metadata.xml in http://maven.inria.fr/artifactory/spoon-public-snapshot was cached in the local repository, resolution will not be reattempted until the update interval of maven.inria.fr-snapshot has elapsed or updates are forced
[DEBUG] Could not find metadata org.eclipse.platform:org.eclipse.core.jobs/maven-metadata.xml in local (/home/spirals/danglot/.m2/repository)
[DEBUG] Skipped remote request for org.eclipse.platform:org.eclipse.core.jobs/maven-metadata.xml, locally cached metadata up-to-date.
[DEBUG] Failure to find org.eclipse.platform:org.eclipse.core.jobs/maven-metadata.xml in https://repo.gradle.org/gradle/libs-releases-local/ was cached in the local repository, resolution will not be reattempted until the update interval of gradle-repo has elapsed or updates are forced
[DEBUG] Failure to find org.eclipse.platform:org.eclipse.core.jobs/maven-metadata.xml in https://oss.sonatype.org/content/repositories/snapshots was cached in the local repository, resolution will not be reattempted until the update interval of sonatype-nexus-snapshots has elapsed or updates are forced
[DEBUG] Failure to find org.eclipse.platform:org.eclipse.core.jobs/maven-metadata.xml in http://maven.inria.fr/artifactory/spoon-public-snapshot/ was cached in the local repository, resolution will not be reattempted until the update interval of gforge.inria.fr-release has elapsed or updates are forced
[DEBUG] Failure to find org.eclipse.platform:org.eclipse.core.jobs/maven-metadata.xml in http://maven.inria.fr/artifactory/spoon-public-snapshot was cached in the local repository, resolution will not be reattempted until the update interval of maven.inria.fr-snapshot has elapsed or updates are forced
[DEBUG] Could not find metadata org.eclipse.platform:org.eclipse.equinox.preferences/maven-metadata.xml in local (/home/spirals/danglot/.m2/repository)
[DEBUG] Skipped remote request for org.eclipse.platform:org.eclipse.equinox.preferences/maven-metadata.xml, locally cached metadata up-to-date.
[DEBUG] Failure to find org.eclipse.platform:org.eclipse.equinox.preferences/maven-metadata.xml in https://repo.gradle.org/gradle/libs-releases-local/ was cached in the local repository, resolution will not be reattempted until the update interval of gradle-repo has elapsed or updates are forced
[DEBUG] Failure to find org.eclipse.platform:org.eclipse.equinox.preferences/maven-metadata.xml in https://oss.sonatype.org/content/repositories/snapshots was cached in the local repository, resolution will not be reattempted until the update interval of sonatype-nexus-snapshots has elapsed or updates are forced
[DEBUG] Failure to find org.eclipse.platform:org.eclipse.equinox.preferences/maven-metadata.xml in http://maven.inria.fr/artifactory/spoon-public-snapshot/ was cached in the local repository, resolution will not be reattempted until the update interval of gforge.inria.fr-release has elapsed or updates are forced
[DEBUG] Failure to find org.eclipse.platform:org.eclipse.equinox.preferences/maven-metadata.xml in http://maven.inria.fr/artifactory/spoon-public-snapshot was cached in the local repository, resolution will not be reattempted until the update interval of maven.inria.fr-snapshot has elapsed or updates are forced
[DEBUG] Could not find metadata org.eclipse.platform:org.eclipse.core.contenttype/maven-metadata.xml in local (/home/spirals/danglot/.m2/repository)
[DEBUG] Skipped remote request for org.eclipse.platform:org.eclipse.core.contenttype/maven-metadata.xml, locally cached metadata up-to-date.
[DEBUG] Failure to find org.eclipse.platform:org.eclipse.core.contenttype/maven-metadata.xml in https://repo.gradle.org/gradle/libs-releases-local/ was cached in the local repository, resolution will not be reattempted until the update interval of gradle-repo has elapsed or updates are forced
[DEBUG] Failure to find org.eclipse.platform:org.eclipse.core.contenttype/maven-metadata.xml in https://oss.sonatype.org/content/repositories/snapshots was cached in the local repository, resolution will not be reattempted until the update interval of sonatype-nexus-snapshots has elapsed or updates are forced
[DEBUG] Failure to find org.eclipse.platform:org.eclipse.core.contenttype/maven-metadata.xml in http://maven.inria.fr/artifactory/spoon-public-snapshot/ was cached in the local repository, resolution will not be reattempted until the update interval of gforge.inria.fr-release has elapsed or updates are forced
[DEBUG] Failure to find org.eclipse.platform:org.eclipse.core.contenttype/maven-metadata.xml in http://maven.inria.fr/artifactory/spoon-public-snapshot was cached in the local repository, resolution will not be reattempted until the update interval of maven.inria.fr-snapshot has elapsed or updates are forced
[DEBUG] Could not find metadata org.eclipse.platform:org.eclipse.equinox.app/maven-metadata.xml in local (/home/spirals/danglot/.m2/repository)
[DEBUG] Skipped remote request for org.eclipse.platform:org.eclipse.equinox.app/maven-metadata.xml, locally cached metadata up-to-date.
[DEBUG] Failure to find org.eclipse.platform:org.eclipse.equinox.app/maven-metadata.xml in https://repo.gradle.org/gradle/libs-releases-local/ was cached in the local repository, resolution will not be reattempted until the update interval of gradle-repo has elapsed or updates are forced
[DEBUG] Failure to find org.eclipse.platform:org.eclipse.equinox.app/maven-metadata.xml in https://oss.sonatype.org/content/repositories/snapshots was cached in the local repository, resolution will not be reattempted until the update interval of sonatype-nexus-snapshots has elapsed or updates are forced
[DEBUG] Failure to find org.eclipse.platform:org.eclipse.equinox.app/maven-metadata.xml in http://maven.inria.fr/artifactory/spoon-public-snapshot/ was cached in the local repository, resolution will not be reattempted until the update interval of gforge.inria.fr-release has elapsed or updates are forced
[DEBUG] Failure to find org.eclipse.platform:org.eclipse.equinox.app/maven-metadata.xml in http://maven.inria.fr/artifactory/spoon-public-snapshot was cached in the local repository, resolution will not be reattempted until the update interval of maven.inria.fr-snapshot has elapsed or updates are forced
[DEBUG] Could not find metadata org.eclipse.platform:org.eclipse.core.filesystem/maven-metadata.xml in local (/home/spirals/danglot/.m2/repository)
[DEBUG] Skipped remote request for org.eclipse.platform:org.eclipse.core.filesystem/maven-metadata.xml, locally cached metadata up-to-date.
[DEBUG] Failure to find org.eclipse.platform:org.eclipse.core.filesystem/maven-metadata.xml in https://repo.gradle.org/gradle/libs-releases-local/ was cached in the local repository, resolution will not be reattempted until the update interval of gradle-repo has elapsed or updates are forced
[DEBUG] Failure to find org.eclipse.platform:org.eclipse.core.filesystem/maven-metadata.xml in https://oss.sonatype.org/content/repositories/snapshots was cached in the local repository, resolution will not be reattempted until the update interval of sonatype-nexus-snapshots has elapsed or updates are forced
[DEBUG] Failure to find org.eclipse.platform:org.eclipse.core.filesystem/maven-metadata.xml in http://maven.inria.fr/artifactory/spoon-public-snapshot/ was cached in the local repository, resolution will not be reattempted until the update interval of gforge.inria.fr-release has elapsed or updates are forced
[DEBUG] Failure to find org.eclipse.platform:org.eclipse.core.filesystem/maven-metadata.xml in http://maven.inria.fr/artifactory/spoon-public-snapshot was cached in the local repository, resolution will not be reattempted until the update interval of maven.inria.fr-snapshot has elapsed or updates are forced
[DEBUG] Could not find metadata org.eclipse.platform:org.eclipse.osgi/maven-metadata.xml in local (/home/spirals/danglot/.m2/repository)
[DEBUG] Skipped remote request for org.eclipse.platform:org.eclipse.osgi/maven-metadata.xml, locally cached metadata up-to-date.
[DEBUG] Failure to find org.eclipse.platform:org.eclipse.osgi/maven-metadata.xml in https://repo.gradle.org/gradle/libs-releases-local/ was cached in the local repository, resolution will not be reattempted until the update interval of gradle-repo has elapsed or updates are forced
[DEBUG] Failure to find org.eclipse.platform:org.eclipse.osgi/maven-metadata.xml in https://oss.sonatype.org/content/repositories/snapshots was cached in the local repository, resolution will not be reattempted until the update interval of sonatype-nexus-snapshots has elapsed or updates are forced
[DEBUG] Failure to find org.eclipse.platform:org.eclipse.osgi/maven-metadata.xml in http://maven.inria.fr/artifactory/spoon-public-snapshot/ was cached in the local repository, resolution will not be reattempted until the update interval of gforge.inria.fr-release has elapsed or updates are forced
[DEBUG] Failure to find org.eclipse.platform:org.eclipse.osgi/maven-metadata.xml in http://maven.inria.fr/artifactory/spoon-public-snapshot was cached in the local repository, resolution will not be reattempted until the update interval of maven.inria.fr-snapshot has elapsed or updates are forced
[DEBUG] Could not find metadata org.eclipse.platform:org.eclipse.core.runtime/maven-metadata.xml in local (/home/spirals/danglot/.m2/repository)
[DEBUG] Skipped remote request for org.eclipse.platform:org.eclipse.core.runtime/maven-metadata.xml, locally cached metadata up-to-date.
[DEBUG] Failure to find org.eclipse.platform:org.eclipse.core.runtime/maven-metadata.xml in https://repo.gradle.org/gradle/libs-releases-local/ was cached in the local repository, resolution will not be reattempted until the update interval of gradle-repo has elapsed or updates are forced
[DEBUG] Failure to find org.eclipse.platform:org.eclipse.core.runtime/maven-metadata.xml in https://oss.sonatype.org/content/repositories/snapshots was cached in the local repository, resolution will not be reattempted until the update interval of sonatype-nexus-snapshots has elapsed or updates are forced
[DEBUG] Failure to find org.eclipse.platform:org.eclipse.core.runtime/maven-metadata.xml in http://maven.inria.fr/artifactory/spoon-public-snapshot/ was cached in the local repository, resolution will not be reattempted until the update interval of gforge.inria.fr-release has elapsed or updates are forced
[DEBUG] Failure to find org.eclipse.platform:org.eclipse.core.runtime/maven-metadata.xml in http://maven.inria.fr/artifactory/spoon-public-snapshot was cached in the local repository, resolution will not be reattempted until the update interval of maven.inria.fr-snapshot has elapsed or updates are forced
[DEBUG] Could not find metadata org.eclipse.platform:org.eclipse.core.runtime/maven-metadata.xml in local (/home/spirals/danglot/.m2/repository)
[DEBUG] Skipped remote request for org.eclipse.platform:org.eclipse.core.runtime/maven-metadata.xml, locally cached metadata up-to-date.
[DEBUG] Failure to find org.eclipse.platform:org.eclipse.core.runtime/maven-metadata.xml in https://repo.gradle.org/gradle/libs-releases-local/ was cached in the local repository, resolution will not be reattempted until the update interval of gradle-repo has elapsed or updates are forced
[DEBUG] Failure to find org.eclipse.platform:org.eclipse.core.runtime/maven-metadata.xml in https://oss.sonatype.org/content/repositories/snapshots was cached in the local repository, resolution will not be reattempted until the update interval of sonatype-nexus-snapshots has elapsed or updates are forced
[DEBUG] Failure to find org.eclipse.platform:org.eclipse.core.runtime/maven-metadata.xml in http://maven.inria.fr/artifactory/spoon-public-snapshot/ was cached in the local repository, resolution will not be reattempted until the update interval of gforge.inria.fr-release has elapsed or updates are forced
[DEBUG] Failure to find org.eclipse.platform:org.eclipse.core.runtime/maven-metadata.xml in http://maven.inria.fr/artifactory/spoon-public-snapshot was cached in the local repository, resolution will not be reattempted until the update interval of maven.inria.fr-snapshot has elapsed or updates are forced
[DEBUG] Could not find metadata org.eclipse.platform:org.eclipse.core.filesystem/maven-metadata.xml in local (/home/spirals/danglot/.m2/repository)
[DEBUG] Skipped remote request for org.eclipse.platform:org.eclipse.core.filesystem/maven-metadata.xml, locally cached metadata up-to-date.
[DEBUG] Failure to find org.eclipse.platform:org.eclipse.core.filesystem/maven-metadata.xml in https://repo.gradle.org/gradle/libs-releases-local/ was cached in the local repository, resolution will not be reattempted until the update interval of gradle-repo has elapsed or updates are forced
[DEBUG] Failure to find org.eclipse.platform:org.eclipse.core.filesystem/maven-metadata.xml in https://oss.sonatype.org/content/repositories/snapshots was cached in the local repository, resolution will not be reattempted until the update interval of sonatype-nexus-snapshots has elapsed or updates are forced
[DEBUG] Failure to find org.eclipse.platform:org.eclipse.core.filesystem/maven-metadata.xml in http://maven.inria.fr/artifactory/spoon-public-snapshot/ was cached in the local repository, resolution will not be reattempted until the update interval of gforge.inria.fr-release has elapsed or updates are forced
[DEBUG] Failure to find org.eclipse.platform:org.eclipse.core.filesystem/maven-metadata.xml in http://maven.inria.fr/artifactory/spoon-public-snapshot was cached in the local repository, resolution will not be reattempted until the update interval of maven.inria.fr-snapshot has elapsed or updates are forced
[DEBUG] Could not find metadata org.eclipse.platform:org.eclipse.text/maven-metadata.xml in local (/home/spirals/danglot/.m2/repository)
[DEBUG] Skipped remote request for org.eclipse.platform:org.eclipse.text/maven-metadata.xml, locally cached metadata up-to-date.
[DEBUG] Failure to find org.eclipse.platform:org.eclipse.text/maven-metadata.xml in https://repo.gradle.org/gradle/libs-releases-local/ was cached in the local repository, resolution will not be reattempted until the update interval of gradle-repo has elapsed or updates are forced
[DEBUG] Failure to find org.eclipse.platform:org.eclipse.text/maven-metadata.xml in https://oss.sonatype.org/content/repositories/snapshots was cached in the local repository, resolution will not be reattempted until the update interval of sonatype-nexus-snapshots has elapsed or updates are forced
[DEBUG] Failure to find org.eclipse.platform:org.eclipse.text/maven-metadata.xml in http://maven.inria.fr/artifactory/spoon-public-snapshot/ was cached in the local repository, resolution will not be reattempted until the update interval of gforge.inria.fr-release has elapsed or updates are forced
[DEBUG] Failure to find org.eclipse.platform:org.eclipse.text/maven-metadata.xml in http://maven.inria.fr/artifactory/spoon-public-snapshot was cached in the local repository, resolution will not be reattempted until the update interval of maven.inria.fr-snapshot has elapsed or updates are forced
[DEBUG] Could not find metadata org.eclipse.platform:org.eclipse.core.commands/maven-metadata.xml in local (/home/spirals/danglot/.m2/repository)
[DEBUG] Skipped remote request for org.eclipse.platform:org.eclipse.core.commands/maven-metadata.xml, locally cached metadata up-to-date.
[DEBUG] Failure to find org.eclipse.platform:org.eclipse.core.commands/maven-metadata.xml in https://repo.gradle.org/gradle/libs-releases-local/ was cached in the local repository, resolution will not be reattempted until the update interval of gradle-repo has elapsed or updates are forced
[DEBUG] Failure to find org.eclipse.platform:org.eclipse.core.commands/maven-metadata.xml in https://oss.sonatype.org/content/repositories/snapshots was cached in the local repository, resolution will not be reattempted until the update interval of sonatype-nexus-snapshots has elapsed or updates are forced
[DEBUG] Failure to find org.eclipse.platform:org.eclipse.core.commands/maven-metadata.xml in http://maven.inria.fr/artifactory/spoon-public-snapshot/ was cached in the local repository, resolution will not be reattempted until the update interval of gforge.inria.fr-release has elapsed or updates are forced
[DEBUG] Failure to find org.eclipse.platform:org.eclipse.core.commands/maven-metadata.xml in http://maven.inria.fr/artifactory/spoon-public-snapshot was cached in the local repository, resolution will not be reattempted until the update interval of maven.inria.fr-snapshot has elapsed or updates are forced
[DEBUG] Could not find metadata org.eclipse.platform:org.eclipse.equinox.common/maven-metadata.xml in local (/home/spirals/danglot/.m2/repository)
[DEBUG] Skipped remote request for org.eclipse.platform:org.eclipse.equinox.common/maven-metadata.xml, locally cached metadata up-to-date.
[DEBUG] Failure to find org.eclipse.platform:org.eclipse.equinox.common/maven-metadata.xml in https://repo.gradle.org/gradle/libs-releases-local/ was cached in the local repository, resolution will not be reattempted until the update interval of gradle-repo has elapsed or updates are forced
[DEBUG] Failure to find org.eclipse.platform:org.eclipse.equinox.common/maven-metadata.xml in https://oss.sonatype.org/content/repositories/snapshots was cached in the local repository, resolution will not be reattempted until the update interval of sonatype-nexus-snapshots has elapsed or updates are forced
[DEBUG] Failure to find org.eclipse.platform:org.eclipse.equinox.common/maven-metadata.xml in http://maven.inria.fr/artifactory/spoon-public-snapshot/ was cached in the local repository, resolution will not be reattempted until the update interval of gforge.inria.fr-release has elapsed or updates are forced
[DEBUG] Failure to find org.eclipse.platform:org.eclipse.equinox.common/maven-metadata.xml in http://maven.inria.fr/artifactory/spoon-public-snapshot was cached in the local repository, resolution will not be reattempted until the update interval of maven.inria.fr-snapshot has elapsed or updates are forced
[DEBUG] Could not find metadata org.eclipse.platform:org.eclipse.core.runtime/maven-metadata.xml in local (/home/spirals/danglot/.m2/repository)
[DEBUG] Skipped remote request for org.eclipse.platform:org.eclipse.core.runtime/maven-metadata.xml, locally cached metadata up-to-date.
[DEBUG] Failure to find org.eclipse.platform:org.eclipse.core.runtime/maven-metadata.xml in https://repo.gradle.org/gradle/libs-releases-local/ was cached in the local repository, resolution will not be reattempted until the update interval of gradle-repo has elapsed or updates are forced
[DEBUG] Failure to find org.eclipse.platform:org.eclipse.core.runtime/maven-metadata.xml in https://oss.sonatype.org/content/repositories/snapshots was cached in the local repository, resolution will not be reattempted until the update interval of sonatype-nexus-snapshots has elapsed or updates are forced
[DEBUG] Failure to find org.eclipse.platform:org.eclipse.core.runtime/maven-metadata.xml in http://maven.inria.fr/artifactory/spoon-public-snapshot/ was cached in the local repository, resolution will not be reattempted until the update interval of gforge.inria.fr-release has elapsed or updates are forced
[DEBUG] Failure to find org.eclipse.platform:org.eclipse.core.runtime/maven-metadata.xml in http://maven.inria.fr/artifactory/spoon-public-snapshot was cached in the local repository, resolution will not be reattempted until the update interval of maven.inria.fr-snapshot has elapsed or updates are forced
[DEBUG] Dependency collection stats: {ConflictMarker.analyzeTime=6471287, ConflictMarker.markTime=1858202, ConflictMarker.nodeCount=990, ConflictIdSorter.graphTime=5342995, ConflictIdSorter.topsortTime=110363, ConflictIdSorter.conflictIdCount=70, ConflictIdSorter.conflictIdCycleCount=0, ConflictResolver.totalTime=10125616, ConflictResolver.conflictItemCount=274, DefaultDependencyCollector.collectTime=1148769595, DefaultDependencyCollector.transformTime=23937774}
[DEBUG] eu.stamp-project:dspot-diff-test-selection:jar:2.0.1-SNAPSHOT:
[DEBUG]    org.slf4j:slf4j-api:jar:1.7.25:compile
[DEBUG]    org.slf4j:slf4j-log4j12:jar:1.7.25:compile
[DEBUG]       log4j:log4j:jar:1.2.17:compile
[DEBUG]    org.apache.maven.shared:maven-invoker:jar:3.0.0:compile
[DEBUG]       org.codehaus.plexus:plexus-utils:jar:3.0.24:compile
[DEBUG]       org.codehaus.plexus:plexus-component-annotations:jar:1.7:compile
[DEBUG]    org.openclover:clover:jar:4.2.1:compile
[DEBUG]    org.apache.maven:maven-plugin-api:jar:3.5.4:compile
[DEBUG]       org.apache.maven:maven-model:jar:3.5.4:compile
[DEBUG]       org.apache.maven:maven-artifact:jar:3.5.4:compile
[DEBUG]       org.eclipse.sisu:org.eclipse.sisu.plexus:jar:0.3.3:compile
[DEBUG]          javax.enterprise:cdi-api:jar:1.0:compile
[DEBUG]             javax.annotation:jsr250-api:jar:1.0:compile
[DEBUG]       org.codehaus.plexus:plexus-classworlds:jar:2.5.2:compile
[DEBUG]    org.apache.maven:maven-core:jar:3.5.4:compile
[DEBUG]       org.apache.maven:maven-settings:jar:3.5.4:compile
[DEBUG]       org.apache.maven:maven-settings-builder:jar:3.5.4:compile
[DEBUG]          org.codehaus.plexus:plexus-interpolation:jar:1.24:compile
[DEBUG]          org.sonatype.plexus:plexus-sec-dispatcher:jar:1.4:compile
[DEBUG]             org.sonatype.plexus:plexus-cipher:jar:1.4:compile
[DEBUG]       org.apache.maven:maven-builder-support:jar:3.5.4:compile
[DEBUG]       org.apache.maven:maven-repository-metadata:jar:3.5.4:compile
[DEBUG]       org.apache.maven:maven-model-builder:jar:3.5.4:compile
[DEBUG]       org.apache.maven:maven-resolver-provider:jar:3.5.4:compile
[DEBUG]       org.apache.maven.resolver:maven-resolver-impl:jar:1.1.1:compile
[DEBUG]       org.apache.maven.resolver:maven-resolver-api:jar:1.1.1:compile
[DEBUG]       org.apache.maven.resolver:maven-resolver-spi:jar:1.1.1:compile
[DEBUG]       org.apache.maven.resolver:maven-resolver-util:jar:1.1.1:compile
[DEBUG]       org.apache.maven.shared:maven-shared-utils:jar:3.2.1:compile
[DEBUG]          commons-io:commons-io:jar:2.5:compile
[DEBUG]       org.eclipse.sisu:org.eclipse.sisu.inject:jar:0.3.3:compile
[DEBUG]       com.google.inject:guice:jar:no_aop:4.2.0:compile
[DEBUG]          aopalliance:aopalliance:jar:1.0:compile
[DEBUG]       com.google.guava:guava:jar:20.0:compile
[DEBUG]       javax.inject:javax.inject:jar:1:compile
[DEBUG]       org.apache.commons:commons-lang3:jar:3.5:compile
[DEBUG]    fr.inria.gforge.spoon.labs:gumtree-spoon-ast-diff:jar:1.5:compile
[DEBUG]       fr.inria.gforge.spoon:spoon-core:jar:7.0.0:compile
[DEBUG]          org.eclipse.jdt:org.eclipse.jdt.core:jar:3.13.102:compile
[DEBUG]             org.eclipse.platform:org.eclipse.core.resources:jar:3.13.300:compile
[DEBUG]                org.eclipse.platform:org.eclipse.core.expressions:jar:3.6.300:compile
[DEBUG]             org.eclipse.platform:org.eclipse.core.runtime:jar:3.15.200:compile
[DEBUG]                org.eclipse.platform:org.eclipse.osgi:jar:3.13.300:compile
[DEBUG]                org.eclipse.platform:org.eclipse.equinox.common:jar:3.10.300:compile
[DEBUG]                org.eclipse.platform:org.eclipse.core.jobs:jar:3.10.300:compile
[DEBUG]                org.eclipse.platform:org.eclipse.equinox.registry:jar:3.8.300:compile
[DEBUG]                org.eclipse.platform:org.eclipse.equinox.preferences:jar:3.7.300:compile
[DEBUG]                org.eclipse.platform:org.eclipse.core.contenttype:jar:3.7.300:compile
[DEBUG]                org.eclipse.platform:org.eclipse.equinox.app:jar:1.4.100:compile
[DEBUG]             org.eclipse.platform:org.eclipse.core.filesystem:jar:1.7.300:compile
[DEBUG]             org.eclipse.platform:org.eclipse.text:jar:3.8.100:compile
[DEBUG]                org.eclipse.platform:org.eclipse.core.commands:jar:3.9.300:compile
[DEBUG]          com.martiansoftware:jsap:jar:2.1:compile
[DEBUG]          com.fasterxml.jackson.core:jackson-databind:jar:2.9.2:compile
[DEBUG]             com.fasterxml.jackson.core:jackson-annotations:jar:2.9.0:compile
[DEBUG]             com.fasterxml.jackson.core:jackson-core:jar:2.9.2:compile
[DEBUG]       com.github.gumtreediff:core:jar:2.1.0:compile
[DEBUG]          com.github.mpkorstanje:simmetrics-core:jar:3.2.3:compile
[DEBUG]             commons-codec:commons-codec:jar:1.10:compile
[DEBUG]          net.sf.trove4j:trove4j:jar:3.0.3:compile
[DEBUG]          com.google.code.gson:gson:jar:2.8.2:compile
[DEBUG]          org.jgrapht:jgrapht-core:jar:1.0.1:compile
[DEBUG]    io.github.java-diff-utils:java-diff-utils:jar:4.0:compile
[DEBUG]       org.eclipse.jgit:org.eclipse.jgit:jar:4.4.1.201607150455-r:compile
[DEBUG] Created new class realm plugin>eu.stamp-project:dspot-diff-test-selection:2.0.1-SNAPSHOT
[DEBUG] Importing foreign packages into class realm plugin>eu.stamp-project:dspot-diff-test-selection:2.0.1-SNAPSHOT
[DEBUG]   Imported:  < maven.api
[DEBUG] Populating class realm plugin>eu.stamp-project:dspot-diff-test-selection:2.0.1-SNAPSHOT
[DEBUG]   Included: eu.stamp-project:dspot-diff-test-selection:jar:2.0.1-SNAPSHOT
[DEBUG]   Included: org.slf4j:slf4j-log4j12:jar:1.7.25
[DEBUG]   Included: log4j:log4j:jar:1.2.17
[DEBUG]   Included: org.apache.maven.shared:maven-invoker:jar:3.0.0
[DEBUG]   Included: org.codehaus.plexus:plexus-utils:jar:3.0.24
[DEBUG]   Included: org.codehaus.plexus:plexus-component-annotations:jar:1.7
[DEBUG]   Included: org.openclover:clover:jar:4.2.1
[DEBUG]   Included: javax.enterprise:cdi-api:jar:1.0
[DEBUG]   Included: org.codehaus.plexus:plexus-interpolation:jar:1.24
[DEBUG]   Included: org.sonatype.plexus:plexus-sec-dispatcher:jar:1.4
[DEBUG]   Included: org.sonatype.plexus:plexus-cipher:jar:1.4
[DEBUG]   Included: org.apache.maven:maven-builder-support:jar:3.5.4
[DEBUG]   Included: org.apache.maven.resolver:maven-resolver-util:jar:1.1.1
[DEBUG]   Included: org.apache.maven.shared:maven-shared-utils:jar:3.2.1
[DEBUG]   Included: commons-io:commons-io:jar:2.5
[DEBUG]   Included: org.eclipse.sisu:org.eclipse.sisu.inject:jar:0.3.3
[DEBUG]   Included: com.google.inject:guice:jar:no_aop:4.2.0
[DEBUG]   Included: aopalliance:aopalliance:jar:1.0
[DEBUG]   Included: com.google.guava:guava:jar:20.0
[DEBUG]   Included: org.apache.commons:commons-lang3:jar:3.5
[DEBUG]   Included: fr.inria.gforge.spoon.labs:gumtree-spoon-ast-diff:jar:1.5
[DEBUG]   Included: fr.inria.gforge.spoon:spoon-core:jar:7.0.0
[DEBUG]   Included: org.eclipse.jdt:org.eclipse.jdt.core:jar:3.13.102
[DEBUG]   Included: org.eclipse.platform:org.eclipse.core.resources:jar:3.13.300
[DEBUG]   Included: org.eclipse.platform:org.eclipse.core.expressions:jar:3.6.300
[DEBUG]   Included: org.eclipse.platform:org.eclipse.core.runtime:jar:3.15.200
[DEBUG]   Included: org.eclipse.platform:org.eclipse.osgi:jar:3.13.300
[DEBUG]   Included: org.eclipse.platform:org.eclipse.equinox.common:jar:3.10.300
[DEBUG]   Included: org.eclipse.platform:org.eclipse.core.jobs:jar:3.10.300
[DEBUG]   Included: org.eclipse.platform:org.eclipse.equinox.registry:jar:3.8.300
[DEBUG]   Included: org.eclipse.platform:org.eclipse.equinox.preferences:jar:3.7.300
[DEBUG]   Included: org.eclipse.platform:org.eclipse.core.contenttype:jar:3.7.300
[DEBUG]   Included: org.eclipse.platform:org.eclipse.equinox.app:jar:1.4.100
[DEBUG]   Included: org.eclipse.platform:org.eclipse.core.filesystem:jar:1.7.300
[DEBUG]   Included: org.eclipse.platform:org.eclipse.text:jar:3.8.100
[DEBUG]   Included: org.eclipse.platform:org.eclipse.core.commands:jar:3.9.300
[DEBUG]   Included: com.martiansoftware:jsap:jar:2.1
[DEBUG]   Included: com.fasterxml.jackson.core:jackson-databind:jar:2.9.2
[DEBUG]   Included: com.fasterxml.jackson.core:jackson-annotations:jar:2.9.0
[DEBUG]   Included: com.fasterxml.jackson.core:jackson-core:jar:2.9.2
[DEBUG]   Included: com.github.gumtreediff:core:jar:2.1.0
[DEBUG]   Included: com.github.mpkorstanje:simmetrics-core:jar:3.2.3
[DEBUG]   Included: commons-codec:commons-codec:jar:1.10
[DEBUG]   Included: net.sf.trove4j:trove4j:jar:3.0.3
[DEBUG]   Included: com.google.code.gson:gson:jar:2.8.2
[DEBUG]   Included: org.jgrapht:jgrapht-core:jar:1.0.1
[DEBUG]   Included: io.github.java-diff-utils:java-diff-utils:jar:4.0
[DEBUG]   Included: org.eclipse.jgit:org.eclipse.jgit:jar:4.4.1.201607150455-r
[DEBUG] Configuring mojo eu.stamp-project:dspot-diff-test-selection:2.0.1-SNAPSHOT:list from plugin realm ClassRealm[plugin>eu.stamp-project:dspot-diff-test-selection:2.0.1-SNAPSHOT, parent: sun.misc.Launcher$AppClassLoader@55f96302]
[DEBUG] Configuring mojo 'eu.stamp-project:dspot-diff-test-selection:2.0.1-SNAPSHOT:list' with basic configurator -->
[DEBUG]   (f) module = xwiki-commons-core/xwiki-commons-extension/xwiki-commons-extension-api/
[DEBUG]   (f) outputFormat = CSV
[DEBUG]   (f) outputPath = /tmp/dspot-experiments/results/april-2019/xwiki-commons/commit_1_ced2635/parent_coverage_testsThatExecuteTheChanges.csv
[DEBUG]   (f) pathDirSecondVersion = /tmp/dspot-experiments/dataset/april-2019/xwiki-commons/xwiki-commons-core/xwiki-commons-extension/xwiki-commons-extension-api
[DEBUG]   (f) project = MavenProject: org.xwiki.commons:xwiki-commons-extension-api:10.7-SNAPSHOT @ /tmp/dspot-experiments/dataset/april-2019/xwiki-commons_parent/xwiki-commons-core/xwiki-commons-extension/xwiki-commons-extension-api/pom.xml
[DEBUG] -- end configuration --
[WARNING] No path to diff file has been specified.
[WARNING] I'll compute a diff file using the UNIX diff command
[WARNING] You may encounter troubles.
[WARNING] If so, please specify a path to a correct diff file
[WARNING] or implement a new way to compute a diff file.
[INFO] Computing the diff with diff commnd line
[INFO] The diff will be computed between:
[INFO] /tmp/dspot-experiments/dataset/april-2019/xwiki-commons_parent/xwiki-commons-core/xwiki-commons-extension/xwiki-commons-extension-api and 
[INFO] /tmp/dspot-experiments/dataset/april-2019/xwiki-commons/xwiki-commons-core/xwiki-commons-extension/xwiki-commons-extension-api
[INFO] Executing: diff -ru /tmp/dspot-experiments/dataset/april-2019/xwiki-commons_parent/xwiki-commons-core/xwiki-commons-extension/xwiki-commons-extension-api /tmp/dspot-experiments/dataset/april-2019/xwiki-commons/xwiki-commons-core/xwiki-commons-extension/xwiki-commons-extension-api > patch.diff from /tmp/dspot-experiments/dataset/april-2019/xwiki-commons_parent/xwiki-commons-core/xwiki-commons-extension/xwiki-commons-extension-api
[INFO] Computing coverage for /tmp/dspot-experiments/dataset/april-2019/xwiki-commons_parent/xwiki-commons-core/xwiki-commons-extension/xwiki-commons-extension-api
[WARN] Maven will be executed in interactive mode, but no input stream has been configured for this MavenInvoker instance.
[INFO] Scanning for projects...
[INFO] 
[INFO] -----------< org.xwiki.commons:xwiki-commons-extension-api >------------
[INFO] Building XWiki Commons - Extension - API 10.7-SNAPSHOT
[INFO] --------------------------------[ jar ]---------------------------------
[INFO] 
[INFO] --- maven-clean-plugin:3.1.0:clean (default-clean) @ xwiki-commons-extension-api ---
[INFO] 
[INFO] --- clover-maven-plugin:4.2.0:setup (default-cli) @ xwiki-commons-extension-api ---
[INFO] No 'maven.clover.licenseLocation' configured. Using default license.
[INFO] OpenClover Version 4.2.0, built on April 30 2017 (build-1000)
[INFO] Loaded from: /home/spirals/danglot/.m2/repository/org/openclover/clover/4.2.0/clover-4.2.0.jar
[INFO] Clover free edition.
[INFO] Creating new database at '/tmp/dspot-experiments/dataset/april-2019/xwiki-commons_parent/xwiki-commons-core/xwiki-commons-extension/xwiki-commons-extension-api/target/clover/clover.db'.
[INFO] Processing files at 1.8 source level.
[INFO] Clover all over. Instrumented 192 files (25 packages).
[INFO] Elapsed time = 3.496 secs. (54.92 files/sec, 7,403.604 srclines/sec)
[INFO] OpenClover Version 4.2.0, built on April 30 2017 (build-1000)
[INFO] Loaded from: /home/spirals/danglot/.m2/repository/org/openclover/clover/4.2.0/clover-4.2.0.jar
[INFO] Clover free edition.
[INFO] Updating existing database at '/tmp/dspot-experiments/dataset/april-2019/xwiki-commons_parent/xwiki-commons-core/xwiki-commons-extension/xwiki-commons-extension-api/target/clover/clover.db'.
[INFO] Processing files at 1.8 source level.
[INFO] Clover all over. Instrumented 51 files (13 packages).
[INFO] 160 test methods detected.
[INFO] Elapsed time = 1.228 secs. (41.531 files/sec, 6,065.961 srclines/sec)
[INFO] 
[INFO] --- maven-enforcer-plugin:1.4.1:enforce (enforce-plugins) @ xwiki-commons-extension-api ---
[INFO] Skipping Rule Enforcement.
[INFO] 
[INFO] --- maven-enforcer-plugin:1.4.1:enforce (enforce-jcl-log4j-isolation) @ xwiki-commons-extension-api ---
[INFO] Skipping Rule Enforcement.
[INFO] 
[INFO] --- maven-enforcer-plugin:1.4.1:enforce (enforce-glasshfish-jaxb) @ xwiki-commons-extension-api ---
[INFO] Skipping Rule Enforcement.
[INFO] 
[INFO] --- maven-enforcer-plugin:1.4.1:enforce (enforce-open-json) @ xwiki-commons-extension-api ---
[INFO] Skipping Rule Enforcement.
[INFO] 
[INFO] --- maven-enforcer-plugin:1.4.1:enforce (enforce-glassfish-el) @ xwiki-commons-extension-api ---
[INFO] Skipping Rule Enforcement.
[INFO] 
[INFO] --- maven-enforcer-plugin:1.4.1:enforce (enforce-commons-lang3) @ xwiki-commons-extension-api ---
[INFO] Skipping Rule Enforcement.
[INFO] 
[INFO] --- maven-enforcer-plugin:1.4.1:enforce (enforce-commons-configuration2) @ xwiki-commons-extension-api ---
[INFO] Skipping Rule Enforcement.
[INFO] 
[INFO] --- maven-enforcer-plugin:1.4.1:enforce (enforce-bouncycastle-ids) @ xwiki-commons-extension-api ---
[INFO] Skipping Rule Enforcement.
[INFO] 
[INFO] --- maven-enforcer-plugin:1.4.1:enforce (enforce-javase-dependencies) @ xwiki-commons-extension-api ---
[INFO] Skipping Rule Enforcement.
[INFO] 
[INFO] --- maven-enforcer-plugin:1.4.1:enforce (enforce-upper-bounds) @ xwiki-commons-extension-api ---
[INFO] Skipping Rule Enforcement.
[INFO] 
[INFO] --- maven-enforcer-plugin:1.4.1:enforce (enforce-no-legacy-dependencies) @ xwiki-commons-extension-api ---
[INFO] 
[INFO] --- maven-enforcer-plugin:1.4.1:enforce (enforce-valid-poms) @ xwiki-commons-extension-api ---
[INFO] Skipping Rule Enforcement.
[INFO] 
[INFO] --- maven-enforcer-plugin:1.4.1:enforce (enforce-platform-rendering-isolation) @ xwiki-commons-extension-api ---
[INFO] Skipping Rule Enforcement.
[INFO] 
[INFO] --- maven-enforcer-plugin:1.4.1:enforce (check-dependency-version) @ xwiki-commons-extension-api ---
[INFO] Skipping Rule Enforcement.
[INFO] 
[INFO] --- xwiki-commons-tool-remote-resource-plugin:10.7-SNAPSHOT:process (xwiki-license-resources) @ xwiki-commons-extension-api ---
[INFO] 
[INFO] --- maven-resources-plugin:3.1.0:resources (default-resources) @ xwiki-commons-extension-api ---
[INFO] Using 'UTF-8' encoding to copy filtered resources.
[INFO] Copying 39 resources
[INFO] Copying 1 resource
[INFO] Copying 2 resources
[INFO] 
[INFO] --- maven-compiler-plugin:3.7.0:compile (default-compile) @ xwiki-commons-extension-api ---
[INFO] Changes detected - recompiling the module!
[INFO] Compiling 192 source files to /tmp/dspot-experiments/dataset/april-2019/xwiki-commons_parent/xwiki-commons-core/xwiki-commons-extension/xwiki-commons-extension-api/target/classes
[WARNING] /tmp/dspot-experiments/dataset/april-2019/xwiki-commons_parent/xwiki-commons-core/xwiki-commons-extension/xwiki-commons-extension-api/target/clover/src-instrumented/org/xwiki/extension/ExtensionManagerConfiguration.java:[27,38] org.xwiki.extension.repository.ExtensionRepositoryId in org.xwiki.extension.repository has been deprecated
[WARNING] /tmp/dspot-experiments/dataset/april-2019/xwiki-commons_parent/xwiki-commons-core/xwiki-commons-extension/xwiki-commons-extension-api/target/clover/src-instrumented/org/xwiki/extension/wrap/WrappingExtensionRepository.java:[28,38] org.xwiki.extension.repository.ExtensionRepositoryId in org.xwiki.extension.repository has been deprecated
[WARNING] /tmp/dspot-experiments/dataset/april-2019/xwiki-commons_parent/xwiki-commons-core/xwiki-commons-extension/xwiki-commons-extension-api/target/clover/src-instrumented/org/xwiki/extension/repository/internal/DefaultExtensionRepositoryManager.java:[57,38] org.xwiki.extension.repository.ExtensionRepositoryId in org.xwiki.extension.repository has been deprecated
[WARNING] /tmp/dspot-experiments/dataset/april-2019/xwiki-commons_parent/xwiki-commons-core/xwiki-commons-extension/xwiki-commons-extension-api/target/clover/src-instrumented/org/xwiki/extension/job/history/internal/ExtensionJobHistoryRecorder.java:[49,30] org.xwiki.job.internal.AbstractJobStatus in org.xwiki.job.internal has been deprecated
[WARNING] /tmp/dspot-experiments/dataset/april-2019/xwiki-commons_parent/xwiki-commons-core/xwiki-commons-extension/xwiki-commons-extension-api/target/clover/src-instrumented/org/xwiki/extension/internal/DefaultExtensionManagerConfiguration.java:[50,38] org.xwiki.extension.repository.ExtensionRepositoryId in org.xwiki.extension.repository has been deprecated
[WARNING] /tmp/dspot-experiments/dataset/april-2019/xwiki-commons_parent/xwiki-commons-core/xwiki-commons-extension/xwiki-commons-extension-api/target/clover/src-instrumented/org/xwiki/extension/job/internal/AbstractInstallPlanJob.java:[123,66] unchecked conversion
  required: java.util.Collection<org.xwiki.extension.job.plan.ExtensionPlanNode>
  found:    java.util.Collection
[WARNING] /tmp/dspot-experiments/dataset/april-2019/xwiki-commons_parent/xwiki-commons-core/xwiki-commons-extension/xwiki-commons-extension-api/target/clover/src-instrumented/org/xwiki/extension/job/ExtensionRequest.java:[39,8] serializable class org.xwiki.extension.job.ExtensionRequest has no definition of serialVersionUID
[WARNING] /tmp/dspot-experiments/dataset/april-2019/xwiki-commons_parent/xwiki-commons-core/xwiki-commons-extension/xwiki-commons-extension-api/target/clover/src-instrumented/org/xwiki/extension/Extension.java:[62,12] deprecated item is not annotated with @Deprecated
[WARNING] /tmp/dspot-experiments/dataset/april-2019/xwiki-commons_parent/xwiki-commons-core/xwiki-commons-extension/xwiki-commons-extension-api/target/clover/src-instrumented/org/xwiki/extension/Extension.java:[69,12] deprecated item is not annotated with @Deprecated
[WARNING] /tmp/dspot-experiments/dataset/april-2019/xwiki-commons_parent/xwiki-commons-core/xwiki-commons-extension/xwiki-commons-extension-api/target/clover/src-instrumented/org/xwiki/extension/repository/internal/SortClauseComparator.java:[68,76] unchecked method invocation: method compare in class org.apache.commons.lang3.ObjectUtils is applied to given types
  required: T,T
  found: java.lang.Comparable,java.lang.Comparable
[WARNING] /tmp/dspot-experiments/dataset/april-2019/xwiki-commons_parent/xwiki-commons-core/xwiki-commons-extension/xwiki-commons-extension-api/target/clover/src-instrumented/org/xwiki/extension/repository/internal/StringKeyMapExtensionPropertySerializer.java:[37,64] found raw type: java.util.Map
  missing type arguments for generic class java.util.Map<K,V>
[WARNING] /tmp/dspot-experiments/dataset/april-2019/xwiki-commons_parent/xwiki-commons-core/xwiki-commons-extension/xwiki-commons-extension-api/target/clover/src-instrumented/org/xwiki/extension/repository/internal/StringKeyMapExtensionPropertySerializer.java:[42,27] found raw type: org.xwiki.extension.repository.internal.ExtensionPropertySerializer
  missing type arguments for generic class org.xwiki.extension.repository.internal.ExtensionPropertySerializer<T>
[WARNING] /tmp/dspot-experiments/dataset/april-2019/xwiki-commons_parent/xwiki-commons-core/xwiki-commons-extension/xwiki-commons-extension-api/target/clover/src-instrumented/org/xwiki/extension/repository/internal/StringKeyMapExtensionPropertySerializer.java:[47,29] found raw type: org.xwiki.extension.repository.internal.ExtensionPropertySerializer
  missing type arguments for generic class org.xwiki.extension.repository.internal.ExtensionPropertySerializer<T>
[WARNING] /tmp/dspot-experiments/dataset/april-2019/xwiki-commons_parent/xwiki-commons-core/xwiki-commons-extension/xwiki-commons-extension-api/target/clover/src-instrumented/org/xwiki/extension/repository/internal/StringKeyMapExtensionPropertySerializer.java:[55,21] found raw type: org.xwiki.extension.repository.internal.ExtensionPropertySerializer
  missing type arguments for generic class org.xwiki.extension.repository.internal.ExtensionPropertySerializer<T>
[WARNING] /tmp/dspot-experiments/dataset/april-2019/xwiki-commons_parent/xwiki-commons-core/xwiki-commons-extension/xwiki-commons-extension-api/target/clover/src-instrumented/org/xwiki/extension/repository/internal/StringKeyMapExtensionPropertySerializer.java:[56,23] found raw type: org.xwiki.extension.repository.internal.ExtensionPropertySerializer
  missing type arguments for generic class org.xwiki.extension.repository.internal.ExtensionPropertySerializer<T>
[WARNING] /tmp/dspot-experiments/dataset/april-2019/xwiki-commons_parent/xwiki-commons-core/xwiki-commons-extension/xwiki-commons-extension-api/target/clover/src-instrumented/org/xwiki/extension/repository/internal/StringKeyMapExtensionPropertySerializer.java:[68,64] found raw type: org.xwiki.extension.repository.internal.ExtensionPropertySerializer
  missing type arguments for generic class org.xwiki.extension.repository.internal.ExtensionPropertySerializer<T>
[WARNING] /tmp/dspot-experiments/dataset/april-2019/xwiki-commons_parent/xwiki-commons-core/xwiki-commons-extension/xwiki-commons-extension-api/target/clover/src-instrumented/org/xwiki/extension/repository/internal/StringKeyMapExtensionPropertySerializer.java:[69,23] found raw type: org.xwiki.extension.repository.internal.ExtensionPropertySerializer
  missing type arguments for generic class org.xwiki.extension.repository.internal.ExtensionPropertySerializer<T>
[WARNING] /tmp/dspot-experiments/dataset/april-2019/xwiki-commons_parent/xwiki-commons-core/xwiki-commons-extension/xwiki-commons-extension-api/target/clover/src-instrumented/org/xwiki/extension/repository/internal/StringKeyMapExtensionPropertySerializer.java:[77,62] found raw type: java.util.HashMap
  missing type arguments for generic class java.util.HashMap<K,V>
[WARNING] /tmp/dspot-experiments/dataset/april-2019/xwiki-commons_parent/xwiki-commons-core/xwiki-commons-extension/xwiki-commons-extension-api/target/clover/src-instrumented/org/xwiki/extension/repository/internal/StringKeyMapExtensionPropertySerializer.java:[77,58] unchecked cast
  required: M
  found:    java.util.HashMap
[WARNING] /tmp/dspot-experiments/dataset/april-2019/xwiki-commons_parent/xwiki-commons-core/xwiki-commons-extension/xwiki-commons-extension-api/target/clover/src-instrumented/org/xwiki/extension/repository/internal/StringKeyMapExtensionPropertySerializer.java:[88,61] unchecked call to put(K,V) as a member of the raw type java.util.Map
[WARNING] /tmp/dspot-experiments/dataset/april-2019/xwiki-commons_parent/xwiki-commons-core/xwiki-commons-extension/xwiki-commons-extension-api/target/clover/src-instrumented/org/xwiki/extension/repository/internal/StringKeyMapExtensionPropertySerializer.java:[100,53] found raw type: java.util.Map.Entry
  missing type arguments for generic class java.util.Map.Entry<K,V>
[WARNING] /tmp/dspot-experiments/dataset/april-2019/xwiki-commons_parent/xwiki-commons-core/xwiki-commons-extension/xwiki-commons-extension-api/target/clover/src-instrumented/org/xwiki/extension/repository/internal/StringKeyMapExtensionPropertySerializer.java:[100,88] unchecked conversion
  required: java.util.Set<java.util.Map.Entry>
  found:    java.util.Set
[WARNING] /tmp/dspot-experiments/dataset/april-2019/xwiki-commons_parent/xwiki-commons-core/xwiki-commons-extension/xwiki-commons-extension-api/target/clover/src-instrumented/org/xwiki/extension/repository/internal/StringKeyMapExtensionPropertySerializer.java:[101,54] found raw type: java.util.Map.Entry
  missing type arguments for generic class java.util.Map.Entry<K,V>
[WARNING] /tmp/dspot-experiments/dataset/april-2019/xwiki-commons_parent/xwiki-commons-core/xwiki-commons-extension/xwiki-commons-extension-api/target/clover/src-instrumented/org/xwiki/extension/wrap/WrappingExtensionRepository.java:[39,81] org.xwiki.extension.wrap.AbstractWrappingObject in org.xwiki.extension.wrap has been deprecated
[WARNING] /tmp/dspot-experiments/dataset/april-2019/xwiki-commons_parent/xwiki-commons-core/xwiki-commons-extension/xwiki-commons-extension-api/target/clover/src-instrumented/org/xwiki/extension/wrap/WrappingExtensionRepository.java:[59,34] getId() in org.xwiki.extension.repository.ExtensionRepository has been deprecated
[WARNING] /tmp/dspot-experiments/dataset/april-2019/xwiki-commons_parent/xwiki-commons-core/xwiki-commons-extension/xwiki-commons-extension-api/target/clover/src-instrumented/org/xwiki/extension/wrap/WrappingExtensionRepository.java:[59,12] org.xwiki.extension.repository.ExtensionRepositoryId in org.xwiki.extension.repository has been deprecated
[WARNING] /tmp/dspot-experiments/dataset/april-2019/xwiki-commons_parent/xwiki-commons-core/xwiki-commons-extension/xwiki-commons-extension-api/target/clover/src-instrumented/org/xwiki/extension/wrap/WrappingExtensionRepository.java:[61,65] getId() in org.xwiki.extension.repository.ExtensionRepository has been deprecated
[WARNING] /tmp/dspot-experiments/dataset/april-2019/xwiki-commons_parent/xwiki-commons-core/xwiki-commons-extension/xwiki-commons-extension-api/target/clover/src-instrumented/org/xwiki/extension/repository/internal/DefaultExtensionSerializer.java:[186,27] found raw type: org.xwiki.extension.repository.internal.ExtensionPropertySerializer
  missing type arguments for generic class org.xwiki.extension.repository.internal.ExtensionPropertySerializer<T>
[WARNING] /tmp/dspot-experiments/dataset/april-2019/xwiki-commons_parent/xwiki-commons-core/xwiki-commons-extension/xwiki-commons-extension-api/target/clover/src-instrumented/org/xwiki/extension/repository/internal/DefaultExtensionSerializer.java:[188,29] found raw type: org.xwiki.extension.repository.internal.ExtensionPropertySerializer
  missing type arguments for generic class org.xwiki.extension.repository.internal.ExtensionPropertySerializer<T>
[WARNING] /tmp/dspot-experiments/dataset/april-2019/xwiki-commons_parent/xwiki-commons-core/xwiki-commons-extension/xwiki-commons-extension-api/target/clover/src-instrumented/org/xwiki/extension/repository/internal/DefaultExtensionSerializer.java:[192,92] found raw type: org.xwiki.extension.repository.internal.ExtensionPropertySerializer
  missing type arguments for generic class org.xwiki.extension.repository.internal.ExtensionPropertySerializer<T>
[WARNING] /tmp/dspot-experiments/dataset/april-2019/xwiki-commons_parent/xwiki-commons-core/xwiki-commons-extension/xwiki-commons-extension-api/target/clover/src-instrumented/org/xwiki/extension/repository/internal/DefaultExtensionSerializer.java:[193,103] found raw type: org.xwiki.extension.repository.internal.ExtensionPropertySerializer
  missing type arguments for generic class org.xwiki.extension.repository.internal.ExtensionPropertySerializer<T>
[WARNING] /tmp/dspot-experiments/dataset/april-2019/xwiki-commons_parent/xwiki-commons-core/xwiki-commons-extension/xwiki-commons-extension-api/target/clover/src-instrumented/org/xwiki/extension/repository/internal/DefaultExtensionSerializer.java:[200,50] found raw type: org.xwiki.extension.repository.internal.CollectionExtensionPropertySerializer
  missing type arguments for generic class org.xwiki.extension.repository.internal.CollectionExtensionPropertySerializer<C>
[WARNING] /tmp/dspot-experiments/dataset/april-2019/xwiki-commons_parent/xwiki-commons-core/xwiki-commons-extension/xwiki-commons-extension-api/target/clover/src-instrumented/org/xwiki/extension/repository/internal/DefaultExtensionSerializer.java:[201,21] found raw type: org.xwiki.extension.repository.internal.CollectionExtensionPropertySerializer
  missing type arguments for generic class org.xwiki.extension.repository.internal.CollectionExtensionPropertySerializer<C>
[WARNING] /tmp/dspot-experiments/dataset/april-2019/xwiki-commons_parent/xwiki-commons-core/xwiki-commons-extension/xwiki-commons-extension-api/target/clover/src-instrumented/org/xwiki/extension/repository/internal/DefaultExtensionSerializer.java:[201,17] unchecked call to CollectionExtensionPropertySerializer(java.util.Map<java.lang.String,org.xwiki.extension.repository.internal.ExtensionPropertySerializer>,java.util.Map<java.lang.Class<?>,org.xwiki.extension.repository.internal.ExtensionPropertySerializer>) as a member of the raw type org.xwiki.extension.repository.internal.CollectionExtensionPropertySerializer
[WARNING] /tmp/dspot-experiments/dataset/april-2019/xwiki-commons_parent/xwiki-commons-core/xwiki-commons-extension/xwiki-commons-extension-api/target/clover/src-instrumented/org/xwiki/extension/repository/internal/DefaultExtensionSerializer.java:[204,50] found raw type: org.xwiki.extension.repository.internal.StringKeyMapExtensionPropertySerializer
  missing type arguments for generic class org.xwiki.extension.repository.internal.StringKeyMapExtensionPropertySerializer<M>
[WARNING] /tmp/dspot-experiments/dataset/april-2019/xwiki-commons_parent/xwiki-commons-core/xwiki-commons-extension/xwiki-commons-extension-api/target/clover/src-instrumented/org/xwiki/extension/repository/internal/DefaultExtensionSerializer.java:[205,21] found raw type: org.xwiki.extension.repository.internal.StringKeyMapExtensionPropertySerializer
  missing type arguments for generic class org.xwiki.extension.repository.internal.StringKeyMapExtensionPropertySerializer<M>
[WARNING] /tmp/dspot-experiments/dataset/april-2019/xwiki-commons_parent/xwiki-commons-core/xwiki-commons-extension/xwiki-commons-extension-api/target/clover/src-instrumented/org/xwiki/extension/repository/internal/DefaultExtensionSerializer.java:[205,17] unchecked call to StringKeyMapExtensionPropertySerializer(java.util.Map<java.lang.String,org.xwiki.extension.repository.internal.ExtensionPropertySerializer>,java.util.Map<java.lang.Class<?>,org.xwiki.extension.repository.internal.ExtensionPropertySerializer>) as a member of the raw type org.xwiki.extension.repository.internal.StringKeyMapExtensionPropertySerializer
[WARNING] /tmp/dspot-experiments/dataset/april-2019/xwiki-commons_parent/xwiki-commons-core/xwiki-commons-extension/xwiki-commons-extension-api/target/clover/src-instrumented/org/xwiki/extension/repository/internal/DefaultExtensionSerializer.java:[394,63] setFeatures(java.util.Collection<java.lang.String>) in org.xwiki.extension.MutableExtension has been deprecated
[WARNING] /tmp/dspot-experiments/dataset/april-2019/xwiki-commons_parent/xwiki-commons-core/xwiki-commons-extension/xwiki-commons-extension-api/target/clover/src-instrumented/org/xwiki/extension/repository/AbstractExtensionRepository.java:[94,34] getId() in org.xwiki.extension.repository.ExtensionRepository has been deprecated
[WARNING] /tmp/dspot-experiments/dataset/april-2019/xwiki-commons_parent/xwiki-commons-core/xwiki-commons-extension/xwiki-commons-extension-api/target/clover/src-instrumented/org/xwiki/extension/repository/AbstractExtensionRepository.java:[94,12] org.xwiki.extension.repository.ExtensionRepositoryId in org.xwiki.extension.repository has been deprecated
[WARNING] /tmp/dspot-experiments/dataset/april-2019/xwiki-commons_parent/xwiki-commons-core/xwiki-commons-extension/xwiki-commons-extension-api/target/clover/src-instrumented/org/xwiki/extension/repository/AbstractExtensionRepository.java:[96,57] org.xwiki.extension.repository.ExtensionRepositoryId in org.xwiki.extension.repository has been deprecated
[WARNING] /tmp/dspot-experiments/dataset/april-2019/xwiki-commons_parent/xwiki-commons-core/xwiki-commons-extension/xwiki-commons-extension-api/target/clover/src-instrumented/org/xwiki/extension/repository/internal/core/DefaultCoreExtensionRepository.java:[266,53] unchecked conversion
  required: org.xwiki.extension.repository.result.IterableResult<org.xwiki.extension.Extension>
  found:    org.xwiki.extension.repository.result.IterableResult
[WARNING] /tmp/dspot-experiments/dataset/april-2019/xwiki-commons_parent/xwiki-commons-core/xwiki-commons-extension/xwiki-commons-extension-api/target/clover/src-instrumented/org/xwiki/extension/repository/internal/core/DefaultCoreExtensionRepository.java:[272,53] unchecked conversion
  required: org.xwiki.extension.repository.result.IterableResult<org.xwiki.extension.Extension>
  found:    org.xwiki.extension.repository.result.IterableResult
[WARNING] /tmp/dspot-experiments/dataset/april-2019/xwiki-commons_parent/xwiki-commons-core/xwiki-commons-extension/xwiki-commons-extension-api/target/clover/src-instrumented/org/xwiki/extension/AbstractExtension.java:[213,72] unchecked cast
  required: T
  found:    org.xwiki.extension.repository.ExtensionRepository
[WARNING] /tmp/dspot-experiments/dataset/april-2019/xwiki-commons_parent/xwiki-commons-core/xwiki-commons-extension/xwiki-commons-extension-api/target/clover/src-instrumented/org/xwiki/extension/AbstractExtension.java:[215,72] unchecked cast
  required: T
  found:    java.lang.String
[WARNING] /tmp/dspot-experiments/dataset/april-2019/xwiki-commons_parent/xwiki-commons-core/xwiki-commons-extension/xwiki-commons-extension-api/target/clover/src-instrumented/org/xwiki/extension/AbstractExtension.java:[217,77] unchecked cast
  required: T
  found:    org.xwiki.extension.version.Version
[WARNING] /tmp/dspot-experiments/dataset/april-2019/xwiki-commons_parent/xwiki-commons-core/xwiki-commons-extension/xwiki-commons-extension-api/target/clover/src-instrumented/org/xwiki/extension/AbstractExtension.java:[218,18] FIELD_FEATURE in org.xwiki.extension.Extension has been deprecated
[WARNING] /tmp/dspot-experiments/dataset/april-2019/xwiki-commons_parent/xwiki-commons-core/xwiki-commons-extension/xwiki-commons-extension-api/target/clover/src-instrumented/org/xwiki/extension/AbstractExtension.java:[219,18] FIELD_FEATURES in org.xwiki.extension.Extension has been deprecated
[WARNING] /tmp/dspot-experiments/dataset/april-2019/xwiki-commons_parent/xwiki-commons-core/xwiki-commons-extension/xwiki-commons-extension-api/target/clover/src-instrumented/org/xwiki/extension/AbstractExtension.java:[220,92] unchecked cast
  required: T
  found:    java.util.List<java.lang.String>
[WARNING] /tmp/dspot-experiments/dataset/april-2019/xwiki-commons_parent/xwiki-commons-core/xwiki-commons-extension/xwiki-commons-extension-api/target/clover/src-instrumented/org/xwiki/extension/AbstractExtension.java:[223,79] unchecked cast
  required: T
  found:    java.util.Collection<org.xwiki.extension.ExtensionId>
[WARNING] /tmp/dspot-experiments/dataset/april-2019/xwiki-commons_parent/xwiki-commons-core/xwiki-commons-extension/xwiki-commons-extension-api/target/clover/src-instrumented/org/xwiki/extension/AbstractExtension.java:[225,69] unchecked cast
  required: T
  found:    java.lang.String
[WARNING] /tmp/dspot-experiments/dataset/april-2019/xwiki-commons_parent/xwiki-commons-core/xwiki-commons-extension/xwiki-commons-extension-api/target/clover/src-instrumented/org/xwiki/extension/AbstractExtension.java:[227,73] unchecked cast
  required: T
  found:    java.lang.String
[WARNING] /tmp/dspot-experiments/dataset/april-2019/xwiki-commons_parent/xwiki-commons-core/xwiki-commons-extension/xwiki-commons-extension-api/target/clover/src-instrumented/org/xwiki/extension/AbstractExtension.java:[230,69] unchecked cast
  required: T
  found:    java.util.List<org.xwiki.extension.ExtensionAuthor>
[WARNING] /tmp/dspot-experiments/dataset/april-2019/xwiki-commons_parent/xwiki-commons-core/xwiki-commons-extension/xwiki-commons-extension-api/target/clover/src-instrumented/org/xwiki/extension/AbstractExtension.java:[232,70] unchecked cast
  required: T
  found:    java.lang.String
[WARNING] /tmp/dspot-experiments/dataset/april-2019/xwiki-commons_parent/xwiki-commons-core/xwiki-commons-extension/xwiki-commons-extension-api/target/clover/src-instrumented/org/xwiki/extension/AbstractExtension.java:[235,70] unchecked cast
  required: T
  found:    java.util.Collection<org.xwiki.extension.ExtensionLicense>
[WARNING] /tmp/dspot-experiments/dataset/april-2019/xwiki-commons_parent/xwiki-commons-core/xwiki-commons-extension/xwiki-commons-extension-api/target/clover/src-instrumented/org/xwiki/extension/AbstractExtension.java:[237,66] unchecked cast
  required: T
  found:    java.lang.String
[WARNING] /tmp/dspot-experiments/dataset/april-2019/xwiki-commons_parent/xwiki-commons-core/xwiki-commons-extension/xwiki-commons-extension-api/target/clover/src-instrumented/org/xwiki/extension/AbstractExtension.java:[239,66] unchecked cast
  required: T
  found:    java.lang.String
[WARNING] /tmp/dspot-experiments/dataset/april-2019/xwiki-commons_parent/xwiki-commons-core/xwiki-commons-extension/xwiki-commons-extension-api/target/clover/src-instrumented/org/xwiki/extension/AbstractExtension.java:[241,69] unchecked cast
  required: T
  found:    java.lang.String
[WARNING] /tmp/dspot-experiments/dataset/april-2019/xwiki-commons_parent/xwiki-commons-core/xwiki-commons-extension/xwiki-commons-extension-api/target/clover/src-instrumented/org/xwiki/extension/AbstractExtension.java:[245,79] unchecked cast
  required: T
  found:    java.util.Collection<java.lang.String>
[WARNING] /tmp/dspot-experiments/dataset/april-2019/xwiki-commons_parent/xwiki-commons-core/xwiki-commons-extension/xwiki-commons-extension-api/target/clover/src-instrumented/org/xwiki/extension/AbstractExtension.java:[247,65] unchecked cast
  required: T
  found:    org.xwiki.extension.ExtensionScm
[WARNING] /tmp/dspot-experiments/dataset/april-2019/xwiki-commons_parent/xwiki-commons-core/xwiki-commons-extension/xwiki-commons-extension-api/target/clover/src-instrumented/org/xwiki/extension/AbstractExtension.java:[249,74] unchecked cast
  required: T
  found:    java.util.Collection<org.xwiki.extension.repository.ExtensionRepositoryDescriptor>
[WARNING] /tmp/dspot-experiments/dataset/april-2019/xwiki-commons_parent/xwiki-commons-core/xwiki-commons-extension/xwiki-commons-extension-api/target/clover/src-instrumented/org/xwiki/extension/AbstractExtension.java:[251,72] unchecked cast
  required: T
  found:    java.util.Map<java.lang.String,java.lang.Object>
[WARNING] /tmp/dspot-experiments/dataset/april-2019/xwiki-commons_parent/xwiki-commons-core/xwiki-commons-extension/xwiki-commons-extension-api/target/clover/src-instrumented/org/xwiki/extension/AbstractExtension.java:[656,71] unchecked cast
  required: T
  found:    java.lang.Object
[WARNING] /tmp/dspot-experiments/dataset/april-2019/xwiki-commons_parent/xwiki-commons-core/xwiki-commons-extension/xwiki-commons-extension-api/target/clover/src-instrumented/org/xwiki/extension/AbstractExtension.java:[662,201] unchecked cast
  required: T
  found:    java.lang.Object
[WARNING] /tmp/dspot-experiments/dataset/april-2019/xwiki-commons_parent/xwiki-commons-core/xwiki-commons-extension/xwiki-commons-extension-api/target/clover/src-instrumented/org/xwiki/extension/AbstractExtension.java:[692,80] unchecked cast
  required: T
  found:    java.lang.Object
[WARNING] /tmp/dspot-experiments/dataset/april-2019/xwiki-commons_parent/xwiki-commons-core/xwiki-commons-extension/xwiki-commons-extension-api/target/clover/src-instrumented/org/xwiki/extension/repository/internal/AbstractCachedExtensionRepository.java:[108,85] getFeatures() in org.xwiki.extension.Extension has been deprecated
[WARNING] /tmp/dspot-experiments/dataset/april-2019/xwiki-commons_parent/xwiki-commons-core/xwiki-commons-extension/xwiki-commons-extension-api/target/clover/src-instrumented/org/xwiki/extension/repository/internal/AbstractCachedExtensionRepository.java:[155,81] getFeatures() in org.xwiki.extension.Extension has been deprecated
[WARNING] /tmp/dspot-experiments/dataset/april-2019/xwiki-commons_parent/xwiki-commons-core/xwiki-commons-extension/xwiki-commons-extension-api/target/clover/src-instrumented/org/xwiki/extension/repository/internal/CollectionExtensionPropertySerializer.java:[37,62] found raw type: java.util.Collection
  missing type arguments for generic class java.util.Collection<E>
[WARNING] /tmp/dspot-experiments/dataset/april-2019/xwiki-commons_parent/xwiki-commons-core/xwiki-commons-extension/xwiki-commons-extension-api/target/clover/src-instrumented/org/xwiki/extension/repository/internal/CollectionExtensionPropertySerializer.java:[42,27] found raw type: org.xwiki.extension.repository.internal.ExtensionPropertySerializer
  missing type arguments for generic class org.xwiki.extension.repository.internal.ExtensionPropertySerializer<T>
[WARNING] /tmp/dspot-experiments/dataset/april-2019/xwiki-commons_parent/xwiki-commons-core/xwiki-commons-extension/xwiki-commons-extension-api/target/clover/src-instrumented/org/xwiki/extension/repository/internal/CollectionExtensionPropertySerializer.java:[47,29] found raw type: org.xwiki.extension.repository.internal.ExtensionPropertySerializer
  missing type arguments for generic class org.xwiki.extension.repository.internal.ExtensionPropertySerializer<T>
[WARNING] /tmp/dspot-experiments/dataset/april-2019/xwiki-commons_parent/xwiki-commons-core/xwiki-commons-extension/xwiki-commons-extension-api/target/clover/src-instrumented/org/xwiki/extension/repository/internal/CollectionExtensionPropertySerializer.java:[55,21] found raw type: org.xwiki.extension.repository.internal.ExtensionPropertySerializer
  missing type arguments for generic class org.xwiki.extension.repository.internal.ExtensionPropertySerializer<T>
[WARNING] /tmp/dspot-experiments/dataset/april-2019/xwiki-commons_parent/xwiki-commons-core/xwiki-commons-extension/xwiki-commons-extension-api/target/clover/src-instrumented/org/xwiki/extension/repository/internal/CollectionExtensionPropertySerializer.java:[56,23] found raw type: org.xwiki.extension.repository.internal.ExtensionPropertySerializer
  missing type arguments for generic class org.xwiki.extension.repository.internal.ExtensionPropertySerializer<T>
[WARNING] /tmp/dspot-experiments/dataset/april-2019/xwiki-commons_parent/xwiki-commons-core/xwiki-commons-extension/xwiki-commons-extension-api/target/clover/src-instrumented/org/xwiki/extension/repository/internal/CollectionExtensionPropertySerializer.java:[68,62] found raw type: org.xwiki.extension.repository.internal.ExtensionPropertySerializer
  missing type arguments for generic class org.xwiki.extension.repository.internal.ExtensionPropertySerializer<T>
[WARNING] /tmp/dspot-experiments/dataset/april-2019/xwiki-commons_parent/xwiki-commons-core/xwiki-commons-extension/xwiki-commons-extension-api/target/clover/src-instrumented/org/xwiki/extension/repository/internal/CollectionExtensionPropertySerializer.java:[69,23] found raw type: org.xwiki.extension.repository.internal.ExtensionPropertySerializer
  missing type arguments for generic class org.xwiki.extension.repository.internal.ExtensionPropertySerializer<T>
[WARNING] /tmp/dspot-experiments/dataset/april-2019/xwiki-commons_parent/xwiki-commons-core/xwiki-commons-extension/xwiki-commons-extension-api/target/clover/src-instrumented/org/xwiki/extension/repository/internal/CollectionExtensionPropertySerializer.java:[79,61] found raw type: java.util.ArrayList
  missing type arguments for generic class java.util.ArrayList<E>
[WARNING] /tmp/dspot-experiments/dataset/april-2019/xwiki-commons_parent/xwiki-commons-core/xwiki-commons-extension/xwiki-commons-extension-api/target/clover/src-instrumented/org/xwiki/extension/repository/internal/CollectionExtensionPropertySerializer.java:[79,57] unchecked cast
  required: C
  found:    java.util.ArrayList
[WARNING] /tmp/dspot-experiments/dataset/april-2019/xwiki-commons_parent/xwiki-commons-core/xwiki-commons-extension/xwiki-commons-extension-api/target/clover/src-instrumented/org/xwiki/extension/repository/internal/CollectionExtensionPropertySerializer.java:[88,62] found raw type: org.xwiki.extension.repository.internal.ExtensionPropertySerializer
  missing type arguments for generic class org.xwiki.extension.repository.internal.ExtensionPropertySerializer<T>
[WARNING] /tmp/dspot-experiments/dataset/april-2019/xwiki-commons_parent/xwiki-commons-core/xwiki-commons-extension/xwiki-commons-extension-api/target/clover/src-instrumented/org/xwiki/extension/repository/internal/CollectionExtensionPropertySerializer.java:[96,83] unchecked cast
  required: T
  found:    capture#1 of ?
[WARNING] /tmp/dspot-experiments/dataset/april-2019/xwiki-commons_parent/xwiki-commons-core/xwiki-commons-extension/xwiki-commons-extension-api/target/clover/src-instrumented/org/xwiki/extension/repository/internal/CollectionExtensionPropertySerializer.java:[109,23] found raw type: org.xwiki.extension.repository.internal.ExtensionPropertySerializer
  missing type arguments for generic class org.xwiki.extension.repository.internal.ExtensionPropertySerializer<T>
[WARNING] /tmp/dspot-experiments/dataset/april-2019/xwiki-commons_parent/xwiki-commons-core/xwiki-commons-extension/xwiki-commons-extension-api/target/clover/src-instrumented/org/xwiki/extension/repository/internal/CollectionExtensionPropertySerializer.java:[108,19] found raw type: org.xwiki.extension.repository.internal.ExtensionPropertySerializer
  missing type arguments for generic class org.xwiki.extension.repository.internal.ExtensionPropertySerializer<T>
[WARNING] /tmp/dspot-experiments/dataset/april-2019/xwiki-commons_parent/xwiki-commons-core/xwiki-commons-extension/xwiki-commons-extension-api/target/clover/src-instrumented/org/xwiki/extension/repository/internal/CollectionExtensionPropertySerializer.java:[111,71] found raw type: org.xwiki.extension.repository.internal.ExtensionPropertySerializer
  missing type arguments for generic class org.xwiki.extension.repository.internal.ExtensionPropertySerializer<T>
[WARNING] /tmp/dspot-experiments/dataset/april-2019/xwiki-commons_parent/xwiki-commons-core/xwiki-commons-extension/xwiki-commons-extension-api/target/clover/src-instrumented/org/xwiki/extension/repository/internal/CollectionExtensionPropertySerializer.java:[128,23] found raw type: org.xwiki.extension.repository.internal.ExtensionPropertySerializer
  missing type arguments for generic class org.xwiki.extension.repository.internal.ExtensionPropertySerializer<T>
[WARNING] /tmp/dspot-experiments/dataset/april-2019/xwiki-commons_parent/xwiki-commons-core/xwiki-commons-extension/xwiki-commons-extension-api/target/clover/src-instrumented/org/xwiki/extension/repository/internal/CollectionExtensionPropertySerializer.java:[131,50] found raw type: org.xwiki.extension.repository.internal.ExtensionPropertySerializer
  missing type arguments for generic class org.xwiki.extension.repository.internal.ExtensionPropertySerializer<T>
[WARNING] /tmp/dspot-experiments/dataset/april-2019/xwiki-commons_parent/xwiki-commons-core/xwiki-commons-extension/xwiki-commons-extension-api/target/clover/src-instrumented/org/xwiki/extension/repository/internal/CollectionExtensionPropertySerializer.java:[134,81] unchecked call to toElement(org.w3c.dom.Document,java.lang.String,T) as a member of the raw type org.xwiki.extension.repository.internal.ExtensionPropertySerializer
[WARNING] /tmp/dspot-experiments/dataset/april-2019/xwiki-commons_parent/xwiki-commons-core/xwiki-commons-extension/xwiki-commons-extension-api/target/clover/src-instrumented/org/xwiki/extension/repository/internal/CollectionExtensionPropertySerializer.java:[157,72] unchecked call to add(E) as a member of the raw type java.util.Collection
[WARNING] /tmp/dspot-experiments/dataset/april-2019/xwiki-commons_parent/xwiki-commons-core/xwiki-commons-extension/xwiki-commons-extension-api/target/clover/src-instrumented/org/xwiki/extension/wrap/WrappingExtension.java:[47,61] org.xwiki.extension.wrap.AbstractWrappingObject in org.xwiki.extension.wrap has been deprecated
[WARNING] /tmp/dspot-experiments/dataset/april-2019/xwiki-commons_parent/xwiki-commons-core/xwiki-commons-extension/xwiki-commons-extension-api/target/clover/src-instrumented/org/xwiki/extension/wrap/WrappingExtension.java:[76,80] unchecked cast
  required: T
  found:    java.lang.Object
[WARNING] /tmp/dspot-experiments/dataset/april-2019/xwiki-commons_parent/xwiki-commons-core/xwiki-commons-extension/xwiki-commons-extension-api/target/clover/src-instrumented/org/xwiki/extension/wrap/WrappingExtension.java:[100,62] unchecked cast
  required: java.util.Collection<org.xwiki.extension.ExtensionId>
  found:    java.lang.Object
[WARNING] /tmp/dspot-experiments/dataset/april-2019/xwiki-commons_parent/xwiki-commons-core/xwiki-commons-extension/xwiki-commons-extension-api/target/clover/src-instrumented/org/xwiki/extension/wrap/WrappingExtension.java:[137,107] unchecked cast
  required: java.util.Collection<org.xwiki.extension.ExtensionLicense>
  found:    java.lang.Object
[WARNING] /tmp/dspot-experiments/dataset/april-2019/xwiki-commons_parent/xwiki-commons-core/xwiki-commons-extension/xwiki-commons-extension-api/target/clover/src-instrumented/org/xwiki/extension/wrap/WrappingExtension.java:[177,106] unchecked cast
  required: java.util.Collection<org.xwiki.extension.ExtensionAuthor>
  found:    java.lang.Object
[WARNING] /tmp/dspot-experiments/dataset/april-2019/xwiki-commons_parent/xwiki-commons-core/xwiki-commons-extension/xwiki-commons-extension-api/target/clover/src-instrumented/org/xwiki/extension/wrap/WrappingExtension.java:[187,97] unchecked cast
  required: java.util.Collection<java.lang.String>
  found:    java.lang.Object
[WARNING] /tmp/dspot-experiments/dataset/april-2019/xwiki-commons_parent/xwiki-commons-core/xwiki-commons-extension/xwiki-commons-extension-api/target/clover/src-instrumented/org/xwiki/extension/wrap/WrappingExtension.java:[197,110] unchecked cast
  required: java.util.Collection<org.xwiki.extension.ExtensionDependency>
  found:    java.lang.Object
[WARNING] /tmp/dspot-experiments/dataset/april-2019/xwiki-commons_parent/xwiki-commons-core/xwiki-commons-extension/xwiki-commons-extension-api/target/clover/src-instrumented/org/xwiki/extension/wrap/WrappingExtension.java:[207,110] unchecked cast
  required: java.util.Collection<org.xwiki.extension.ExtensionDependency>
  found:    java.lang.Object
[WARNING] /tmp/dspot-experiments/dataset/april-2019/xwiki-commons_parent/xwiki-commons-core/xwiki-commons-extension/xwiki-commons-extension-api/target/clover/src-instrumented/org/xwiki/extension/wrap/WrappingExtension.java:[259,120] unchecked cast
  required: java.util.Collection<org.xwiki.extension.repository.ExtensionRepositoryDescriptor>
  found:    java.lang.Object
[WARNING] /tmp/dspot-experiments/dataset/april-2019/xwiki-commons_parent/xwiki-commons-core/xwiki-commons-extension/xwiki-commons-extension-api/target/clover/src-instrumented/org/xwiki/extension/wrap/WrappingExtension.java:[269,98] unchecked cast
  required: java.util.Map<java.lang.String,java.lang.Object>
  found:    java.lang.Object
[WARNING] /tmp/dspot-experiments/dataset/april-2019/xwiki-commons_parent/xwiki-commons-core/xwiki-commons-extension/xwiki-commons-extension-api/target/clover/src-instrumented/org/xwiki/extension/wrap/WrappingExtension.java:[279,80] unchecked cast
  required: T
  found:    java.lang.Object
[WARNING] /tmp/dspot-experiments/dataset/april-2019/xwiki-commons_parent/xwiki-commons-core/xwiki-commons-extension/xwiki-commons-extension-api/target/clover/src-instrumented/org/xwiki/extension/wrap/WrappingExtension.java:[289,80] unchecked cast
  required: T
  found:    java.lang.Object
[WARNING] /tmp/dspot-experiments/dataset/april-2019/xwiki-commons_parent/xwiki-commons-core/xwiki-commons-extension/xwiki-commons-extension-api/target/clover/src-instrumented/org/xwiki/extension/wrap/WrappingInstalledExtension.java:[77,20] isDependency() in org.xwiki.extension.InstalledExtension has been deprecated
[WARNING] /tmp/dspot-experiments/dataset/april-2019/xwiki-commons_parent/xwiki-commons-core/xwiki-commons-extension/xwiki-commons-extension-api/target/clover/src-instrumented/org/xwiki/extension/wrap/WrappingInstalledExtension.java:[79,65] isDependency() in org.xwiki.extension.InstalledExtension has been deprecated
[WARNING] /tmp/dspot-experiments/dataset/april-2019/xwiki-commons_parent/xwiki-commons-core/xwiki-commons-extension/xwiki-commons-extension-api/target/clover/src-instrumented/org/xwiki/extension/repository/AbstractAdvancedSearchableExtensionRepository.java:[35,17] getId() in org.xwiki.extension.repository.ExtensionRepository has been deprecated
[INFO] /tmp/dspot-experiments/dataset/april-2019/xwiki-commons_parent/xwiki-commons-core/xwiki-commons-extension/xwiki-commons-extension-api/target/clover/src-instrumented/org/xwiki/extension/job/history/internal/ExtensionJobHistoryRecorder.java: Some input files additionally use or override a deprecated API.
[INFO] /tmp/dspot-experiments/dataset/april-2019/xwiki-commons_parent/xwiki-commons-core/xwiki-commons-extension/xwiki-commons-extension-api/target/clover/src-instrumented/org/xwiki/extension/AbstractRemoteExtension.java: Some input files additionally use unchecked or unsafe operations.
[INFO] 
[INFO] --- maven-bundle-plugin:3.5.0:manifest (bundle-manifest) @ xwiki-commons-extension-api ---
[INFO] 
[INFO] --- maven-resources-plugin:3.1.0:testResources (default-testResources) @ xwiki-commons-extension-api ---
[INFO] Using 'UTF-8' encoding to copy filtered resources.
[INFO] Copying 89 resources
[INFO] Copying 2 resources
[INFO] 
[INFO] --- maven-compiler-plugin:3.7.0:testCompile (default-testCompile) @ xwiki-commons-extension-api ---
[INFO] Changes detected - recompiling the module!
[INFO] Compiling 51 source files to /tmp/dspot-experiments/dataset/april-2019/xwiki-commons_parent/xwiki-commons-core/xwiki-commons-extension/xwiki-commons-extension-api/target/test-classes
[WARNING] /tmp/dspot-experiments/dataset/april-2019/xwiki-commons_parent/xwiki-commons-core/xwiki-commons-extension/xwiki-commons-extension-api/target/clover/src-test-instrumented/org/xwiki/extension/test/AbstractExtensionHandlerTest.java:[274,116] unchecked cast
  required: org.xwiki.extension.job.plan.internal.DefaultExtensionPlan<org.xwiki.extension.job.UninstallRequest>
  found:    org.xwiki.job.event.status.JobStatus
[WARNING] /tmp/dspot-experiments/dataset/april-2019/xwiki-commons_parent/xwiki-commons-core/xwiki-commons-extension/xwiki-commons-extension-api/target/clover/src-test-instrumented/org/xwiki/extension/job/internal/InstallPlanJobTest.java:[72,70] getPreviousExtension() in org.xwiki.extension.job.plan.ExtensionPlanAction has been deprecated
[WARNING] /tmp/dspot-experiments/dataset/april-2019/xwiki-commons_parent/xwiki-commons-core/xwiki-commons-extension/xwiki-commons-extension-api/target/clover/src-test-instrumented/org/xwiki/extension/job/internal/InstallPlanJobTest.java:[94,80] getPreviousExtension() in org.xwiki.extension.job.plan.ExtensionPlanAction has been deprecated
[WARNING] /tmp/dspot-experiments/dataset/april-2019/xwiki-commons_parent/xwiki-commons-core/xwiki-commons-extension/xwiki-commons-extension-api/target/clover/src-test-instrumented/org/xwiki/extension/job/internal/InstallPlanJobTest.java:[102,80] getPreviousExtension() in org.xwiki.extension.job.plan.ExtensionPlanAction has been deprecated
[WARNING] /tmp/dspot-experiments/dataset/april-2019/xwiki-commons_parent/xwiki-commons-core/xwiki-commons-extension/xwiki-commons-extension-api/target/clover/src-test-instrumented/org/xwiki/extension/job/internal/InstallPlanJobTest.java:[118,80] getPreviousExtension() in org.xwiki.extension.job.plan.ExtensionPlanAction has been deprecated
[WARNING] /tmp/dspot-experiments/dataset/april-2019/xwiki-commons_parent/xwiki-commons-core/xwiki-commons-extension/xwiki-commons-extension-api/target/clover/src-test-instrumented/org/xwiki/extension/job/internal/InstallPlanJobTest.java:[127,80] getPreviousExtension() in org.xwiki.extension.job.plan.ExtensionPlanAction has been deprecated
[WARNING] /tmp/dspot-experiments/dataset/april-2019/xwiki-commons_parent/xwiki-commons-core/xwiki-commons-extension/xwiki-commons-extension-api/target/clover/src-test-instrumented/org/xwiki/extension/job/internal/InstallPlanJobTest.java:[142,80] getPreviousExtension() in org.xwiki.extension.job.plan.ExtensionPlanAction has been deprecated
[WARNING] /tmp/dspot-experiments/dataset/april-2019/xwiki-commons_parent/xwiki-commons-core/xwiki-commons-extension/xwiki-commons-extension-api/target/clover/src-test-instrumented/org/xwiki/extension/job/internal/InstallPlanJobTest.java:[151,80] getPreviousExtension() in org.xwiki.extension.job.plan.ExtensionPlanAction has been deprecated
[WARNING] /tmp/dspot-experiments/dataset/april-2019/xwiki-commons_parent/xwiki-commons-core/xwiki-commons-extension/xwiki-commons-extension-api/target/clover/src-test-instrumented/org/xwiki/extension/job/internal/InstallPlanJobTest.java:[173,107] getPreviousExtension() in org.xwiki.extension.job.plan.ExtensionPlanAction has been deprecated
[WARNING] /tmp/dspot-experiments/dataset/april-2019/xwiki-commons_parent/xwiki-commons-core/xwiki-commons-extension/xwiki-commons-extension-api/target/clover/src-test-instrumented/org/xwiki/extension/job/internal/InstallPlanJobTest.java:[203,100] getPreviousExtension() in org.xwiki.extension.job.plan.ExtensionPlanAction has been deprecated
[WARNING] /tmp/dspot-experiments/dataset/april-2019/xwiki-commons_parent/xwiki-commons-core/xwiki-commons-extension/xwiki-commons-extension-api/target/clover/src-test-instrumented/org/xwiki/extension/job/internal/InstallPlanJobTest.java:[211,111] getPreviousExtension() in org.xwiki.extension.job.plan.ExtensionPlanAction has been deprecated
[WARNING] /tmp/dspot-experiments/dataset/april-2019/xwiki-commons_parent/xwiki-commons-core/xwiki-commons-extension/xwiki-commons-extension-api/target/clover/src-test-instrumented/org/xwiki/extension/job/internal/InstallPlanJobTest.java:[238,115] getPreviousExtension() in org.xwiki.extension.job.plan.ExtensionPlanAction has been deprecated
[WARNING] /tmp/dspot-experiments/dataset/april-2019/xwiki-commons_parent/xwiki-commons-core/xwiki-commons-extension/xwiki-commons-extension-api/target/clover/src-test-instrumented/org/xwiki/extension/job/internal/InstallPlanJobTest.java:[250,115] getPreviousExtension() in org.xwiki.extension.job.plan.ExtensionPlanAction has been deprecated
[WARNING] /tmp/dspot-experiments/dataset/april-2019/xwiki-commons_parent/xwiki-commons-core/xwiki-commons-extension/xwiki-commons-extension-api/target/clover/src-test-instrumented/org/xwiki/extension/job/internal/InstallPlanJobTest.java:[273,107] getPreviousExtension() in org.xwiki.extension.job.plan.ExtensionPlanAction has been deprecated
[WARNING] /tmp/dspot-experiments/dataset/april-2019/xwiki-commons_parent/xwiki-commons-core/xwiki-commons-extension/xwiki-commons-extension-api/target/clover/src-test-instrumented/org/xwiki/extension/job/internal/InstallPlanJobTest.java:[296,107] getPreviousExtension() in org.xwiki.extension.job.plan.ExtensionPlanAction has been deprecated
[WARNING] /tmp/dspot-experiments/dataset/april-2019/xwiki-commons_parent/xwiki-commons-core/xwiki-commons-extension/xwiki-commons-extension-api/target/clover/src-test-instrumented/org/xwiki/extension/job/internal/InstallPlanJobTest.java:[327,107] getPreviousExtension() in org.xwiki.extension.job.plan.ExtensionPlanAction has been deprecated
[WARNING] /tmp/dspot-experiments/dataset/april-2019/xwiki-commons_parent/xwiki-commons-core/xwiki-commons-extension/xwiki-commons-extension-api/target/clover/src-test-instrumented/org/xwiki/extension/job/internal/InstallPlanJobTest.java:[416,80] getPreviousExtension() in org.xwiki.extension.job.plan.ExtensionPlanAction has been deprecated
[WARNING] /tmp/dspot-experiments/dataset/april-2019/xwiki-commons_parent/xwiki-commons-core/xwiki-commons-extension/xwiki-commons-extension-api/target/clover/src-test-instrumented/org/xwiki/extension/job/internal/InstallPlanJobTest.java:[497,107] getPreviousExtension() in org.xwiki.extension.job.plan.ExtensionPlanAction has been deprecated
[WARNING] /tmp/dspot-experiments/dataset/april-2019/xwiki-commons_parent/xwiki-commons-core/xwiki-commons-extension/xwiki-commons-extension-api/target/clover/src-test-instrumented/org/xwiki/extension/job/internal/InstallPlanJobTest.java:[545,119] getPreviousExtension() in org.xwiki.extension.job.plan.ExtensionPlanAction has been deprecated
[WARNING] /tmp/dspot-experiments/dataset/april-2019/xwiki-commons_parent/xwiki-commons-core/xwiki-commons-extension/xwiki-commons-extension-api/target/clover/src-test-instrumented/org/xwiki/extension/job/internal/InstallPlanJobTest.java:[554,113] getPreviousExtension() in org.xwiki.extension.job.plan.ExtensionPlanAction has been deprecated
[WARNING] /tmp/dspot-experiments/dataset/april-2019/xwiki-commons_parent/xwiki-commons-core/xwiki-commons-extension/xwiki-commons-extension-api/target/clover/src-test-instrumented/org/xwiki/extension/test/MockitoRepositoryUtils.java:[138,51] found raw type: org.xwiki.component.descriptor.ComponentDescriptor
  missing type arguments for generic class org.xwiki.component.descriptor.ComponentDescriptor<T>
[WARNING] /tmp/dspot-experiments/dataset/april-2019/xwiki-commons_parent/xwiki-commons-core/xwiki-commons-extension/xwiki-commons-extension-api/target/clover/src-test-instrumented/org/xwiki/extension/test/FileExtensionRepository.java:[52,8] getId() in org.xwiki.extension.repository.ExtensionRepository has been deprecated
[WARNING] /tmp/dspot-experiments/dataset/april-2019/xwiki-commons_parent/xwiki-commons-core/xwiki-commons-extension/xwiki-commons-extension-api/target/clover/src-test-instrumented/org/xwiki/extension/job/history/internal/AnswerReplayerTest.java:[48,94] unchecked conversion
  required: org.xwiki.extension.job.history.QuestionRecorder<java.lang.Object>
  found:    org.xwiki.extension.job.history.QuestionRecorder
[WARNING] /tmp/dspot-experiments/dataset/april-2019/xwiki-commons_parent/xwiki-commons-core/xwiki-commons-extension/xwiki-commons-extension-api/target/clover/src-test-instrumented/org/xwiki/extension/test/ResourceExtensionRepository.java:[45,8] getId() in org.xwiki.extension.repository.ExtensionRepository has been deprecated
[WARNING] /tmp/dspot-experiments/dataset/april-2019/xwiki-commons_parent/xwiki-commons-core/xwiki-commons-extension/xwiki-commons-extension-api/target/clover/src-test-instrumented/org/xwiki/extension/repository/core/DefaultCoreExtensionRepositoryTest.java:[94,43] unchecked conversion
  required: java.util.Map<java.lang.String,org.xwiki.extension.repository.internal.core.DefaultCoreExtension>
  found:    java.util.Map
[WARNING] /tmp/dspot-experiments/dataset/april-2019/xwiki-commons_parent/xwiki-commons-core/xwiki-commons-extension/xwiki-commons-extension-api/target/clover/src-test-instrumented/org/xwiki/extension/repository/core/DefaultCoreExtensionRepositoryTest.java:[94,59] unchecked conversion
  required: java.util.Collection<java.net.URL>
  found:    java.util.Collection
[WARNING] /tmp/dspot-experiments/dataset/april-2019/xwiki-commons_parent/xwiki-commons-core/xwiki-commons-extension/xwiki-commons-extension-api/target/clover/src-test-instrumented/org/xwiki/extension/repository/local/DefaultExtensionSerializerTest.java:[78,84] getFeatures() in org.xwiki.extension.AbstractExtension has been deprecated
[WARNING] /tmp/dspot-experiments/dataset/april-2019/xwiki-commons_parent/xwiki-commons-core/xwiki-commons-extension/xwiki-commons-extension-api/target/clover/src-test-instrumented/org/xwiki/extension/repository/local/DefaultExtensionSerializerTest.java:[78,138] getFeatures() in org.xwiki.extension.AbstractExtension has been deprecated
[WARNING] /tmp/dspot-experiments/dataset/april-2019/xwiki-commons_parent/xwiki-commons-core/xwiki-commons-extension/xwiki-commons-extension-api/target/clover/src-test-instrumented/org/xwiki/extension/repository/local/DefaultExtensionSerializerTest.java:[152,55] addFeature(java.lang.String) in org.xwiki.extension.AbstractExtension has been deprecated
[WARNING] /tmp/dspot-experiments/dataset/april-2019/xwiki-commons_parent/xwiki-commons-core/xwiki-commons-extension/xwiki-commons-extension-api/target/clover/src-test-instrumented/org/xwiki/extension/job/history/internal/ExtensionJobHistoryRecorderTest.java:[82,94] unchecked conversion
  required: org.xwiki.job.DefaultJobStatus<org.xwiki.extension.job.ExtensionRequest>
  found:    org.xwiki.job.DefaultJobStatus
[WARNING] /tmp/dspot-experiments/dataset/april-2019/xwiki-commons_parent/xwiki-commons-core/xwiki-commons-extension/xwiki-commons-extension-api/target/clover/src-test-instrumented/org/xwiki/extension/test/TestVersion.java:[31,8] serializable class org.xwiki.extension.test.TestVersion has no definition of serialVersionUID
[WARNING] /tmp/dspot-experiments/dataset/april-2019/xwiki-commons_parent/xwiki-commons-core/xwiki-commons-extension/xwiki-commons-extension-api/target/clover/src-test-instrumented/org/xwiki/extension/repository/installed/DefaultInstalledExtensionRepositoryTest.java:[262,44] getFeatures() in org.xwiki.extension.Extension has been deprecated
[WARNING] /tmp/dspot-experiments/dataset/april-2019/xwiki-commons_parent/xwiki-commons-core/xwiki-commons-extension/xwiki-commons-extension-api/target/clover/src-test-instrumented/org/xwiki/extension/repository/installed/DefaultInstalledExtensionRepositoryTest.java:[418,9] serializable class <anonymous org.xwiki.extension.repository.installed.DefaultInstalledExtensionRepositoryTest$1> has no definition of serialVersionUID
[WARNING] /tmp/dspot-experiments/dataset/april-2019/xwiki-commons_parent/xwiki-commons-core/xwiki-commons-extension/xwiki-commons-extension-api/target/clover/src-test-instrumented/org/xwiki/extension/repository/installed/DefaultInstalledExtensionTest.java:[112,81] isDependency() in org.xwiki.extension.repository.internal.installed.DefaultInstalledExtension has been deprecated
[WARNING] /tmp/dspot-experiments/dataset/april-2019/xwiki-commons_parent/xwiki-commons-core/xwiki-commons-extension/xwiki-commons-extension-api/target/clover/src-test-instrumented/org/xwiki/extension/repository/installed/DefaultInstalledExtensionTest.java:[117,81] isDependency() in org.xwiki.extension.repository.internal.installed.DefaultInstalledExtension has been deprecated
[WARNING] /tmp/dspot-experiments/dataset/april-2019/xwiki-commons_parent/xwiki-commons-core/xwiki-commons-extension/xwiki-commons-extension-api/target/clover/src-test-instrumented/org/xwiki/extension/repository/installed/DefaultInstalledExtensionTest.java:[122,80] isDependency() in org.xwiki.extension.repository.internal.installed.DefaultInstalledExtension has been deprecated
[INFO] 
[INFO] --- maven-surefire-plugin:2.19.1:test (default-test) @ xwiki-commons-extension-api ---

-------------------------------------------------------
 T E S T S
-------------------------------------------------------
Running org.xwiki.extension.DefaultExtensionDependencyTest
Tests run: 5, Failures: 0, Errors: 0, Skipped: 0, Time elapsed: 0.27 sec - in org.xwiki.extension.DefaultExtensionDependencyTest
Running org.xwiki.extension.DefaultExtensionIssueManagementTest
Tests run: 1, Failures: 0, Errors: 0, Skipped: 0, Time elapsed: 0 sec - in org.xwiki.extension.DefaultExtensionIssueManagementTest
Running org.xwiki.extension.DefaultExtensionScmTest
Tests run: 1, Failures: 0, Errors: 0, Skipped: 0, Time elapsed: 0.003 sec - in org.xwiki.extension.DefaultExtensionScmTest
Running org.xwiki.extension.repository.local.DefaultExtensionSerializerTest
Tests run: 1, Failures: 0, Errors: 0, Skipped: 0, Time elapsed: 0.56 sec - in org.xwiki.extension.repository.local.DefaultExtensionSerializerTest
Running org.xwiki.extension.repository.installed.DefaultInstalledExtensionTest
Tests run: 6, Failures: 0, Errors: 0, Skipped: 0, Time elapsed: 0.013 sec - in org.xwiki.extension.repository.installed.DefaultInstalledExtensionTest
Running org.xwiki.extension.repository.core.DefaultCoreExtensionRepositoryTest
Tests run: 4, Failures: 0, Errors: 0, Skipped: 0, Time elapsed: 0.612 sec - in org.xwiki.extension.repository.core.DefaultCoreExtensionRepositoryTest
Running org.xwiki.extension.repository.DefaultExtensionRepositoryDescriptorTest
Tests run: 2, Failures: 0, Errors: 0, Skipped: 0, Time elapsed: 0.001 sec - in org.xwiki.extension.repository.DefaultExtensionRepositoryDescriptorTest
Running org.xwiki.extension.ExtensionLicenseTest
Tests run: 1, Failures: 0, Errors: 0, Skipped: 0, Time elapsed: 0.001 sec - in org.xwiki.extension.ExtensionLicenseTest
Running org.xwiki.extension.AbstractExtensionTest
Tests run: 4, Failures: 0, Errors: 0, Skipped: 0, Time elapsed: 0.03 sec - in org.xwiki.extension.AbstractExtensionTest
Running org.xwiki.extension.DefaultExtensionAuthorTest
Tests run: 1, Failures: 0, Errors: 0, Skipped: 0, Time elapsed: 0.001 sec - in org.xwiki.extension.DefaultExtensionAuthorTest
Running org.xwiki.extension.version.internal.DefaultVersionRangeTest
Tests run: 10, Failures: 0, Errors: 0, Skipped: 0, Time elapsed: 0.046 sec - in org.xwiki.extension.version.internal.DefaultVersionRangeTest
Running org.xwiki.extension.version.internal.DefaultVersionTest
Tests run: 5, Failures: 0, Errors: 0, Skipped: 0, Time elapsed: 0.017 sec - in org.xwiki.extension.version.internal.DefaultVersionTest
Running org.xwiki.extension.version.internal.DefaultVersionConstraintTest
Tests run: 4, Failures: 0, Errors: 0, Skipped: 0, Time elapsed: 0.008 sec - in org.xwiki.extension.version.internal.DefaultVersionConstraintTest
Running org.xwiki.extension.job.plan.internal.DefaultExtensionPlanActionTest
Tests run: 1, Failures: 0, Errors: 0, Skipped: 0, Time elapsed: 0.002 sec - in org.xwiki.extension.job.plan.internal.DefaultExtensionPlanActionTest
Running org.xwiki.extension.repository.local.DefaultLocalExtensionRepositoryTest
15:31:04.425 [main] WARN  o.x.e.r.i.i.DefaultInstalledExtensionRepository - Invalid extension [installedextensioninvalid/version] (InvalidExtensionException: No compatible extension is installed for dependency [invaliddependency-version])
15:31:04.430 [main] WARN  o.x.e.r.i.i.DefaultInstalledExtensionRepository - Invalid extension [installedwithmissingdependency/version] (InvalidExtensionException: No compatible extension is installed for dependency [missingdependency-version])
15:31:04.529 [main] WARN  o.x.e.r.i.i.DefaultInstalledExtensionRepository - Invalid extension [installedextensioninvalid/version] (InvalidExtensionException: No compatible extension is installed for dependency [invaliddependency-version])
15:31:04.530 [main] WARN  o.x.e.r.i.i.DefaultInstalledExtensionRepository - Invalid extension [installedwithmissingdependency/version] (InvalidExtensionException: No compatible extension is installed for dependency [missingdependency-version])
15:31:04.624 [main] WARN  o.x.e.r.i.i.DefaultInstalledExtensionRepository - Invalid extension [installedextensioninvalid/version] (InvalidExtensionException: No compatible extension is installed for dependency [invaliddependency-version])
15:31:04.625 [main] WARN  o.x.e.r.i.i.DefaultInstalledExtensionRepository - Invalid extension [installedwithmissingdependency/version] (InvalidExtensionException: No compatible extension is installed for dependency [missingdependency-version])
15:31:04.723 [main] WARN  o.x.e.r.i.i.DefaultInstalledExtensionRepository - Invalid extension [installedextensioninvalid/version] (InvalidExtensionException: No compatible extension is installed for dependency [invaliddependency-version])
15:31:04.724 [main] WARN  o.x.e.r.i.i.DefaultInstalledExtensionRepository - Invalid extension [installedwithmissingdependency/version] (InvalidExtensionException: No compatible extension is installed for dependency [missingdependency-version])
15:31:04.812 [main] WARN  o.x.e.r.i.i.DefaultInstalledExtensionRepository - Invalid extension [installedextensioninvalid/version] (InvalidExtensionException: No compatible extension is installed for dependency [invaliddependency-version])
15:31:04.814 [main] WARN  o.x.e.r.i.i.DefaultInstalledExtensionRepository - Invalid extension [installedwithmissingdependency/version] (InvalidExtensionException: No compatible extension is installed for dependency [missingdependency-version])
15:31:04.900 [main] WARN  o.x.e.r.i.i.DefaultInstalledExtensionRepository - Invalid extension [installedextensioninvalid/version] (InvalidExtensionException: No compatible extension is installed for dependency [invaliddependency-version])
15:31:04.900 [main] WARN  o.x.e.r.i.i.DefaultInstalledExtensionRepository - Invalid extension [installedwithmissingdependency/version] (InvalidExtensionException: No compatible extension is installed for dependency [missingdependency-version])
15:31:04.981 [main] WARN  o.x.e.r.i.i.DefaultInstalledExtensionRepository - Invalid extension [installedextensioninvalid/version] (InvalidExtensionException: No compatible extension is installed for dependency [invaliddependency-version])
15:31:04.981 [main] WARN  o.x.e.r.i.i.DefaultInstalledExtensionRepository - Invalid extension [installedwithmissingdependency/version] (InvalidExtensionException: No compatible extension is installed for dependency [missingdependency-version])
15:31:05.071 [main] WARN  o.x.e.r.i.i.DefaultInstalledExtensionRepository - Invalid extension [installedextensioninvalid/version] (InvalidExtensionException: No compatible extension is installed for dependency [invaliddependency-version])
15:31:05.071 [main] WARN  o.x.e.r.i.i.DefaultInstalledExtensionRepository - Invalid extension [installedwithmissingdependency/version] (InvalidExtensionException: No compatible extension is installed for dependency [missingdependency-version])
15:31:05.144 [main] WARN  o.x.e.r.i.i.DefaultInstalledExtensionRepository - Invalid extension [installedextensioninvalid/version] (InvalidExtensionException: No compatible extension is installed for dependency [invaliddependency-version])
15:31:05.144 [main] WARN  o.x.e.r.i.i.DefaultInstalledExtensionRepository - Invalid extension [installedwithmissingdependency/version] (InvalidExtensionException: No compatible extension is installed for dependency [missingdependency-version])
15:31:05.217 [main] WARN  o.x.e.r.i.i.DefaultInstalledExtensionRepository - Invalid extension [installedextensioninvalid/version] (InvalidExtensionException: No compatible extension is installed for dependency [invaliddependency-version])
15:31:05.217 [main] WARN  o.x.e.r.i.i.DefaultInstalledExtensionRepository - Invalid extension [installedwithmissingdependency/version] (InvalidExtensionException: No compatible extension is installed for dependency [missingdependency-version])
15:31:05.290 [main] WARN  o.x.e.r.i.i.DefaultInstalledExtensionRepository - Invalid extension [installedextensioninvalid/version] (InvalidExtensionException: No compatible extension is installed for dependency [invaliddependency-version])
15:31:05.291 [main] WARN  o.x.e.r.i.i.DefaultInstalledExtensionRepository - Invalid extension [installedwithmissingdependency/version] (InvalidExtensionException: No compatible extension is installed for dependency [missingdependency-version])
15:31:05.361 [main] WARN  o.x.e.r.i.i.DefaultInstalledExtensionRepository - Invalid extension [installedextensioninvalid/version] (InvalidExtensionException: No compatible extension is installed for dependency [invaliddependency-version])
15:31:05.362 [main] WARN  o.x.e.r.i.i.DefaultInstalledExtensionRepository - Invalid extension [installedwithmissingdependency/version] (InvalidExtensionException: No compatible extension is installed for dependency [missingdependency-version])
Tests run: 12, Failures: 0, Errors: 0, Skipped: 0, Time elapsed: 1.112 sec - in org.xwiki.extension.repository.local.DefaultLocalExtensionRepositoryTest
Running org.xwiki.extension.repository.internal.DefaultExtensionRepositoryManagerTest
Tests run: 2, Failures: 0, Errors: 0, Skipped: 0, Time elapsed: 0.188 sec - in org.xwiki.extension.repository.internal.DefaultExtensionRepositoryManagerTest
Running org.xwiki.extension.repository.installed.DefaultInstalledExtensionRepositoryTest
15:31:05.623 [main] WARN  o.x.e.r.i.i.DefaultInstalledExtensionRepository - Invalid extension [installedextensioninvalid/version] (InvalidExtensionException: No compatible extension is installed for dependency [invaliddependency-version])
15:31:05.624 [main] WARN  o.x.e.r.i.i.DefaultInstalledExtensionRepository - Invalid extension [installedwithmissingdependency/version] (InvalidExtensionException: No compatible extension is installed for dependency [missingdependency-version])
15:31:05.714 [main] WARN  o.x.e.r.i.i.DefaultInstalledExtensionRepository - Invalid extension [installedextensioninvalid/version] (InvalidExtensionException: No compatible extension is installed for dependency [invaliddependency-version])
15:31:05.715 [main] WARN  o.x.e.r.i.i.DefaultInstalledExtensionRepository - Invalid extension [installedwithmissingdependency/version] (InvalidExtensionException: No compatible extension is installed for dependency [missingdependency-version])
15:31:05.782 [main] WARN  o.x.e.r.i.i.DefaultInstalledExtensionRepository - Invalid extension [installedextensioninvalid/version] (InvalidExtensionException: No compatible extension is installed for dependency [invaliddependency-version])
15:31:05.782 [main] WARN  o.x.e.r.i.i.DefaultInstalledExtensionRepository - Invalid extension [installedwithmissingdependency/version] (InvalidExtensionException: No compatible extension is installed for dependency [missingdependency-version])
15:31:05.856 [main] WARN  o.x.e.r.i.i.DefaultInstalledExtensionRepository - Invalid extension [installedextensioninvalid/version] (InvalidExtensionException: No compatible extension is installed for dependency [invaliddependency-version])
15:31:05.857 [main] WARN  o.x.e.r.i.i.DefaultInstalledExtensionRepository - Invalid extension [installedwithmissingdependency/version] (InvalidExtensionException: No compatible extension is installed for dependency [missingdependency-version])
15:31:05.927 [main] WARN  o.x.e.r.i.i.DefaultInstalledExtensionRepository - Invalid extension [installedextensioninvalid/version] (InvalidExtensionException: No compatible extension is installed for dependency [invaliddependency-version])
15:31:05.928 [main] WARN  o.x.e.r.i.i.DefaultInstalledExtensionRepository - Invalid extension [installedwithmissingdependency/version] (InvalidExtensionException: No compatible extension is installed for dependency [missingdependency-version])
15:31:05.999 [main] WARN  o.x.e.r.i.i.DefaultInstalledExtensionRepository - Invalid extension [installedextensioninvalid/version] (InvalidExtensionException: No compatible extension is installed for dependency [invaliddependency-version])
15:31:06.000 [main] WARN  o.x.e.r.i.i.DefaultInstalledExtensionRepository - Invalid extension [installedwithmissingdependency/version] (InvalidExtensionException: No compatible extension is installed for dependency [missingdependency-version])
15:31:06.072 [main] WARN  o.x.e.r.i.i.DefaultInstalledExtensionRepository - Invalid extension [installedextensioninvalid/version] (InvalidExtensionException: No compatible extension is installed for dependency [invaliddependency-version])
15:31:06.072 [main] WARN  o.x.e.r.i.i.DefaultInstalledExtensionRepository - Invalid extension [installedwithmissingdependency/version] (InvalidExtensionException: No compatible extension is installed for dependency [missingdependency-version])
15:31:06.144 [main] WARN  o.x.e.r.i.i.DefaultInstalledExtensionRepository - Invalid extension [installedextensioninvalid/version] (InvalidExtensionException: No compatible extension is installed for dependency [invaliddependency-version])
15:31:06.145 [main] WARN  o.x.e.r.i.i.DefaultInstalledExtensionRepository - Invalid extension [installedwithmissingdependency/version] (InvalidExtensionException: No compatible extension is installed for dependency [missingdependency-version])
15:31:06.299 [main] WARN  o.x.e.r.i.i.DefaultInstalledExtensionRepository - Invalid extension [installedextensioninvalid/version] (InvalidExtensionException: No compatible extension is installed for dependency [invaliddependency-version])
15:31:06.300 [main] WARN  o.x.e.r.i.i.DefaultInstalledExtensionRepository - Invalid extension [installedwithmissingdependency/version] (InvalidExtensionException: No compatible extension is installed for dependency [missingdependency-version])
15:31:06.364 [main] WARN  o.x.e.r.i.i.DefaultInstalledExtensionRepository - Invalid extension [installedextensioninvalid/version] (InvalidExtensionException: No compatible extension is installed for dependency [invaliddependency-version])
15:31:06.365 [main] WARN  o.x.e.r.i.i.DefaultInstalledExtensionRepository - Invalid extension [installedwithmissingdependency/version] (InvalidExtensionException: No compatible extension is installed for dependency [missingdependency-version])
15:31:06.429 [main] WARN  o.x.e.r.i.i.DefaultInstalledExtensionRepository - Invalid extension [installedextensioninvalid/version] (InvalidExtensionException: No compatible extension is installed for dependency [invaliddependency-version])
15:31:06.429 [main] WARN  o.x.e.r.i.i.DefaultInstalledExtensionRepository - Invalid extension [installedwithmissingdependency/version] (InvalidExtensionException: No compatible extension is installed for dependency [missingdependency-version])
15:31:06.493 [main] WARN  o.x.e.r.i.i.DefaultInstalledExtensionRepository - Invalid extension [installedextensioninvalid/version] (InvalidExtensionException: No compatible extension is installed for dependency [invaliddependency-version])
15:31:06.493 [main] WARN  o.x.e.r.i.i.DefaultInstalledExtensionRepository - Invalid extension [installedwithmissingdependency/version] (InvalidExtensionException: No compatible extension is installed for dependency [missingdependency-version])
15:31:06.558 [main] WARN  o.x.e.r.i.i.DefaultInstalledExtensionRepository - Invalid extension [installedextensioninvalid/version] (InvalidExtensionException: No compatible extension is installed for dependency [invaliddependency-version])
15:31:06.558 [main] WARN  o.x.e.r.i.i.DefaultInstalledExtensionRepository - Invalid extension [installedwithmissingdependency/version] (InvalidExtensionException: No compatible extension is installed for dependency [missingdependency-version])
15:31:06.621 [main] WARN  o.x.e.r.i.i.DefaultInstalledExtensionRepository - Invalid extension [installedextensioninvalid/version] (InvalidExtensionException: No compatible extension is installed for dependency [invaliddependency-version])
15:31:06.621 [main] WARN  o.x.e.r.i.i.DefaultInstalledExtensionRepository - Invalid extension [installedwithmissingdependency/version] (InvalidExtensionException: No compatible extension is installed for dependency [missingdependency-version])
15:31:06.684 [main] WARN  o.x.e.r.i.i.DefaultInstalledExtensionRepository - Invalid extension [installedextensioninvalid/version] (InvalidExtensionException: No compatible extension is installed for dependency [invaliddependency-version])
15:31:06.685 [main] WARN  o.x.e.r.i.i.DefaultInstalledExtensionRepository - Invalid extension [installedwithmissingdependency/version] (InvalidExtensionException: No compatible extension is installed for dependency [missingdependency-version])
15:31:06.748 [main] WARN  o.x.e.r.i.i.DefaultInstalledExtensionRepository - Invalid extension [installedextensioninvalid/version] (InvalidExtensionException: No compatible extension is installed for dependency [invaliddependency-version])
15:31:06.749 [main] WARN  o.x.e.r.i.i.DefaultInstalledExtensionRepository - Invalid extension [installedwithmissingdependency/version] (InvalidExtensionException: No compatible extension is installed for dependency [missingdependency-version])
15:31:06.814 [main] WARN  o.x.e.r.i.i.DefaultInstalledExtensionRepository - Invalid extension [installedextensioninvalid/version] (InvalidExtensionException: No compatible extension is installed for dependency [invaliddependency-version])
15:31:06.815 [main] WARN  o.x.e.r.i.i.DefaultInstalledExtensionRepository - Invalid extension [installedwithmissingdependency/version] (InvalidExtensionException: No compatible extension is installed for dependency [missingdependency-version])
Tests run: 17, Failures: 0, Errors: 0, Skipped: 0, Time elapsed: 1.277 sec - in org.xwiki.extension.repository.installed.DefaultInstalledExtensionRepositoryTest
Running org.xwiki.extension.repository.DefaultExtensionRepositoryManagerTest
Tests run: 10, Failures: 0, Errors: 0, Skipped: 0, Time elapsed: 0.033 sec - in org.xwiki.extension.repository.DefaultExtensionRepositoryManagerTest
Running org.xwiki.extension.internal.DefaultExtensionManagerConfigurationTest
Tests run: 3, Failures: 0, Errors: 0, Skipped: 0, Time elapsed: 0.069 sec - in org.xwiki.extension.internal.DefaultExtensionManagerConfigurationTest
Running org.xwiki.extension.internal.DefaultExtensionLicenseManagerTest
Tests run: 2, Failures: 0, Errors: 0, Skipped: 0, Time elapsed: 0.038 sec - in org.xwiki.extension.internal.DefaultExtensionLicenseManagerTest
Running org.xwiki.extension.internal.DefaultExtensionManagerTest
Tests run: 3, Failures: 0, Errors: 0, Skipped: 0, Time elapsed: 0.258 sec - in org.xwiki.extension.internal.DefaultExtensionManagerTest
Running org.xwiki.extension.internal.converter.ExtensionIdConverterTest
Tests run: 1, Failures: 0, Errors: 0, Skipped: 0, Time elapsed: 0.006 sec - in org.xwiki.extension.internal.converter.ExtensionIdConverterTest
Running org.xwiki.extension.job.internal.InstallJobTest
15:31:07.309 [main] WARN  o.x.e.r.i.i.DefaultInstalledExtensionRepository - Invalid extension [installedextensioninvalid/version] (InvalidExtensionException: No compatible extension is installed for dependency [invaliddependency-version])
15:31:07.310 [main] WARN  o.x.e.r.i.i.DefaultInstalledExtensionRepository - Invalid extension [installedwithmissingdependency/version] (InvalidExtensionException: No compatible extension is installed for dependency [missingdependency-version])
15:31:07.685 [main] WARN  o.x.e.r.i.i.DefaultInstalledExtensionRepository - Invalid extension [installedextensioninvalid/version] (InvalidExtensionException: No compatible extension is installed for dependency [invaliddependency-version])
15:31:07.686 [main] WARN  o.x.e.r.i.i.DefaultInstalledExtensionRepository - Invalid extension [installedwithmissingdependency/version] (InvalidExtensionException: No compatible extension is installed for dependency [missingdependency-version])
15:31:07.794 [main] WARN  o.x.e.r.i.i.DefaultInstalledExtensionRepository - Invalid extension [installedextensioninvalid/version] (InvalidExtensionException: No compatible extension is installed for dependency [invaliddependency-version])
15:31:07.795 [main] WARN  o.x.e.r.i.i.DefaultInstalledExtensionRepository - Invalid extension [installedwithmissingdependency/version] (InvalidExtensionException: No compatible extension is installed for dependency [missingdependency-version])
15:31:07.909 [main] WARN  o.x.e.r.i.i.DefaultInstalledExtensionRepository - Invalid extension [installedextensioninvalid/version] (InvalidExtensionException: No compatible extension is installed for dependency [invaliddependency-version])
15:31:07.910 [main] WARN  o.x.e.r.i.i.DefaultInstalledExtensionRepository - Invalid extension [installedwithmissingdependency/version] (InvalidExtensionException: No compatible extension is installed for dependency [missingdependency-version])
15:31:08.038 [main] WARN  o.x.e.r.i.i.DefaultInstalledExtensionRepository - Invalid extension [installedextensioninvalid/version] (InvalidExtensionException: No compatible extension is installed for dependency [invaliddependency-version])
15:31:08.038 [main] WARN  o.x.e.r.i.i.DefaultInstalledExtensionRepository - Invalid extension [installedwithmissingdependency/version] (InvalidExtensionException: No compatible extension is installed for dependency [missingdependency-version])
15:31:08.157 [main] WARN  o.x.e.r.i.i.DefaultInstalledExtensionRepository - Invalid extension [installedextensioninvalid/version] (InvalidExtensionException: No compatible extension is installed for dependency [invaliddependency-version])
15:31:08.158 [main] WARN  o.x.e.r.i.i.DefaultInstalledExtensionRepository - Invalid extension [installedwithmissingdependency/version] (InvalidExtensionException: No compatible extension is installed for dependency [missingdependency-version])
15:31:08.255 [main] WARN  o.x.e.r.i.i.DefaultInstalledExtensionRepository - Invalid extension [installedextensioninvalid/version] (InvalidExtensionException: No compatible extension is installed for dependency [invaliddependency-version])
15:31:08.256 [main] WARN  o.x.e.r.i.i.DefaultInstalledExtensionRepository - Invalid extension [installedwithmissingdependency/version] (InvalidExtensionException: No compatible extension is installed for dependency [missingdependency-version])
15:31:08.333 [main] WARN  o.x.e.r.i.i.DefaultInstalledExtensionRepository - Invalid extension [installedextensioninvalid/version] (InvalidExtensionException: No compatible extension is installed for dependency [invaliddependency-version])
15:31:08.333 [main] WARN  o.x.e.r.i.i.DefaultInstalledExtensionRepository - Invalid extension [installedwithmissingdependency/version] (InvalidExtensionException: No compatible extension is installed for dependency [missingdependency-version])
15:31:08.429 [main] WARN  o.x.e.r.i.i.DefaultInstalledExtensionRepository - Invalid extension [installedextensioninvalid/version] (InvalidExtensionException: No compatible extension is installed for dependency [invaliddependency-version])
15:31:08.429 [main] WARN  o.x.e.r.i.i.DefaultInstalledExtensionRepository - Invalid extension [installedwithmissingdependency/version] (InvalidExtensionException: No compatible extension is installed for dependency [missingdependency-version])
15:31:08.520 [main] WARN  o.x.e.r.i.i.DefaultInstalledExtensionRepository - Invalid extension [installedextensioninvalid/version] (InvalidExtensionException: No compatible extension is installed for dependency [invaliddependency-version])
15:31:08.521 [main] WARN  o.x.e.r.i.i.DefaultInstalledExtensionRepository - Invalid extension [installedwithmissingdependency/version] (InvalidExtensionException: No compatible extension is installed for dependency [missingdependency-version])
15:31:08.604 [main] WARN  o.x.e.r.i.i.DefaultInstalledExtensionRepository - Invalid extension [installedextensioninvalid/version] (InvalidExtensionException: No compatible extension is installed for dependency [invaliddependency-version])
15:31:08.605 [main] WARN  o.x.e.r.i.i.DefaultInstalledExtensionRepository - Invalid extension [installedwithmissingdependency/version] (InvalidExtensionException: No compatible extension is installed for dependency [missingdependency-version])
Tests run: 11, Failures: 0, Errors: 0, Skipped: 0, Time elapsed: 1.414 sec - in org.xwiki.extension.job.internal.InstallJobTest
Running org.xwiki.extension.job.internal.InstallPlanJobTest
15:31:08.722 [main] WARN  o.x.e.r.i.i.DefaultInstalledExtensionRepository - Invalid extension [installedextensioninvalid/version] (InvalidExtensionException: No compatible extension is installed for dependency [invaliddependency-version])
15:31:08.723 [main] WARN  o.x.e.r.i.i.DefaultInstalledExtensionRepository - Invalid extension [installedwithmissingdependency/version] (InvalidExtensionException: No compatible extension is installed for dependency [missingdependency-version])
15:31:08.808 [main] WARN  o.x.e.r.i.i.DefaultInstalledExtensionRepository - Invalid extension [installedextensioninvalid/version] (InvalidExtensionException: No compatible extension is installed for dependency [invaliddependency-version])
15:31:08.809 [main] WARN  o.x.e.r.i.i.DefaultInstalledExtensionRepository - Invalid extension [installedwithmissingdependency/version] (InvalidExtensionException: No compatible extension is installed for dependency [missingdependency-version])
15:31:08.878 [main] WARN  o.x.e.r.i.i.DefaultInstalledExtensionRepository - Invalid extension [installedextensioninvalid/version] (InvalidExtensionException: No compatible extension is installed for dependency [invaliddependency-version])
15:31:08.878 [main] WARN  o.x.e.r.i.i.DefaultInstalledExtensionRepository - Invalid extension [installedwithmissingdependency/version] (InvalidExtensionException: No compatible extension is installed for dependency [missingdependency-version])
15:31:08.953 [main] WARN  o.x.e.r.i.i.DefaultInstalledExtensionRepository - Invalid extension [installedextensioninvalid/version] (InvalidExtensionException: No compatible extension is installed for dependency [invaliddependency-version])
15:31:08.954 [main] WARN  o.x.e.r.i.i.DefaultInstalledExtensionRepository - Invalid extension [installedwithmissingdependency/version] (InvalidExtensionException: No compatible extension is installed for dependency [missingdependency-version])
15:31:09.022 [main] WARN  o.x.e.r.i.i.DefaultInstalledExtensionRepository - Invalid extension [installedextensioninvalid/version] (InvalidExtensionException: No compatible extension is installed for dependency [invaliddependency-version])
15:31:09.023 [main] WARN  o.x.e.r.i.i.DefaultInstalledExtensionRepository - Invalid extension [installedwithmissingdependency/version] (InvalidExtensionException: No compatible extension is installed for dependency [missingdependency-version])
15:31:09.100 [main] WARN  o.x.e.r.i.i.DefaultInstalledExtensionRepository - Invalid extension [installedextensioninvalid/version] (InvalidExtensionException: No compatible extension is installed for dependency [invaliddependency-version])
15:31:09.100 [main] WARN  o.x.e.r.i.i.DefaultInstalledExtensionRepository - Invalid extension [installedwithmissingdependency/version] (InvalidExtensionException: No compatible extension is installed for dependency [missingdependency-version])
15:31:09.169 [main] WARN  o.x.e.r.i.i.DefaultInstalledExtensionRepository - Invalid extension [installedextensioninvalid/version] (InvalidExtensionException: No compatible extension is installed for dependency [invaliddependency-version])
15:31:09.170 [main] WARN  o.x.e.r.i.i.DefaultInstalledExtensionRepository - Invalid extension [installedwithmissingdependency/version] (InvalidExtensionException: No compatible extension is installed for dependency [missingdependency-version])
15:31:09.241 [main] WARN  o.x.e.r.i.i.DefaultInstalledExtensionRepository - Invalid extension [installedextensioninvalid/version] (InvalidExtensionException: No compatible extension is installed for dependency [invaliddependency-version])
15:31:09.242 [main] WARN  o.x.e.r.i.i.DefaultInstalledExtensionRepository - Invalid extension [installedwithmissingdependency/version] (InvalidExtensionException: No compatible extension is installed for dependency [missingdependency-version])
15:31:09.311 [main] WARN  o.x.e.r.i.i.DefaultInstalledExtensionRepository - Invalid extension [installedextensioninvalid/version] (InvalidExtensionException: No compatible extension is installed for dependency [invaliddependency-version])
15:31:09.312 [main] WARN  o.x.e.r.i.i.DefaultInstalledExtensionRepository - Invalid extension [installedwithmissingdependency/version] (InvalidExtensionException: No compatible extension is installed for dependency [missingdependency-version])
15:31:09.382 [main] WARN  o.x.e.r.i.i.DefaultInstalledExtensionRepository - Invalid extension [installedextensioninvalid/version] (InvalidExtensionException: No compatible extension is installed for dependency [invaliddependency-version])
15:31:09.383 [main] WARN  o.x.e.r.i.i.DefaultInstalledExtensionRepository - Invalid extension [installedwithmissingdependency/version] (InvalidExtensionException: No compatible extension is installed for dependency [missingdependency-version])
15:31:09.453 [main] WARN  o.x.e.r.i.i.DefaultInstalledExtensionRepository - Invalid extension [installedextensioninvalid/version] (InvalidExtensionException: No compatible extension is installed for dependency [invaliddependency-version])
15:31:09.453 [main] WARN  o.x.e.r.i.i.DefaultInstalledExtensionRepository - Invalid extension [installedwithmissingdependency/version] (InvalidExtensionException: No compatible extension is installed for dependency [missingdependency-version])
15:31:09.523 [main] WARN  o.x.e.r.i.i.DefaultInstalledExtensionRepository - Invalid extension [installedextensioninvalid/version] (InvalidExtensionException: No compatible extension is installed for dependency [invaliddependency-version])
15:31:09.523 [main] WARN  o.x.e.r.i.i.DefaultInstalledExtensionRepository - Invalid extension [installedwithmissingdependency/version] (InvalidExtensionException: No compatible extension is installed for dependency [missingdependency-version])
15:31:09.624 [main] WARN  o.x.e.r.i.i.DefaultInstalledExtensionRepository - Invalid extension [installedextensioninvalid/version] (InvalidExtensionException: No compatible extension is installed for dependency [invaliddependency-version])
15:31:09.624 [main] WARN  o.x.e.r.i.i.DefaultInstalledExtensionRepository - Invalid extension [installedwithmissingdependency/version] (InvalidExtensionException: No compatible extension is installed for dependency [missingdependency-version])
15:31:09.690 [main] WARN  o.x.e.r.i.i.DefaultInstalledExtensionRepository - Invalid extension [installedextensioninvalid/version] (InvalidExtensionException: No compatible extension is installed for dependency [invaliddependency-version])
15:31:09.691 [main] WARN  o.x.e.r.i.i.DefaultInstalledExtensionRepository - Invalid extension [installedwithmissingdependency/version] (InvalidExtensionException: No compatible extension is installed for dependency [missingdependency-version])
15:31:09.759 [main] WARN  o.x.e.r.i.i.DefaultInstalledExtensionRepository - Invalid extension [installedextensioninvalid/version] (InvalidExtensionException: No compatible extension is installed for dependency [invaliddependency-version])
15:31:09.760 [main] WARN  o.x.e.r.i.i.DefaultInstalledExtensionRepository - Invalid extension [installedwithmissingdependency/version] (InvalidExtensionException: No compatible extension is installed for dependency [missingdependency-version])
15:31:09.830 [main] WARN  o.x.e.r.i.i.DefaultInstalledExtensionRepository - Invalid extension [installedextensioninvalid/version] (InvalidExtensionException: No compatible extension is installed for dependency [invaliddependency-version])
15:31:09.830 [main] WARN  o.x.e.r.i.i.DefaultInstalledExtensionRepository - Invalid extension [installedwithmissingdependency/version] (InvalidExtensionException: No compatible extension is installed for dependency [missingdependency-version])
15:31:09.899 [main] WARN  o.x.e.r.i.i.DefaultInstalledExtensionRepository - Invalid extension [installedextensioninvalid/version] (InvalidExtensionException: No compatible extension is installed for dependency [invaliddependency-version])
15:31:09.900 [main] WARN  o.x.e.r.i.i.DefaultInstalledExtensionRepository - Invalid extension [installedwithmissingdependency/version] (InvalidExtensionException: No compatible extension is installed for dependency [missingdependency-version])
15:31:09.968 [main] WARN  o.x.e.r.i.i.DefaultInstalledExtensionRepository - Invalid extension [installedextensioninvalid/version] (InvalidExtensionException: No compatible extension is installed for dependency [invaliddependency-version])
15:31:09.968 [main] WARN  o.x.e.r.i.i.DefaultInstalledExtensionRepository - Invalid extension [installedwithmissingdependency/version] (InvalidExtensionException: No compatible extension is installed for dependency [missingdependency-version])
15:31:10.038 [main] WARN  o.x.e.r.i.i.DefaultInstalledExtensionRepository - Invalid extension [installedextensioninvalid/version] (InvalidExtensionException: No compatible extension is installed for dependency [invaliddependency-version])
15:31:10.038 [main] WARN  o.x.e.r.i.i.DefaultInstalledExtensionRepository - Invalid extension [installedwithmissingdependency/version] (InvalidExtensionException: No compatible extension is installed for dependency [missingdependency-version])
15:31:10.107 [main] WARN  o.x.e.r.i.i.DefaultInstalledExtensionRepository - Invalid extension [installedextensioninvalid/version] (InvalidExtensionException: No compatible extension is installed for dependency [invaliddependency-version])
15:31:10.108 [main] WARN  o.x.e.r.i.i.DefaultInstalledExtensionRepository - Invalid extension [installedwithmissingdependency/version] (InvalidExtensionException: No compatible extension is installed for dependency [missingdependency-version])
15:31:10.176 [main] WARN  o.x.e.r.i.i.DefaultInstalledExtensionRepository - Invalid extension [installedextensioninvalid/version] (InvalidExtensionException: No compatible extension is installed for dependency [invaliddependency-version])
15:31:10.176 [main] WARN  o.x.e.r.i.i.DefaultInstalledExtensionRepository - Invalid extension [installedwithmissingdependency/version] (InvalidExtensionException: No compatible extension is installed for dependency [missingdependency-version])
15:31:10.248 [main] WARN  o.x.e.r.i.i.DefaultInstalledExtensionRepository - Invalid extension [installedextensioninvalid/version] (InvalidExtensionException: No compatible extension is installed for dependency [invaliddependency-version])
15:31:10.248 [main] WARN  o.x.e.r.i.i.DefaultInstalledExtensionRepository - Invalid extension [installedwithmissingdependency/version] (InvalidExtensionException: No compatible extension is installed for dependency [missingdependency-version])
15:31:10.317 [main] WARN  o.x.e.r.i.i.DefaultInstalledExtensionRepository - Invalid extension [installedextensioninvalid/version] (InvalidExtensionException: No compatible extension is installed for dependency [invaliddependency-version])
15:31:10.317 [main] WARN  o.x.e.r.i.i.DefaultInstalledExtensionRepository - Invalid extension [installedwithmissingdependency/version] (InvalidExtensionException: No compatible extension is installed for dependency [missingdependency-version])
15:31:10.383 [main] WARN  o.x.e.r.i.i.DefaultInstalledExtensionRepository - Invalid extension [installedextensioninvalid/version] (InvalidExtensionException: No compatible extension is installed for dependency [invaliddependency-version])
15:31:10.384 [main] WARN  o.x.e.r.i.i.DefaultInstalledExtensionRepository - Invalid extension [installedwithmissingdependency/version] (InvalidExtensionException: No compatible extension is installed for dependency [missingdependency-version])
15:31:10.462 [main] WARN  o.x.e.r.i.i.DefaultInstalledExtensionRepository - Invalid extension [installedextensioninvalid/version] (InvalidExtensionException: No compatible extension is installed for dependency [invaliddependency-version])
15:31:10.463 [main] WARN  o.x.e.r.i.i.DefaultInstalledExtensionRepository - Invalid extension [installedwithmissingdependency/version] (InvalidExtensionException: No compatible extension is installed for dependency [missingdependency-version])
15:31:10.528 [main] WARN  o.x.e.r.i.i.DefaultInstalledExtensionRepository - Invalid extension [installedextensioninvalid/version] (InvalidExtensionException: No compatible extension is installed for dependency [invaliddependency-version])
15:31:10.529 [main] WARN  o.x.e.r.i.i.DefaultInstalledExtensionRepository - Invalid extension [installedwithmissingdependency/version] (InvalidExtensionException: No compatible extension is installed for dependency [missingdependency-version])
15:31:10.597 [main] WARN  o.x.e.r.i.i.DefaultInstalledExtensionRepository - Invalid extension [installedextensioninvalid/version] (InvalidExtensionException: No compatible extension is installed for dependency [invaliddependency-version])
15:31:10.598 [main] WARN  o.x.e.r.i.i.DefaultInstalledExtensionRepository - Invalid extension [installedwithmissingdependency/version] (InvalidExtensionException: No compatible extension is installed for dependency [missingdependency-version])
15:31:10.829 [main] WARN  o.x.e.r.i.i.DefaultInstalledExtensionRepository - Invalid extension [installedextensioninvalid/version] (InvalidExtensionException: No compatible extension is installed for dependency [invaliddependency-version])
15:31:10.829 [main] WARN  o.x.e.r.i.i.DefaultInstalledExtensionRepository - Invalid extension [installedwithmissingdependency/version] (InvalidExtensionException: No compatible extension is installed for dependency [missingdependency-version])
15:31:10.897 [main] WARN  o.x.e.r.i.i.DefaultInstalledExtensionRepository - Invalid extension [installedextensioninvalid/version] (InvalidExtensionException: No compatible extension is installed for dependency [invaliddependency-version])
15:31:10.897 [main] WARN  o.x.e.r.i.i.DefaultInstalledExtensionRepository - Invalid extension [installedwithmissingdependency/version] (InvalidExtensionException: No compatible extension is installed for dependency [missingdependency-version])
15:31:10.970 [main] WARN  o.x.e.r.i.i.DefaultInstalledExtensionRepository - Invalid extension [installedextensioninvalid/version] (InvalidExtensionException: No compatible extension is installed for dependency [invaliddependency-version])
15:31:10.970 [main] WARN  o.x.e.r.i.i.DefaultInstalledExtensionRepository - Invalid extension [installedwithmissingdependency/version] (InvalidExtensionException: No compatible extension is installed for dependency [missingdependency-version])
15:31:11.043 [main] WARN  o.x.e.r.i.i.DefaultInstalledExtensionRepository - Invalid extension [installedextensioninvalid/version] (InvalidExtensionException: No compatible extension is installed for dependency [invaliddependency-version])
15:31:11.043 [main] WARN  o.x.e.r.i.i.DefaultInstalledExtensionRepository - Invalid extension [installedwithmissingdependency/version] (InvalidExtensionException: No compatible extension is installed for dependency [missingdependency-version])
15:31:11.134 [main] WARN  o.x.e.r.i.i.DefaultInstalledExtensionRepository - Invalid extension [installedextensioninvalid/version] (InvalidExtensionException: No compatible extension is installed for dependency [invaliddependency-version])
15:31:11.134 [main] WARN  o.x.e.r.i.i.DefaultInstalledExtensionRepository - Invalid extension [installedwithmissingdependency/version] (InvalidExtensionException: No compatible extension is installed for dependency [missingdependency-version])
15:31:11.203 [main] WARN  o.x.e.r.i.i.DefaultInstalledExtensionRepository - Invalid extension [installedextensioninvalid/version] (InvalidExtensionException: No compatible extension is installed for dependency [invaliddependency-version])
15:31:11.204 [main] WARN  o.x.e.r.i.i.DefaultInstalledExtensionRepository - Invalid extension [installedwithmissingdependency/version] (InvalidExtensionException: No compatible extension is installed for dependency [missingdependency-version])
15:31:11.273 [main] WARN  o.x.e.r.i.i.DefaultInstalledExtensionRepository - Invalid extension [installedextensioninvalid/version] (InvalidExtensionException: No compatible extension is installed for dependency [invaliddependency-version])
15:31:11.273 [main] WARN  o.x.e.r.i.i.DefaultInstalledExtensionRepository - Invalid extension [installedwithmissingdependency/version] (InvalidExtensionException: No compatible extension is installed for dependency [missingdependency-version])
15:31:11.350 [main] WARN  o.x.e.r.i.i.DefaultInstalledExtensionRepository - Invalid extension [installedextensioninvalid/version] (InvalidExtensionException: No compatible extension is installed for dependency [invaliddependency-version])
15:31:11.350 [main] WARN  o.x.e.r.i.i.DefaultInstalledExtensionRepository - Invalid extension [installedwithmissingdependency/version] (InvalidExtensionException: No compatible extension is installed for dependency [missingdependency-version])
Tests run: 35, Failures: 0, Errors: 0, Skipped: 0, Time elapsed: 2.702 sec - in org.xwiki.extension.job.internal.InstallPlanJobTest
Running org.xwiki.extension.job.internal.UpgradePlanJobTest
15:31:11.422 [main] WARN  o.x.e.r.i.i.DefaultInstalledExtensionRepository - Invalid extension [installedextensioninvalid/version] (InvalidExtensionException: No compatible extension is installed for dependency [invaliddependency-version])
15:31:11.423 [main] WARN  o.x.e.r.i.i.DefaultInstalledExtensionRepository - Invalid extension [installedwithmissingdependency/version] (InvalidExtensionException: No compatible extension is installed for dependency [missingdependency-version])
15:31:11.501 [main] WARN  o.x.e.r.i.i.DefaultInstalledExtensionRepository - Invalid extension [installedextensioninvalid/version] (InvalidExtensionException: No compatible extension is installed for dependency [invaliddependency-version])
15:31:11.502 [main] WARN  o.x.e.r.i.i.DefaultInstalledExtensionRepository - Invalid extension [installedwithmissingdependency/version] (InvalidExtensionException: No compatible extension is installed for dependency [missingdependency-version])
15:31:11.574 [main] WARN  o.x.e.r.i.i.DefaultInstalledExtensionRepository - Invalid extension [installedextensioninvalid/version] (InvalidExtensionException: No compatible extension is installed for dependency [invaliddependency-version])
15:31:11.574 [main] WARN  o.x.e.r.i.i.DefaultInstalledExtensionRepository - Invalid extension [installedwithmissingdependency/version] (InvalidExtensionException: No compatible extension is installed for dependency [missingdependency-version])
15:31:11.643 [main] WARN  o.x.e.r.i.i.DefaultInstalledExtensionRepository - Invalid extension [installedextensioninvalid/version] (InvalidExtensionException: No compatible extension is installed for dependency [invaliddependency-version])
15:31:11.644 [main] WARN  o.x.e.r.i.i.DefaultInstalledExtensionRepository - Invalid extension [installedwithmissingdependency/version] (InvalidExtensionException: No compatible extension is installed for dependency [missingdependency-version])
15:31:11.722 [main] WARN  o.x.e.r.i.i.DefaultInstalledExtensionRepository - Invalid extension [installedextensioninvalid/version] (InvalidExtensionException: No compatible extension is installed for dependency [invaliddependency-version])
15:31:11.722 [main] WARN  o.x.e.r.i.i.DefaultInstalledExtensionRepository - Invalid extension [installedwithmissingdependency/version] (InvalidExtensionException: No compatible extension is installed for dependency [missingdependency-version])
Tests run: 5, Failures: 0, Errors: 0, Skipped: 0, Time elapsed: 0.398 sec - in org.xwiki.extension.job.internal.UpgradePlanJobTest
Running org.xwiki.extension.job.internal.UninstallJobTest
15:31:11.825 [main] WARN  o.x.e.r.i.i.DefaultInstalledExtensionRepository - Invalid extension [installedextensioninvalid/version] (InvalidExtensionException: No compatible extension is installed for dependency [invaliddependency-version])
15:31:11.825 [main] WARN  o.x.e.r.i.i.DefaultInstalledExtensionRepository - Invalid extension [installedwithmissingdependency/version] (InvalidExtensionException: No compatible extension is installed for dependency [missingdependency-version])
15:31:11.924 [main] WARN  o.x.e.r.i.i.DefaultInstalledExtensionRepository - Invalid extension [installedextensioninvalid/version] (InvalidExtensionException: No compatible extension is installed for dependency [invaliddependency-version])
15:31:11.925 [main] WARN  o.x.e.r.i.i.DefaultInstalledExtensionRepository - Invalid extension [installedwithmissingdependency/version] (InvalidExtensionException: No compatible extension is installed for dependency [missingdependency-version])
15:31:12.033 [main] WARN  o.x.e.r.i.i.DefaultInstalledExtensionRepository - Invalid extension [installedextensioninvalid/version] (InvalidExtensionException: No compatible extension is installed for dependency [invaliddependency-version])
15:31:12.033 [main] WARN  o.x.e.r.i.i.DefaultInstalledExtensionRepository - Invalid extension [installedwithmissingdependency/version] (InvalidExtensionException: No compatible extension is installed for dependency [missingdependency-version])
15:31:12.137 [main] WARN  o.x.e.r.i.i.DefaultInstalledExtensionRepository - Invalid extension [installedextensioninvalid/version] (InvalidExtensionException: No compatible extension is installed for dependency [invaliddependency-version])
15:31:12.137 [main] WARN  o.x.e.r.i.i.DefaultInstalledExtensionRepository - Invalid extension [installedwithmissingdependency/version] (InvalidExtensionException: No compatible extension is installed for dependency [missingdependency-version])
15:31:12.270 [main] WARN  o.x.e.r.i.i.DefaultInstalledExtensionRepository - Invalid extension [installedextensioninvalid/version] (InvalidExtensionException: No compatible extension is installed for dependency [invaliddependency-version])
15:31:12.271 [main] WARN  o.x.e.r.i.i.DefaultInstalledExtensionRepository - Invalid extension [installedwithmissingdependency/version] (InvalidExtensionException: No compatible extension is installed for dependency [missingdependency-version])
15:31:12.339 [main] WARN  o.x.e.r.i.i.DefaultInstalledExtensionRepository - Invalid extension [installedextensioninvalid/version] (InvalidExtensionException: No compatible extension is installed for dependency [invaliddependency-version])
15:31:12.340 [main] WARN  o.x.e.r.i.i.DefaultInstalledExtensionRepository - Invalid extension [installedwithmissingdependency/version] (InvalidExtensionException: No compatible extension is installed for dependency [missingdependency-version])
Tests run: 6, Failures: 0, Errors: 0, Skipped: 0, Time elapsed: 0.581 sec - in org.xwiki.extension.job.internal.UninstallJobTest
Running org.xwiki.extension.job.history.internal.CompositeReaderTest
Tests run: 2, Failures: 0, Errors: 0, Skipped: 0, Time elapsed: 0.037 sec - in org.xwiki.extension.job.history.internal.CompositeReaderTest
Running org.xwiki.extension.job.history.internal.DefaultExtensionJobHistoryTest
Tests run: 1, Failures: 0, Errors: 0, Skipped: 0, Time elapsed: 0.035 sec - in org.xwiki.extension.job.history.internal.DefaultExtensionJobHistoryTest
Running org.xwiki.extension.job.history.internal.AnswerReplayerTest
Tests run: 1, Failures: 0, Errors: 0, Skipped: 0, Time elapsed: 0.066 sec - in org.xwiki.extension.job.history.internal.AnswerReplayerTest
Running org.xwiki.extension.job.history.internal.ReplayJobTest
Tests run: 2, Failures: 0, Errors: 0, Skipped: 0, Time elapsed: 0.077 sec - in org.xwiki.extension.job.history.internal.ReplayJobTest
Running org.xwiki.extension.job.history.internal.ExtensionJobHistoryRecorderTest
Tests run: 1, Failures: 0, Errors: 0, Skipped: 0, Time elapsed: 0.083 sec - in org.xwiki.extension.job.history.internal.ExtensionJobHistoryRecorderTest

Results :

Tests run: 160, Failures: 0, Errors: 0, Skipped: 0

[INFO] ------------------------------------------------------------------------
[INFO] BUILD SUCCESS
[INFO] ------------------------------------------------------------------------
[INFO] Total time: 32.311 s
[INFO] Finished at: 2019-04-18T15:31:13+02:00
[INFO] ------------------------------------------------------------------------
Writing HTML report to '/tmp/dspot-experiments/dataset/april-2019/xwiki-commons_parent/xwiki-commons-core/xwiki-commons-extension/xwiki-commons-extension-api/target/clover/report'
Done. Processed 29 packages in 3891ms (134ms per package).
[INFO] /tmp/dspot-experiments/dataset/april-2019/xwiki-commons_parent/xwiki-commons-core/xwiki-commons-extension/xwiki-commons-extension-api/src/main/java/org/xwiki/extension/repository/internal/AbstractCachedExtensionRepository.java
[INFO] /tmp/dspot-experiments/dataset/april-2019/xwiki-commons/xwiki-commons-core/xwiki-commons-extension/xwiki-commons-extension-api/src/main/java/org/xwiki/extension/repository/internal/AbstractCachedExtensionRepository.java
[INFO] org.xwiki.extension.repository.internal.AbstractCachedExtensionRepository:232 is modified.
[INFO] org.xwiki.extension.repository.internal.AbstractCachedExtensionRepository:236 is modified.
[INFO] org.xwiki.extension.repository.internal.AbstractCachedExtensionRepository:223 is modified.
[INFO] org.xwiki.extension.repository.internal.AbstractCachedExtensionRepository:231 is modified.
[INFO] org.xwiki.extension.repository.internal.AbstractCachedExtensionRepository:237 is modified.
[INFO] org.xwiki.extension.repository.internal.AbstractCachedExtensionRepository:237 is modified.
[INFO] org.xwiki.extension.repository.internal.AbstractCachedExtensionRepository:238 is modified.
[INFO] org.xwiki.extension.repository.internal.AbstractCachedExtensionRepository:236 is modified.
[INFO] org.xwiki.extension.repository.internal.AbstractCachedExtensionRepository:241 is modified.
[INFO] org.xwiki.extension.repository.internal.AbstractCachedExtensionRepository:218 is modified.
[INFO] org.xwiki.extension.repository.internal.AbstractCachedExtensionRepository:228 is modified.
[INFO] org.xwiki.extension.repository.internal.AbstractCachedExtensionRepository:231 is modified.
[INFO] org.xwiki.extension.repository.internal.AbstractCachedExtensionRepository:238 is modified.
[INFO] org.xwiki.extension.repository.internal.AbstractCachedExtensionRepository:231 is modified.
[INFO] org.xwiki.extension.repository.internal.AbstractCachedExtensionRepository:232 is modified.
[INFO] org.xwiki.extension.repository.internal.AbstractCachedExtensionRepository:234 is modified.
[INFO] org.xwiki.extension.repository.internal.AbstractCachedExtensionRepository:238 is modified.
[INFO] org.xwiki.extension.repository.internal.AbstractCachedExtensionRepository:237 is modified.
[INFO] org.xwiki.extension.repository.internal.AbstractCachedExtensionRepository:241 is modified.
[INFO] org.xwiki.extension.repository.internal.AbstractCachedExtensionRepository:241 is modified.
[INFO] org.xwiki.extension.repository.internal.AbstractCachedExtensionRepository:232 covered.
[INFO] org.xwiki.extension.repository.internal.AbstractCachedExtensionRepository:223 covered.
[INFO] org.xwiki.extension.repository.internal.AbstractCachedExtensionRepository:231 covered.
[INFO] org.xwiki.extension.repository.internal.AbstractCachedExtensionRepository:237 covered.
[INFO] org.xwiki.extension.repository.internal.AbstractCachedExtensionRepository:241 covered.
[INFO] org.xwiki.extension.repository.internal.AbstractCachedExtensionRepository:234 covered.
[INFO] /tmp/dspot-experiments/dataset/april-2019/xwiki-commons_parent/xwiki-commons-core/xwiki-commons-extension/xwiki-commons-extension-api/src/test/java/org/xwiki/extension/repository/local/DefaultLocalExtensionRepositoryTest.java
[INFO] /tmp/dspot-experiments/dataset/april-2019/xwiki-commons/xwiki-commons-core/xwiki-commons-extension/xwiki-commons-extension-api/src/test/java/org/xwiki/extension/repository/local/DefaultLocalExtensionRepositoryTest.java
[INFO] org.xwiki.extension.repository.local.DefaultLocalExtensionRepositoryTest:269 is modified.
[INFO] org.xwiki.extension.repository.local.DefaultLocalExtensionRepositoryTest:271 is modified.
[INFO] org.xwiki.extension.repository.local.DefaultLocalExtensionRepositoryTest:274 is modified.
[INFO] org.xwiki.extension.repository.local.DefaultLocalExtensionRepositoryTest:275 is modified.
[INFO] org.xwiki.extension.repository.local.DefaultLocalExtensionRepositoryTest:276 is modified.
[INFO] org.xwiki.extension.repository.local.DefaultLocalExtensionRepositoryTest:272 is modified.
[INFO] org.xwiki.extension.repository.local.DefaultLocalExtensionRepositoryTest:274 is modified.
[INFO] org.xwiki.extension.repository.local.DefaultLocalExtensionRepositoryTest:275 is modified.
[INFO] org.xwiki.extension.repository.local.DefaultLocalExtensionRepositoryTest:276 is modified.
[INFO] org.xwiki.extension.repository.local.DefaultLocalExtensionRepositoryTest:276 is modified.
[INFO] org.xwiki.extension.repository.local.DefaultLocalExtensionRepositoryTest:272 is modified.
[INFO] org.xwiki.extension.repository.local.DefaultLocalExtensionRepositoryTest:272 is modified.
[INFO] org.xwiki.extension.repository.local.DefaultLocalExtensionRepositoryTest:276 is modified.
[INFO] Saving result in /tmp/dspot-experiments/results/april-2019/xwiki-commons/commit_1_ced2635/parent_coverage_testsThatExecuteTheChanges.csv ...
[INFO] org.xwiki.extension.job.internal.UpgradePlanJobTest;testUpgradePlanWithDependencyOnNamespace;testUpgradePlanOnRootWithTargetDependencyExtension;testUpgradePlanWithDependencyOnRoot;testUpgradePlanOnNamespaceWithExtensionOnRoot;testUpgradePlanOnRoot
[INFO] Writing Coverage in /tmp/dspot-experiments/results/april-2019/xwiki-commons/commit_1_ced2635/parent_coverage_testsThatExecuteTheChanges_coverage.csv
[INFO] org.xwiki.extension.repository.internal.AbstractCachedExtensionRepository;6;10

[INFO] total;6;10

[INFO] ------------------------------------------------------------------------
[INFO] BUILD SUCCESS
[INFO] ------------------------------------------------------------------------
[INFO] Total time: 42.910 s
[INFO] Finished at: 2019-04-18T15:31:19+02:00
[INFO] ------------------------------------------------------------------------
