[INFO] Scanning for projects...
[WARNING] 
[WARNING] Some problems were encountered while building the effective model for org.xwiki.commons:xwiki-commons-component-api:jar:9.12-SNAPSHOT
[WARNING] Reporting configuration should be done in <reporting> section, not in maven-site-plugin <configuration> as reportPlugins parameter.
[WARNING] 
[WARNING] It is highly recommended to fix these problems because they threaten the stability of your build.
[WARNING] 
[WARNING] For this reason, future Maven versions might no longer support building such malformed projects.
[WARNING] 
[INFO] 
[INFO] -----------< org.xwiki.commons:xwiki-commons-component-api >------------
[INFO] Building XWiki Commons - Component - API 9.12-SNAPSHOT
[INFO] --------------------------------[ jar ]---------------------------------
[INFO] 
[INFO] --- maven-clean-plugin:3.0.0:clean (default-clean) @ xwiki-commons-component-api ---
[INFO] Deleting /tmp/icst-2019/september-2018/dataset/xwiki-commons/xwiki-commons-core/xwiki-commons-component/xwiki-commons-component-api/target
[INFO] 
[INFO] --- diff-test-selection:0.5-SNAPSHOT:list (default-cli) @ xwiki-commons-component-api ---
[INFO] Computing coverage for /tmp/icst-2019/september-2018/dataset/xwiki-commons/xwiki-commons-core/xwiki-commons-component/xwiki-commons-component-api
[WARN] Maven will be executed in interactive mode, but no input stream has been configured for this MavenInvoker instance.
[INFO] Scanning for projects...
[WARNING] 
[WARNING] Some problems were encountered while building the effective model for org.xwiki.commons:xwiki-commons-component-api:jar:9.12-SNAPSHOT
[WARNING] Reporting configuration should be done in <reporting> section, not in maven-site-plugin <configuration> as reportPlugins parameter.
[WARNING] 
[WARNING] It is highly recommended to fix these problems because they threaten the stability of your build.
[WARNING] 
[WARNING] For this reason, future Maven versions might no longer support building such malformed projects.
[WARNING] 
[INFO] 
[INFO] -----------< org.xwiki.commons:xwiki-commons-component-api >------------
[INFO] Building XWiki Commons - Component - API 9.12-SNAPSHOT
[INFO] --------------------------------[ jar ]---------------------------------
[INFO] 
[INFO] --- maven-clean-plugin:3.0.0:clean (default-clean) @ xwiki-commons-component-api ---
[INFO] 
[INFO] --- clover-maven-plugin:4.2.0:setup (default-cli) @ xwiki-commons-component-api ---
[INFO] No 'maven.clover.licenseLocation' configured. Using default license.
[INFO] OpenClover Version 4.2.0, built on April 30 2017 (build-1000)
[INFO] Loaded from: /home/spirals/danglot/.m2/repository/org/openclover/clover/4.2.0/clover-4.2.0.jar
[INFO] Clover free edition.
[INFO] Creating new database at '/tmp/icst-2019/september-2018/dataset/xwiki-commons/xwiki-commons-core/xwiki-commons-component/xwiki-commons-component-api/target/clover/clover.db'.
[INFO] Processing files at 1.8 source level.
[INFO] Clover all over. Instrumented 37 files (8 packages).
[INFO] Elapsed time = 1.748 secs. (21.167 files/sec, 2,067.506 srclines/sec)
[INFO] OpenClover Version 4.2.0, built on April 30 2017 (build-1000)
[INFO] Loaded from: /home/spirals/danglot/.m2/repository/org/openclover/clover/4.2.0/clover-4.2.0.jar
[INFO] Clover free edition.
[INFO] Updating existing database at '/tmp/icst-2019/september-2018/dataset/xwiki-commons/xwiki-commons-core/xwiki-commons-component/xwiki-commons-component-api/target/clover/clover.db'.
[INFO] Processing files at 1.8 source level.
[INFO] Clover all over. Instrumented 9 files (4 packages).
[INFO] 20 test methods detected.
[INFO] Elapsed time = 0.385 secs. (23.377 files/sec, 1,724.675 srclines/sec)
[INFO] 
[INFO] --- maven-enforcer-plugin:1.4.1:enforce (enforce-plugins) @ xwiki-commons-component-api ---
[INFO] Skipping Rule Enforcement.
[INFO] 
[INFO] --- maven-enforcer-plugin:1.4.1:enforce (enforce-jcl-log4j-isolation) @ xwiki-commons-component-api ---
[INFO] Skipping Rule Enforcement.
[INFO] 
[INFO] --- maven-enforcer-plugin:1.4.1:enforce (enforce-glasshfish-jaxb) @ xwiki-commons-component-api ---
[INFO] Skipping Rule Enforcement.
[INFO] 
[INFO] --- maven-enforcer-plugin:1.4.1:enforce (enforce-commons-lang3) @ xwiki-commons-component-api ---
[INFO] Skipping Rule Enforcement.
[INFO] 
[INFO] --- maven-enforcer-plugin:1.4.1:enforce (enforce-commons-configuration2) @ xwiki-commons-component-api ---
[INFO] Skipping Rule Enforcement.
[INFO] 
[INFO] --- maven-enforcer-plugin:1.4.1:enforce (enforce-bouncycastle-ids) @ xwiki-commons-component-api ---
[INFO] Skipping Rule Enforcement.
[INFO] 
[INFO] --- maven-enforcer-plugin:1.4.1:enforce (enforce-javase-dependencies) @ xwiki-commons-component-api ---
[INFO] Skipping Rule Enforcement.
[INFO] 
[INFO] --- maven-enforcer-plugin:1.4.1:enforce (enforce-upper-bounds) @ xwiki-commons-component-api ---
[INFO] Skipping Rule Enforcement.
[INFO] 
[INFO] --- maven-enforcer-plugin:1.4.1:enforce (enforce-no-legacy-dependencies) @ xwiki-commons-component-api ---
[INFO] 
[INFO] --- maven-enforcer-plugin:1.4.1:enforce (enforce-valid-poms) @ xwiki-commons-component-api ---
[INFO] Skipping Rule Enforcement.
[INFO] 
[INFO] --- maven-enforcer-plugin:1.4.1:enforce (enforce-platform-rendering-isolation) @ xwiki-commons-component-api ---
[INFO] Skipping Rule Enforcement.
[INFO] 
[INFO] --- maven-enforcer-plugin:1.4.1:enforce (check-dependency-version) @ xwiki-commons-component-api ---
[INFO] Skipping Rule Enforcement.
[INFO] 
[INFO] --- spoon-maven-plugin:2.5:generate (default) @ xwiki-commons-component-api ---
2018-10-02 16:22:06,312 INFO spoon.Launcher - Spoon version 5.9.0
2018-10-02 16:22:06,323 INFO spoon.Launcher - running Spoon...
2018-10-02 16:22:06,336 INFO spoon.Launcher - start processing...
2018-10-02 16:22:11,178 INFO spoon.Launcher - org.xwiki.tool.spoon.ForbiddenInvocationProcessor
2018-10-02 16:22:11,315 INFO spoon.Launcher - spoon.support.JavaOutputProcessor
2018-10-02 16:22:13,411 INFO spoon.Launcher - end of processing: 
2018-10-02 16:22:13,412 INFO spoon.Launcher - no errors, no warnings
[INFO] 
[INFO] --- maven-remote-resources-plugin:1.5:process (xwiki-license-resources) @ xwiki-commons-component-api ---
[INFO] 
[INFO] --- maven-resources-plugin:3.0.2:resources (default-resources) @ xwiki-commons-component-api ---
[INFO] Using 'UTF-8' encoding to copy filtered resources.
[INFO] Copying 1 resource
[INFO] Copying 1 resource
[INFO] Copying 2 resources
[INFO] 
[INFO] --- maven-compiler-plugin:3.7.0:compile (default-compile) @ xwiki-commons-component-api ---
[INFO] Changes detected - recompiling the module!
[INFO] Compiling 37 source files to /tmp/icst-2019/september-2018/dataset/xwiki-commons/xwiki-commons-core/xwiki-commons-component/xwiki-commons-component-api/target/classes
[WARNING] /tmp/icst-2019/september-2018/dataset/xwiki-commons/xwiki-commons-core/xwiki-commons-component/xwiki-commons-component-api/target/clover/src-instrumented/org/xwiki/component/namespace/NamespaceNotAllowedException.java:[28,8] serializable class org.xwiki.component.namespace.NamespaceNotAllowedException has no definition of serialVersionUID
[WARNING] /tmp/icst-2019/september-2018/dataset/xwiki-commons/xwiki-commons-core/xwiki-commons-component/xwiki-commons-component-api/target/clover/src-instrumented/org/xwiki/component/util/ReflectionUtils.java:[124,19] found raw type: java.lang.Class
  missing type arguments for generic class java.lang.Class<T>
[WARNING] /tmp/icst-2019/september-2018/dataset/xwiki-commons/xwiki-commons-core/xwiki-commons-component/xwiki-commons-component-api/target/clover/src-instrumented/org/xwiki/component/util/ReflectionUtils.java:[126,43] found raw type: java.lang.Class
  missing type arguments for generic class java.lang.Class<T>
[WARNING] /tmp/icst-2019/september-2018/dataset/xwiki-commons/xwiki-commons-core/xwiki-commons-component/xwiki-commons-component-api/target/clover/src-instrumented/org/xwiki/component/util/ReflectionUtils.java:[234,52] found raw type: java.lang.Class
  missing type arguments for generic class java.lang.Class<T>
[WARNING] /tmp/icst-2019/september-2018/dataset/xwiki-commons/xwiki-commons-core/xwiki-commons-component/xwiki-commons-component-api/target/clover/src-instrumented/org/xwiki/component/util/ReflectionUtils.java:[234,65] found raw type: java.lang.Class
  missing type arguments for generic class java.lang.Class<T>
[WARNING] /tmp/icst-2019/september-2018/dataset/xwiki-commons/xwiki-commons-core/xwiki-commons-component/xwiki-commons-component-api/target/clover/src-instrumented/org/xwiki/component/util/ReflectionUtils.java:[240,82] unchecked call to isAssignableFrom(java.lang.Class<?>) as a member of the raw type java.lang.Class
[WARNING] /tmp/icst-2019/september-2018/dataset/xwiki-commons/xwiki-commons-core/xwiki-commons-component/xwiki-commons-component-api/target/clover/src-instrumented/org/xwiki/component/util/ReflectionUtils.java:[261,44] found raw type: java.lang.Class
  missing type arguments for generic class java.lang.Class<T>
[WARNING] /tmp/icst-2019/september-2018/dataset/xwiki-commons/xwiki-commons-core/xwiki-commons-component/xwiki-commons-component-api/target/clover/src-instrumented/org/xwiki/component/util/ReflectionUtils.java:[261,57] found raw type: java.lang.Class
  missing type arguments for generic class java.lang.Class<T>
[WARNING] /tmp/icst-2019/september-2018/dataset/xwiki-commons/xwiki-commons-core/xwiki-commons-component/xwiki-commons-component-api/target/clover/src-instrumented/org/xwiki/component/util/ReflectionUtils.java:[268,86] unchecked call to isAssignableFrom(java.lang.Class<?>) as a member of the raw type java.lang.Class
[WARNING] /tmp/icst-2019/september-2018/dataset/xwiki-commons/xwiki-commons-core/xwiki-commons-component/xwiki-commons-component-api/target/clover/src-instrumented/org/xwiki/component/util/ReflectionUtils.java:[302,67] found raw type: java.lang.Class
  missing type arguments for generic class java.lang.Class<T>
[WARNING] /tmp/icst-2019/september-2018/dataset/xwiki-commons/xwiki-commons-core/xwiki-commons-component/xwiki-commons-component-api/target/clover/src-instrumented/org/xwiki/component/util/ReflectionUtils.java:[304,47] found raw type: java.lang.reflect.TypeVariable
  missing type arguments for generic class java.lang.reflect.TypeVariable<D>
[WARNING] /tmp/icst-2019/september-2018/dataset/xwiki-commons/xwiki-commons-core/xwiki-commons-component/xwiki-commons-component-api/target/clover/src-instrumented/org/xwiki/component/util/ReflectionUtils.java:[306,60] found raw type: java.lang.Class
  missing type arguments for generic class java.lang.Class<T>
[WARNING] /tmp/icst-2019/september-2018/dataset/xwiki-commons/xwiki-commons-core/xwiki-commons-component/xwiki-commons-component-api/target/clover/src-instrumented/org/xwiki/component/util/ReflectionUtils.java:[306,123] unchecked conversion
  required: java.lang.reflect.TypeVariable<java.lang.Class>[]
  found:    java.lang.reflect.TypeVariable[]
[WARNING] /tmp/icst-2019/september-2018/dataset/xwiki-commons/xwiki-commons-core/xwiki-commons-component/xwiki-commons-component-api/target/clover/src-instrumented/org/xwiki/component/util/ReflectionUtils.java:[308,73] found raw type: java.lang.reflect.TypeVariable
  missing type arguments for generic class java.lang.reflect.TypeVariable<D>
[WARNING] /tmp/icst-2019/september-2018/dataset/xwiki-commons/xwiki-commons-core/xwiki-commons-component/xwiki-commons-component-api/target/clover/src-instrumented/org/xwiki/component/util/ReflectionUtils.java:[324,51] found raw type: java.lang.reflect.TypeVariable
  missing type arguments for generic class java.lang.reflect.TypeVariable<D>
[WARNING] /tmp/icst-2019/september-2018/dataset/xwiki-commons/xwiki-commons-core/xwiki-commons-component/xwiki-commons-component-api/target/clover/src-instrumented/org/xwiki/component/util/ReflectionUtils.java:[357,58] found raw type: java.lang.reflect.TypeVariable
  missing type arguments for generic class java.lang.reflect.TypeVariable<D>
[WARNING] /tmp/icst-2019/september-2018/dataset/xwiki-commons/xwiki-commons-core/xwiki-commons-component/xwiki-commons-component-api/target/clover/src-instrumented/org/xwiki/component/util/ReflectionUtils.java:[557,62] unchecked cast
  required: T
  found:    java.lang.annotation.Annotation
[WARNING] /tmp/icst-2019/september-2018/dataset/xwiki-commons/xwiki-commons-core/xwiki-commons-component/xwiki-commons-component-api/target/clover/src-instrumented/org/xwiki/component/descriptor/DefaultComponentRole.java:[150,78] unchecked conversion
  required: java.lang.Class<T>
  found:    java.lang.Class
[WARNING] /tmp/icst-2019/september-2018/dataset/xwiki-commons/xwiki-commons-core/xwiki-commons-component/xwiki-commons-component-api/target/clover/src-instrumented/org/xwiki/component/descriptor/DefaultComponentDependency.java:[136,28] found raw type: org.xwiki.component.descriptor.ComponentDependency
  missing type arguments for generic class org.xwiki.component.descriptor.ComponentDependency<T>
[WARNING] /tmp/icst-2019/september-2018/dataset/xwiki-commons/xwiki-commons-core/xwiki-commons-component/xwiki-commons-component-api/target/clover/src-instrumented/org/xwiki/component/descriptor/DefaultComponentDependency.java:[191,21] getRole() in org.xwiki.component.descriptor.DefaultComponentRole has been deprecated
[WARNING] /tmp/icst-2019/september-2018/dataset/xwiki-commons/xwiki-commons-core/xwiki-commons-component/xwiki-commons-component-api/target/clover/src-instrumented/org/xwiki/component/descriptor/DefaultComponentDependency.java:[193,40] found raw type: java.lang.Class
  missing type arguments for generic class java.lang.Class<T>
[WARNING] /tmp/icst-2019/september-2018/dataset/xwiki-commons/xwiki-commons-core/xwiki-commons-component/xwiki-commons-component-api/target/clover/src-instrumented/org/xwiki/component/descriptor/DefaultComponentDependency.java:[196,79] unchecked conversion
  required: java.lang.Class<T>
  found:    java.lang.Class
[WARNING] /tmp/icst-2019/september-2018/dataset/xwiki-commons/xwiki-commons-core/xwiki-commons-component/xwiki-commons-component-api/target/clover/src-instrumented/org/xwiki/component/descriptor/DefaultComponentDependency.java:[198,51] unchecked conversion
  required: java.lang.Class<T>
  found:    java.lang.Class
[WARNING] /tmp/icst-2019/september-2018/dataset/xwiki-commons/xwiki-commons-core/xwiki-commons-component/xwiki-commons-component-api/target/clover/src-instrumented/org/xwiki/component/descriptor/DefaultComponentDependency.java:[203,17] setRole(java.lang.Class<T>) in org.xwiki.component.descriptor.DefaultComponentRole has been deprecated
[WARNING] /tmp/icst-2019/september-2018/dataset/xwiki-commons/xwiki-commons-core/xwiki-commons-component/xwiki-commons-component-api/target/clover/src-instrumented/org/xwiki/component/descriptor/DefaultComponentDependency.java:[205,40] found raw type: java.lang.Class
  missing type arguments for generic class java.lang.Class<T>
[WARNING] /tmp/icst-2019/september-2018/dataset/xwiki-commons/xwiki-commons-core/xwiki-commons-component/xwiki-commons-component-api/target/clover/src-instrumented/org/xwiki/component/descriptor/DefaultComponentDependency.java:[221,49] setRole(java.lang.Class<T>) in org.xwiki.component.descriptor.DefaultComponentRole has been deprecated
[WARNING] /tmp/icst-2019/september-2018/dataset/xwiki-commons/xwiki-commons-core/xwiki-commons-component/xwiki-commons-component-api/target/clover/src-instrumented/org/xwiki/component/util/ReflectionMethodUtils.java:[63,76] unchecked cast
  required: A
  found:    java.lang.annotation.Annotation
[WARNING] /tmp/icst-2019/september-2018/dataset/xwiki-commons/xwiki-commons-core/xwiki-commons-component/xwiki-commons-component-api/target/clover/src-instrumented/org/xwiki/component/descriptor/DefaultComponentDescriptor.java:[75,73] found raw type: org.xwiki.component.descriptor.DefaultComponentDependency
  missing type arguments for generic class org.xwiki.component.descriptor.DefaultComponentDependency<T>
[WARNING] /tmp/icst-2019/september-2018/dataset/xwiki-commons/xwiki-commons-core/xwiki-commons-component/xwiki-commons-component-api/target/clover/src-instrumented/org/xwiki/component/descriptor/DefaultComponentDescriptor.java:[75,69] unchecked call to DefaultComponentDependency(org.xwiki.component.descriptor.ComponentDependency<T>) as a member of the raw type org.xwiki.component.descriptor.DefaultComponentDependency
[WARNING] /tmp/icst-2019/september-2018/dataset/xwiki-commons/xwiki-commons-core/xwiki-commons-component/xwiki-commons-component-api/target/clover/src-instrumented/org/xwiki/component/descriptor/DefaultComponentDescriptor.java:[163,51] found raw type: org.xwiki.component.descriptor.ComponentDescriptor
  missing type arguments for generic class org.xwiki.component.descriptor.ComponentDescriptor<T>
[INFO] 
[INFO] --- maven-bundle-plugin:2.5.3:manifest (bundle-manifest) @ xwiki-commons-component-api ---
[INFO] 
[INFO] --- maven-resources-plugin:3.0.2:testResources (default-testResources) @ xwiki-commons-component-api ---
[INFO] Using 'UTF-8' encoding to copy filtered resources.
[INFO] skip non existing resourceDirectory /tmp/icst-2019/september-2018/dataset/xwiki-commons/xwiki-commons-core/xwiki-commons-component/xwiki-commons-component-api/src/test/resources
[INFO] Copying 2 resources
[INFO] 
[INFO] --- maven-compiler-plugin:3.7.0:testCompile (default-testCompile) @ xwiki-commons-component-api ---
[INFO] Changes detected - recompiling the module!
[INFO] Compiling 9 source files to /tmp/icst-2019/september-2018/dataset/xwiki-commons/xwiki-commons-core/xwiki-commons-component/xwiki-commons-component-api/target/test-classes
[WARNING] /tmp/icst-2019/september-2018/dataset/xwiki-commons/xwiki-commons-core/xwiki-commons-component/xwiki-commons-component-api/target/clover/src-test-instrumented/org/xwiki/component/descriptor/DefaultComponentDescriptorTest.java:[52,43] found raw type: org.xwiki.component.descriptor.DefaultComponentDescriptor
  missing type arguments for generic class org.xwiki.component.descriptor.DefaultComponentDescriptor<T>
[WARNING] /tmp/icst-2019/september-2018/dataset/xwiki-commons/xwiki-commons-core/xwiki-commons-component/xwiki-commons-component-api/target/clover/src-test-instrumented/org/xwiki/component/descriptor/DefaultComponentDescriptorTest.java:[52,80] found raw type: org.xwiki.component.descriptor.DefaultComponentDescriptor
  missing type arguments for generic class org.xwiki.component.descriptor.DefaultComponentDescriptor<T>
[WARNING] /tmp/icst-2019/september-2018/dataset/xwiki-commons/xwiki-commons-core/xwiki-commons-component/xwiki-commons-component-api/target/clover/src-test-instrumented/org/xwiki/component/descriptor/DefaultComponentDescriptorTest.java:[53,64] unchecked call to setImplementation(java.lang.Class<? extends T>) as a member of the raw type org.xwiki.component.descriptor.DefaultComponentDescriptor
[WARNING] /tmp/icst-2019/september-2018/dataset/xwiki-commons/xwiki-commons-core/xwiki-commons-component/xwiki-commons-component-api/target/clover/src-test-instrumented/org/xwiki/component/descriptor/DefaultComponentDescriptorTest.java:[59,43] found raw type: org.xwiki.component.descriptor.DefaultComponentDescriptor
  missing type arguments for generic class org.xwiki.component.descriptor.DefaultComponentDescriptor<T>
[WARNING] /tmp/icst-2019/september-2018/dataset/xwiki-commons/xwiki-commons-core/xwiki-commons-component/xwiki-commons-component-api/target/clover/src-test-instrumented/org/xwiki/component/descriptor/DefaultComponentDescriptorTest.java:[59,80] found raw type: org.xwiki.component.descriptor.DefaultComponentDescriptor
  missing type arguments for generic class org.xwiki.component.descriptor.DefaultComponentDescriptor<T>
[WARNING] /tmp/icst-2019/september-2018/dataset/xwiki-commons/xwiki-commons-core/xwiki-commons-component/xwiki-commons-component-api/target/clover/src-test-instrumented/org/xwiki/component/descriptor/DefaultComponentDescriptorTest.java:[60,64] unchecked call to setImplementation(java.lang.Class<? extends T>) as a member of the raw type org.xwiki.component.descriptor.DefaultComponentDescriptor
[WARNING] /tmp/icst-2019/september-2018/dataset/xwiki-commons/xwiki-commons-core/xwiki-commons-component/xwiki-commons-component-api/target/clover/src-test-instrumented/org/xwiki/component/descriptor/DefaultComponentDescriptorTest.java:[66,43] found raw type: org.xwiki.component.descriptor.DefaultComponentDescriptor
  missing type arguments for generic class org.xwiki.component.descriptor.DefaultComponentDescriptor<T>
[WARNING] /tmp/icst-2019/september-2018/dataset/xwiki-commons/xwiki-commons-core/xwiki-commons-component/xwiki-commons-component-api/target/clover/src-test-instrumented/org/xwiki/component/descriptor/DefaultComponentDescriptorTest.java:[66,80] found raw type: org.xwiki.component.descriptor.DefaultComponentDescriptor
  missing type arguments for generic class org.xwiki.component.descriptor.DefaultComponentDescriptor<T>
[WARNING] /tmp/icst-2019/september-2018/dataset/xwiki-commons/xwiki-commons-core/xwiki-commons-component/xwiki-commons-component-api/target/clover/src-test-instrumented/org/xwiki/component/descriptor/DefaultComponentDescriptorTest.java:[67,64] unchecked call to setImplementation(java.lang.Class<? extends T>) as a member of the raw type org.xwiki.component.descriptor.DefaultComponentDescriptor
[WARNING] /tmp/icst-2019/september-2018/dataset/xwiki-commons/xwiki-commons-core/xwiki-commons-component/xwiki-commons-component-api/target/clover/src-test-instrumented/org/xwiki/component/descriptor/DefaultComponentDescriptorTest.java:[73,43] found raw type: org.xwiki.component.descriptor.DefaultComponentDescriptor
  missing type arguments for generic class org.xwiki.component.descriptor.DefaultComponentDescriptor<T>
[WARNING] /tmp/icst-2019/september-2018/dataset/xwiki-commons/xwiki-commons-core/xwiki-commons-component/xwiki-commons-component-api/target/clover/src-test-instrumented/org/xwiki/component/descriptor/DefaultComponentDescriptorTest.java:[73,80] found raw type: org.xwiki.component.descriptor.DefaultComponentDescriptor
  missing type arguments for generic class org.xwiki.component.descriptor.DefaultComponentDescriptor<T>
[WARNING] /tmp/icst-2019/september-2018/dataset/xwiki-commons/xwiki-commons-core/xwiki-commons-component/xwiki-commons-component-api/target/clover/src-test-instrumented/org/xwiki/component/descriptor/DefaultComponentDescriptorTest.java:[74,64] unchecked call to setImplementation(java.lang.Class<? extends T>) as a member of the raw type org.xwiki.component.descriptor.DefaultComponentDescriptor
[WARNING] /tmp/icst-2019/september-2018/dataset/xwiki-commons/xwiki-commons-core/xwiki-commons-component/xwiki-commons-component-api/target/clover/src-test-instrumented/org/xwiki/component/descriptor/DefaultComponentDescriptorTest.java:[80,43] found raw type: org.xwiki.component.descriptor.DefaultComponentDescriptor
  missing type arguments for generic class org.xwiki.component.descriptor.DefaultComponentDescriptor<T>
[WARNING] /tmp/icst-2019/september-2018/dataset/xwiki-commons/xwiki-commons-core/xwiki-commons-component/xwiki-commons-component-api/target/clover/src-test-instrumented/org/xwiki/component/descriptor/DefaultComponentDescriptorTest.java:[80,80] found raw type: org.xwiki.component.descriptor.DefaultComponentDescriptor
  missing type arguments for generic class org.xwiki.component.descriptor.DefaultComponentDescriptor<T>
[WARNING] /tmp/icst-2019/september-2018/dataset/xwiki-commons/xwiki-commons-core/xwiki-commons-component/xwiki-commons-component-api/target/clover/src-test-instrumented/org/xwiki/component/descriptor/DefaultComponentDescriptorTest.java:[81,64] unchecked call to setImplementation(java.lang.Class<? extends T>) as a member of the raw type org.xwiki.component.descriptor.DefaultComponentDescriptor
[WARNING] /tmp/icst-2019/september-2018/dataset/xwiki-commons/xwiki-commons-core/xwiki-commons-component/xwiki-commons-component-api/target/clover/src-test-instrumented/org/xwiki/component/descriptor/DefaultComponentDescriptorTest.java:[88,43] found raw type: org.xwiki.component.descriptor.DefaultComponentDescriptor
  missing type arguments for generic class org.xwiki.component.descriptor.DefaultComponentDescriptor<T>
[WARNING] /tmp/icst-2019/september-2018/dataset/xwiki-commons/xwiki-commons-core/xwiki-commons-component/xwiki-commons-component-api/target/clover/src-test-instrumented/org/xwiki/component/descriptor/DefaultComponentDescriptorTest.java:[88,80] found raw type: org.xwiki.component.descriptor.DefaultComponentDescriptor
  missing type arguments for generic class org.xwiki.component.descriptor.DefaultComponentDescriptor<T>
[WARNING] /tmp/icst-2019/september-2018/dataset/xwiki-commons/xwiki-commons-core/xwiki-commons-component/xwiki-commons-component-api/target/clover/src-test-instrumented/org/xwiki/component/descriptor/DefaultComponentDescriptorTest.java:[89,64] unchecked call to setImplementation(java.lang.Class<? extends T>) as a member of the raw type org.xwiki.component.descriptor.DefaultComponentDescriptor
[WARNING] /tmp/icst-2019/september-2018/dataset/xwiki-commons/xwiki-commons-core/xwiki-commons-component/xwiki-commons-component-api/target/clover/src-test-instrumented/org/xwiki/component/descriptor/DefaultComponentDescriptorTest.java:[92,43] found raw type: org.xwiki.component.descriptor.DefaultComponentDependency
  missing type arguments for generic class org.xwiki.component.descriptor.DefaultComponentDependency<T>
[WARNING] /tmp/icst-2019/september-2018/dataset/xwiki-commons/xwiki-commons-core/xwiki-commons-component/xwiki-commons-component-api/target/clover/src-test-instrumented/org/xwiki/component/descriptor/DefaultComponentDescriptorTest.java:[92,80] found raw type: org.xwiki.component.descriptor.DefaultComponentDependency
  missing type arguments for generic class org.xwiki.component.descriptor.DefaultComponentDependency<T>
[WARNING] /tmp/icst-2019/september-2018/dataset/xwiki-commons/xwiki-commons-core/xwiki-commons-component/xwiki-commons-component-api/target/clover/src-test-instrumented/org/xwiki/component/descriptor/DefaultComponentDescriptorTest.java:[94,61] unchecked call to setMappingType(java.lang.Class<?>) as a member of the raw type org.xwiki.component.descriptor.DefaultComponentDependency
[WARNING] /tmp/icst-2019/september-2018/dataset/xwiki-commons/xwiki-commons-core/xwiki-commons-component/xwiki-commons-component-api/target/clover/src-test-instrumented/org/xwiki/component/descriptor/DefaultComponentDescriptorTest.java:[94,46] setMappingType(java.lang.Class<?>) in org.xwiki.component.descriptor.DefaultComponentDependency has been deprecated
[WARNING] /tmp/icst-2019/september-2018/dataset/xwiki-commons/xwiki-commons-core/xwiki-commons-component/xwiki-commons-component-api/target/clover/src-test-instrumented/org/xwiki/component/descriptor/DefaultComponentDescriptorTest.java:[95,69] unchecked call to addComponentDependency(org.xwiki.component.descriptor.ComponentDependency<?>) as a member of the raw type org.xwiki.component.descriptor.DefaultComponentDescriptor
[WARNING] /tmp/icst-2019/september-2018/dataset/xwiki-commons/xwiki-commons-core/xwiki-commons-component/xwiki-commons-component-api/target/clover/src-test-instrumented/org/xwiki/component/descriptor/DefaultComponentDescriptorTest.java:[99,43] found raw type: org.xwiki.component.descriptor.DefaultComponentDescriptor
  missing type arguments for generic class org.xwiki.component.descriptor.DefaultComponentDescriptor<T>
[WARNING] /tmp/icst-2019/september-2018/dataset/xwiki-commons/xwiki-commons-core/xwiki-commons-component/xwiki-commons-component-api/target/clover/src-test-instrumented/org/xwiki/component/descriptor/DefaultComponentDescriptorTest.java:[99,80] found raw type: org.xwiki.component.descriptor.DefaultComponentDescriptor
  missing type arguments for generic class org.xwiki.component.descriptor.DefaultComponentDescriptor<T>
[WARNING] /tmp/icst-2019/september-2018/dataset/xwiki-commons/xwiki-commons-core/xwiki-commons-component/xwiki-commons-component-api/target/clover/src-test-instrumented/org/xwiki/component/descriptor/DefaultComponentDescriptorTest.java:[100,64] unchecked call to setImplementation(java.lang.Class<? extends T>) as a member of the raw type org.xwiki.component.descriptor.DefaultComponentDescriptor
[WARNING] /tmp/icst-2019/september-2018/dataset/xwiki-commons/xwiki-commons-core/xwiki-commons-component/xwiki-commons-component-api/target/clover/src-test-instrumented/org/xwiki/component/descriptor/DefaultComponentDescriptorTest.java:[103,43] found raw type: org.xwiki.component.descriptor.DefaultComponentDependency
  missing type arguments for generic class org.xwiki.component.descriptor.DefaultComponentDependency<T>
[WARNING] /tmp/icst-2019/september-2018/dataset/xwiki-commons/xwiki-commons-core/xwiki-commons-component/xwiki-commons-component-api/target/clover/src-test-instrumented/org/xwiki/component/descriptor/DefaultComponentDescriptorTest.java:[103,81] found raw type: org.xwiki.component.descriptor.DefaultComponentDependency
  missing type arguments for generic class org.xwiki.component.descriptor.DefaultComponentDependency<T>
[WARNING] /tmp/icst-2019/september-2018/dataset/xwiki-commons/xwiki-commons-core/xwiki-commons-component/xwiki-commons-component-api/target/clover/src-test-instrumented/org/xwiki/component/descriptor/DefaultComponentDescriptorTest.java:[105,62] unchecked call to setMappingType(java.lang.Class<?>) as a member of the raw type org.xwiki.component.descriptor.DefaultComponentDependency
[WARNING] /tmp/icst-2019/september-2018/dataset/xwiki-commons/xwiki-commons-core/xwiki-commons-component/xwiki-commons-component-api/target/clover/src-test-instrumented/org/xwiki/component/descriptor/DefaultComponentDescriptorTest.java:[105,47] setMappingType(java.lang.Class<?>) in org.xwiki.component.descriptor.DefaultComponentDependency has been deprecated
[WARNING] /tmp/icst-2019/september-2018/dataset/xwiki-commons/xwiki-commons-core/xwiki-commons-component/xwiki-commons-component-api/target/clover/src-test-instrumented/org/xwiki/component/descriptor/DefaultComponentDescriptorTest.java:[106,69] unchecked call to addComponentDependency(org.xwiki.component.descriptor.ComponentDependency<?>) as a member of the raw type org.xwiki.component.descriptor.DefaultComponentDescriptor
[WARNING] /tmp/icst-2019/september-2018/dataset/xwiki-commons/xwiki-commons-core/xwiki-commons-component/xwiki-commons-component-api/target/clover/src-test-instrumented/org/xwiki/component/descriptor/DefaultComponentDescriptorTest.java:[110,43] found raw type: org.xwiki.component.descriptor.DefaultComponentDescriptor
  missing type arguments for generic class org.xwiki.component.descriptor.DefaultComponentDescriptor<T>
[WARNING] /tmp/icst-2019/september-2018/dataset/xwiki-commons/xwiki-commons-core/xwiki-commons-component/xwiki-commons-component-api/target/clover/src-test-instrumented/org/xwiki/component/descriptor/DefaultComponentDescriptorTest.java:[110,80] found raw type: org.xwiki.component.descriptor.DefaultComponentDescriptor
  missing type arguments for generic class org.xwiki.component.descriptor.DefaultComponentDescriptor<T>
[WARNING] /tmp/icst-2019/september-2018/dataset/xwiki-commons/xwiki-commons-core/xwiki-commons-component/xwiki-commons-component-api/target/clover/src-test-instrumented/org/xwiki/component/descriptor/DefaultComponentDescriptorTest.java:[111,64] unchecked call to setImplementation(java.lang.Class<? extends T>) as a member of the raw type org.xwiki.component.descriptor.DefaultComponentDescriptor
[WARNING] /tmp/icst-2019/september-2018/dataset/xwiki-commons/xwiki-commons-core/xwiki-commons-component/xwiki-commons-component-api/target/clover/src-test-instrumented/org/xwiki/component/descriptor/DefaultComponentDescriptorTest.java:[114,43] found raw type: org.xwiki.component.descriptor.DefaultComponentDependency
  missing type arguments for generic class org.xwiki.component.descriptor.DefaultComponentDependency<T>
[WARNING] /tmp/icst-2019/september-2018/dataset/xwiki-commons/xwiki-commons-core/xwiki-commons-component/xwiki-commons-component-api/target/clover/src-test-instrumented/org/xwiki/component/descriptor/DefaultComponentDescriptorTest.java:[114,81] found raw type: org.xwiki.component.descriptor.DefaultComponentDependency
  missing type arguments for generic class org.xwiki.component.descriptor.DefaultComponentDependency<T>
[WARNING] /tmp/icst-2019/september-2018/dataset/xwiki-commons/xwiki-commons-core/xwiki-commons-component/xwiki-commons-component-api/target/clover/src-test-instrumented/org/xwiki/component/descriptor/DefaultComponentDescriptorTest.java:[116,62] unchecked call to setMappingType(java.lang.Class<?>) as a member of the raw type org.xwiki.component.descriptor.DefaultComponentDependency
[WARNING] /tmp/icst-2019/september-2018/dataset/xwiki-commons/xwiki-commons-core/xwiki-commons-component/xwiki-commons-component-api/target/clover/src-test-instrumented/org/xwiki/component/descriptor/DefaultComponentDescriptorTest.java:[116,47] setMappingType(java.lang.Class<?>) in org.xwiki.component.descriptor.DefaultComponentDependency has been deprecated
[WARNING] /tmp/icst-2019/september-2018/dataset/xwiki-commons/xwiki-commons-core/xwiki-commons-component/xwiki-commons-component-api/target/clover/src-test-instrumented/org/xwiki/component/descriptor/DefaultComponentDescriptorTest.java:[117,69] unchecked call to addComponentDependency(org.xwiki.component.descriptor.ComponentDependency<?>) as a member of the raw type org.xwiki.component.descriptor.DefaultComponentDescriptor
[WARNING] /tmp/icst-2019/september-2018/dataset/xwiki-commons/xwiki-commons-core/xwiki-commons-component/xwiki-commons-component-api/target/clover/src-test-instrumented/org/xwiki/component/descriptor/DefaultComponentDescriptorTest.java:[118,69] unchecked call to addComponentDependency(org.xwiki.component.descriptor.ComponentDependency<?>) as a member of the raw type org.xwiki.component.descriptor.DefaultComponentDescriptor
[WARNING] /tmp/icst-2019/september-2018/dataset/xwiki-commons/xwiki-commons-core/xwiki-commons-component/xwiki-commons-component-api/target/clover/src-test-instrumented/org/xwiki/component/descriptor/DefaultComponentRoleTest.java:[44,43] found raw type: org.xwiki.component.descriptor.DefaultComponentRole
  missing type arguments for generic class org.xwiki.component.descriptor.DefaultComponentRole<T>
[WARNING] /tmp/icst-2019/september-2018/dataset/xwiki-commons/xwiki-commons-core/xwiki-commons-component/xwiki-commons-component-api/target/clover/src-test-instrumented/org/xwiki/component/descriptor/DefaultComponentRoleTest.java:[44,74] found raw type: org.xwiki.component.descriptor.DefaultComponentRole
  missing type arguments for generic class org.xwiki.component.descriptor.DefaultComponentRole<T>
[WARNING] /tmp/icst-2019/september-2018/dataset/xwiki-commons/xwiki-commons-core/xwiki-commons-component/xwiki-commons-component-api/target/clover/src-test-instrumented/org/xwiki/component/descriptor/DefaultComponentRoleTest.java:[50,43] found raw type: org.xwiki.component.descriptor.DefaultComponentRole
  missing type arguments for generic class org.xwiki.component.descriptor.DefaultComponentRole<T>
[WARNING] /tmp/icst-2019/september-2018/dataset/xwiki-commons/xwiki-commons-core/xwiki-commons-component/xwiki-commons-component-api/target/clover/src-test-instrumented/org/xwiki/component/descriptor/DefaultComponentRoleTest.java:[50,74] found raw type: org.xwiki.component.descriptor.DefaultComponentRole
  missing type arguments for generic class org.xwiki.component.descriptor.DefaultComponentRole<T>
[WARNING] /tmp/icst-2019/september-2018/dataset/xwiki-commons/xwiki-commons-core/xwiki-commons-component/xwiki-commons-component-api/target/clover/src-test-instrumented/org/xwiki/component/descriptor/DefaultComponentRoleTest.java:[56,43] found raw type: org.xwiki.component.descriptor.DefaultComponentRole
  missing type arguments for generic class org.xwiki.component.descriptor.DefaultComponentRole<T>
[WARNING] /tmp/icst-2019/september-2018/dataset/xwiki-commons/xwiki-commons-core/xwiki-commons-component/xwiki-commons-component-api/target/clover/src-test-instrumented/org/xwiki/component/descriptor/DefaultComponentRoleTest.java:[56,74] found raw type: org.xwiki.component.descriptor.DefaultComponentRole
  missing type arguments for generic class org.xwiki.component.descriptor.DefaultComponentRole<T>
[WARNING] /tmp/icst-2019/september-2018/dataset/xwiki-commons/xwiki-commons-core/xwiki-commons-component/xwiki-commons-component-api/target/clover/src-test-instrumented/org/xwiki/component/descriptor/DefaultComponentRoleTest.java:[62,43] found raw type: org.xwiki.component.descriptor.DefaultComponentRole
  missing type arguments for generic class org.xwiki.component.descriptor.DefaultComponentRole<T>
[WARNING] /tmp/icst-2019/september-2018/dataset/xwiki-commons/xwiki-commons-core/xwiki-commons-component/xwiki-commons-component-api/target/clover/src-test-instrumented/org/xwiki/component/descriptor/DefaultComponentRoleTest.java:[62,74] found raw type: org.xwiki.component.descriptor.DefaultComponentRole
  missing type arguments for generic class org.xwiki.component.descriptor.DefaultComponentRole<T>
[INFO] 
[INFO] --- maven-surefire-plugin:2.19.1:test (default-test) @ xwiki-commons-component-api ---

-------------------------------------------------------
 T E S T S
-------------------------------------------------------
Running org.xwiki.component.descriptor.DefaultComponentDescriptorTest
Tests run: 1, Failures: 0, Errors: 0, Skipped: 0, Time elapsed: 0.354 sec - in org.xwiki.component.descriptor.DefaultComponentDescriptorTest
Running org.xwiki.component.descriptor.DefaultComponentRoleTest
Tests run: 1, Failures: 0, Errors: 0, Skipped: 0, Time elapsed: 0.009 sec - in org.xwiki.component.descriptor.DefaultComponentRoleTest
Running org.xwiki.component.util.ReflectionMethodUtilsTest
Tests run: 1, Failures: 0, Errors: 0, Skipped: 0, Time elapsed: 0.056 sec - in org.xwiki.component.util.ReflectionMethodUtilsTest
Running org.xwiki.component.util.ReflectionUtilsTest
Tests run: 12, Failures: 0, Errors: 0, Skipped: 0, Time elapsed: 0.103 sec - in org.xwiki.component.util.ReflectionUtilsTest
Running org.xwiki.component.internal.namespace.DefaultNamespaceValidatorTest
Tests run: 3, Failures: 0, Errors: 0, Skipped: 0, Time elapsed: 0.033 sec - in org.xwiki.component.internal.namespace.DefaultNamespaceValidatorTest
Running org.xwiki.component.internal.namespace.NamespaceUtilsTest
Tests run: 2, Failures: 0, Errors: 0, Skipped: 0, Time elapsed: 0.024 sec - in org.xwiki.component.internal.namespace.NamespaceUtilsTest

Results :

Tests run: 20, Failures: 0, Errors: 0, Skipped: 0

[INFO] ------------------------------------------------------------------------
[INFO] BUILD SUCCESS
[INFO] ------------------------------------------------------------------------
[INFO] Total time: 37.825 s
[INFO] Finished at: 2018-10-02T16:22:33+02:00
[INFO] ------------------------------------------------------------------------
Writing HTML report to '/tmp/icst-2019/september-2018/dataset/xwiki-commons/xwiki-commons-core/xwiki-commons-component/xwiki-commons-component-api/target/clover/report'
Done. Processed 9 packages in 4923ms (547ms per package).
[INFO] /tmp/icst-2019/september-2018/dataset/xwiki-commons/xwiki-commons-core/xwiki-commons-component/xwiki-commons-component-api/src/main/java/org/xwiki/component/namespace/NamespaceUtils.java
[INFO] /tmp/icst-2019/september-2018/dataset/xwiki-commons_parent/xwiki-commons-core/xwiki-commons-component/xwiki-commons-component-api/src/main/java/org/xwiki/component/namespace/NamespaceUtils.java
[info] org.xwiki.component.namespace.NamespaceUtils:33 is modified.
[info] org.xwiki.component.namespace.NamespaceUtils:36 is modified.
[info] org.xwiki.component.namespace.NamespaceUtils:37 is modified.
[info] org.xwiki.component.namespace.NamespaceUtils:38 is modified.
[info] org.xwiki.component.namespace.NamespaceUtils:73 is modified.
[info] org.xwiki.component.namespace.NamespaceUtils:73 is modified.
[info] org.xwiki.component.namespace.NamespaceUtils:74 is modified.
[info] org.xwiki.component.namespace.NamespaceUtils:73 covered.
[info] org.xwiki.component.namespace.NamespaceUtils:36 covered.
[info] org.xwiki.component.namespace.NamespaceUtils:37 covered.
[info] org.xwiki.component.namespace.NamespaceUtils:38 covered.
[info] org.xwiki.component.namespace.NamespaceUtils:74 covered.
[INFO] /tmp/icst-2019/september-2018/dataset/xwiki-commons/xwiki-commons-core/xwiki-commons-component/xwiki-commons-component-api/src/test/java/org/xwiki/component/internal/namespace/NamespaceUtilsTest.java
[INFO] /tmp/icst-2019/september-2018/dataset/xwiki-commons_parent/xwiki-commons-core/xwiki-commons-component/xwiki-commons-component-api/src/test/java/org/xwiki/component/internal/namespace/NamespaceUtilsTest.java
[info] org.xwiki.component.internal.namespace.NamespaceUtilsTest:54 is modified.
[info] org.xwiki.component.internal.namespace.NamespaceUtilsTest:54 is modified.
[info] org.xwiki.component.internal.namespace.NamespaceUtilsTest:54 covered.
[INFO] Saving result in /tmp/icst-2019/september-2018/result/xwiki-commons/commit_7_78ff099/commit_coverage_testsThatExecuteTheChanges.csv ...
[INFO] org.xwiki.component.internal.namespace.NamespaceUtilsTest;getPrefix;toNamespace
[INFO] Writing Coverage in /tmp/icst-2019/september-2018/result/xwiki-commons/commit_7_78ff099/commit_coverage_testsThatExecuteTheChanges_coverage.csv
[INFO] org.xwiki.component.namespace.NamespaceUtils;5;6

[INFO] org.xwiki.component.internal.namespace.NamespaceUtilsTest;1;1

[INFO] total;6;7

[INFO] ------------------------------------------------------------------------
[INFO] BUILD SUCCESS
[INFO] ------------------------------------------------------------------------
[INFO] Total time: 55.506 s
[INFO] Finished at: 2018-10-02T16:22:43+02:00
[INFO] ------------------------------------------------------------------------
[INFO] 2018-10-02 16:22:43 RepositoriesSetter - {/tmp/icst-2019/september-2018/dataset/xwiki-commons} Cleaning local repository...
[INFO] 2018-10-02 16:22:45 RepositoriesSetter - Checkout 1b797142d13fa4c63c5c720fb664b245bbcd445d revision...
[INFO] 2018-10-02 16:22:46 RepositoriesSetter - {/tmp/icst-2019/september-2018/dataset/xwiki-commons_parent} Cleaning local repository...
[INFO] 2018-10-02 16:22:47 RepositoriesSetter - Checkout 6b19685416a0250981f06f2922dc6ef0fa7241a3 revision...
