[INFO] Scanning for projects...
[WARNING] 
[WARNING] Some problems were encountered while building the effective model for org.xwiki.commons:xwiki-commons-xml:jar:9.10-SNAPSHOT
[WARNING] Reporting configuration should be done in <reporting> section, not in maven-site-plugin <configuration> as reportPlugins parameter.
[WARNING] 
[WARNING] It is highly recommended to fix these problems because they threaten the stability of your build.
[WARNING] 
[WARNING] For this reason, future Maven versions might no longer support building such malformed projects.
[WARNING] 
[INFO] 
[INFO] ----------------< org.xwiki.commons:xwiki-commons-xml >-----------------
[INFO] Building XWiki Commons - XML 9.10-SNAPSHOT
[INFO] --------------------------------[ jar ]---------------------------------
[INFO] 
[INFO] --- maven-clean-plugin:3.0.0:clean (default-clean) @ xwiki-commons-xml ---
[INFO] Deleting /tmp/icst-2019/september-2018/dataset/xwiki-commons/xwiki-commons-core/xwiki-commons-xml/target
[INFO] 
[INFO] --- diff-test-selection:0.5-SNAPSHOT:list (default-cli) @ xwiki-commons-xml ---
[INFO] Computing coverage for /tmp/icst-2019/september-2018/dataset/xwiki-commons/xwiki-commons-core/xwiki-commons-xml
[WARN] Maven will be executed in interactive mode, but no input stream has been configured for this MavenInvoker instance.
[INFO] Scanning for projects...
[WARNING] 
[WARNING] Some problems were encountered while building the effective model for org.xwiki.commons:xwiki-commons-xml:jar:9.10-SNAPSHOT
[WARNING] Reporting configuration should be done in <reporting> section, not in maven-site-plugin <configuration> as reportPlugins parameter.
[WARNING] 
[WARNING] It is highly recommended to fix these problems because they threaten the stability of your build.
[WARNING] 
[WARNING] For this reason, future Maven versions might no longer support building such malformed projects.
[WARNING] 
[INFO] 
[INFO] ----------------< org.xwiki.commons:xwiki-commons-xml >-----------------
[INFO] Building XWiki Commons - XML 9.10-SNAPSHOT
[INFO] --------------------------------[ jar ]---------------------------------
[INFO] 
[INFO] --- maven-clean-plugin:3.0.0:clean (default-clean) @ xwiki-commons-xml ---
[INFO] 
[INFO] --- clover-maven-plugin:4.2.0:setup (default-cli) @ xwiki-commons-xml ---
[INFO] No 'maven.clover.licenseLocation' configured. Using default license.
[INFO] OpenClover Version 4.2.0, built on April 30 2017 (build-1000)
[INFO] Loaded from: /home/spirals/danglot/.m2/repository/org/openclover/clover/4.2.0/clover-4.2.0.jar
[INFO] Clover free edition.
[INFO] Creating new database at '/tmp/icst-2019/september-2018/dataset/xwiki-commons/xwiki-commons-core/xwiki-commons-xml/target/clover/clover.db'.
[INFO] Processing files at 1.8 source level.
[INFO] Clover all over. Instrumented 26 files (8 packages).
[INFO] Elapsed time = 2.149 secs. (12.099 files/sec, 2,034.9 srclines/sec)
[INFO] OpenClover Version 4.2.0, built on April 30 2017 (build-1000)
[INFO] Loaded from: /home/spirals/danglot/.m2/repository/org/openclover/clover/4.2.0/clover-4.2.0.jar
[INFO] Clover free edition.
[INFO] Updating existing database at '/tmp/icst-2019/september-2018/dataset/xwiki-commons/xwiki-commons-core/xwiki-commons-xml/target/clover/clover.db'.
[INFO] Processing files at 1.8 source level.
[INFO] Clover all over. Instrumented 4 files (4 packages).
[INFO] 47 test methods detected.
[INFO] Elapsed time = 0.439 secs. (9.112 files/sec, 1,940.774 srclines/sec)
[INFO] 
[INFO] --- maven-enforcer-plugin:1.4.1:enforce (enforce-plugins) @ xwiki-commons-xml ---
[INFO] Skipping Rule Enforcement.
[INFO] 
[INFO] --- maven-enforcer-plugin:1.4.1:enforce (enforce-jcl-log4j-isolation) @ xwiki-commons-xml ---
[INFO] Skipping Rule Enforcement.
[INFO] 
[INFO] --- maven-enforcer-plugin:1.4.1:enforce (enforce-glasshfish-jaxb) @ xwiki-commons-xml ---
[INFO] Skipping Rule Enforcement.
[INFO] 
[INFO] --- maven-enforcer-plugin:1.4.1:enforce (enforce-commons-lang3) @ xwiki-commons-xml ---
[INFO] Skipping Rule Enforcement.
[INFO] 
[INFO] --- maven-enforcer-plugin:1.4.1:enforce (enforce-commons-configuration2) @ xwiki-commons-xml ---
[INFO] Skipping Rule Enforcement.
[INFO] 
[INFO] --- maven-enforcer-plugin:1.4.1:enforce (enforce-bouncycastle-ids) @ xwiki-commons-xml ---
[INFO] Skipping Rule Enforcement.
[INFO] 
[INFO] --- maven-enforcer-plugin:1.4.1:enforce (enforce-javase-dependencies) @ xwiki-commons-xml ---
[INFO] Skipping Rule Enforcement.
[INFO] 
[INFO] --- maven-enforcer-plugin:1.4.1:enforce (enforce-upper-bounds) @ xwiki-commons-xml ---
[INFO] Skipping Rule Enforcement.
[INFO] 
[INFO] --- maven-enforcer-plugin:1.4.1:enforce (enforce-no-legacy-dependencies) @ xwiki-commons-xml ---
[INFO] 
[INFO] --- maven-enforcer-plugin:1.4.1:enforce (enforce-valid-poms) @ xwiki-commons-xml ---
[INFO] Skipping Rule Enforcement.
[INFO] 
[INFO] --- maven-enforcer-plugin:1.4.1:enforce (enforce-platform-rendering-isolation) @ xwiki-commons-xml ---
[INFO] Skipping Rule Enforcement.
[INFO] 
[INFO] --- maven-enforcer-plugin:1.4.1:enforce (check-dependency-version) @ xwiki-commons-xml ---
[INFO] Skipping Rule Enforcement.
[INFO] 
[INFO] --- maven-remote-resources-plugin:1.5:process (xwiki-license-resources) @ xwiki-commons-xml ---
[INFO] 
[INFO] --- maven-resources-plugin:3.0.2:resources (default-resources) @ xwiki-commons-xml ---
[INFO] Using 'UTF-8' encoding to copy filtered resources.
[INFO] Copying 6 resources
[INFO] Copying 1 resource
[INFO] Copying 2 resources
[INFO] 
[INFO] --- maven-compiler-plugin:3.7.0:compile (default-compile) @ xwiki-commons-xml ---
[INFO] Changes detected - recompiling the module!
[INFO] Compiling 26 source files to /tmp/icst-2019/september-2018/dataset/xwiki-commons/xwiki-commons-core/xwiki-commons-xml/target/classes
[WARNING] /tmp/icst-2019/september-2018/dataset/xwiki-commons/xwiki-commons-core/xwiki-commons-xml/target/clover/src-instrumented/org/htmlcleaner/XWikiDOMSerializer.java:[31,32] org.apache.commons.lang3.StringEscapeUtils in org.apache.commons.lang3 has been deprecated
[WARNING] /tmp/icst-2019/september-2018/dataset/xwiki-commons/xwiki-commons-core/xwiki-commons-xml/target/clover/src-instrumented/org/htmlcleaner/XWikiDOMSerializer.java:[232,58] org.apache.commons.lang3.StringEscapeUtils in org.apache.commons.lang3 has been deprecated
[WARNING] /tmp/icst-2019/september-2018/dataset/xwiki-commons/xwiki-commons-core/xwiki-commons-xml/target/clover/src-instrumented/org/htmlcleaner/XWikiDOMSerializer.java:[238,58] org.apache.commons.lang3.StringEscapeUtils in org.apache.commons.lang3 has been deprecated
[INFO] 
[INFO] --- maven-bundle-plugin:2.5.3:manifest (bundle-manifest) @ xwiki-commons-xml ---
[INFO] 
[INFO] --- maven-resources-plugin:3.0.2:testResources (default-testResources) @ xwiki-commons-xml ---
[INFO] Using 'UTF-8' encoding to copy filtered resources.
[INFO] skip non existing resourceDirectory /tmp/icst-2019/september-2018/dataset/xwiki-commons/xwiki-commons-core/xwiki-commons-xml/src/test/resources
[INFO] Copying 2 resources
[INFO] 
[INFO] --- maven-compiler-plugin:3.7.0:testCompile (default-testCompile) @ xwiki-commons-xml ---
[INFO] Changes detected - recompiling the module!
[INFO] Compiling 4 source files to /tmp/icst-2019/september-2018/dataset/xwiki-commons/xwiki-commons-core/xwiki-commons-xml/target/test-classes
[INFO] 
[INFO] --- maven-surefire-plugin:2.19.1:test (default-test) @ xwiki-commons-xml ---

-------------------------------------------------------
 T E S T S
-------------------------------------------------------
Running org.xwiki.xml.html.HTMLUtilsTest
Tests run: 2, Failures: 0, Errors: 0, Skipped: 0, Time elapsed: 0.799 sec - in org.xwiki.xml.html.HTMLUtilsTest
Running org.xwiki.xml.XMLUtilsTest
Tests run: 21, Failures: 0, Errors: 0, Skipped: 0, Time elapsed: 0.11 sec - in org.xwiki.xml.XMLUtilsTest
Running org.xwiki.xml.internal.html.DefaultHTMLCleanerTest
Tests run: 22, Failures: 0, Errors: 0, Skipped: 2, Time elapsed: 1.683 sec - in org.xwiki.xml.internal.html.DefaultHTMLCleanerTest
Running org.xwiki.xml.stax.StAXUtilsTest
Tests run: 4, Failures: 0, Errors: 0, Skipped: 0, Time elapsed: 0.956 sec - in org.xwiki.xml.stax.StAXUtilsTest

Results :

Tests run: 49, Failures: 0, Errors: 0, Skipped: 2

[INFO] ------------------------------------------------------------------------
[INFO] BUILD SUCCESS
[INFO] ------------------------------------------------------------------------
[INFO] Total time: 34.535 s
[INFO] Finished at: 2018-10-02T16:40:41+02:00
[INFO] ------------------------------------------------------------------------
Writing HTML report to '/tmp/icst-2019/september-2018/dataset/xwiki-commons/xwiki-commons-core/xwiki-commons-xml/target/clover/report'
Done. Processed 8 packages in 5694ms (711ms per package).
[INFO] /tmp/icst-2019/september-2018/dataset/xwiki-commons/xwiki-commons-core/xwiki-commons-xml/src/main/java/org/xwiki/xml/internal/html/filter/BodyFilter.java
[INFO] /tmp/icst-2019/september-2018/dataset/xwiki-commons_parent/xwiki-commons-core/xwiki-commons-xml/src/main/java/org/xwiki/xml/internal/html/filter/BodyFilter.java
[info] org.xwiki.xml.internal.html.filter.BodyFilter:85 is modified.
[info] org.xwiki.xml.internal.html.filter.BodyFilter:86 is modified.
[info] org.xwiki.xml.internal.html.filter.BodyFilter:87 is modified.
[info] org.xwiki.xml.internal.html.filter.BodyFilter:85 covered.
[info] org.xwiki.xml.internal.html.filter.BodyFilter:86 covered.
[info] org.xwiki.xml.internal.html.filter.BodyFilter:87 covered.
[INFO] /tmp/icst-2019/september-2018/dataset/xwiki-commons/xwiki-commons-core/xwiki-commons-xml/src/test/java/org/xwiki/xml/internal/html/DefaultHTMLCleanerTest.java
[INFO] /tmp/icst-2019/september-2018/dataset/xwiki-commons_parent/xwiki-commons-core/xwiki-commons-xml/src/test/java/org/xwiki/xml/internal/html/DefaultHTMLCleanerTest.java
[info] org.xwiki.xml.internal.html.DefaultHTMLCleanerTest:304 is modified.
[info] org.xwiki.xml.internal.html.DefaultHTMLCleanerTest:412 is modified.
[info] org.xwiki.xml.internal.html.DefaultHTMLCleanerTest:418 is modified.
[info] org.xwiki.xml.internal.html.DefaultHTMLCleanerTest:419 is modified.
[INFO] Saving result in /tmp/icst-2019/september-2018/result/xwiki-commons/commit_10_7b9ed5a/commit_coverage_testsThatExecuteTheChanges.csv ...
[INFO] org.xwiki.xml.internal.html.DefaultHTMLCleanerTest;conversionsFromHTML;verifyIFRAMECleaning
[INFO] Writing Coverage in /tmp/icst-2019/september-2018/result/xwiki-commons/commit_10_7b9ed5a/commit_coverage_testsThatExecuteTheChanges_coverage.csv
[INFO] org.xwiki.xml.internal.html.filter.BodyFilter;3;3

[INFO] total;3;3

[INFO] ------------------------------------------------------------------------
[INFO] BUILD SUCCESS
[INFO] ------------------------------------------------------------------------
[INFO] Total time: 54.232 s
[INFO] Finished at: 2018-10-02T16:40:53+02:00
[INFO] ------------------------------------------------------------------------
[INFO] 2018-10-02 16:40:54 RepositoriesSetter - {/tmp/icst-2019/september-2018/dataset/xwiki-commons} Cleaning local repository...
[INFO] 2018-10-02 16:40:56 RepositoriesSetter - Checkout 8f82e342b47195f793b815bed4d30cc6f3a5cbbe revision...
[INFO] 2018-10-02 16:40:57 RepositoriesSetter - {/tmp/icst-2019/september-2018/dataset/xwiki-commons_parent} Cleaning local repository...
[INFO] 2018-10-02 16:40:57 RepositoriesSetter - Checkout 768b9b30b65a8f10e196432b76c7f29830544f8a revision...
