[INFO] Scanning for projects...
[INFO] 
[INFO] -----------< org.xwiki.commons:xwiki-commons-extension-api >------------
[INFO] Building XWiki Commons - Extension - API 10.7-SNAPSHOT
[INFO] --------------------------------[ jar ]---------------------------------
[INFO] 
[INFO] --- maven-clean-plugin:3.1.0:clean (default-clean) @ xwiki-commons-extension-api ---
[INFO] Deleting /tmp/icst-2019/september-2018/dataset/xwiki-commons_parent/xwiki-commons-core/xwiki-commons-extension/xwiki-commons-extension-api/target
[INFO] 
[INFO] --- diff-test-selection:0.5-SNAPSHOT:list (default-cli) @ xwiki-commons-extension-api ---
[INFO] Computing coverage for /tmp/icst-2019/september-2018/dataset/xwiki-commons_parent/xwiki-commons-core/xwiki-commons-extension/xwiki-commons-extension-api
[WARN] Maven will be executed in interactive mode, but no input stream has been configured for this MavenInvoker instance.
[INFO] Scanning for projects...
[INFO] 
[INFO] -----------< org.xwiki.commons:xwiki-commons-extension-api >------------
[INFO] Building XWiki Commons - Extension - API 10.7-SNAPSHOT
[INFO] --------------------------------[ jar ]---------------------------------
[INFO] 
[INFO] --- maven-clean-plugin:3.1.0:clean (default-clean) @ xwiki-commons-extension-api ---
[INFO] 
[INFO] --- clover-maven-plugin:4.2.0:setup (default-cli) @ xwiki-commons-extension-api ---
[INFO] No 'maven.clover.licenseLocation' configured. Using default license.
[INFO] OpenClover Version 4.2.0, built on April 30 2017 (build-1000)
[INFO] Loaded from: /home/spirals/danglot/.m2/repository/org/openclover/clover/4.2.0/clover-4.2.0.jar
[INFO] Clover free edition.
[INFO] Creating new database at '/tmp/icst-2019/september-2018/dataset/xwiki-commons_parent/xwiki-commons-core/xwiki-commons-extension/xwiki-commons-extension-api/target/clover/clover.db'.
[INFO] Processing files at 1.8 source level.
[INFO] Clover all over. Instrumented 192 files (25 packages).
[INFO] Elapsed time = 3.585 secs. (53.556 files/sec, 7,219.805 srclines/sec)
[INFO] 
[INFO] --- maven-enforcer-plugin:1.4.1:enforce (enforce-plugins) @ xwiki-commons-extension-api ---
[INFO] 
[INFO] --- maven-enforcer-plugin:1.4.1:enforce (enforce-jcl-log4j-isolation) @ xwiki-commons-extension-api ---
[INFO] 
[INFO] --- maven-enforcer-plugin:1.4.1:enforce (enforce-glasshfish-jaxb) @ xwiki-commons-extension-api ---
[INFO] 
[INFO] --- maven-enforcer-plugin:1.4.1:enforce (enforce-open-json) @ xwiki-commons-extension-api ---
[INFO] 
[INFO] --- maven-enforcer-plugin:1.4.1:enforce (enforce-glassfish-el) @ xwiki-commons-extension-api ---
[INFO] 
[INFO] --- maven-enforcer-plugin:1.4.1:enforce (enforce-commons-lang3) @ xwiki-commons-extension-api ---
[INFO] 
[INFO] --- maven-enforcer-plugin:1.4.1:enforce (enforce-commons-configuration2) @ xwiki-commons-extension-api ---
[INFO] 
[INFO] --- maven-enforcer-plugin:1.4.1:enforce (enforce-bouncycastle-ids) @ xwiki-commons-extension-api ---
[INFO] 
[INFO] --- maven-enforcer-plugin:1.4.1:enforce (enforce-javase-dependencies) @ xwiki-commons-extension-api ---
[INFO] 
[INFO] --- maven-enforcer-plugin:1.4.1:enforce (enforce-upper-bounds) @ xwiki-commons-extension-api ---
[INFO] 
[INFO] --- maven-enforcer-plugin:1.4.1:enforce (enforce-no-legacy-dependencies) @ xwiki-commons-extension-api ---
[INFO] 
[INFO] --- maven-enforcer-plugin:1.4.1:enforce (enforce-valid-poms) @ xwiki-commons-extension-api ---
[INFO] 
[INFO] --- maven-enforcer-plugin:1.4.1:enforce (enforce-platform-rendering-isolation) @ xwiki-commons-extension-api ---
[INFO] 
[INFO] --- maven-enforcer-plugin:1.4.1:enforce (check-dependency-version) @ xwiki-commons-extension-api ---
[INFO] 
[INFO] --- xwiki-commons-tool-remote-resource-plugin:10.7-SNAPSHOT:process (xwiki-license-resources) @ xwiki-commons-extension-api ---
[INFO] 
[INFO] --- maven-resources-plugin:3.1.0:resources (default-resources) @ xwiki-commons-extension-api ---
[INFO] Using 'UTF-8' encoding to copy filtered resources.
[INFO] Copying 39 resources
[INFO] Copying 1 resource
[INFO] Copying 2 resources
[INFO] 
[INFO] --- maven-compiler-plugin:3.7.0:compile (default-compile) @ xwiki-commons-extension-api ---
[INFO] Changes detected - recompiling the module!
[INFO] Compiling 192 source files to /tmp/icst-2019/september-2018/dataset/xwiki-commons_parent/xwiki-commons-core/xwiki-commons-extension/xwiki-commons-extension-api/target/classes
[WARNING] /tmp/icst-2019/september-2018/dataset/xwiki-commons_parent/xwiki-commons-core/xwiki-commons-extension/xwiki-commons-extension-api/target/clover/src-instrumented/org/xwiki/extension/ExtensionManagerConfiguration.java:[27,38] org.xwiki.extension.repository.ExtensionRepositoryId in org.xwiki.extension.repository has been deprecated
[WARNING] /tmp/icst-2019/september-2018/dataset/xwiki-commons_parent/xwiki-commons-core/xwiki-commons-extension/xwiki-commons-extension-api/target/clover/src-instrumented/org/xwiki/extension/wrap/WrappingExtensionRepository.java:[28,38] org.xwiki.extension.repository.ExtensionRepositoryId in org.xwiki.extension.repository has been deprecated
[WARNING] /tmp/icst-2019/september-2018/dataset/xwiki-commons_parent/xwiki-commons-core/xwiki-commons-extension/xwiki-commons-extension-api/target/clover/src-instrumented/org/xwiki/extension/repository/internal/DefaultExtensionRepositoryManager.java:[57,38] org.xwiki.extension.repository.ExtensionRepositoryId in org.xwiki.extension.repository has been deprecated
[WARNING] /tmp/icst-2019/september-2018/dataset/xwiki-commons_parent/xwiki-commons-core/xwiki-commons-extension/xwiki-commons-extension-api/target/clover/src-instrumented/org/xwiki/extension/internal/DefaultExtensionManagerConfiguration.java:[50,38] org.xwiki.extension.repository.ExtensionRepositoryId in org.xwiki.extension.repository has been deprecated
[WARNING] /tmp/icst-2019/september-2018/dataset/xwiki-commons_parent/xwiki-commons-core/xwiki-commons-extension/xwiki-commons-extension-api/target/clover/src-instrumented/org/xwiki/extension/job/history/internal/ExtensionJobHistoryRecorder.java:[49,30] org.xwiki.job.internal.AbstractJobStatus in org.xwiki.job.internal has been deprecated
[WARNING] /tmp/icst-2019/september-2018/dataset/xwiki-commons_parent/xwiki-commons-core/xwiki-commons-extension/xwiki-commons-extension-api/target/clover/src-instrumented/org/xwiki/extension/Extension.java:[62,12] deprecated item is not annotated with @Deprecated
[WARNING] /tmp/icst-2019/september-2018/dataset/xwiki-commons_parent/xwiki-commons-core/xwiki-commons-extension/xwiki-commons-extension-api/target/clover/src-instrumented/org/xwiki/extension/Extension.java:[69,12] deprecated item is not annotated with @Deprecated
[WARNING] /tmp/icst-2019/september-2018/dataset/xwiki-commons_parent/xwiki-commons-core/xwiki-commons-extension/xwiki-commons-extension-api/target/clover/src-instrumented/org/xwiki/extension/AbstractExtension.java:[213,72] unchecked cast
  required: T
  found:    org.xwiki.extension.repository.ExtensionRepository
[WARNING] /tmp/icst-2019/september-2018/dataset/xwiki-commons_parent/xwiki-commons-core/xwiki-commons-extension/xwiki-commons-extension-api/target/clover/src-instrumented/org/xwiki/extension/AbstractExtension.java:[215,72] unchecked cast
  required: T
  found:    java.lang.String
[WARNING] /tmp/icst-2019/september-2018/dataset/xwiki-commons_parent/xwiki-commons-core/xwiki-commons-extension/xwiki-commons-extension-api/target/clover/src-instrumented/org/xwiki/extension/AbstractExtension.java:[217,77] unchecked cast
  required: T
  found:    org.xwiki.extension.version.Version
[WARNING] /tmp/icst-2019/september-2018/dataset/xwiki-commons_parent/xwiki-commons-core/xwiki-commons-extension/xwiki-commons-extension-api/target/clover/src-instrumented/org/xwiki/extension/AbstractExtension.java:[218,18] FIELD_FEATURE in org.xwiki.extension.Extension has been deprecated
[WARNING] /tmp/icst-2019/september-2018/dataset/xwiki-commons_parent/xwiki-commons-core/xwiki-commons-extension/xwiki-commons-extension-api/target/clover/src-instrumented/org/xwiki/extension/AbstractExtension.java:[219,18] FIELD_FEATURES in org.xwiki.extension.Extension has been deprecated
[WARNING] /tmp/icst-2019/september-2018/dataset/xwiki-commons_parent/xwiki-commons-core/xwiki-commons-extension/xwiki-commons-extension-api/target/clover/src-instrumented/org/xwiki/extension/AbstractExtension.java:[220,92] unchecked cast
  required: T
  found:    java.util.List<java.lang.String>
[WARNING] /tmp/icst-2019/september-2018/dataset/xwiki-commons_parent/xwiki-commons-core/xwiki-commons-extension/xwiki-commons-extension-api/target/clover/src-instrumented/org/xwiki/extension/AbstractExtension.java:[223,79] unchecked cast
  required: T
  found:    java.util.Collection<org.xwiki.extension.ExtensionId>
[WARNING] /tmp/icst-2019/september-2018/dataset/xwiki-commons_parent/xwiki-commons-core/xwiki-commons-extension/xwiki-commons-extension-api/target/clover/src-instrumented/org/xwiki/extension/AbstractExtension.java:[225,69] unchecked cast
  required: T
  found:    java.lang.String
[WARNING] /tmp/icst-2019/september-2018/dataset/xwiki-commons_parent/xwiki-commons-core/xwiki-commons-extension/xwiki-commons-extension-api/target/clover/src-instrumented/org/xwiki/extension/AbstractExtension.java:[227,73] unchecked cast
  required: T
  found:    java.lang.String
[WARNING] /tmp/icst-2019/september-2018/dataset/xwiki-commons_parent/xwiki-commons-core/xwiki-commons-extension/xwiki-commons-extension-api/target/clover/src-instrumented/org/xwiki/extension/AbstractExtension.java:[230,69] unchecked cast
  required: T
  found:    java.util.List<org.xwiki.extension.ExtensionAuthor>
[WARNING] /tmp/icst-2019/september-2018/dataset/xwiki-commons_parent/xwiki-commons-core/xwiki-commons-extension/xwiki-commons-extension-api/target/clover/src-instrumented/org/xwiki/extension/AbstractExtension.java:[232,70] unchecked cast
  required: T
  found:    java.lang.String
[WARNING] /tmp/icst-2019/september-2018/dataset/xwiki-commons_parent/xwiki-commons-core/xwiki-commons-extension/xwiki-commons-extension-api/target/clover/src-instrumented/org/xwiki/extension/AbstractExtension.java:[235,70] unchecked cast
  required: T
  found:    java.util.Collection<org.xwiki.extension.ExtensionLicense>
[WARNING] /tmp/icst-2019/september-2018/dataset/xwiki-commons_parent/xwiki-commons-core/xwiki-commons-extension/xwiki-commons-extension-api/target/clover/src-instrumented/org/xwiki/extension/AbstractExtension.java:[237,66] unchecked cast
  required: T
  found:    java.lang.String
[WARNING] /tmp/icst-2019/september-2018/dataset/xwiki-commons_parent/xwiki-commons-core/xwiki-commons-extension/xwiki-commons-extension-api/target/clover/src-instrumented/org/xwiki/extension/AbstractExtension.java:[239,66] unchecked cast
  required: T
  found:    java.lang.String
[WARNING] /tmp/icst-2019/september-2018/dataset/xwiki-commons_parent/xwiki-commons-core/xwiki-commons-extension/xwiki-commons-extension-api/target/clover/src-instrumented/org/xwiki/extension/AbstractExtension.java:[241,69] unchecked cast
  required: T
  found:    java.lang.String
[WARNING] /tmp/icst-2019/september-2018/dataset/xwiki-commons_parent/xwiki-commons-core/xwiki-commons-extension/xwiki-commons-extension-api/target/clover/src-instrumented/org/xwiki/extension/AbstractExtension.java:[245,79] unchecked cast
  required: T
  found:    java.util.Collection<java.lang.String>
[WARNING] /tmp/icst-2019/september-2018/dataset/xwiki-commons_parent/xwiki-commons-core/xwiki-commons-extension/xwiki-commons-extension-api/target/clover/src-instrumented/org/xwiki/extension/AbstractExtension.java:[247,65] unchecked cast
  required: T
  found:    org.xwiki.extension.ExtensionScm
[WARNING] /tmp/icst-2019/september-2018/dataset/xwiki-commons_parent/xwiki-commons-core/xwiki-commons-extension/xwiki-commons-extension-api/target/clover/src-instrumented/org/xwiki/extension/AbstractExtension.java:[249,74] unchecked cast
  required: T
  found:    java.util.Collection<org.xwiki.extension.repository.ExtensionRepositoryDescriptor>
[WARNING] /tmp/icst-2019/september-2018/dataset/xwiki-commons_parent/xwiki-commons-core/xwiki-commons-extension/xwiki-commons-extension-api/target/clover/src-instrumented/org/xwiki/extension/AbstractExtension.java:[251,72] unchecked cast
  required: T
  found:    java.util.Map<java.lang.String,java.lang.Object>
[WARNING] /tmp/icst-2019/september-2018/dataset/xwiki-commons_parent/xwiki-commons-core/xwiki-commons-extension/xwiki-commons-extension-api/target/clover/src-instrumented/org/xwiki/extension/AbstractExtension.java:[656,71] unchecked cast
  required: T
  found:    java.lang.Object
[WARNING] /tmp/icst-2019/september-2018/dataset/xwiki-commons_parent/xwiki-commons-core/xwiki-commons-extension/xwiki-commons-extension-api/target/clover/src-instrumented/org/xwiki/extension/AbstractExtension.java:[662,201] unchecked cast
  required: T
  found:    java.lang.Object
[WARNING] /tmp/icst-2019/september-2018/dataset/xwiki-commons_parent/xwiki-commons-core/xwiki-commons-extension/xwiki-commons-extension-api/target/clover/src-instrumented/org/xwiki/extension/AbstractExtension.java:[692,80] unchecked cast
  required: T
  found:    java.lang.Object
[WARNING] /tmp/icst-2019/september-2018/dataset/xwiki-commons_parent/xwiki-commons-core/xwiki-commons-extension/xwiki-commons-extension-api/target/clover/src-instrumented/org/xwiki/extension/repository/AbstractExtensionRepository.java:[94,34] getId() in org.xwiki.extension.repository.ExtensionRepository has been deprecated
[WARNING] /tmp/icst-2019/september-2018/dataset/xwiki-commons_parent/xwiki-commons-core/xwiki-commons-extension/xwiki-commons-extension-api/target/clover/src-instrumented/org/xwiki/extension/repository/AbstractExtensionRepository.java:[94,12] org.xwiki.extension.repository.ExtensionRepositoryId in org.xwiki.extension.repository has been deprecated
[WARNING] /tmp/icst-2019/september-2018/dataset/xwiki-commons_parent/xwiki-commons-core/xwiki-commons-extension/xwiki-commons-extension-api/target/clover/src-instrumented/org/xwiki/extension/repository/AbstractExtensionRepository.java:[96,57] org.xwiki.extension.repository.ExtensionRepositoryId in org.xwiki.extension.repository has been deprecated
[WARNING] /tmp/icst-2019/september-2018/dataset/xwiki-commons_parent/xwiki-commons-core/xwiki-commons-extension/xwiki-commons-extension-api/target/clover/src-instrumented/org/xwiki/extension/repository/internal/core/DefaultCoreExtensionRepository.java:[266,53] unchecked conversion
  required: org.xwiki.extension.repository.result.IterableResult<org.xwiki.extension.Extension>
  found:    org.xwiki.extension.repository.result.IterableResult
[WARNING] /tmp/icst-2019/september-2018/dataset/xwiki-commons_parent/xwiki-commons-core/xwiki-commons-extension/xwiki-commons-extension-api/target/clover/src-instrumented/org/xwiki/extension/repository/internal/core/DefaultCoreExtensionRepository.java:[272,53] unchecked conversion
  required: org.xwiki.extension.repository.result.IterableResult<org.xwiki.extension.Extension>
  found:    org.xwiki.extension.repository.result.IterableResult
[WARNING] /tmp/icst-2019/september-2018/dataset/xwiki-commons_parent/xwiki-commons-core/xwiki-commons-extension/xwiki-commons-extension-api/target/clover/src-instrumented/org/xwiki/extension/wrap/WrappingExtension.java:[47,61] org.xwiki.extension.wrap.AbstractWrappingObject in org.xwiki.extension.wrap has been deprecated
[WARNING] /tmp/icst-2019/september-2018/dataset/xwiki-commons_parent/xwiki-commons-core/xwiki-commons-extension/xwiki-commons-extension-api/target/clover/src-instrumented/org/xwiki/extension/wrap/WrappingExtension.java:[76,80] unchecked cast
  required: T
  found:    java.lang.Object
[WARNING] /tmp/icst-2019/september-2018/dataset/xwiki-commons_parent/xwiki-commons-core/xwiki-commons-extension/xwiki-commons-extension-api/target/clover/src-instrumented/org/xwiki/extension/wrap/WrappingExtension.java:[100,62] unchecked cast
  required: java.util.Collection<org.xwiki.extension.ExtensionId>
  found:    java.lang.Object
[WARNING] /tmp/icst-2019/september-2018/dataset/xwiki-commons_parent/xwiki-commons-core/xwiki-commons-extension/xwiki-commons-extension-api/target/clover/src-instrumented/org/xwiki/extension/wrap/WrappingExtension.java:[137,107] unchecked cast
  required: java.util.Collection<org.xwiki.extension.ExtensionLicense>
  found:    java.lang.Object
[WARNING] /tmp/icst-2019/september-2018/dataset/xwiki-commons_parent/xwiki-commons-core/xwiki-commons-extension/xwiki-commons-extension-api/target/clover/src-instrumented/org/xwiki/extension/wrap/WrappingExtension.java:[177,106] unchecked cast
  required: java.util.Collection<org.xwiki.extension.ExtensionAuthor>
  found:    java.lang.Object
[WARNING] /tmp/icst-2019/september-2018/dataset/xwiki-commons_parent/xwiki-commons-core/xwiki-commons-extension/xwiki-commons-extension-api/target/clover/src-instrumented/org/xwiki/extension/wrap/WrappingExtension.java:[187,97] unchecked cast
  required: java.util.Collection<java.lang.String>
  found:    java.lang.Object
[WARNING] /tmp/icst-2019/september-2018/dataset/xwiki-commons_parent/xwiki-commons-core/xwiki-commons-extension/xwiki-commons-extension-api/target/clover/src-instrumented/org/xwiki/extension/wrap/WrappingExtension.java:[197,110] unchecked cast
  required: java.util.Collection<org.xwiki.extension.ExtensionDependency>
  found:    java.lang.Object
[WARNING] /tmp/icst-2019/september-2018/dataset/xwiki-commons_parent/xwiki-commons-core/xwiki-commons-extension/xwiki-commons-extension-api/target/clover/src-instrumented/org/xwiki/extension/wrap/WrappingExtension.java:[207,110] unchecked cast
  required: java.util.Collection<org.xwiki.extension.ExtensionDependency>
  found:    java.lang.Object
[WARNING] /tmp/icst-2019/september-2018/dataset/xwiki-commons_parent/xwiki-commons-core/xwiki-commons-extension/xwiki-commons-extension-api/target/clover/src-instrumented/org/xwiki/extension/wrap/WrappingExtension.java:[259,120] unchecked cast
  required: java.util.Collection<org.xwiki.extension.repository.ExtensionRepositoryDescriptor>
  found:    java.lang.Object
[WARNING] /tmp/icst-2019/september-2018/dataset/xwiki-commons_parent/xwiki-commons-core/xwiki-commons-extension/xwiki-commons-extension-api/target/clover/src-instrumented/org/xwiki/extension/wrap/WrappingExtension.java:[269,98] unchecked cast
  required: java.util.Map<java.lang.String,java.lang.Object>
  found:    java.lang.Object
[WARNING] /tmp/icst-2019/september-2018/dataset/xwiki-commons_parent/xwiki-commons-core/xwiki-commons-extension/xwiki-commons-extension-api/target/clover/src-instrumented/org/xwiki/extension/wrap/WrappingExtension.java:[279,80] unchecked cast
  required: T
  found:    java.lang.Object
[WARNING] /tmp/icst-2019/september-2018/dataset/xwiki-commons_parent/xwiki-commons-core/xwiki-commons-extension/xwiki-commons-extension-api/target/clover/src-instrumented/org/xwiki/extension/wrap/WrappingExtension.java:[289,80] unchecked cast
  required: T
  found:    java.lang.Object
[WARNING] /tmp/icst-2019/september-2018/dataset/xwiki-commons_parent/xwiki-commons-core/xwiki-commons-extension/xwiki-commons-extension-api/target/clover/src-instrumented/org/xwiki/extension/job/ExtensionRequest.java:[39,8] serializable class org.xwiki.extension.job.ExtensionRequest has no definition of serialVersionUID
[WARNING] /tmp/icst-2019/september-2018/dataset/xwiki-commons_parent/xwiki-commons-core/xwiki-commons-extension/xwiki-commons-extension-api/target/clover/src-instrumented/org/xwiki/extension/wrap/WrappingExtensionRepository.java:[39,81] org.xwiki.extension.wrap.AbstractWrappingObject in org.xwiki.extension.wrap has been deprecated
[WARNING] /tmp/icst-2019/september-2018/dataset/xwiki-commons_parent/xwiki-commons-core/xwiki-commons-extension/xwiki-commons-extension-api/target/clover/src-instrumented/org/xwiki/extension/wrap/WrappingExtensionRepository.java:[59,34] getId() in org.xwiki.extension.repository.ExtensionRepository has been deprecated
[WARNING] /tmp/icst-2019/september-2018/dataset/xwiki-commons_parent/xwiki-commons-core/xwiki-commons-extension/xwiki-commons-extension-api/target/clover/src-instrumented/org/xwiki/extension/wrap/WrappingExtensionRepository.java:[59,12] org.xwiki.extension.repository.ExtensionRepositoryId in org.xwiki.extension.repository has been deprecated
[WARNING] /tmp/icst-2019/september-2018/dataset/xwiki-commons_parent/xwiki-commons-core/xwiki-commons-extension/xwiki-commons-extension-api/target/clover/src-instrumented/org/xwiki/extension/wrap/WrappingExtensionRepository.java:[61,65] getId() in org.xwiki.extension.repository.ExtensionRepository has been deprecated
[WARNING] /tmp/icst-2019/september-2018/dataset/xwiki-commons_parent/xwiki-commons-core/xwiki-commons-extension/xwiki-commons-extension-api/target/clover/src-instrumented/org/xwiki/extension/internal/DefaultExtensionManager.java:[265,55] unchecked conversion
  required: org.xwiki.extension.repository.result.IterableResult<org.xwiki.extension.Extension>
  found:    org.xwiki.extension.repository.result.IterableResult
[WARNING] /tmp/icst-2019/september-2018/dataset/xwiki-commons_parent/xwiki-commons-core/xwiki-commons-extension/xwiki-commons-extension-api/target/clover/src-instrumented/org/xwiki/extension/repository/internal/AbstractCachedExtensionRepository.java:[108,85] getFeatures() in org.xwiki.extension.Extension has been deprecated
[WARNING] /tmp/icst-2019/september-2018/dataset/xwiki-commons_parent/xwiki-commons-core/xwiki-commons-extension/xwiki-commons-extension-api/target/clover/src-instrumented/org/xwiki/extension/repository/internal/AbstractCachedExtensionRepository.java:[155,81] getFeatures() in org.xwiki.extension.Extension has been deprecated
[WARNING] /tmp/icst-2019/september-2018/dataset/xwiki-commons_parent/xwiki-commons-core/xwiki-commons-extension/xwiki-commons-extension-api/target/clover/src-instrumented/org/xwiki/extension/internal/ExtensionUtils.java:[198,55] unchecked conversion
  required: java.util.Collection<java.lang.String>
  found:    java.util.Collection
[WARNING] /tmp/icst-2019/september-2018/dataset/xwiki-commons_parent/xwiki-commons-core/xwiki-commons-extension/xwiki-commons-extension-api/target/clover/src-instrumented/org/xwiki/extension/internal/ExtensionUtils.java:[289,79] unchecked cast
  required: org.xwiki.extension.wrap.WrappingExtension<T>
  found:    org.xwiki.extension.wrap.WrappingExtension<capture#1 of ?>
[WARNING] /tmp/icst-2019/september-2018/dataset/xwiki-commons_parent/xwiki-commons-core/xwiki-commons-extension/xwiki-commons-extension-api/target/clover/src-instrumented/org/xwiki/extension/job/internal/AbstractInstallPlanJob.java:[123,66] unchecked conversion
  required: java.util.Collection<org.xwiki.extension.job.plan.ExtensionPlanNode>
  found:    java.util.Collection
[WARNING] /tmp/icst-2019/september-2018/dataset/xwiki-commons_parent/xwiki-commons-core/xwiki-commons-extension/xwiki-commons-extension-api/target/clover/src-instrumented/org/xwiki/extension/job/history/internal/DefaultExtensionJobHistorySerializer.java:[72,147] auto-closeable resource __CLR$ACI0 is never referenced in body of corresponding try statement
[WARNING] /tmp/icst-2019/september-2018/dataset/xwiki-commons_parent/xwiki-commons-core/xwiki-commons-extension/xwiki-commons-extension-api/target/clover/src-instrumented/org/xwiki/extension/job/history/internal/DefaultExtensionJobHistorySerializer.java:[94,147] auto-closeable resource __CLR$ACI1 is never referenced in body of corresponding try statement
[WARNING] /tmp/icst-2019/september-2018/dataset/xwiki-commons_parent/xwiki-commons-core/xwiki-commons-extension/xwiki-commons-extension-api/target/clover/src-instrumented/org/xwiki/extension/repository/AbstractAdvancedSearchableExtensionRepository.java:[35,17] getId() in org.xwiki.extension.repository.ExtensionRepository has been deprecated
[WARNING] /tmp/icst-2019/september-2018/dataset/xwiki-commons_parent/xwiki-commons-core/xwiki-commons-extension/xwiki-commons-extension-api/target/clover/src-instrumented/org/xwiki/extension/internal/converter/ExtensionIdConverter.java:[190,27] convertToType(java.lang.reflect.Type,java.lang.Object) in org.xwiki.extension.internal.converter.ExtensionIdConverter overrides <G>convertToType(java.lang.reflect.Type,java.lang.Object) in org.xwiki.properties.converter.AbstractConverter
  return type requires unchecked conversion from org.xwiki.extension.ExtensionId to G
[WARNING] /tmp/icst-2019/september-2018/dataset/xwiki-commons_parent/xwiki-commons-core/xwiki-commons-extension/xwiki-commons-extension-api/target/clover/src-instrumented/org/xwiki/extension/repository/internal/CollectionExtensionPropertySerializer.java:[37,62] found raw type: java.util.Collection
  missing type arguments for generic class java.util.Collection<E>
[WARNING] /tmp/icst-2019/september-2018/dataset/xwiki-commons_parent/xwiki-commons-core/xwiki-commons-extension/xwiki-commons-extension-api/target/clover/src-instrumented/org/xwiki/extension/repository/internal/CollectionExtensionPropertySerializer.java:[42,27] found raw type: org.xwiki.extension.repository.internal.ExtensionPropertySerializer
  missing type arguments for generic class org.xwiki.extension.repository.internal.ExtensionPropertySerializer<T>
[WARNING] /tmp/icst-2019/september-2018/dataset/xwiki-commons_parent/xwiki-commons-core/xwiki-commons-extension/xwiki-commons-extension-api/target/clover/src-instrumented/org/xwiki/extension/repository/internal/CollectionExtensionPropertySerializer.java:[47,29] found raw type: org.xwiki.extension.repository.internal.ExtensionPropertySerializer
  missing type arguments for generic class org.xwiki.extension.repository.internal.ExtensionPropertySerializer<T>
[WARNING] /tmp/icst-2019/september-2018/dataset/xwiki-commons_parent/xwiki-commons-core/xwiki-commons-extension/xwiki-commons-extension-api/target/clover/src-instrumented/org/xwiki/extension/repository/internal/CollectionExtensionPropertySerializer.java:[55,21] found raw type: org.xwiki.extension.repository.internal.ExtensionPropertySerializer
  missing type arguments for generic class org.xwiki.extension.repository.internal.ExtensionPropertySerializer<T>
[WARNING] /tmp/icst-2019/september-2018/dataset/xwiki-commons_parent/xwiki-commons-core/xwiki-commons-extension/xwiki-commons-extension-api/target/clover/src-instrumented/org/xwiki/extension/repository/internal/CollectionExtensionPropertySerializer.java:[56,23] found raw type: org.xwiki.extension.repository.internal.ExtensionPropertySerializer
  missing type arguments for generic class org.xwiki.extension.repository.internal.ExtensionPropertySerializer<T>
[WARNING] /tmp/icst-2019/september-2018/dataset/xwiki-commons_parent/xwiki-commons-core/xwiki-commons-extension/xwiki-commons-extension-api/target/clover/src-instrumented/org/xwiki/extension/repository/internal/CollectionExtensionPropertySerializer.java:[68,62] found raw type: org.xwiki.extension.repository.internal.ExtensionPropertySerializer
  missing type arguments for generic class org.xwiki.extension.repository.internal.ExtensionPropertySerializer<T>
[WARNING] /tmp/icst-2019/september-2018/dataset/xwiki-commons_parent/xwiki-commons-core/xwiki-commons-extension/xwiki-commons-extension-api/target/clover/src-instrumented/org/xwiki/extension/repository/internal/CollectionExtensionPropertySerializer.java:[69,23] found raw type: org.xwiki.extension.repository.internal.ExtensionPropertySerializer
  missing type arguments for generic class org.xwiki.extension.repository.internal.ExtensionPropertySerializer<T>
[WARNING] /tmp/icst-2019/september-2018/dataset/xwiki-commons_parent/xwiki-commons-core/xwiki-commons-extension/xwiki-commons-extension-api/target/clover/src-instrumented/org/xwiki/extension/repository/internal/CollectionExtensionPropertySerializer.java:[79,61] found raw type: java.util.ArrayList
  missing type arguments for generic class java.util.ArrayList<E>
[WARNING] /tmp/icst-2019/september-2018/dataset/xwiki-commons_parent/xwiki-commons-core/xwiki-commons-extension/xwiki-commons-extension-api/target/clover/src-instrumented/org/xwiki/extension/repository/internal/CollectionExtensionPropertySerializer.java:[79,57] unchecked cast
  required: C
  found:    java.util.ArrayList
[WARNING] /tmp/icst-2019/september-2018/dataset/xwiki-commons_parent/xwiki-commons-core/xwiki-commons-extension/xwiki-commons-extension-api/target/clover/src-instrumented/org/xwiki/extension/repository/internal/CollectionExtensionPropertySerializer.java:[88,62] found raw type: org.xwiki.extension.repository.internal.ExtensionPropertySerializer
  missing type arguments for generic class org.xwiki.extension.repository.internal.ExtensionPropertySerializer<T>
[WARNING] /tmp/icst-2019/september-2018/dataset/xwiki-commons_parent/xwiki-commons-core/xwiki-commons-extension/xwiki-commons-extension-api/target/clover/src-instrumented/org/xwiki/extension/repository/internal/CollectionExtensionPropertySerializer.java:[96,83] unchecked cast
  required: T
  found:    capture#2 of ?
[WARNING] /tmp/icst-2019/september-2018/dataset/xwiki-commons_parent/xwiki-commons-core/xwiki-commons-extension/xwiki-commons-extension-api/target/clover/src-instrumented/org/xwiki/extension/repository/internal/CollectionExtensionPropertySerializer.java:[109,23] found raw type: org.xwiki.extension.repository.internal.ExtensionPropertySerializer
  missing type arguments for generic class org.xwiki.extension.repository.internal.ExtensionPropertySerializer<T>
[WARNING] /tmp/icst-2019/september-2018/dataset/xwiki-commons_parent/xwiki-commons-core/xwiki-commons-extension/xwiki-commons-extension-api/target/clover/src-instrumented/org/xwiki/extension/repository/internal/CollectionExtensionPropertySerializer.java:[108,19] found raw type: org.xwiki.extension.repository.internal.ExtensionPropertySerializer
  missing type arguments for generic class org.xwiki.extension.repository.internal.ExtensionPropertySerializer<T>
[WARNING] /tmp/icst-2019/september-2018/dataset/xwiki-commons_parent/xwiki-commons-core/xwiki-commons-extension/xwiki-commons-extension-api/target/clover/src-instrumented/org/xwiki/extension/repository/internal/CollectionExtensionPropertySerializer.java:[111,71] found raw type: org.xwiki.extension.repository.internal.ExtensionPropertySerializer
  missing type arguments for generic class org.xwiki.extension.repository.internal.ExtensionPropertySerializer<T>
[WARNING] /tmp/icst-2019/september-2018/dataset/xwiki-commons_parent/xwiki-commons-core/xwiki-commons-extension/xwiki-commons-extension-api/target/clover/src-instrumented/org/xwiki/extension/repository/internal/CollectionExtensionPropertySerializer.java:[128,23] found raw type: org.xwiki.extension.repository.internal.ExtensionPropertySerializer
  missing type arguments for generic class org.xwiki.extension.repository.internal.ExtensionPropertySerializer<T>
[WARNING] /tmp/icst-2019/september-2018/dataset/xwiki-commons_parent/xwiki-commons-core/xwiki-commons-extension/xwiki-commons-extension-api/target/clover/src-instrumented/org/xwiki/extension/repository/internal/CollectionExtensionPropertySerializer.java:[131,50] found raw type: org.xwiki.extension.repository.internal.ExtensionPropertySerializer
  missing type arguments for generic class org.xwiki.extension.repository.internal.ExtensionPropertySerializer<T>
[WARNING] /tmp/icst-2019/september-2018/dataset/xwiki-commons_parent/xwiki-commons-core/xwiki-commons-extension/xwiki-commons-extension-api/target/clover/src-instrumented/org/xwiki/extension/repository/internal/CollectionExtensionPropertySerializer.java:[134,81] unchecked call to toElement(org.w3c.dom.Document,java.lang.String,T) as a member of the raw type org.xwiki.extension.repository.internal.ExtensionPropertySerializer
[WARNING] /tmp/icst-2019/september-2018/dataset/xwiki-commons_parent/xwiki-commons-core/xwiki-commons-extension/xwiki-commons-extension-api/target/clover/src-instrumented/org/xwiki/extension/repository/internal/CollectionExtensionPropertySerializer.java:[157,72] unchecked call to add(E) as a member of the raw type java.util.Collection
[WARNING] /tmp/icst-2019/september-2018/dataset/xwiki-commons_parent/xwiki-commons-core/xwiki-commons-extension/xwiki-commons-extension-api/target/clover/src-instrumented/org/xwiki/extension/internal/DefaultExtensionManagerConfiguration.java:[235,46] getRepositories() in org.xwiki.extension.ExtensionManagerConfiguration has been deprecated
[WARNING] /tmp/icst-2019/september-2018/dataset/xwiki-commons_parent/xwiki-commons-core/xwiki-commons-extension/xwiki-commons-extension-api/target/clover/src-instrumented/org/xwiki/extension/internal/DefaultExtensionManagerConfiguration.java:[235,23] org.xwiki.extension.repository.ExtensionRepositoryId in org.xwiki.extension.repository has been deprecated
[WARNING] /tmp/icst-2019/september-2018/dataset/xwiki-commons_parent/xwiki-commons-core/xwiki-commons-extension/xwiki-commons-extension-api/target/clover/src-instrumented/org/xwiki/extension/internal/DefaultExtensionManagerConfiguration.java:[237,55] org.xwiki.extension.repository.ExtensionRepositoryId in org.xwiki.extension.repository has been deprecated
[WARNING] /tmp/icst-2019/september-2018/dataset/xwiki-commons_parent/xwiki-commons-core/xwiki-commons-extension/xwiki-commons-extension-api/target/clover/src-instrumented/org/xwiki/extension/internal/DefaultExtensionManagerConfiguration.java:[237,107] org.xwiki.extension.repository.ExtensionRepositoryId in org.xwiki.extension.repository has been deprecated
[WARNING] /tmp/icst-2019/september-2018/dataset/xwiki-commons_parent/xwiki-commons-core/xwiki-commons-extension/xwiki-commons-extension-api/target/clover/src-instrumented/org/xwiki/extension/internal/DefaultExtensionManagerConfiguration.java:[240,69] org.xwiki.extension.repository.ExtensionRepositoryId in org.xwiki.extension.repository has been deprecated
[WARNING] /tmp/icst-2019/september-2018/dataset/xwiki-commons_parent/xwiki-commons-core/xwiki-commons-extension/xwiki-commons-extension-api/target/clover/src-instrumented/org/xwiki/extension/internal/DefaultExtensionManagerConfiguration.java:[288,59] unchecked conversion
  required: java.util.List<java.lang.String>
  found:    java.util.List
[WARNING] /tmp/icst-2019/september-2018/dataset/xwiki-commons_parent/xwiki-commons-core/xwiki-commons-extension/xwiki-commons-extension-api/target/clover/src-instrumented/org/xwiki/extension/internal/DefaultExtensionLicenseManager.java:[101,85] readLines(java.io.InputStream) in org.apache.commons.io.IOUtils has been deprecated
[WARNING] /tmp/icst-2019/september-2018/dataset/xwiki-commons_parent/xwiki-commons-core/xwiki-commons-extension/xwiki-commons-extension-api/target/clover/src-instrumented/org/xwiki/extension/repository/internal/SortClauseComparator.java:[68,76] unchecked method invocation: method compare in class org.apache.commons.lang3.ObjectUtils is applied to given types
  required: T,T
  found: java.lang.Comparable,java.lang.Comparable
[WARNING] /tmp/icst-2019/september-2018/dataset/xwiki-commons_parent/xwiki-commons-core/xwiki-commons-extension/xwiki-commons-extension-api/target/clover/src-instrumented/org/xwiki/extension/repository/AbstractExtensionRepositoryFactory.java:[31,32] createRepository(org.xwiki.extension.repository.ExtensionRepositoryId) in org.xwiki.extension.repository.ExtensionRepositoryFactory has been deprecated
[WARNING] /tmp/icst-2019/september-2018/dataset/xwiki-commons_parent/xwiki-commons-core/xwiki-commons-extension/xwiki-commons-extension-api/target/clover/src-instrumented/org/xwiki/extension/repository/AbstractExtensionRepositoryFactory.java:[31,49] org.xwiki.extension.repository.ExtensionRepositoryId in org.xwiki.extension.repository has been deprecated
[WARNING] /tmp/icst-2019/september-2018/dataset/xwiki-commons_parent/xwiki-commons-core/xwiki-commons-extension/xwiki-commons-extension-api/target/clover/src-instrumented/org/xwiki/extension/repository/internal/installed/DefaultInstalledExtension.java:[124,57] unchecked cast
  required: java.util.Map<java.lang.String,java.util.Map<java.lang.String,java.lang.Object>>
  found:    java.lang.Object
[WARNING] /tmp/icst-2019/september-2018/dataset/xwiki-commons_parent/xwiki-commons-core/xwiki-commons-extension/xwiki-commons-extension-api/target/clover/src-instrumented/org/xwiki/extension/repository/internal/installed/DefaultInstalledExtension.java:[151,84] unchecked cast
  required: java.util.Collection<java.lang.String>
  found:    java.lang.Object
[WARNING] /tmp/icst-2019/september-2018/dataset/xwiki-commons_parent/xwiki-commons-core/xwiki-commons-extension/xwiki-commons-extension-api/target/clover/src-instrumented/org/xwiki/extension/repository/internal/installed/DefaultInstalledExtension.java:[153,99] unchecked cast
  required: java.util.Map<java.lang.String,java.util.Map<java.lang.String,java.lang.Object>>
  found:    java.lang.Object
[WARNING] /tmp/icst-2019/september-2018/dataset/xwiki-commons_parent/xwiki-commons-core/xwiki-commons-extension/xwiki-commons-extension-api/target/clover/src-instrumented/org/xwiki/extension/repository/internal/installed/DefaultInstalledExtension.java:[349,103] unchecked cast
  required: java.util.Collection<java.lang.String>
  found:    java.lang.Object
[WARNING] /tmp/icst-2019/september-2018/dataset/xwiki-commons_parent/xwiki-commons-core/xwiki-commons-extension/xwiki-commons-extension-api/target/clover/src-instrumented/org/xwiki/extension/repository/internal/installed/DefaultInstalledExtension.java:[352,107] unchecked cast
  required: java.util.Map<java.lang.String,java.util.Map<java.lang.String,java.lang.Object>>
  found:    java.lang.Object
[WARNING] /tmp/icst-2019/september-2018/dataset/xwiki-commons_parent/xwiki-commons-core/xwiki-commons-extension/xwiki-commons-extension-api/target/clover/src-instrumented/org/xwiki/extension/repository/AbstractExtensionRepositorySource.java:[40,46] getExtensionRepositories() in org.xwiki.extension.repository.ExtensionRepositorySource has been deprecated
[WARNING] /tmp/icst-2019/september-2018/dataset/xwiki-commons_parent/xwiki-commons-core/xwiki-commons-extension/xwiki-commons-extension-api/target/clover/src-instrumented/org/xwiki/extension/repository/AbstractExtensionRepositorySource.java:[40,23] org.xwiki.extension.repository.ExtensionRepositoryId in org.xwiki.extension.repository has been deprecated
[WARNING] /tmp/icst-2019/september-2018/dataset/xwiki-commons_parent/xwiki-commons-core/xwiki-commons-extension/xwiki-commons-extension-api/target/clover/src-instrumented/org/xwiki/extension/repository/AbstractExtensionRepositorySource.java:[42,57] org.xwiki.extension.repository.ExtensionRepositoryId in org.xwiki.extension.repository has been deprecated
[WARNING] /tmp/icst-2019/september-2018/dataset/xwiki-commons_parent/xwiki-commons-core/xwiki-commons-extension/xwiki-commons-extension-api/target/clover/src-instrumented/org/xwiki/extension/repository/AbstractExtensionRepositorySource.java:[42,109] org.xwiki.extension.repository.ExtensionRepositoryId in org.xwiki.extension.repository has been deprecated
[WARNING] /tmp/icst-2019/september-2018/dataset/xwiki-commons_parent/xwiki-commons-core/xwiki-commons-extension/xwiki-commons-extension-api/target/clover/src-instrumented/org/xwiki/extension/repository/AbstractExtensionRepositorySource.java:[45,71] org.xwiki.extension.repository.ExtensionRepositoryId in org.xwiki.extension.repository has been deprecated
[WARNING] /tmp/icst-2019/september-2018/dataset/xwiki-commons_parent/xwiki-commons-core/xwiki-commons-extension/xwiki-commons-extension-api/target/clover/src-instrumented/org/xwiki/extension/repository/internal/DefaultExtensionSerializer.java:[186,27] found raw type: org.xwiki.extension.repository.internal.ExtensionPropertySerializer
  missing type arguments for generic class org.xwiki.extension.repository.internal.ExtensionPropertySerializer<T>
[INFO] /tmp/icst-2019/september-2018/dataset/xwiki-commons_parent/xwiki-commons-core/xwiki-commons-extension/xwiki-commons-extension-api/target/clover/src-instrumented/org/xwiki/extension/repository/internal/DefaultExtensionSerializer.java: Some input files additionally use or override a deprecated API.
[INFO] /tmp/icst-2019/september-2018/dataset/xwiki-commons_parent/xwiki-commons-core/xwiki-commons-extension/xwiki-commons-extension-api/target/clover/src-instrumented/org/xwiki/extension/repository/internal/DefaultExtensionSerializer.java: Some input files additionally use unchecked or unsafe operations.
[INFO] 
[INFO] --- maven-bundle-plugin:3.5.0:manifest (bundle-manifest) @ xwiki-commons-extension-api ---
[INFO] 
[INFO] --- maven-resources-plugin:3.1.0:testResources (default-testResources) @ xwiki-commons-extension-api ---
[INFO] Using 'UTF-8' encoding to copy filtered resources.
[INFO] Copying 89 resources
[INFO] Copying 2 resources
[INFO] 
[INFO] --- maven-compiler-plugin:3.7.0:testCompile (default-testCompile) @ xwiki-commons-extension-api ---
[INFO] Changes detected - recompiling the module!
[INFO] Compiling 51 source files to /tmp/icst-2019/september-2018/dataset/xwiki-commons_parent/xwiki-commons-core/xwiki-commons-extension/xwiki-commons-extension-api/target/test-classes
[WARNING] /tmp/icst-2019/september-2018/dataset/xwiki-commons_parent/xwiki-commons-core/xwiki-commons-extension/xwiki-commons-extension-api/src/test/java/org/xwiki/extension/test/AbstractExtensionHandlerTest.java:[274,79] unchecked cast
  required: org.xwiki.extension.job.plan.internal.DefaultExtensionPlan<org.xwiki.extension.job.UninstallRequest>
  found:    org.xwiki.job.event.status.JobStatus
[WARNING] /tmp/icst-2019/september-2018/dataset/xwiki-commons_parent/xwiki-commons-core/xwiki-commons-extension/xwiki-commons-extension-api/src/test/java/org/xwiki/extension/test/MockitoRepositoryUtils.java:[138,14] found raw type: org.xwiki.component.descriptor.ComponentDescriptor
  missing type arguments for generic class org.xwiki.component.descriptor.ComponentDescriptor<T>
[WARNING] /tmp/icst-2019/september-2018/dataset/xwiki-commons_parent/xwiki-commons-core/xwiki-commons-extension/xwiki-commons-extension-api/src/test/java/org/xwiki/extension/test/FileExtensionRepository.java:[52,8] getId() in org.xwiki.extension.repository.ExtensionRepository has been deprecated
[WARNING] /tmp/icst-2019/september-2018/dataset/xwiki-commons_parent/xwiki-commons-core/xwiki-commons-extension/xwiki-commons-extension-api/src/test/java/org/xwiki/extension/test/TestVersion.java:[31,8] serializable class org.xwiki.extension.test.TestVersion has no definition of serialVersionUID
[WARNING] /tmp/icst-2019/september-2018/dataset/xwiki-commons_parent/xwiki-commons-core/xwiki-commons-extension/xwiki-commons-extension-api/src/test/java/org/xwiki/extension/repository/local/DefaultExtensionSerializerTest.java:[78,47] getFeatures() in org.xwiki.extension.AbstractExtension has been deprecated
[WARNING] /tmp/icst-2019/september-2018/dataset/xwiki-commons_parent/xwiki-commons-core/xwiki-commons-extension/xwiki-commons-extension-api/src/test/java/org/xwiki/extension/repository/local/DefaultExtensionSerializerTest.java:[78,101] getFeatures() in org.xwiki.extension.AbstractExtension has been deprecated
[WARNING] /tmp/icst-2019/september-2018/dataset/xwiki-commons_parent/xwiki-commons-core/xwiki-commons-extension/xwiki-commons-extension-api/src/test/java/org/xwiki/extension/repository/local/DefaultExtensionSerializerTest.java:[152,18] addFeature(java.lang.String) in org.xwiki.extension.AbstractExtension has been deprecated
[WARNING] /tmp/icst-2019/september-2018/dataset/xwiki-commons_parent/xwiki-commons-core/xwiki-commons-extension/xwiki-commons-extension-api/src/test/java/org/xwiki/extension/repository/installed/DefaultInstalledExtensionTest.java:[112,44] isDependency() in org.xwiki.extension.repository.internal.installed.DefaultInstalledExtension has been deprecated
[WARNING] /tmp/icst-2019/september-2018/dataset/xwiki-commons_parent/xwiki-commons-core/xwiki-commons-extension/xwiki-commons-extension-api/src/test/java/org/xwiki/extension/repository/installed/DefaultInstalledExtensionTest.java:[117,44] isDependency() in org.xwiki.extension.repository.internal.installed.DefaultInstalledExtension has been deprecated
[WARNING] /tmp/icst-2019/september-2018/dataset/xwiki-commons_parent/xwiki-commons-core/xwiki-commons-extension/xwiki-commons-extension-api/src/test/java/org/xwiki/extension/repository/installed/DefaultInstalledExtensionTest.java:[122,43] isDependency() in org.xwiki.extension.repository.internal.installed.DefaultInstalledExtension has been deprecated
[WARNING] /tmp/icst-2019/september-2018/dataset/xwiki-commons_parent/xwiki-commons-core/xwiki-commons-extension/xwiki-commons-extension-api/src/test/java/org/xwiki/extension/job/history/internal/ExtensionJobHistoryRecorderTest.java:[82,57] unchecked conversion
  required: org.xwiki.job.DefaultJobStatus<org.xwiki.extension.job.ExtensionRequest>
  found:    org.xwiki.job.DefaultJobStatus
[WARNING] /tmp/icst-2019/september-2018/dataset/xwiki-commons_parent/xwiki-commons-core/xwiki-commons-extension/xwiki-commons-extension-api/src/test/java/org/xwiki/extension/test/ResourceExtensionRepository.java:[45,8] getId() in org.xwiki.extension.repository.ExtensionRepository has been deprecated
[WARNING] /tmp/icst-2019/september-2018/dataset/xwiki-commons_parent/xwiki-commons-core/xwiki-commons-extension/xwiki-commons-extension-api/src/test/java/org/xwiki/extension/repository/installed/DefaultInstalledExtensionRepositoryTest.java:[262,44] getFeatures() in org.xwiki.extension.Extension has been deprecated
[WARNING] /tmp/icst-2019/september-2018/dataset/xwiki-commons_parent/xwiki-commons-core/xwiki-commons-extension/xwiki-commons-extension-api/src/test/java/org/xwiki/extension/repository/installed/DefaultInstalledExtensionRepositoryTest.java:[418,9] serializable class <anonymous org.xwiki.extension.repository.installed.DefaultInstalledExtensionRepositoryTest$1> has no definition of serialVersionUID
[WARNING] /tmp/icst-2019/september-2018/dataset/xwiki-commons_parent/xwiki-commons-core/xwiki-commons-extension/xwiki-commons-extension-api/src/test/java/org/xwiki/extension/repository/core/DefaultCoreExtensionRepositoryTest.java:[94,43] unchecked conversion
  required: java.util.Map<java.lang.String,org.xwiki.extension.repository.internal.core.DefaultCoreExtension>
  found:    java.util.Map
[WARNING] /tmp/icst-2019/september-2018/dataset/xwiki-commons_parent/xwiki-commons-core/xwiki-commons-extension/xwiki-commons-extension-api/src/test/java/org/xwiki/extension/repository/core/DefaultCoreExtensionRepositoryTest.java:[94,59] unchecked conversion
  required: java.util.Collection<java.net.URL>
  found:    java.util.Collection
[WARNING] /tmp/icst-2019/september-2018/dataset/xwiki-commons_parent/xwiki-commons-core/xwiki-commons-extension/xwiki-commons-extension-api/src/test/java/org/xwiki/extension/job/internal/InstallPlanJobTest.java:[72,33] getPreviousExtension() in org.xwiki.extension.job.plan.ExtensionPlanAction has been deprecated
[WARNING] /tmp/icst-2019/september-2018/dataset/xwiki-commons_parent/xwiki-commons-core/xwiki-commons-extension/xwiki-commons-extension-api/src/test/java/org/xwiki/extension/job/internal/InstallPlanJobTest.java:[94,43] getPreviousExtension() in org.xwiki.extension.job.plan.ExtensionPlanAction has been deprecated
[WARNING] /tmp/icst-2019/september-2018/dataset/xwiki-commons_parent/xwiki-commons-core/xwiki-commons-extension/xwiki-commons-extension-api/src/test/java/org/xwiki/extension/job/internal/InstallPlanJobTest.java:[102,43] getPreviousExtension() in org.xwiki.extension.job.plan.ExtensionPlanAction has been deprecated
[WARNING] /tmp/icst-2019/september-2018/dataset/xwiki-commons_parent/xwiki-commons-core/xwiki-commons-extension/xwiki-commons-extension-api/src/test/java/org/xwiki/extension/job/internal/InstallPlanJobTest.java:[118,43] getPreviousExtension() in org.xwiki.extension.job.plan.ExtensionPlanAction has been deprecated
[WARNING] /tmp/icst-2019/september-2018/dataset/xwiki-commons_parent/xwiki-commons-core/xwiki-commons-extension/xwiki-commons-extension-api/src/test/java/org/xwiki/extension/job/internal/InstallPlanJobTest.java:[127,43] getPreviousExtension() in org.xwiki.extension.job.plan.ExtensionPlanAction has been deprecated
[WARNING] /tmp/icst-2019/september-2018/dataset/xwiki-commons_parent/xwiki-commons-core/xwiki-commons-extension/xwiki-commons-extension-api/src/test/java/org/xwiki/extension/job/internal/InstallPlanJobTest.java:[142,43] getPreviousExtension() in org.xwiki.extension.job.plan.ExtensionPlanAction has been deprecated
[WARNING] /tmp/icst-2019/september-2018/dataset/xwiki-commons_parent/xwiki-commons-core/xwiki-commons-extension/xwiki-commons-extension-api/src/test/java/org/xwiki/extension/job/internal/InstallPlanJobTest.java:[151,43] getPreviousExtension() in org.xwiki.extension.job.plan.ExtensionPlanAction has been deprecated
[WARNING] /tmp/icst-2019/september-2018/dataset/xwiki-commons_parent/xwiki-commons-core/xwiki-commons-extension/xwiki-commons-extension-api/src/test/java/org/xwiki/extension/job/internal/InstallPlanJobTest.java:[173,70] getPreviousExtension() in org.xwiki.extension.job.plan.ExtensionPlanAction has been deprecated
[WARNING] /tmp/icst-2019/september-2018/dataset/xwiki-commons_parent/xwiki-commons-core/xwiki-commons-extension/xwiki-commons-extension-api/src/test/java/org/xwiki/extension/job/internal/InstallPlanJobTest.java:[203,63] getPreviousExtension() in org.xwiki.extension.job.plan.ExtensionPlanAction has been deprecated
[WARNING] /tmp/icst-2019/september-2018/dataset/xwiki-commons_parent/xwiki-commons-core/xwiki-commons-extension/xwiki-commons-extension-api/src/test/java/org/xwiki/extension/job/internal/InstallPlanJobTest.java:[211,74] getPreviousExtension() in org.xwiki.extension.job.plan.ExtensionPlanAction has been deprecated
[WARNING] /tmp/icst-2019/september-2018/dataset/xwiki-commons_parent/xwiki-commons-core/xwiki-commons-extension/xwiki-commons-extension-api/src/test/java/org/xwiki/extension/job/internal/InstallPlanJobTest.java:[238,78] getPreviousExtension() in org.xwiki.extension.job.plan.ExtensionPlanAction has been deprecated
[WARNING] /tmp/icst-2019/september-2018/dataset/xwiki-commons_parent/xwiki-commons-core/xwiki-commons-extension/xwiki-commons-extension-api/src/test/java/org/xwiki/extension/job/internal/InstallPlanJobTest.java:[250,78] getPreviousExtension() in org.xwiki.extension.job.plan.ExtensionPlanAction has been deprecated
[WARNING] /tmp/icst-2019/september-2018/dataset/xwiki-commons_parent/xwiki-commons-core/xwiki-commons-extension/xwiki-commons-extension-api/src/test/java/org/xwiki/extension/job/internal/InstallPlanJobTest.java:[273,70] getPreviousExtension() in org.xwiki.extension.job.plan.ExtensionPlanAction has been deprecated
[WARNING] /tmp/icst-2019/september-2018/dataset/xwiki-commons_parent/xwiki-commons-core/xwiki-commons-extension/xwiki-commons-extension-api/src/test/java/org/xwiki/extension/job/internal/InstallPlanJobTest.java:[296,70] getPreviousExtension() in org.xwiki.extension.job.plan.ExtensionPlanAction has been deprecated
[WARNING] /tmp/icst-2019/september-2018/dataset/xwiki-commons_parent/xwiki-commons-core/xwiki-commons-extension/xwiki-commons-extension-api/src/test/java/org/xwiki/extension/job/internal/InstallPlanJobTest.java:[327,70] getPreviousExtension() in org.xwiki.extension.job.plan.ExtensionPlanAction has been deprecated
[WARNING] /tmp/icst-2019/september-2018/dataset/xwiki-commons_parent/xwiki-commons-core/xwiki-commons-extension/xwiki-commons-extension-api/src/test/java/org/xwiki/extension/job/internal/InstallPlanJobTest.java:[416,43] getPreviousExtension() in org.xwiki.extension.job.plan.ExtensionPlanAction has been deprecated
[WARNING] /tmp/icst-2019/september-2018/dataset/xwiki-commons_parent/xwiki-commons-core/xwiki-commons-extension/xwiki-commons-extension-api/src/test/java/org/xwiki/extension/job/internal/InstallPlanJobTest.java:[497,70] getPreviousExtension() in org.xwiki.extension.job.plan.ExtensionPlanAction has been deprecated
[WARNING] /tmp/icst-2019/september-2018/dataset/xwiki-commons_parent/xwiki-commons-core/xwiki-commons-extension/xwiki-commons-extension-api/src/test/java/org/xwiki/extension/job/internal/InstallPlanJobTest.java:[545,82] getPreviousExtension() in org.xwiki.extension.job.plan.ExtensionPlanAction has been deprecated
[WARNING] /tmp/icst-2019/september-2018/dataset/xwiki-commons_parent/xwiki-commons-core/xwiki-commons-extension/xwiki-commons-extension-api/src/test/java/org/xwiki/extension/job/internal/InstallPlanJobTest.java:[554,76] getPreviousExtension() in org.xwiki.extension.job.plan.ExtensionPlanAction has been deprecated
[WARNING] /tmp/icst-2019/september-2018/dataset/xwiki-commons_parent/xwiki-commons-core/xwiki-commons-extension/xwiki-commons-extension-api/src/test/java/org/xwiki/extension/job/history/internal/AnswerReplayerTest.java:[48,57] unchecked conversion
  required: org.xwiki.extension.job.history.QuestionRecorder<java.lang.Object>
  found:    org.xwiki.extension.job.history.QuestionRecorder
[INFO] 
[INFO] --- maven-surefire-plugin:2.19.1:test (default-test) @ xwiki-commons-extension-api ---

-------------------------------------------------------
 T E S T S
-------------------------------------------------------
Running org.xwiki.extension.job.plan.internal.DefaultExtensionPlanActionTest
Tests run: 1, Failures: 0, Errors: 0, Skipped: 0, Time elapsed: 0.05 sec - in org.xwiki.extension.job.plan.internal.DefaultExtensionPlanActionTest
Running org.xwiki.extension.repository.DefaultExtensionRepositoryDescriptorTest
Tests run: 2, Failures: 0, Errors: 0, Skipped: 0, Time elapsed: 0.011 sec - in org.xwiki.extension.repository.DefaultExtensionRepositoryDescriptorTest
Running org.xwiki.extension.repository.installed.DefaultInstalledExtensionTest
Tests run: 6, Failures: 0, Errors: 0, Skipped: 0, Time elapsed: 0.228 sec - in org.xwiki.extension.repository.installed.DefaultInstalledExtensionTest
Running org.xwiki.extension.repository.core.DefaultCoreExtensionRepositoryTest
Tests run: 4, Failures: 0, Errors: 0, Skipped: 0, Time elapsed: 1.158 sec - in org.xwiki.extension.repository.core.DefaultCoreExtensionRepositoryTest
Running org.xwiki.extension.repository.local.DefaultExtensionSerializerTest
Tests run: 1, Failures: 0, Errors: 0, Skipped: 0, Time elapsed: 0.129 sec - in org.xwiki.extension.repository.local.DefaultExtensionSerializerTest
Running org.xwiki.extension.ExtensionLicenseTest
Tests run: 1, Failures: 0, Errors: 0, Skipped: 0, Time elapsed: 0 sec - in org.xwiki.extension.ExtensionLicenseTest
Running org.xwiki.extension.DefaultExtensionDependencyTest
Tests run: 5, Failures: 0, Errors: 0, Skipped: 0, Time elapsed: 0.007 sec - in org.xwiki.extension.DefaultExtensionDependencyTest
Running org.xwiki.extension.version.internal.DefaultVersionTest
Tests run: 5, Failures: 0, Errors: 0, Skipped: 0, Time elapsed: 0.08 sec - in org.xwiki.extension.version.internal.DefaultVersionTest
Running org.xwiki.extension.version.internal.DefaultVersionRangeTest
Tests run: 10, Failures: 0, Errors: 0, Skipped: 0, Time elapsed: 0.011 sec - in org.xwiki.extension.version.internal.DefaultVersionRangeTest
Running org.xwiki.extension.version.internal.DefaultVersionConstraintTest
Tests run: 4, Failures: 0, Errors: 0, Skipped: 0, Time elapsed: 0.007 sec - in org.xwiki.extension.version.internal.DefaultVersionConstraintTest
Running org.xwiki.extension.AbstractExtensionTest
Tests run: 4, Failures: 0, Errors: 0, Skipped: 0, Time elapsed: 0.04 sec - in org.xwiki.extension.AbstractExtensionTest
Running org.xwiki.extension.DefaultExtensionScmTest
Tests run: 1, Failures: 0, Errors: 0, Skipped: 0, Time elapsed: 0 sec - in org.xwiki.extension.DefaultExtensionScmTest
Running org.xwiki.extension.DefaultExtensionAuthorTest
Tests run: 1, Failures: 0, Errors: 0, Skipped: 0, Time elapsed: 0 sec - in org.xwiki.extension.DefaultExtensionAuthorTest
Running org.xwiki.extension.DefaultExtensionIssueManagementTest
Tests run: 1, Failures: 0, Errors: 0, Skipped: 0, Time elapsed: 0 sec - in org.xwiki.extension.DefaultExtensionIssueManagementTest
Running org.xwiki.extension.job.history.internal.ReplayJobTest
Tests run: 2, Failures: 0, Errors: 0, Skipped: 0, Time elapsed: 0.334 sec - in org.xwiki.extension.job.history.internal.ReplayJobTest
Running org.xwiki.extension.job.history.internal.ExtensionJobHistoryRecorderTest
Tests run: 1, Failures: 0, Errors: 0, Skipped: 0, Time elapsed: 0.21 sec - in org.xwiki.extension.job.history.internal.ExtensionJobHistoryRecorderTest
Running org.xwiki.extension.job.history.internal.DefaultExtensionJobHistoryTest
Tests run: 1, Failures: 0, Errors: 0, Skipped: 0, Time elapsed: 0.054 sec - in org.xwiki.extension.job.history.internal.DefaultExtensionJobHistoryTest
Running org.xwiki.extension.job.history.internal.AnswerReplayerTest
Tests run: 1, Failures: 0, Errors: 0, Skipped: 0, Time elapsed: 0.084 sec - in org.xwiki.extension.job.history.internal.AnswerReplayerTest
Running org.xwiki.extension.job.history.internal.CompositeReaderTest
Tests run: 2, Failures: 0, Errors: 0, Skipped: 0, Time elapsed: 0.031 sec - in org.xwiki.extension.job.history.internal.CompositeReaderTest
Running org.xwiki.extension.job.internal.InstallJobTest
17:05:56.710 [main] WARN  o.x.e.r.i.i.DefaultInstalledExtensionRepository - Invalid extension [installedwithmissingdependency/version] (InvalidExtensionException: No compatible extension is installed for dependency [missingdependency-version])
17:05:56.715 [main] WARN  o.x.e.r.i.i.DefaultInstalledExtensionRepository - Invalid extension [installedextensioninvalid/version] (InvalidExtensionException: No compatible extension is installed for dependency [invaliddependency-version])
17:05:57.205 [main] WARN  o.x.e.r.i.i.DefaultInstalledExtensionRepository - Invalid extension [installedwithmissingdependency/version] (InvalidExtensionException: No compatible extension is installed for dependency [missingdependency-version])
17:05:57.206 [main] WARN  o.x.e.r.i.i.DefaultInstalledExtensionRepository - Invalid extension [installedextensioninvalid/version] (InvalidExtensionException: No compatible extension is installed for dependency [invaliddependency-version])
17:05:57.361 [main] WARN  o.x.e.r.i.i.DefaultInstalledExtensionRepository - Invalid extension [installedwithmissingdependency/version] (InvalidExtensionException: No compatible extension is installed for dependency [missingdependency-version])
17:05:57.362 [main] WARN  o.x.e.r.i.i.DefaultInstalledExtensionRepository - Invalid extension [installedextensioninvalid/version] (InvalidExtensionException: No compatible extension is installed for dependency [invaliddependency-version])
17:05:57.501 [main] WARN  o.x.e.r.i.i.DefaultInstalledExtensionRepository - Invalid extension [installedwithmissingdependency/version] (InvalidExtensionException: No compatible extension is installed for dependency [missingdependency-version])
17:05:57.502 [main] WARN  o.x.e.r.i.i.DefaultInstalledExtensionRepository - Invalid extension [installedextensioninvalid/version] (InvalidExtensionException: No compatible extension is installed for dependency [invaliddependency-version])
17:05:57.644 [main] WARN  o.x.e.r.i.i.DefaultInstalledExtensionRepository - Invalid extension [installedwithmissingdependency/version] (InvalidExtensionException: No compatible extension is installed for dependency [missingdependency-version])
17:05:57.645 [main] WARN  o.x.e.r.i.i.DefaultInstalledExtensionRepository - Invalid extension [installedextensioninvalid/version] (InvalidExtensionException: No compatible extension is installed for dependency [invaliddependency-version])
17:05:57.749 [main] WARN  o.x.e.r.i.i.DefaultInstalledExtensionRepository - Invalid extension [installedwithmissingdependency/version] (InvalidExtensionException: No compatible extension is installed for dependency [missingdependency-version])
17:05:57.750 [main] WARN  o.x.e.r.i.i.DefaultInstalledExtensionRepository - Invalid extension [installedextensioninvalid/version] (InvalidExtensionException: No compatible extension is installed for dependency [invaliddependency-version])
17:05:57.864 [main] WARN  o.x.e.r.i.i.DefaultInstalledExtensionRepository - Invalid extension [installedwithmissingdependency/version] (InvalidExtensionException: No compatible extension is installed for dependency [missingdependency-version])
17:05:57.864 [main] WARN  o.x.e.r.i.i.DefaultInstalledExtensionRepository - Invalid extension [installedextensioninvalid/version] (InvalidExtensionException: No compatible extension is installed for dependency [invaliddependency-version])
17:05:57.960 [main] WARN  o.x.e.r.i.i.DefaultInstalledExtensionRepository - Invalid extension [installedwithmissingdependency/version] (InvalidExtensionException: No compatible extension is installed for dependency [missingdependency-version])
17:05:57.961 [main] WARN  o.x.e.r.i.i.DefaultInstalledExtensionRepository - Invalid extension [installedextensioninvalid/version] (InvalidExtensionException: No compatible extension is installed for dependency [invaliddependency-version])
17:05:58.074 [main] WARN  o.x.e.r.i.i.DefaultInstalledExtensionRepository - Invalid extension [installedwithmissingdependency/version] (InvalidExtensionException: No compatible extension is installed for dependency [missingdependency-version])
17:05:58.075 [main] WARN  o.x.e.r.i.i.DefaultInstalledExtensionRepository - Invalid extension [installedextensioninvalid/version] (InvalidExtensionException: No compatible extension is installed for dependency [invaliddependency-version])
17:05:58.175 [main] WARN  o.x.e.r.i.i.DefaultInstalledExtensionRepository - Invalid extension [installedwithmissingdependency/version] (InvalidExtensionException: No compatible extension is installed for dependency [missingdependency-version])
17:05:58.176 [main] WARN  o.x.e.r.i.i.DefaultInstalledExtensionRepository - Invalid extension [installedextensioninvalid/version] (InvalidExtensionException: No compatible extension is installed for dependency [invaliddependency-version])
17:05:58.272 [main] WARN  o.x.e.r.i.i.DefaultInstalledExtensionRepository - Invalid extension [installedwithmissingdependency/version] (InvalidExtensionException: No compatible extension is installed for dependency [missingdependency-version])
17:05:58.273 [main] WARN  o.x.e.r.i.i.DefaultInstalledExtensionRepository - Invalid extension [installedextensioninvalid/version] (InvalidExtensionException: No compatible extension is installed for dependency [invaliddependency-version])
Tests run: 11, Failures: 0, Errors: 0, Skipped: 0, Time elapsed: 1.799 sec - in org.xwiki.extension.job.internal.InstallJobTest
Running org.xwiki.extension.job.internal.UninstallJobTest
17:05:58.389 [main] WARN  o.x.e.r.i.i.DefaultInstalledExtensionRepository - Invalid extension [installedwithmissingdependency/version] (InvalidExtensionException: No compatible extension is installed for dependency [missingdependency-version])
17:05:58.389 [main] WARN  o.x.e.r.i.i.DefaultInstalledExtensionRepository - Invalid extension [installedextensioninvalid/version] (InvalidExtensionException: No compatible extension is installed for dependency [invaliddependency-version])
17:05:58.505 [main] WARN  o.x.e.r.i.i.DefaultInstalledExtensionRepository - Invalid extension [installedwithmissingdependency/version] (InvalidExtensionException: No compatible extension is installed for dependency [missingdependency-version])
17:05:58.506 [main] WARN  o.x.e.r.i.i.DefaultInstalledExtensionRepository - Invalid extension [installedextensioninvalid/version] (InvalidExtensionException: No compatible extension is installed for dependency [invaliddependency-version])
17:05:58.631 [main] WARN  o.x.e.r.i.i.DefaultInstalledExtensionRepository - Invalid extension [installedwithmissingdependency/version] (InvalidExtensionException: No compatible extension is installed for dependency [missingdependency-version])
17:05:58.632 [main] WARN  o.x.e.r.i.i.DefaultInstalledExtensionRepository - Invalid extension [installedextensioninvalid/version] (InvalidExtensionException: No compatible extension is installed for dependency [invaliddependency-version])
17:05:58.746 [main] WARN  o.x.e.r.i.i.DefaultInstalledExtensionRepository - Invalid extension [installedwithmissingdependency/version] (InvalidExtensionException: No compatible extension is installed for dependency [missingdependency-version])
17:05:58.746 [main] WARN  o.x.e.r.i.i.DefaultInstalledExtensionRepository - Invalid extension [installedextensioninvalid/version] (InvalidExtensionException: No compatible extension is installed for dependency [invaliddependency-version])
17:05:58.846 [main] WARN  o.x.e.r.i.i.DefaultInstalledExtensionRepository - Invalid extension [installedwithmissingdependency/version] (InvalidExtensionException: No compatible extension is installed for dependency [missingdependency-version])
17:05:58.847 [main] WARN  o.x.e.r.i.i.DefaultInstalledExtensionRepository - Invalid extension [installedextensioninvalid/version] (InvalidExtensionException: No compatible extension is installed for dependency [invaliddependency-version])
17:05:58.944 [main] WARN  o.x.e.r.i.i.DefaultInstalledExtensionRepository - Invalid extension [installedwithmissingdependency/version] (InvalidExtensionException: No compatible extension is installed for dependency [missingdependency-version])
17:05:58.945 [main] WARN  o.x.e.r.i.i.DefaultInstalledExtensionRepository - Invalid extension [installedextensioninvalid/version] (InvalidExtensionException: No compatible extension is installed for dependency [invaliddependency-version])
Tests run: 6, Failures: 0, Errors: 0, Skipped: 0, Time elapsed: 0.643 sec - in org.xwiki.extension.job.internal.UninstallJobTest
Running org.xwiki.extension.job.internal.UpgradePlanJobTest
17:05:59.043 [main] WARN  o.x.e.r.i.i.DefaultInstalledExtensionRepository - Invalid extension [installedwithmissingdependency/version] (InvalidExtensionException: No compatible extension is installed for dependency [missingdependency-version])
17:05:59.044 [main] WARN  o.x.e.r.i.i.DefaultInstalledExtensionRepository - Invalid extension [installedextensioninvalid/version] (InvalidExtensionException: No compatible extension is installed for dependency [invaliddependency-version])
17:05:59.176 [main] WARN  o.x.e.r.i.i.DefaultInstalledExtensionRepository - Invalid extension [installedwithmissingdependency/version] (InvalidExtensionException: No compatible extension is installed for dependency [missingdependency-version])
17:05:59.177 [main] WARN  o.x.e.r.i.i.DefaultInstalledExtensionRepository - Invalid extension [installedextensioninvalid/version] (InvalidExtensionException: No compatible extension is installed for dependency [invaliddependency-version])
17:05:59.264 [main] WARN  o.x.e.r.i.i.DefaultInstalledExtensionRepository - Invalid extension [installedwithmissingdependency/version] (InvalidExtensionException: No compatible extension is installed for dependency [missingdependency-version])
17:05:59.265 [main] WARN  o.x.e.r.i.i.DefaultInstalledExtensionRepository - Invalid extension [installedextensioninvalid/version] (InvalidExtensionException: No compatible extension is installed for dependency [invaliddependency-version])
17:05:59.347 [main] WARN  o.x.e.r.i.i.DefaultInstalledExtensionRepository - Invalid extension [installedwithmissingdependency/version] (InvalidExtensionException: No compatible extension is installed for dependency [missingdependency-version])
17:05:59.348 [main] WARN  o.x.e.r.i.i.DefaultInstalledExtensionRepository - Invalid extension [installedextensioninvalid/version] (InvalidExtensionException: No compatible extension is installed for dependency [invaliddependency-version])
17:05:59.434 [main] WARN  o.x.e.r.i.i.DefaultInstalledExtensionRepository - Invalid extension [installedwithmissingdependency/version] (InvalidExtensionException: No compatible extension is installed for dependency [missingdependency-version])
17:05:59.435 [main] WARN  o.x.e.r.i.i.DefaultInstalledExtensionRepository - Invalid extension [installedextensioninvalid/version] (InvalidExtensionException: No compatible extension is installed for dependency [invaliddependency-version])
Tests run: 5, Failures: 0, Errors: 0, Skipped: 0, Time elapsed: 0.519 sec - in org.xwiki.extension.job.internal.UpgradePlanJobTest
Running org.xwiki.extension.job.internal.InstallPlanJobTest
17:05:59.578 [main] WARN  o.x.e.r.i.i.DefaultInstalledExtensionRepository - Invalid extension [installedwithmissingdependency/version] (InvalidExtensionException: No compatible extension is installed for dependency [missingdependency-version])
17:05:59.579 [main] WARN  o.x.e.r.i.i.DefaultInstalledExtensionRepository - Invalid extension [installedextensioninvalid/version] (InvalidExtensionException: No compatible extension is installed for dependency [invaliddependency-version])
17:05:59.666 [main] WARN  o.x.e.r.i.i.DefaultInstalledExtensionRepository - Invalid extension [installedwithmissingdependency/version] (InvalidExtensionException: No compatible extension is installed for dependency [missingdependency-version])
17:05:59.666 [main] WARN  o.x.e.r.i.i.DefaultInstalledExtensionRepository - Invalid extension [installedextensioninvalid/version] (InvalidExtensionException: No compatible extension is installed for dependency [invaliddependency-version])
17:05:59.742 [main] WARN  o.x.e.r.i.i.DefaultInstalledExtensionRepository - Invalid extension [installedwithmissingdependency/version] (InvalidExtensionException: No compatible extension is installed for dependency [missingdependency-version])
17:05:59.743 [main] WARN  o.x.e.r.i.i.DefaultInstalledExtensionRepository - Invalid extension [installedextensioninvalid/version] (InvalidExtensionException: No compatible extension is installed for dependency [invaliddependency-version])
17:05:59.818 [main] WARN  o.x.e.r.i.i.DefaultInstalledExtensionRepository - Invalid extension [installedwithmissingdependency/version] (InvalidExtensionException: No compatible extension is installed for dependency [missingdependency-version])
17:05:59.818 [main] WARN  o.x.e.r.i.i.DefaultInstalledExtensionRepository - Invalid extension [installedextensioninvalid/version] (InvalidExtensionException: No compatible extension is installed for dependency [invaliddependency-version])
17:05:59.893 [main] WARN  o.x.e.r.i.i.DefaultInstalledExtensionRepository - Invalid extension [installedwithmissingdependency/version] (InvalidExtensionException: No compatible extension is installed for dependency [missingdependency-version])
17:05:59.893 [main] WARN  o.x.e.r.i.i.DefaultInstalledExtensionRepository - Invalid extension [installedextensioninvalid/version] (InvalidExtensionException: No compatible extension is installed for dependency [invaliddependency-version])
17:05:59.976 [main] WARN  o.x.e.r.i.i.DefaultInstalledExtensionRepository - Invalid extension [installedwithmissingdependency/version] (InvalidExtensionException: No compatible extension is installed for dependency [missingdependency-version])
17:05:59.977 [main] WARN  o.x.e.r.i.i.DefaultInstalledExtensionRepository - Invalid extension [installedextensioninvalid/version] (InvalidExtensionException: No compatible extension is installed for dependency [invaliddependency-version])
17:06:00.053 [main] WARN  o.x.e.r.i.i.DefaultInstalledExtensionRepository - Invalid extension [installedwithmissingdependency/version] (InvalidExtensionException: No compatible extension is installed for dependency [missingdependency-version])
17:06:00.053 [main] WARN  o.x.e.r.i.i.DefaultInstalledExtensionRepository - Invalid extension [installedextensioninvalid/version] (InvalidExtensionException: No compatible extension is installed for dependency [invaliddependency-version])
17:06:00.131 [main] WARN  o.x.e.r.i.i.DefaultInstalledExtensionRepository - Invalid extension [installedwithmissingdependency/version] (InvalidExtensionException: No compatible extension is installed for dependency [missingdependency-version])
17:06:00.132 [main] WARN  o.x.e.r.i.i.DefaultInstalledExtensionRepository - Invalid extension [installedextensioninvalid/version] (InvalidExtensionException: No compatible extension is installed for dependency [invaliddependency-version])
17:06:00.209 [main] WARN  o.x.e.r.i.i.DefaultInstalledExtensionRepository - Invalid extension [installedwithmissingdependency/version] (InvalidExtensionException: No compatible extension is installed for dependency [missingdependency-version])
17:06:00.210 [main] WARN  o.x.e.r.i.i.DefaultInstalledExtensionRepository - Invalid extension [installedextensioninvalid/version] (InvalidExtensionException: No compatible extension is installed for dependency [invaliddependency-version])
17:06:00.289 [main] WARN  o.x.e.r.i.i.DefaultInstalledExtensionRepository - Invalid extension [installedwithmissingdependency/version] (InvalidExtensionException: No compatible extension is installed for dependency [missingdependency-version])
17:06:00.290 [main] WARN  o.x.e.r.i.i.DefaultInstalledExtensionRepository - Invalid extension [installedextensioninvalid/version] (InvalidExtensionException: No compatible extension is installed for dependency [invaliddependency-version])
17:06:00.372 [main] WARN  o.x.e.r.i.i.DefaultInstalledExtensionRepository - Invalid extension [installedwithmissingdependency/version] (InvalidExtensionException: No compatible extension is installed for dependency [missingdependency-version])
17:06:00.372 [main] WARN  o.x.e.r.i.i.DefaultInstalledExtensionRepository - Invalid extension [installedextensioninvalid/version] (InvalidExtensionException: No compatible extension is installed for dependency [invaliddependency-version])
17:06:00.452 [main] WARN  o.x.e.r.i.i.DefaultInstalledExtensionRepository - Invalid extension [installedwithmissingdependency/version] (InvalidExtensionException: No compatible extension is installed for dependency [missingdependency-version])
17:06:00.453 [main] WARN  o.x.e.r.i.i.DefaultInstalledExtensionRepository - Invalid extension [installedextensioninvalid/version] (InvalidExtensionException: No compatible extension is installed for dependency [invaliddependency-version])
17:06:00.537 [main] WARN  o.x.e.r.i.i.DefaultInstalledExtensionRepository - Invalid extension [installedwithmissingdependency/version] (InvalidExtensionException: No compatible extension is installed for dependency [missingdependency-version])
17:06:00.537 [main] WARN  o.x.e.r.i.i.DefaultInstalledExtensionRepository - Invalid extension [installedextensioninvalid/version] (InvalidExtensionException: No compatible extension is installed for dependency [invaliddependency-version])
17:06:00.637 [main] WARN  o.x.e.r.i.i.DefaultInstalledExtensionRepository - Invalid extension [installedwithmissingdependency/version] (InvalidExtensionException: No compatible extension is installed for dependency [missingdependency-version])
17:06:00.638 [main] WARN  o.x.e.r.i.i.DefaultInstalledExtensionRepository - Invalid extension [installedextensioninvalid/version] (InvalidExtensionException: No compatible extension is installed for dependency [invaliddependency-version])
17:06:00.711 [main] WARN  o.x.e.r.i.i.DefaultInstalledExtensionRepository - Invalid extension [installedwithmissingdependency/version] (InvalidExtensionException: No compatible extension is installed for dependency [missingdependency-version])
17:06:00.711 [main] WARN  o.x.e.r.i.i.DefaultInstalledExtensionRepository - Invalid extension [installedextensioninvalid/version] (InvalidExtensionException: No compatible extension is installed for dependency [invaliddependency-version])
17:06:00.783 [main] WARN  o.x.e.r.i.i.DefaultInstalledExtensionRepository - Invalid extension [installedwithmissingdependency/version] (InvalidExtensionException: No compatible extension is installed for dependency [missingdependency-version])
17:06:00.783 [main] WARN  o.x.e.r.i.i.DefaultInstalledExtensionRepository - Invalid extension [installedextensioninvalid/version] (InvalidExtensionException: No compatible extension is installed for dependency [invaliddependency-version])
17:06:00.857 [main] WARN  o.x.e.r.i.i.DefaultInstalledExtensionRepository - Invalid extension [installedwithmissingdependency/version] (InvalidExtensionException: No compatible extension is installed for dependency [missingdependency-version])
17:06:00.857 [main] WARN  o.x.e.r.i.i.DefaultInstalledExtensionRepository - Invalid extension [installedextensioninvalid/version] (InvalidExtensionException: No compatible extension is installed for dependency [invaliddependency-version])
17:06:00.928 [main] WARN  o.x.e.r.i.i.DefaultInstalledExtensionRepository - Invalid extension [installedwithmissingdependency/version] (InvalidExtensionException: No compatible extension is installed for dependency [missingdependency-version])
17:06:00.929 [main] WARN  o.x.e.r.i.i.DefaultInstalledExtensionRepository - Invalid extension [installedextensioninvalid/version] (InvalidExtensionException: No compatible extension is installed for dependency [invaliddependency-version])
17:06:01.003 [main] WARN  o.x.e.r.i.i.DefaultInstalledExtensionRepository - Invalid extension [installedwithmissingdependency/version] (InvalidExtensionException: No compatible extension is installed for dependency [missingdependency-version])
17:06:01.003 [main] WARN  o.x.e.r.i.i.DefaultInstalledExtensionRepository - Invalid extension [installedextensioninvalid/version] (InvalidExtensionException: No compatible extension is installed for dependency [invaliddependency-version])
17:06:01.077 [main] WARN  o.x.e.r.i.i.DefaultInstalledExtensionRepository - Invalid extension [installedwithmissingdependency/version] (InvalidExtensionException: No compatible extension is installed for dependency [missingdependency-version])
17:06:01.077 [main] WARN  o.x.e.r.i.i.DefaultInstalledExtensionRepository - Invalid extension [installedextensioninvalid/version] (InvalidExtensionException: No compatible extension is installed for dependency [invaliddependency-version])
17:06:01.150 [main] WARN  o.x.e.r.i.i.DefaultInstalledExtensionRepository - Invalid extension [installedwithmissingdependency/version] (InvalidExtensionException: No compatible extension is installed for dependency [missingdependency-version])
17:06:01.151 [main] WARN  o.x.e.r.i.i.DefaultInstalledExtensionRepository - Invalid extension [installedextensioninvalid/version] (InvalidExtensionException: No compatible extension is installed for dependency [invaliddependency-version])
17:06:01.223 [main] WARN  o.x.e.r.i.i.DefaultInstalledExtensionRepository - Invalid extension [installedwithmissingdependency/version] (InvalidExtensionException: No compatible extension is installed for dependency [missingdependency-version])
17:06:01.224 [main] WARN  o.x.e.r.i.i.DefaultInstalledExtensionRepository - Invalid extension [installedextensioninvalid/version] (InvalidExtensionException: No compatible extension is installed for dependency [invaliddependency-version])
17:06:01.297 [main] WARN  o.x.e.r.i.i.DefaultInstalledExtensionRepository - Invalid extension [installedwithmissingdependency/version] (InvalidExtensionException: No compatible extension is installed for dependency [missingdependency-version])
17:06:01.298 [main] WARN  o.x.e.r.i.i.DefaultInstalledExtensionRepository - Invalid extension [installedextensioninvalid/version] (InvalidExtensionException: No compatible extension is installed for dependency [invaliddependency-version])
17:06:01.370 [main] WARN  o.x.e.r.i.i.DefaultInstalledExtensionRepository - Invalid extension [installedwithmissingdependency/version] (InvalidExtensionException: No compatible extension is installed for dependency [missingdependency-version])
17:06:01.371 [main] WARN  o.x.e.r.i.i.DefaultInstalledExtensionRepository - Invalid extension [installedextensioninvalid/version] (InvalidExtensionException: No compatible extension is installed for dependency [invaliddependency-version])
17:06:01.449 [main] WARN  o.x.e.r.i.i.DefaultInstalledExtensionRepository - Invalid extension [installedwithmissingdependency/version] (InvalidExtensionException: No compatible extension is installed for dependency [missingdependency-version])
17:06:01.450 [main] WARN  o.x.e.r.i.i.DefaultInstalledExtensionRepository - Invalid extension [installedextensioninvalid/version] (InvalidExtensionException: No compatible extension is installed for dependency [invaliddependency-version])
17:06:01.521 [main] WARN  o.x.e.r.i.i.DefaultInstalledExtensionRepository - Invalid extension [installedwithmissingdependency/version] (InvalidExtensionException: No compatible extension is installed for dependency [missingdependency-version])
17:06:01.522 [main] WARN  o.x.e.r.i.i.DefaultInstalledExtensionRepository - Invalid extension [installedextensioninvalid/version] (InvalidExtensionException: No compatible extension is installed for dependency [invaliddependency-version])
17:06:01.597 [main] WARN  o.x.e.r.i.i.DefaultInstalledExtensionRepository - Invalid extension [installedwithmissingdependency/version] (InvalidExtensionException: No compatible extension is installed for dependency [missingdependency-version])
17:06:01.597 [main] WARN  o.x.e.r.i.i.DefaultInstalledExtensionRepository - Invalid extension [installedextensioninvalid/version] (InvalidExtensionException: No compatible extension is installed for dependency [invaliddependency-version])
17:06:01.671 [main] WARN  o.x.e.r.i.i.DefaultInstalledExtensionRepository - Invalid extension [installedwithmissingdependency/version] (InvalidExtensionException: No compatible extension is installed for dependency [missingdependency-version])
17:06:01.671 [main] WARN  o.x.e.r.i.i.DefaultInstalledExtensionRepository - Invalid extension [installedextensioninvalid/version] (InvalidExtensionException: No compatible extension is installed for dependency [invaliddependency-version])
17:06:01.745 [main] WARN  o.x.e.r.i.i.DefaultInstalledExtensionRepository - Invalid extension [installedwithmissingdependency/version] (InvalidExtensionException: No compatible extension is installed for dependency [missingdependency-version])
17:06:01.745 [main] WARN  o.x.e.r.i.i.DefaultInstalledExtensionRepository - Invalid extension [installedextensioninvalid/version] (InvalidExtensionException: No compatible extension is installed for dependency [invaliddependency-version])
17:06:01.823 [main] WARN  o.x.e.r.i.i.DefaultInstalledExtensionRepository - Invalid extension [installedwithmissingdependency/version] (InvalidExtensionException: No compatible extension is installed for dependency [missingdependency-version])
17:06:01.823 [main] WARN  o.x.e.r.i.i.DefaultInstalledExtensionRepository - Invalid extension [installedextensioninvalid/version] (InvalidExtensionException: No compatible extension is installed for dependency [invaliddependency-version])
17:06:01.905 [main] WARN  o.x.e.r.i.i.DefaultInstalledExtensionRepository - Invalid extension [installedwithmissingdependency/version] (InvalidExtensionException: No compatible extension is installed for dependency [missingdependency-version])
17:06:01.905 [main] WARN  o.x.e.r.i.i.DefaultInstalledExtensionRepository - Invalid extension [installedextensioninvalid/version] (InvalidExtensionException: No compatible extension is installed for dependency [invaliddependency-version])
17:06:01.980 [main] WARN  o.x.e.r.i.i.DefaultInstalledExtensionRepository - Invalid extension [installedwithmissingdependency/version] (InvalidExtensionException: No compatible extension is installed for dependency [missingdependency-version])
17:06:01.980 [main] WARN  o.x.e.r.i.i.DefaultInstalledExtensionRepository - Invalid extension [installedextensioninvalid/version] (InvalidExtensionException: No compatible extension is installed for dependency [invaliddependency-version])
17:06:02.057 [main] WARN  o.x.e.r.i.i.DefaultInstalledExtensionRepository - Invalid extension [installedwithmissingdependency/version] (InvalidExtensionException: No compatible extension is installed for dependency [missingdependency-version])
17:06:02.057 [main] WARN  o.x.e.r.i.i.DefaultInstalledExtensionRepository - Invalid extension [installedextensioninvalid/version] (InvalidExtensionException: No compatible extension is installed for dependency [invaliddependency-version])
17:06:02.140 [main] WARN  o.x.e.r.i.i.DefaultInstalledExtensionRepository - Invalid extension [installedwithmissingdependency/version] (InvalidExtensionException: No compatible extension is installed for dependency [missingdependency-version])
17:06:02.140 [main] WARN  o.x.e.r.i.i.DefaultInstalledExtensionRepository - Invalid extension [installedextensioninvalid/version] (InvalidExtensionException: No compatible extension is installed for dependency [invaliddependency-version])
17:06:02.225 [main] WARN  o.x.e.r.i.i.DefaultInstalledExtensionRepository - Invalid extension [installedwithmissingdependency/version] (InvalidExtensionException: No compatible extension is installed for dependency [missingdependency-version])
17:06:02.225 [main] WARN  o.x.e.r.i.i.DefaultInstalledExtensionRepository - Invalid extension [installedextensioninvalid/version] (InvalidExtensionException: No compatible extension is installed for dependency [invaliddependency-version])
Tests run: 35, Failures: 0, Errors: 0, Skipped: 0, Time elapsed: 2.752 sec - in org.xwiki.extension.job.internal.InstallPlanJobTest
Running org.xwiki.extension.repository.installed.DefaultInstalledExtensionRepositoryTest
17:06:02.314 [main] WARN  o.x.e.r.i.i.DefaultInstalledExtensionRepository - Invalid extension [installedwithmissingdependency/version] (InvalidExtensionException: No compatible extension is installed for dependency [missingdependency-version])
17:06:02.314 [main] WARN  o.x.e.r.i.i.DefaultInstalledExtensionRepository - Invalid extension [installedextensioninvalid/version] (InvalidExtensionException: No compatible extension is installed for dependency [invaliddependency-version])
17:06:02.389 [main] WARN  o.x.e.r.i.i.DefaultInstalledExtensionRepository - Invalid extension [installedwithmissingdependency/version] (InvalidExtensionException: No compatible extension is installed for dependency [missingdependency-version])
17:06:02.389 [main] WARN  o.x.e.r.i.i.DefaultInstalledExtensionRepository - Invalid extension [installedextensioninvalid/version] (InvalidExtensionException: No compatible extension is installed for dependency [invaliddependency-version])
17:06:02.458 [main] WARN  o.x.e.r.i.i.DefaultInstalledExtensionRepository - Invalid extension [installedwithmissingdependency/version] (InvalidExtensionException: No compatible extension is installed for dependency [missingdependency-version])
17:06:02.458 [main] WARN  o.x.e.r.i.i.DefaultInstalledExtensionRepository - Invalid extension [installedextensioninvalid/version] (InvalidExtensionException: No compatible extension is installed for dependency [invaliddependency-version])
17:06:02.551 [main] WARN  o.x.e.r.i.i.DefaultInstalledExtensionRepository - Invalid extension [installedwithmissingdependency/version] (InvalidExtensionException: No compatible extension is installed for dependency [missingdependency-version])
17:06:02.551 [main] WARN  o.x.e.r.i.i.DefaultInstalledExtensionRepository - Invalid extension [installedextensioninvalid/version] (InvalidExtensionException: No compatible extension is installed for dependency [invaliddependency-version])
17:06:02.611 [main] WARN  o.x.e.r.i.i.DefaultInstalledExtensionRepository - Invalid extension [installedwithmissingdependency/version] (InvalidExtensionException: No compatible extension is installed for dependency [missingdependency-version])
17:06:02.612 [main] WARN  o.x.e.r.i.i.DefaultInstalledExtensionRepository - Invalid extension [installedextensioninvalid/version] (InvalidExtensionException: No compatible extension is installed for dependency [invaliddependency-version])
17:06:02.672 [main] WARN  o.x.e.r.i.i.DefaultInstalledExtensionRepository - Invalid extension [installedwithmissingdependency/version] (InvalidExtensionException: No compatible extension is installed for dependency [missingdependency-version])
17:06:02.672 [main] WARN  o.x.e.r.i.i.DefaultInstalledExtensionRepository - Invalid extension [installedextensioninvalid/version] (InvalidExtensionException: No compatible extension is installed for dependency [invaliddependency-version])
17:06:02.733 [main] WARN  o.x.e.r.i.i.DefaultInstalledExtensionRepository - Invalid extension [installedwithmissingdependency/version] (InvalidExtensionException: No compatible extension is installed for dependency [missingdependency-version])
17:06:02.733 [main] WARN  o.x.e.r.i.i.DefaultInstalledExtensionRepository - Invalid extension [installedextensioninvalid/version] (InvalidExtensionException: No compatible extension is installed for dependency [invaliddependency-version])
17:06:02.793 [main] WARN  o.x.e.r.i.i.DefaultInstalledExtensionRepository - Invalid extension [installedwithmissingdependency/version] (InvalidExtensionException: No compatible extension is installed for dependency [missingdependency-version])
17:06:02.793 [main] WARN  o.x.e.r.i.i.DefaultInstalledExtensionRepository - Invalid extension [installedextensioninvalid/version] (InvalidExtensionException: No compatible extension is installed for dependency [invaliddependency-version])
17:06:02.872 [main] WARN  o.x.e.r.i.i.DefaultInstalledExtensionRepository - Invalid extension [installedwithmissingdependency/version] (InvalidExtensionException: No compatible extension is installed for dependency [missingdependency-version])
17:06:02.872 [main] WARN  o.x.e.r.i.i.DefaultInstalledExtensionRepository - Invalid extension [installedextensioninvalid/version] (InvalidExtensionException: No compatible extension is installed for dependency [invaliddependency-version])
17:06:02.931 [main] WARN  o.x.e.r.i.i.DefaultInstalledExtensionRepository - Invalid extension [installedwithmissingdependency/version] (InvalidExtensionException: No compatible extension is installed for dependency [missingdependency-version])
17:06:02.931 [main] WARN  o.x.e.r.i.i.DefaultInstalledExtensionRepository - Invalid extension [installedextensioninvalid/version] (InvalidExtensionException: No compatible extension is installed for dependency [invaliddependency-version])
17:06:02.990 [main] WARN  o.x.e.r.i.i.DefaultInstalledExtensionRepository - Invalid extension [installedwithmissingdependency/version] (InvalidExtensionException: No compatible extension is installed for dependency [missingdependency-version])
17:06:02.991 [main] WARN  o.x.e.r.i.i.DefaultInstalledExtensionRepository - Invalid extension [installedextensioninvalid/version] (InvalidExtensionException: No compatible extension is installed for dependency [invaliddependency-version])
17:06:03.049 [main] WARN  o.x.e.r.i.i.DefaultInstalledExtensionRepository - Invalid extension [installedwithmissingdependency/version] (InvalidExtensionException: No compatible extension is installed for dependency [missingdependency-version])
17:06:03.050 [main] WARN  o.x.e.r.i.i.DefaultInstalledExtensionRepository - Invalid extension [installedextensioninvalid/version] (InvalidExtensionException: No compatible extension is installed for dependency [invaliddependency-version])
17:06:03.109 [main] WARN  o.x.e.r.i.i.DefaultInstalledExtensionRepository - Invalid extension [installedwithmissingdependency/version] (InvalidExtensionException: No compatible extension is installed for dependency [missingdependency-version])
17:06:03.109 [main] WARN  o.x.e.r.i.i.DefaultInstalledExtensionRepository - Invalid extension [installedextensioninvalid/version] (InvalidExtensionException: No compatible extension is installed for dependency [invaliddependency-version])
17:06:03.168 [main] WARN  o.x.e.r.i.i.DefaultInstalledExtensionRepository - Invalid extension [installedwithmissingdependency/version] (InvalidExtensionException: No compatible extension is installed for dependency [missingdependency-version])
17:06:03.168 [main] WARN  o.x.e.r.i.i.DefaultInstalledExtensionRepository - Invalid extension [installedextensioninvalid/version] (InvalidExtensionException: No compatible extension is installed for dependency [invaliddependency-version])
17:06:03.227 [main] WARN  o.x.e.r.i.i.DefaultInstalledExtensionRepository - Invalid extension [installedwithmissingdependency/version] (InvalidExtensionException: No compatible extension is installed for dependency [missingdependency-version])
17:06:03.227 [main] WARN  o.x.e.r.i.i.DefaultInstalledExtensionRepository - Invalid extension [installedextensioninvalid/version] (InvalidExtensionException: No compatible extension is installed for dependency [invaliddependency-version])
17:06:03.287 [main] WARN  o.x.e.r.i.i.DefaultInstalledExtensionRepository - Invalid extension [installedwithmissingdependency/version] (InvalidExtensionException: No compatible extension is installed for dependency [missingdependency-version])
17:06:03.288 [main] WARN  o.x.e.r.i.i.DefaultInstalledExtensionRepository - Invalid extension [installedextensioninvalid/version] (InvalidExtensionException: No compatible extension is installed for dependency [invaliddependency-version])
17:06:03.354 [main] WARN  o.x.e.r.i.i.DefaultInstalledExtensionRepository - Invalid extension [installedwithmissingdependency/version] (InvalidExtensionException: No compatible extension is installed for dependency [missingdependency-version])
17:06:03.354 [main] WARN  o.x.e.r.i.i.DefaultInstalledExtensionRepository - Invalid extension [installedextensioninvalid/version] (InvalidExtensionException: No compatible extension is installed for dependency [invaliddependency-version])
Tests run: 17, Failures: 0, Errors: 0, Skipped: 0, Time elapsed: 1.125 sec - in org.xwiki.extension.repository.installed.DefaultInstalledExtensionRepositoryTest
Running org.xwiki.extension.repository.internal.DefaultExtensionRepositoryManagerTest
Tests run: 2, Failures: 0, Errors: 0, Skipped: 0, Time elapsed: 0.065 sec - in org.xwiki.extension.repository.internal.DefaultExtensionRepositoryManagerTest
Running org.xwiki.extension.repository.local.DefaultLocalExtensionRepositoryTest
17:06:03.501 [main] WARN  o.x.e.r.i.i.DefaultInstalledExtensionRepository - Invalid extension [installedwithmissingdependency/version] (InvalidExtensionException: No compatible extension is installed for dependency [missingdependency-version])
17:06:03.501 [main] WARN  o.x.e.r.i.i.DefaultInstalledExtensionRepository - Invalid extension [installedextensioninvalid/version] (InvalidExtensionException: No compatible extension is installed for dependency [invaliddependency-version])
17:06:03.563 [main] WARN  o.x.e.r.i.i.DefaultInstalledExtensionRepository - Invalid extension [installedwithmissingdependency/version] (InvalidExtensionException: No compatible extension is installed for dependency [missingdependency-version])
17:06:03.563 [main] WARN  o.x.e.r.i.i.DefaultInstalledExtensionRepository - Invalid extension [installedextensioninvalid/version] (InvalidExtensionException: No compatible extension is installed for dependency [invaliddependency-version])
17:06:03.623 [main] WARN  o.x.e.r.i.i.DefaultInstalledExtensionRepository - Invalid extension [installedwithmissingdependency/version] (InvalidExtensionException: No compatible extension is installed for dependency [missingdependency-version])
17:06:03.624 [main] WARN  o.x.e.r.i.i.DefaultInstalledExtensionRepository - Invalid extension [installedextensioninvalid/version] (InvalidExtensionException: No compatible extension is installed for dependency [invaliddependency-version])
17:06:03.683 [main] WARN  o.x.e.r.i.i.DefaultInstalledExtensionRepository - Invalid extension [installedwithmissingdependency/version] (InvalidExtensionException: No compatible extension is installed for dependency [missingdependency-version])
17:06:03.683 [main] WARN  o.x.e.r.i.i.DefaultInstalledExtensionRepository - Invalid extension [installedextensioninvalid/version] (InvalidExtensionException: No compatible extension is installed for dependency [invaliddependency-version])
17:06:03.742 [main] WARN  o.x.e.r.i.i.DefaultInstalledExtensionRepository - Invalid extension [installedwithmissingdependency/version] (InvalidExtensionException: No compatible extension is installed for dependency [missingdependency-version])
17:06:03.743 [main] WARN  o.x.e.r.i.i.DefaultInstalledExtensionRepository - Invalid extension [installedextensioninvalid/version] (InvalidExtensionException: No compatible extension is installed for dependency [invaliddependency-version])
17:06:03.800 [main] WARN  o.x.e.r.i.i.DefaultInstalledExtensionRepository - Invalid extension [installedwithmissingdependency/version] (InvalidExtensionException: No compatible extension is installed for dependency [missingdependency-version])
17:06:03.801 [main] WARN  o.x.e.r.i.i.DefaultInstalledExtensionRepository - Invalid extension [installedextensioninvalid/version] (InvalidExtensionException: No compatible extension is installed for dependency [invaliddependency-version])
17:06:03.859 [main] WARN  o.x.e.r.i.i.DefaultInstalledExtensionRepository - Invalid extension [installedwithmissingdependency/version] (InvalidExtensionException: No compatible extension is installed for dependency [missingdependency-version])
17:06:03.859 [main] WARN  o.x.e.r.i.i.DefaultInstalledExtensionRepository - Invalid extension [installedextensioninvalid/version] (InvalidExtensionException: No compatible extension is installed for dependency [invaliddependency-version])
17:06:03.918 [main] WARN  o.x.e.r.i.i.DefaultInstalledExtensionRepository - Invalid extension [installedwithmissingdependency/version] (InvalidExtensionException: No compatible extension is installed for dependency [missingdependency-version])
17:06:03.918 [main] WARN  o.x.e.r.i.i.DefaultInstalledExtensionRepository - Invalid extension [installedextensioninvalid/version] (InvalidExtensionException: No compatible extension is installed for dependency [invaliddependency-version])
17:06:03.978 [main] WARN  o.x.e.r.i.i.DefaultInstalledExtensionRepository - Invalid extension [installedwithmissingdependency/version] (InvalidExtensionException: No compatible extension is installed for dependency [missingdependency-version])
17:06:03.978 [main] WARN  o.x.e.r.i.i.DefaultInstalledExtensionRepository - Invalid extension [installedextensioninvalid/version] (InvalidExtensionException: No compatible extension is installed for dependency [invaliddependency-version])
17:06:04.041 [main] WARN  o.x.e.r.i.i.DefaultInstalledExtensionRepository - Invalid extension [installedwithmissingdependency/version] (InvalidExtensionException: No compatible extension is installed for dependency [missingdependency-version])
17:06:04.042 [main] WARN  o.x.e.r.i.i.DefaultInstalledExtensionRepository - Invalid extension [installedextensioninvalid/version] (InvalidExtensionException: No compatible extension is installed for dependency [invaliddependency-version])
17:06:04.102 [main] WARN  o.x.e.r.i.i.DefaultInstalledExtensionRepository - Invalid extension [installedwithmissingdependency/version] (InvalidExtensionException: No compatible extension is installed for dependency [missingdependency-version])
17:06:04.103 [main] WARN  o.x.e.r.i.i.DefaultInstalledExtensionRepository - Invalid extension [installedextensioninvalid/version] (InvalidExtensionException: No compatible extension is installed for dependency [invaliddependency-version])
17:06:04.162 [main] WARN  o.x.e.r.i.i.DefaultInstalledExtensionRepository - Invalid extension [installedwithmissingdependency/version] (InvalidExtensionException: No compatible extension is installed for dependency [missingdependency-version])
17:06:04.163 [main] WARN  o.x.e.r.i.i.DefaultInstalledExtensionRepository - Invalid extension [installedextensioninvalid/version] (InvalidExtensionException: No compatible extension is installed for dependency [invaliddependency-version])
Tests run: 12, Failures: 0, Errors: 0, Skipped: 0, Time elapsed: 0.723 sec - in org.xwiki.extension.repository.local.DefaultLocalExtensionRepositoryTest
Running org.xwiki.extension.repository.DefaultExtensionRepositoryManagerTest
Tests run: 10, Failures: 0, Errors: 0, Skipped: 0, Time elapsed: 0.024 sec - in org.xwiki.extension.repository.DefaultExtensionRepositoryManagerTest
Running org.xwiki.extension.internal.DefaultExtensionManagerConfigurationTest
Tests run: 3, Failures: 0, Errors: 0, Skipped: 0, Time elapsed: 0.06 sec - in org.xwiki.extension.internal.DefaultExtensionManagerConfigurationTest
Running org.xwiki.extension.internal.DefaultExtensionManagerTest
Tests run: 3, Failures: 0, Errors: 0, Skipped: 0, Time elapsed: 0.199 sec - in org.xwiki.extension.internal.DefaultExtensionManagerTest
Running org.xwiki.extension.internal.DefaultExtensionLicenseManagerTest
Tests run: 2, Failures: 0, Errors: 0, Skipped: 0, Time elapsed: 0.041 sec - in org.xwiki.extension.internal.DefaultExtensionLicenseManagerTest
Running org.xwiki.extension.internal.converter.ExtensionIdConverterTest
Tests run: 1, Failures: 0, Errors: 0, Skipped: 0, Time elapsed: 0.006 sec - in org.xwiki.extension.internal.converter.ExtensionIdConverterTest

Results :

Tests run: 160, Failures: 0, Errors: 0, Skipped: 0

[INFO] ------------------------------------------------------------------------
[INFO] BUILD SUCCESS
[INFO] ------------------------------------------------------------------------
[INFO] Total time: 36.424 s
[INFO] Finished at: 2018-09-29T17:06:04+02:00
[INFO] ------------------------------------------------------------------------
Writing HTML report to '/tmp/icst-2019/september-2018/dataset/xwiki-commons_parent/xwiki-commons-core/xwiki-commons-extension/xwiki-commons-extension-api/target/clover/report'
Done. Processed 25 packages in 2922ms (116ms per package).
[INFO] /tmp/icst-2019/september-2018/dataset/xwiki-commons_parent/xwiki-commons-core/xwiki-commons-extension/xwiki-commons-extension-api/src/main/java/org/xwiki/extension/repository/internal/AbstractCachedExtensionRepository.java
[INFO] /tmp/icst-2019/september-2018/dataset/xwiki-commons/xwiki-commons-core/xwiki-commons-extension/xwiki-commons-extension-api/src/main/java/org/xwiki/extension/repository/internal/AbstractCachedExtensionRepository.java
[info] org.xwiki.extension.repository.internal.AbstractCachedExtensionRepository:221 is modified.
[info] org.xwiki.extension.repository.internal.AbstractCachedExtensionRepository:234 is modified.
[info] org.xwiki.extension.repository.internal.AbstractCachedExtensionRepository:232 is modified.
[info] org.xwiki.extension.repository.internal.AbstractCachedExtensionRepository:232 is modified.
[info] org.xwiki.extension.repository.internal.AbstractCachedExtensionRepository:233 is modified.
[info] org.xwiki.extension.repository.internal.AbstractCachedExtensionRepository:236 is modified.
[info] org.xwiki.extension.repository.internal.AbstractCachedExtensionRepository:231 is modified.
[info] org.xwiki.extension.repository.internal.AbstractCachedExtensionRepository:237 is modified.
[info] org.xwiki.extension.repository.internal.AbstractCachedExtensionRepository:238 is modified.
[info] org.xwiki.extension.repository.internal.AbstractCachedExtensionRepository:218 is modified.
[info] org.xwiki.extension.repository.internal.AbstractCachedExtensionRepository:228 is modified.
[info] org.xwiki.extension.repository.internal.AbstractCachedExtensionRepository:231 is modified.
[info] org.xwiki.extension.repository.internal.AbstractCachedExtensionRepository:231 is modified.
[info] org.xwiki.extension.repository.internal.AbstractCachedExtensionRepository:232 is modified.
[info] org.xwiki.extension.repository.internal.AbstractCachedExtensionRepository:232 is modified.
[info] org.xwiki.extension.repository.internal.AbstractCachedExtensionRepository:232 is modified.
[info] org.xwiki.extension.repository.internal.AbstractCachedExtensionRepository:232 is modified.
[info] org.xwiki.extension.repository.internal.AbstractCachedExtensionRepository:238 is modified.
[info] org.xwiki.extension.repository.internal.AbstractCachedExtensionRepository:237 is modified.
[info] org.xwiki.extension.repository.internal.AbstractCachedExtensionRepository:237 is modified.
[info] org.xwiki.extension.repository.internal.AbstractCachedExtensionRepository:238 is modified.
[info] org.xwiki.extension.repository.internal.AbstractCachedExtensionRepository:237 is modified.
[info] org.xwiki.extension.repository.internal.AbstractCachedExtensionRepository:241 is modified.
[info] org.xwiki.extension.repository.internal.AbstractCachedExtensionRepository:241 is modified.
[INFO] /tmp/icst-2019/september-2018/dataset/xwiki-commons_parent/xwiki-commons-core/xwiki-commons-extension/xwiki-commons-extension-api/src/test/java/org/xwiki/extension/repository/local/DefaultLocalExtensionRepositoryTest.java
[INFO] /tmp/icst-2019/september-2018/dataset/xwiki-commons/xwiki-commons-core/xwiki-commons-extension/xwiki-commons-extension-api/src/test/java/org/xwiki/extension/repository/local/DefaultLocalExtensionRepositoryTest.java
[info] org.xwiki.extension.repository.local.DefaultLocalExtensionRepositoryTest:271 is modified.
[info] org.xwiki.extension.repository.local.DefaultLocalExtensionRepositoryTest:274 is modified.
[info] org.xwiki.extension.repository.local.DefaultLocalExtensionRepositoryTest:275 is modified.
[info] org.xwiki.extension.repository.local.DefaultLocalExtensionRepositoryTest:276 is modified.
[info] org.xwiki.extension.repository.local.DefaultLocalExtensionRepositoryTest:271 is modified.
[info] org.xwiki.extension.repository.local.DefaultLocalExtensionRepositoryTest:272 is modified.
[info] org.xwiki.extension.repository.local.DefaultLocalExtensionRepositoryTest:274 is modified.
[info] org.xwiki.extension.repository.local.DefaultLocalExtensionRepositoryTest:275 is modified.
[info] org.xwiki.extension.repository.local.DefaultLocalExtensionRepositoryTest:276 is modified.
[info] org.xwiki.extension.repository.local.DefaultLocalExtensionRepositoryTest:276 is modified.
[info] org.xwiki.extension.repository.local.DefaultLocalExtensionRepositoryTest:272 is modified.
[info] org.xwiki.extension.repository.local.DefaultLocalExtensionRepositoryTest:272 is modified.
[info] org.xwiki.extension.repository.local.DefaultLocalExtensionRepositoryTest:276 is modified.
[INFO] Saving result in /tmp/icst-2019/september-2018/result/xwiki-commons/commit_1_ced2635/parent_coverage_testsThatExecuteTheChanges.csv ...
[INFO] 
[INFO] Writing Coverage in /tmp/icst-2019/september-2018/result/xwiki-commons/commit_1_ced2635/parent_coverage_testsThatExecuteTheChanges_coverage.csv
[INFO] total;0;0

[INFO] ------------------------------------------------------------------------
[INFO] BUILD SUCCESS
[INFO] ------------------------------------------------------------------------
[INFO] Total time: 46.947 s
[INFO] Finished at: 2018-09-29T17:06:10+02:00
[INFO] ------------------------------------------------------------------------
