[INFO] Scanning for projects...
[WARNING] 
[WARNING] Some problems were encountered while building the effective model for org.xwiki.commons:xwiki-commons-xml:jar:10.6-SNAPSHOT
[WARNING] Reporting configuration should be done in <reporting> section, not in maven-site-plugin <configuration> as reportPlugins parameter.
[WARNING] 
[WARNING] It is highly recommended to fix these problems because they threaten the stability of your build.
[WARNING] 
[WARNING] For this reason, future Maven versions might no longer support building such malformed projects.
[WARNING] 
[INFO] 
[INFO] ----------------< org.xwiki.commons:xwiki-commons-xml >-----------------
[INFO] Building XWiki Commons - XML 10.6-SNAPSHOT
[INFO] --------------------------------[ jar ]---------------------------------
[INFO] 
[INFO] --- maven-clean-plugin:3.1.0:clean (default-clean) @ xwiki-commons-xml ---
[INFO] Deleting /tmp/icst-2019/september-2018/dataset/xwiki-commons/xwiki-commons-core/xwiki-commons-xml/target
[INFO] 
[INFO] --- diff-test-selection:0.5-SNAPSHOT:list (default-cli) @ xwiki-commons-xml ---
[INFO] Computing coverage for /tmp/icst-2019/september-2018/dataset/xwiki-commons/xwiki-commons-core/xwiki-commons-xml
[WARN] Maven will be executed in interactive mode, but no input stream has been configured for this MavenInvoker instance.
[INFO] Scanning for projects...
[WARNING] 
[WARNING] Some problems were encountered while building the effective model for org.xwiki.commons:xwiki-commons-xml:jar:10.6-SNAPSHOT
[WARNING] Reporting configuration should be done in <reporting> section, not in maven-site-plugin <configuration> as reportPlugins parameter.
[WARNING] 
[WARNING] It is highly recommended to fix these problems because they threaten the stability of your build.
[WARNING] 
[WARNING] For this reason, future Maven versions might no longer support building such malformed projects.
[WARNING] 
[INFO] 
[INFO] ----------------< org.xwiki.commons:xwiki-commons-xml >-----------------
[INFO] Building XWiki Commons - XML 10.6-SNAPSHOT
[INFO] --------------------------------[ jar ]---------------------------------
[INFO] 
[INFO] --- maven-clean-plugin:3.1.0:clean (default-clean) @ xwiki-commons-xml ---
[INFO] 
[INFO] --- clover-maven-plugin:4.2.0:setup (default-cli) @ xwiki-commons-xml ---
[INFO] No 'maven.clover.licenseLocation' configured. Using default license.
[INFO] OpenClover Version 4.2.0, built on April 30 2017 (build-1000)
[INFO] Loaded from: /home/spirals/danglot/.m2/repository/org/openclover/clover/4.2.0/clover-4.2.0.jar
[INFO] Clover free edition.
[INFO] Creating new database at '/tmp/icst-2019/september-2018/dataset/xwiki-commons/xwiki-commons-core/xwiki-commons-xml/target/clover/clover.db'.
[INFO] Processing files at 1.8 source level.
[INFO] Clover all over. Instrumented 26 files (8 packages).
[INFO] Elapsed time = 1.931 secs. (13.465 files/sec, 2,270.844 srclines/sec)
[INFO] OpenClover Version 4.2.0, built on April 30 2017 (build-1000)
[INFO] Loaded from: /home/spirals/danglot/.m2/repository/org/openclover/clover/4.2.0/clover-4.2.0.jar
[INFO] Clover free edition.
[INFO] Updating existing database at '/tmp/icst-2019/september-2018/dataset/xwiki-commons/xwiki-commons-core/xwiki-commons-xml/target/clover/clover.db'.
[INFO] Processing files at 1.8 source level.
[INFO] Clover all over. Instrumented 4 files (4 packages).
[INFO] 50 test methods detected.
[INFO] Elapsed time = 0.356 secs. (11.236 files/sec, 2,426.966 srclines/sec)
[INFO] 
[INFO] --- maven-enforcer-plugin:1.4.1:enforce (enforce-plugins) @ xwiki-commons-xml ---
[INFO] Skipping Rule Enforcement.
[INFO] 
[INFO] --- maven-enforcer-plugin:1.4.1:enforce (enforce-jcl-log4j-isolation) @ xwiki-commons-xml ---
[INFO] Skipping Rule Enforcement.
[INFO] 
[INFO] --- maven-enforcer-plugin:1.4.1:enforce (enforce-glasshfish-jaxb) @ xwiki-commons-xml ---
[INFO] Skipping Rule Enforcement.
[INFO] 
[INFO] --- maven-enforcer-plugin:1.4.1:enforce (enforce-open-json) @ xwiki-commons-xml ---
[INFO] Skipping Rule Enforcement.
[INFO] 
[INFO] --- maven-enforcer-plugin:1.4.1:enforce (enforce-glassfish-el) @ xwiki-commons-xml ---
[INFO] Skipping Rule Enforcement.
[INFO] 
[INFO] --- maven-enforcer-plugin:1.4.1:enforce (enforce-commons-lang3) @ xwiki-commons-xml ---
[INFO] Skipping Rule Enforcement.
[INFO] 
[INFO] --- maven-enforcer-plugin:1.4.1:enforce (enforce-commons-configuration2) @ xwiki-commons-xml ---
[INFO] Skipping Rule Enforcement.
[INFO] 
[INFO] --- maven-enforcer-plugin:1.4.1:enforce (enforce-bouncycastle-ids) @ xwiki-commons-xml ---
[INFO] Skipping Rule Enforcement.
[INFO] 
[INFO] --- maven-enforcer-plugin:1.4.1:enforce (enforce-javase-dependencies) @ xwiki-commons-xml ---
[INFO] Skipping Rule Enforcement.
[INFO] 
[INFO] --- maven-enforcer-plugin:1.4.1:enforce (enforce-upper-bounds) @ xwiki-commons-xml ---
[INFO] Skipping Rule Enforcement.
[INFO] 
[INFO] --- maven-enforcer-plugin:1.4.1:enforce (enforce-no-legacy-dependencies) @ xwiki-commons-xml ---
[INFO] 
[INFO] --- maven-enforcer-plugin:1.4.1:enforce (enforce-valid-poms) @ xwiki-commons-xml ---
[INFO] Skipping Rule Enforcement.
[INFO] 
[INFO] --- maven-enforcer-plugin:1.4.1:enforce (enforce-platform-rendering-isolation) @ xwiki-commons-xml ---
[INFO] Skipping Rule Enforcement.
[INFO] 
[INFO] --- maven-enforcer-plugin:1.4.1:enforce (check-dependency-version) @ xwiki-commons-xml ---
[INFO] Skipping Rule Enforcement.
[INFO] 
[INFO] --- xwiki-commons-tool-remote-resource-plugin:10.6-SNAPSHOT:process (xwiki-license-resources) @ xwiki-commons-xml ---
[INFO] 
[INFO] --- maven-resources-plugin:3.1.0:resources (default-resources) @ xwiki-commons-xml ---
[INFO] Using 'UTF-8' encoding to copy filtered resources.
[INFO] Copying 6 resources
[INFO] Copying 1 resource
[INFO] Copying 2 resources
[INFO] 
[INFO] --- maven-compiler-plugin:3.7.0:compile (default-compile) @ xwiki-commons-xml ---
[INFO] Changes detected - recompiling the module!
[INFO] Compiling 26 source files to /tmp/icst-2019/september-2018/dataset/xwiki-commons/xwiki-commons-core/xwiki-commons-xml/target/classes
[INFO] 
[INFO] --- maven-bundle-plugin:3.5.0:manifest (bundle-manifest) @ xwiki-commons-xml ---
[INFO] 
[INFO] --- maven-resources-plugin:3.1.0:testResources (default-testResources) @ xwiki-commons-xml ---
[INFO] Using 'UTF-8' encoding to copy filtered resources.
[INFO] skip non existing resourceDirectory /tmp/icst-2019/september-2018/dataset/xwiki-commons/xwiki-commons-core/xwiki-commons-xml/src/test/resources
[INFO] Copying 2 resources
[INFO] 
[INFO] --- maven-compiler-plugin:3.7.0:testCompile (default-testCompile) @ xwiki-commons-xml ---
[INFO] Changes detected - recompiling the module!
[INFO] Compiling 4 source files to /tmp/icst-2019/september-2018/dataset/xwiki-commons/xwiki-commons-core/xwiki-commons-xml/target/test-classes
[INFO] 
[INFO] --- maven-surefire-plugin:2.19.1:test (default-test) @ xwiki-commons-xml ---

-------------------------------------------------------
 T E S T S
-------------------------------------------------------
Running org.xwiki.xml.html.HTMLUtilsTest
Tests run: 2, Failures: 0, Errors: 0, Skipped: 0, Time elapsed: 0.77 sec - in org.xwiki.xml.html.HTMLUtilsTest
Running org.xwiki.xml.XMLUtilsTest
Tests run: 21, Failures: 0, Errors: 0, Skipped: 0, Time elapsed: 0.224 sec - in org.xwiki.xml.XMLUtilsTest
Running org.xwiki.xml.internal.html.DefaultHTMLCleanerTest
Tests run: 23, Failures: 0, Errors: 0, Skipped: 1, Time elapsed: 1.879 sec - in org.xwiki.xml.internal.html.DefaultHTMLCleanerTest
Running org.xwiki.xml.stax.StAXUtilsTest
Tests run: 4, Failures: 0, Errors: 0, Skipped: 0, Time elapsed: 1.129 sec - in org.xwiki.xml.stax.StAXUtilsTest

Results :

Tests run: 50, Failures: 0, Errors: 0, Skipped: 1

[INFO] ------------------------------------------------------------------------
[INFO] BUILD SUCCESS
[INFO] ------------------------------------------------------------------------
[INFO] Total time: 34.564 s
[INFO] Finished at: 2018-10-02T16:02:38+02:00
[INFO] ------------------------------------------------------------------------
Writing HTML report to '/tmp/icst-2019/september-2018/dataset/xwiki-commons/xwiki-commons-core/xwiki-commons-xml/target/clover/report'
Done. Processed 8 packages in 5847ms (730ms per package).
[INFO] /tmp/icst-2019/september-2018/dataset/xwiki-commons/xwiki-commons-core/xwiki-commons-xml/src/main/java/org/htmlcleaner/XWikiDOMSerializer.java
[INFO] /tmp/icst-2019/september-2018/dataset/xwiki-commons_parent/xwiki-commons-core/xwiki-commons-xml/src/main/java/org/htmlcleaner/XWikiDOMSerializer.java
[info] org.htmlcleaner.XWikiDOMSerializer:158 is modified.
[info] org.htmlcleaner.XWikiDOMSerializer:192 is modified.
[info] org.htmlcleaner.XWikiDOMSerializer:325 is modified.
[info] org.htmlcleaner.XWikiDOMSerializer:158 is modified.
[info] org.htmlcleaner.XWikiDOMSerializer:192 is modified.
[info] org.htmlcleaner.XWikiDOMSerializer:323 is modified.
[info] org.htmlcleaner.XWikiDOMSerializer:325 is modified.
[info] org.htmlcleaner.XWikiDOMSerializer:325 is modified.
[info] org.htmlcleaner.XWikiDOMSerializer:192 covered.
[info] org.htmlcleaner.XWikiDOMSerializer:325 covered.
[info] org.htmlcleaner.XWikiDOMSerializer:158 covered.
[INFO] /tmp/icst-2019/september-2018/dataset/xwiki-commons/xwiki-commons-core/xwiki-commons-xml/src/main/java/org/xwiki/xml/internal/html/DefaultHTMLCleaner.java
[INFO] /tmp/icst-2019/september-2018/dataset/xwiki-commons_parent/xwiki-commons-core/xwiki-commons-xml/src/main/java/org/xwiki/xml/internal/html/DefaultHTMLCleaner.java
[info] org.xwiki.xml.internal.html.DefaultHTMLCleaner:178 is modified.
[info] org.xwiki.xml.internal.html.DefaultHTMLCleaner:237 is modified.
[info] org.xwiki.xml.internal.html.DefaultHTMLCleaner:237 covered.
[INFO] /tmp/icst-2019/september-2018/dataset/xwiki-commons/xwiki-commons-core/xwiki-commons-xml/src/test/java/org/xwiki/xml/internal/html/DefaultHTMLCleanerTest.java
[INFO] /tmp/icst-2019/september-2018/dataset/xwiki-commons_parent/xwiki-commons-core/xwiki-commons-xml/src/test/java/org/xwiki/xml/internal/html/DefaultHTMLCleanerTest.java
[info] org.xwiki.xml.internal.html.DefaultHTMLCleanerTest:343 is modified.
[info] org.xwiki.xml.internal.html.DefaultHTMLCleanerTest:93 is modified.
[info] org.xwiki.xml.internal.html.DefaultHTMLCleanerTest:96 is modified.
[info] org.xwiki.xml.internal.html.DefaultHTMLCleanerTest:262 is modified.
[INFO] Saving result in /tmp/icst-2019/september-2018/result/xwiki-commons/commit_4_adfefec/commit_coverage_testsThatExecuteTheChanges.csv ...
[INFO] org.xwiki.xml.internal.html.DefaultHTMLCleanerTest;convertImplicitParagraphs;escapeHTMLCharsInAttributes;explicitFilterList;cleanEmptyDIV;convertImageAlignment;specialCharacters;fullXHTMLHeader;scriptAndCData;verifySpanIsExpanded;verifyLegendTagNotStripped;restrictedHtml;duplicateIds;closeUnbalancedTags;cleanNonXHTMLLists;elementExpansion;verifyEntitiesAreNotBroken;conversionsFromHTML;cleanSVGTags;verifyIFRAMECleaning;verifyExternalLinksAreSecure;styleAndCData;cleanHTMLTagWithNamespace
org.xwiki.xml.html.HTMLUtilsTest;stripTopLevelParagraph;stripHTMLEnvelope
[INFO] Writing Coverage in /tmp/icst-2019/september-2018/result/xwiki-commons/commit_4_adfefec/commit_coverage_testsThatExecuteTheChanges_coverage.csv
[INFO] org.htmlcleaner.XWikiDOMSerializer;3;4

[INFO] org.xwiki.xml.internal.html.DefaultHTMLCleaner;1;2

[INFO] total;4;6

[INFO] ------------------------------------------------------------------------
[INFO] BUILD SUCCESS
[INFO] ------------------------------------------------------------------------
[INFO] Total time: 55.610 s
[INFO] Finished at: 2018-10-02T16:02:51+02:00
[INFO] ------------------------------------------------------------------------
[INFO] 2018-10-02 16:02:52 RepositoriesSetter - {/tmp/icst-2019/september-2018/dataset/xwiki-commons} Cleaning local repository...
[INFO] 2018-10-02 16:02:53 RepositoriesSetter - Checkout d3101aed5d0b3df40e9ac9cf1a40af74262d5f75 revision...
[INFO] 2018-10-02 16:02:54 RepositoriesSetter - {/tmp/icst-2019/september-2018/dataset/xwiki-commons_parent} Cleaning local repository...
[INFO] 2018-10-02 16:02:55 RepositoriesSetter - Checkout a0b25ca3b297fe7ab3ceaac64c368d994ec29841 revision...
