Apache Maven 3.5.4 (1edded0938998edf8bf061f1ceb3cfdeccf443fe; 2018-06-17T20:33:14+02:00)
Maven home: /home/spirals/danglot/apache-maven-3.5.4
Java version: 1.8.0_121, vendor: Oracle Corporation, runtime: /home/spirals/danglot/jdk1.8.0_121/jre
Default locale: en_US, platform encoding: ANSI_X3.4-1968
OS name: "linux", version: "3.16.0-4-amd64", arch: "amd64", family: "unix"
[DEBUG] Created new class realm maven.api
[DEBUG] Importing foreign packages into class realm maven.api
[DEBUG]   Imported: javax.annotation.* < plexus.core
[DEBUG]   Imported: javax.annotation.security.* < plexus.core
[DEBUG]   Imported: javax.enterprise.inject.* < plexus.core
[DEBUG]   Imported: javax.enterprise.util.* < plexus.core
[DEBUG]   Imported: javax.inject.* < plexus.core
[DEBUG]   Imported: org.apache.maven.* < plexus.core
[DEBUG]   Imported: org.apache.maven.artifact < plexus.core
[DEBUG]   Imported: org.apache.maven.classrealm < plexus.core
[DEBUG]   Imported: org.apache.maven.cli < plexus.core
[DEBUG]   Imported: org.apache.maven.configuration < plexus.core
[DEBUG]   Imported: org.apache.maven.exception < plexus.core
[DEBUG]   Imported: org.apache.maven.execution < plexus.core
[DEBUG]   Imported: org.apache.maven.execution.scope < plexus.core
[DEBUG]   Imported: org.apache.maven.lifecycle < plexus.core
[DEBUG]   Imported: org.apache.maven.model < plexus.core
[DEBUG]   Imported: org.apache.maven.monitor < plexus.core
[DEBUG]   Imported: org.apache.maven.plugin < plexus.core
[DEBUG]   Imported: org.apache.maven.profiles < plexus.core
[DEBUG]   Imported: org.apache.maven.project < plexus.core
[DEBUG]   Imported: org.apache.maven.reporting < plexus.core
[DEBUG]   Imported: org.apache.maven.repository < plexus.core
[DEBUG]   Imported: org.apache.maven.rtinfo < plexus.core
[DEBUG]   Imported: org.apache.maven.settings < plexus.core
[DEBUG]   Imported: org.apache.maven.toolchain < plexus.core
[DEBUG]   Imported: org.apache.maven.usability < plexus.core
[DEBUG]   Imported: org.apache.maven.wagon.* < plexus.core
[DEBUG]   Imported: org.apache.maven.wagon.authentication < plexus.core
[DEBUG]   Imported: org.apache.maven.wagon.authorization < plexus.core
[DEBUG]   Imported: org.apache.maven.wagon.events < plexus.core
[DEBUG]   Imported: org.apache.maven.wagon.observers < plexus.core
[DEBUG]   Imported: org.apache.maven.wagon.proxy < plexus.core
[DEBUG]   Imported: org.apache.maven.wagon.repository < plexus.core
[DEBUG]   Imported: org.apache.maven.wagon.resource < plexus.core
[DEBUG]   Imported: org.codehaus.classworlds < plexus.core
[DEBUG]   Imported: org.codehaus.plexus.* < plexus.core
[DEBUG]   Imported: org.codehaus.plexus.classworlds < plexus.core
[DEBUG]   Imported: org.codehaus.plexus.component < plexus.core
[DEBUG]   Imported: org.codehaus.plexus.configuration < plexus.core
[DEBUG]   Imported: org.codehaus.plexus.container < plexus.core
[DEBUG]   Imported: org.codehaus.plexus.context < plexus.core
[DEBUG]   Imported: org.codehaus.plexus.lifecycle < plexus.core
[DEBUG]   Imported: org.codehaus.plexus.logging < plexus.core
[DEBUG]   Imported: org.codehaus.plexus.personality < plexus.core
[DEBUG]   Imported: org.codehaus.plexus.util.xml.Xpp3Dom < plexus.core
[DEBUG]   Imported: org.codehaus.plexus.util.xml.pull.XmlPullParser < plexus.core
[DEBUG]   Imported: org.codehaus.plexus.util.xml.pull.XmlPullParserException < plexus.core
[DEBUG]   Imported: org.codehaus.plexus.util.xml.pull.XmlSerializer < plexus.core
[DEBUG]   Imported: org.eclipse.aether.* < plexus.core
[DEBUG]   Imported: org.eclipse.aether.artifact < plexus.core
[DEBUG]   Imported: org.eclipse.aether.collection < plexus.core
[DEBUG]   Imported: org.eclipse.aether.deployment < plexus.core
[DEBUG]   Imported: org.eclipse.aether.graph < plexus.core
[DEBUG]   Imported: org.eclipse.aether.impl < plexus.core
[DEBUG]   Imported: org.eclipse.aether.installation < plexus.core
[DEBUG]   Imported: org.eclipse.aether.internal.impl < plexus.core
[DEBUG]   Imported: org.eclipse.aether.metadata < plexus.core
[DEBUG]   Imported: org.eclipse.aether.repository < plexus.core
[DEBUG]   Imported: org.eclipse.aether.resolution < plexus.core
[DEBUG]   Imported: org.eclipse.aether.spi < plexus.core
[DEBUG]   Imported: org.eclipse.aether.transfer < plexus.core
[DEBUG]   Imported: org.eclipse.aether.version < plexus.core
[DEBUG]   Imported: org.fusesource.jansi.* < plexus.core
[DEBUG]   Imported: org.slf4j.* < plexus.core
[DEBUG]   Imported: org.slf4j.helpers.* < plexus.core
[DEBUG]   Imported: org.slf4j.spi.* < plexus.core
[DEBUG] Populating class realm maven.api
[INFO] Error stacktraces are turned on.
[DEBUG] Message scheme: color
[DEBUG] Message styles: debug info warning error success failure strong mojo project
[DEBUG] Reading global settings from /home/spirals/danglot/apache-maven-3.5.4/conf/settings.xml
[DEBUG] Reading user settings from /home/spirals/danglot/.m2/settings.xml
[DEBUG] Reading global toolchains from /home/spirals/danglot/apache-maven-3.5.4/conf/toolchains.xml
[DEBUG] Reading user toolchains from /home/spirals/danglot/.m2/toolchains.xml
[DEBUG] Using local repository at /home/spirals/danglot/.m2/repository
[DEBUG] Using manager EnhancedLocalRepositoryManager with priority 10.0 for /home/spirals/danglot/.m2/repository
[INFO] Scanning for projects...
[DEBUG] Extension realms for project org.xwiki.commons:xwiki-commons-xml:jar:9.10-SNAPSHOT: (none)
[DEBUG] Looking up lifecycle mappings for packaging jar from ClassRealm[plexus.core, parent: null]
[DEBUG] Extension realms for project org.xwiki.commons:xwiki-commons-core:pom:9.10-SNAPSHOT: (none)
[DEBUG] Looking up lifecycle mappings for packaging pom from ClassRealm[plexus.core, parent: null]
[DEBUG] Extension realms for project org.xwiki.commons:xwiki-commons-pom:pom:9.10-SNAPSHOT: (none)
[DEBUG] Looking up lifecycle mappings for packaging pom from ClassRealm[plexus.core, parent: null]
[DEBUG] Extension realms for project org.xwiki.commons:xwiki-commons:pom:9.10-SNAPSHOT: (none)
[DEBUG] Looking up lifecycle mappings for packaging pom from ClassRealm[plexus.core, parent: null]
[WARNING] 
[WARNING] Some problems were encountered while building the effective model for org.xwiki.commons:xwiki-commons-xml:jar:9.10-SNAPSHOT
[WARNING] Reporting configuration should be done in <reporting> section, not in maven-site-plugin <configuration> as reportPlugins parameter.
[WARNING] 
[WARNING] It is highly recommended to fix these problems because they threaten the stability of your build.
[WARNING] 
[WARNING] For this reason, future Maven versions might no longer support building such malformed projects.
[WARNING] 
[DEBUG] === REACTOR BUILD PLAN ================================================
[DEBUG] Project: org.xwiki.commons:xwiki-commons-xml:jar:9.10-SNAPSHOT
[DEBUG] Tasks:   [clean, eu.stamp-project:dspot-diff-test-selection:2.0.1-SNAPSHOT:list]
[DEBUG] Style:   Regular
[DEBUG] =======================================================================
[INFO] 
[INFO] ----------------< org.xwiki.commons:xwiki-commons-xml >-----------------
[INFO] Building XWiki Commons - XML 9.10-SNAPSHOT
[INFO] --------------------------------[ jar ]---------------------------------
[DEBUG] Lifecycle default -> [validate, initialize, generate-sources, process-sources, generate-resources, process-resources, compile, process-classes, generate-test-sources, process-test-sources, generate-test-resources, process-test-resources, test-compile, process-test-classes, test, prepare-package, package, pre-integration-test, integration-test, post-integration-test, verify, install, deploy]
[DEBUG] Lifecycle clean -> [pre-clean, clean, post-clean]
[DEBUG] Lifecycle site -> [pre-site, site, post-site, site-deploy]
[DEBUG] Lifecycle default -> [validate, initialize, generate-sources, process-sources, generate-resources, process-resources, compile, process-classes, generate-test-sources, process-test-sources, generate-test-resources, process-test-resources, test-compile, process-test-classes, test, prepare-package, package, pre-integration-test, integration-test, post-integration-test, verify, install, deploy]
[DEBUG] Lifecycle clean -> [pre-clean, clean, post-clean]
[DEBUG] Lifecycle site -> [pre-site, site, post-site, site-deploy]
[DEBUG] Lifecycle default -> [validate, initialize, generate-sources, process-sources, generate-resources, process-resources, compile, process-classes, generate-test-sources, process-test-sources, generate-test-resources, process-test-resources, test-compile, process-test-classes, test, prepare-package, package, pre-integration-test, integration-test, post-integration-test, verify, install, deploy]
[DEBUG] Lifecycle clean -> [pre-clean, clean, post-clean]
[DEBUG] Lifecycle site -> [pre-site, site, post-site, site-deploy]
[DEBUG] === PROJECT BUILD PLAN ================================================
[DEBUG] Project:       org.xwiki.commons:xwiki-commons-xml:9.10-SNAPSHOT
[DEBUG] Dependencies (collect): []
[DEBUG] Dependencies (resolve): []
[DEBUG] Repositories (dependencies): [central (https://repo.maven.apache.org/maven2, default, releases)]
[DEBUG] Repositories (plugins)     : [central (https://repo.maven.apache.org/maven2, default, releases)]
[DEBUG] -----------------------------------------------------------------------
[DEBUG] Goal:          org.apache.maven.plugins:maven-clean-plugin:3.0.0:clean (default-clean)
[DEBUG] Style:         Regular
[DEBUG] Configuration: <?xml version="1.0" encoding="UTF-8"?>
<configuration>
  <directory default-value="${project.build.directory}"/>
  <excludeDefaultDirectories default-value="false">${maven.clean.excludeDefaultDirectories}</excludeDefaultDirectories>
  <failOnError default-value="true">${maven.clean.failOnError}</failOnError>
  <followSymLinks default-value="false">${maven.clean.followSymLinks}</followSymLinks>
  <outputDirectory default-value="${project.build.outputDirectory}"/>
  <reportDirectory default-value="${project.build.outputDirectory}"/>
  <retryOnError default-value="true">${maven.clean.retryOnError}</retryOnError>
  <skip default-value="false">${maven.clean.skip}</skip>
  <testOutputDirectory default-value="${project.build.testOutputDirectory}"/>
  <verbose>${maven.clean.verbose}</verbose>
</configuration>
[DEBUG] -----------------------------------------------------------------------
[DEBUG] Goal:          eu.stamp-project:dspot-diff-test-selection:2.0.1-SNAPSHOT:list (default-cli)
[DEBUG] Style:         Regular
[DEBUG] Configuration: <?xml version="1.0" encoding="UTF-8"?>
<configuration>
  <module default-value="">${module}</module>
  <outputFormat default-value="CSV">${output-format}</outputFormat>
  <outputPath default-value="">${output-path}</outputPath>
  <pathDirSecondVersion>${path-dir-second-version}</pathDirSecondVersion>
  <pathToDiff default-value="">${path-to-diff}</pathToDiff>
  <project default-value="${project}"/>
</configuration>
[DEBUG] =======================================================================
[INFO] 
[INFO] --- maven-clean-plugin:3.0.0:clean (default-clean) @ xwiki-commons-xml ---
[DEBUG] Dependency collection stats: {ConflictMarker.analyzeTime=956861, ConflictMarker.markTime=605804, ConflictMarker.nodeCount=15, ConflictIdSorter.graphTime=537567, ConflictIdSorter.topsortTime=408882, ConflictIdSorter.conflictIdCount=13, ConflictIdSorter.conflictIdCycleCount=0, ConflictResolver.totalTime=4531431, ConflictResolver.conflictItemCount=15, DefaultDependencyCollector.collectTime=153031435, DefaultDependencyCollector.transformTime=9778529}
[DEBUG] org.apache.maven.plugins:maven-clean-plugin:jar:3.0.0:
[DEBUG]    org.apache.maven:maven-plugin-api:jar:3.0:compile
[DEBUG]       org.apache.maven:maven-model:jar:3.0:compile
[DEBUG]          org.codehaus.plexus:plexus-utils:jar:2.0.4:compile
[DEBUG]       org.apache.maven:maven-artifact:jar:3.0:compile
[DEBUG]       org.sonatype.sisu:sisu-inject-plexus:jar:1.4.2:compile
[DEBUG]          org.codehaus.plexus:plexus-component-annotations:jar:1.5.5:compile
[DEBUG]          org.codehaus.plexus:plexus-classworlds:jar:2.2.3:compile
[DEBUG]          org.sonatype.sisu:sisu-inject-bean:jar:1.4.2:compile
[DEBUG]             org.sonatype.sisu:sisu-guice:jar:noaop:2.1.7:compile
[DEBUG]    org.apache.maven.shared:maven-shared-utils:jar:3.0.0:compile
[DEBUG]       commons-io:commons-io:jar:2.4:compile
[DEBUG]       com.google.code.findbugs:jsr305:jar:2.0.1:compile
[DEBUG] Created new class realm plugin>org.apache.maven.plugins:maven-clean-plugin:3.0.0
[DEBUG] Importing foreign packages into class realm plugin>org.apache.maven.plugins:maven-clean-plugin:3.0.0
[DEBUG]   Imported:  < maven.api
[DEBUG] Populating class realm plugin>org.apache.maven.plugins:maven-clean-plugin:3.0.0
[DEBUG]   Included: org.apache.maven.plugins:maven-clean-plugin:jar:3.0.0
[DEBUG]   Included: org.codehaus.plexus:plexus-utils:jar:2.0.4
[DEBUG]   Included: org.codehaus.plexus:plexus-component-annotations:jar:1.5.5
[DEBUG]   Included: org.sonatype.sisu:sisu-inject-bean:jar:1.4.2
[DEBUG]   Included: org.sonatype.sisu:sisu-guice:jar:noaop:2.1.7
[DEBUG]   Included: org.apache.maven.shared:maven-shared-utils:jar:3.0.0
[DEBUG]   Included: commons-io:commons-io:jar:2.4
[DEBUG]   Included: com.google.code.findbugs:jsr305:jar:2.0.1
[DEBUG] Configuring mojo org.apache.maven.plugins:maven-clean-plugin:3.0.0:clean from plugin realm ClassRealm[plugin>org.apache.maven.plugins:maven-clean-plugin:3.0.0, parent: sun.misc.Launcher$AppClassLoader@55f96302]
[DEBUG] Configuring mojo 'org.apache.maven.plugins:maven-clean-plugin:3.0.0:clean' with basic configurator -->
[DEBUG]   (f) directory = /tmp/dspot-experiments/dataset/april-2019/xwiki-commons_parent/xwiki-commons-core/xwiki-commons-xml/target
[DEBUG]   (f) excludeDefaultDirectories = false
[DEBUG]   (f) failOnError = true
[DEBUG]   (f) followSymLinks = false
[DEBUG]   (f) outputDirectory = /tmp/dspot-experiments/dataset/april-2019/xwiki-commons_parent/xwiki-commons-core/xwiki-commons-xml/target/classes
[DEBUG]   (f) reportDirectory = /tmp/dspot-experiments/dataset/april-2019/xwiki-commons_parent/xwiki-commons-core/xwiki-commons-xml/target/classes
[DEBUG]   (f) retryOnError = true
[DEBUG]   (f) skip = false
[DEBUG]   (f) testOutputDirectory = /tmp/dspot-experiments/dataset/april-2019/xwiki-commons_parent/xwiki-commons-core/xwiki-commons-xml/target/test-classes
[DEBUG] -- end configuration --
[INFO] Deleting /tmp/dspot-experiments/dataset/april-2019/xwiki-commons_parent/xwiki-commons-core/xwiki-commons-xml/target
[INFO] Deleting file /tmp/dspot-experiments/dataset/april-2019/xwiki-commons_parent/xwiki-commons-core/xwiki-commons-xml/target/.plxarc
[INFO] Deleting file /tmp/dspot-experiments/dataset/april-2019/xwiki-commons_parent/xwiki-commons-core/xwiki-commons-xml/target/clover/clover.db1dzb6lieno6df_6_a564y_jump49oe.s
[INFO] Deleting file /tmp/dspot-experiments/dataset/april-2019/xwiki-commons_parent/xwiki-commons-core/xwiki-commons-xml/target/clover/clover.db1dzb6lmcpwag0_u_gobov9_jump4ajd.s
[INFO] Deleting file /tmp/dspot-experiments/dataset/april-2019/xwiki-commons_parent/xwiki-commons-core/xwiki-commons-xml/target/clover/clover.db1dzb6lieno6e6_0_gobov9_jump49g6.s
[INFO] Deleting file /tmp/dspot-experiments/dataset/april-2019/xwiki-commons_parent/xwiki-commons-core/xwiki-commons-xml/target/clover/clover.db1dzb6lieno6ej_e_a564y_jump49os.s
[INFO] Deleting file /tmp/dspot-experiments/dataset/april-2019/xwiki-commons_parent/xwiki-commons-core/xwiki-commons-xml/target/clover/clover.dbgobov9_jump49n4
[INFO] Deleting file /tmp/dspot-experiments/dataset/april-2019/xwiki-commons_parent/xwiki-commons-core/xwiki-commons-xml/target/clover/src-test-instrumented/org/xwiki/xml/html/HTMLUtilsTest.java
[INFO] Deleting directory /tmp/dspot-experiments/dataset/april-2019/xwiki-commons_parent/xwiki-commons-core/xwiki-commons-xml/target/clover/src-test-instrumented/org/xwiki/xml/html
[INFO] Deleting file /tmp/dspot-experiments/dataset/april-2019/xwiki-commons_parent/xwiki-commons-core/xwiki-commons-xml/target/clover/src-test-instrumented/org/xwiki/xml/internal/html/DefaultHTMLCleanerTest.java
[INFO] Deleting directory /tmp/dspot-experiments/dataset/april-2019/xwiki-commons_parent/xwiki-commons-core/xwiki-commons-xml/target/clover/src-test-instrumented/org/xwiki/xml/internal/html
[INFO] Deleting directory /tmp/dspot-experiments/dataset/april-2019/xwiki-commons_parent/xwiki-commons-core/xwiki-commons-xml/target/clover/src-test-instrumented/org/xwiki/xml/internal
[INFO] Deleting file /tmp/dspot-experiments/dataset/april-2019/xwiki-commons_parent/xwiki-commons-core/xwiki-commons-xml/target/clover/src-test-instrumented/org/xwiki/xml/XMLUtilsTest.java
[INFO] Deleting file /tmp/dspot-experiments/dataset/april-2019/xwiki-commons_parent/xwiki-commons-core/xwiki-commons-xml/target/clover/src-test-instrumented/org/xwiki/xml/stax/StAXUtilsTest.java
[INFO] Deleting directory /tmp/dspot-experiments/dataset/april-2019/xwiki-commons_parent/xwiki-commons-core/xwiki-commons-xml/target/clover/src-test-instrumented/org/xwiki/xml/stax
[INFO] Deleting directory /tmp/dspot-experiments/dataset/april-2019/xwiki-commons_parent/xwiki-commons-core/xwiki-commons-xml/target/clover/src-test-instrumented/org/xwiki/xml
[INFO] Deleting directory /tmp/dspot-experiments/dataset/april-2019/xwiki-commons_parent/xwiki-commons-core/xwiki-commons-xml/target/clover/src-test-instrumented/org/xwiki
[INFO] Deleting directory /tmp/dspot-experiments/dataset/april-2019/xwiki-commons_parent/xwiki-commons-core/xwiki-commons-xml/target/clover/src-test-instrumented/org
[INFO] Deleting directory /tmp/dspot-experiments/dataset/april-2019/xwiki-commons_parent/xwiki-commons-core/xwiki-commons-xml/target/clover/src-test-instrumented
[INFO] Deleting file /tmp/dspot-experiments/dataset/april-2019/xwiki-commons_parent/xwiki-commons-core/xwiki-commons-xml/target/clover/clover.db1dzb6lieno6el_5_gobov9_jump49od.s
[INFO] Deleting file /tmp/dspot-experiments/dataset/april-2019/xwiki-commons_parent/xwiki-commons-core/xwiki-commons-xml/target/clover/clover.db1dzb6lmcpwaew_11_gobov9_jump4alu.s
[INFO] Deleting file /tmp/dspot-experiments/dataset/april-2019/xwiki-commons_parent/xwiki-commons-core/xwiki-commons-xml/target/clover/clover.db1dzb6lmcpwagw_18_a564y_jump4apa.s
[INFO] Deleting file /tmp/dspot-experiments/dataset/april-2019/xwiki-commons_parent/xwiki-commons-core/xwiki-commons-xml/target/clover/clover.db1dzb6lmcpwafg_10_gobov9_jump4alm.s
[INFO] Deleting file /tmp/dspot-experiments/dataset/april-2019/xwiki-commons_parent/xwiki-commons-core/xwiki-commons-xml/target/clover/clover.db1dzb6lmcpwaf5_17_gobov9_jump4aow.s
[INFO] Deleting file /tmp/dspot-experiments/dataset/april-2019/xwiki-commons_parent/xwiki-commons-core/xwiki-commons-xml/target/clover/clover.db1dzb6lmcpwaed_t_a564y_jump4aiu.s
[INFO] Deleting file /tmp/dspot-experiments/dataset/april-2019/xwiki-commons_parent/xwiki-commons-core/xwiki-commons-xml/target/clover/clover.db1dzb6lmcpwadv_12_gobov9_jump4amx.s
[INFO] Deleting file /tmp/dspot-experiments/dataset/april-2019/xwiki-commons_parent/xwiki-commons-core/xwiki-commons-xml/target/clover/clover.db1dzb6lieno6ej_e_gobov9_jump49os.s
[INFO] Deleting file /tmp/dspot-experiments/dataset/april-2019/xwiki-commons_parent/xwiki-commons-core/xwiki-commons-xml/target/clover/clover.db1dzb6lieno6ex_d_gobov9_jump49oq.s
[INFO] Deleting file /tmp/dspot-experiments/dataset/april-2019/xwiki-commons_parent/xwiki-commons-core/xwiki-commons-xml/target/clover/clover.db1dzb6lmcpwadx_r_gobov9_jump4ah6.s
[INFO] Deleting file /tmp/dspot-experiments/dataset/april-2019/xwiki-commons_parent/xwiki-commons-core/xwiki-commons-xml/target/clover/clover.db1dzb6lmcpwaew_11_a564y_jump4alu.s
[INFO] Deleting file /tmp/dspot-experiments/dataset/april-2019/xwiki-commons_parent/xwiki-commons-core/xwiki-commons-xml/target/clover/clover.db1dzb6lieno6d5_g_a564y_jump49ow.s
[INFO] Deleting file /tmp/dspot-experiments/dataset/april-2019/xwiki-commons_parent/xwiki-commons-core/xwiki-commons-xml/target/clover/clover.db1dzb6lkdos8i9_l_a564y_jump49p8.s
[INFO] Deleting file /tmp/dspot-experiments/dataset/april-2019/xwiki-commons_parent/xwiki-commons-core/xwiki-commons-xml/target/clover/clover.db1dzb6lmcpwagk_19_gobov9_jump4apw.s
[INFO] Deleting file /tmp/dspot-experiments/dataset/april-2019/xwiki-commons_parent/xwiki-commons-core/xwiki-commons-xml/target/clover/clover.db1dzb6lmcpwadl_v_a564y_jump4akb.s
[INFO] Deleting file /tmp/dspot-experiments/dataset/april-2019/xwiki-commons_parent/xwiki-commons-core/xwiki-commons-xml/target/clover/clover.dba564y_jump49g4
[INFO] Deleting file /tmp/dspot-experiments/dataset/april-2019/xwiki-commons_parent/xwiki-commons-core/xwiki-commons-xml/target/clover/clover.db1dzb6lmcpwagc_x_a564y_jump4akt.s
[INFO] Deleting file /tmp/dspot-experiments/dataset/april-2019/xwiki-commons_parent/xwiki-commons-core/xwiki-commons-xml/target/clover/clover.db1dzb6lmcpwafg_10_a564y_jump4alm.s
[INFO] Deleting file /tmp/dspot-experiments/dataset/april-2019/xwiki-commons_parent/xwiki-commons-core/xwiki-commons-xml/target/clover/clover.dbgobov9_jump49n4.1
[INFO] Deleting file /tmp/dspot-experiments/dataset/april-2019/xwiki-commons_parent/xwiki-commons-core/xwiki-commons-xml/target/clover/clover.db1dzb6lieno6du_8_gobov9_jump49oi.s
[INFO] Deleting file /tmp/dspot-experiments/dataset/april-2019/xwiki-commons_parent/xwiki-commons-core/xwiki-commons-xml/target/clover/clover.db1dzb6lmcpwagk_19_a564y_jump4apw.s
[INFO] Deleting file /tmp/dspot-experiments/dataset/april-2019/xwiki-commons_parent/xwiki-commons-core/xwiki-commons-xml/target/clover/clover.db1dzb6lieno6e8_h_a564y_jump49ox.s
[INFO] Deleting file /tmp/dspot-experiments/dataset/april-2019/xwiki-commons_parent/xwiki-commons-core/xwiki-commons-xml/target/clover/clover.db1dzb6lieno6eh_3_a564y_jump49nn.s
[INFO] Deleting file /tmp/dspot-experiments/dataset/april-2019/xwiki-commons_parent/xwiki-commons-core/xwiki-commons-xml/target/clover/clover.db1dzb6lmcpwafq_y_a564y_jump4al0.s
[INFO] Deleting file /tmp/dspot-experiments/dataset/april-2019/xwiki-commons_parent/xwiki-commons-core/xwiki-commons-xml/target/clover/clover.db1dzb6lmcpwae7_15_a564y_jump4anp.s
[INFO] Deleting file /tmp/dspot-experiments/dataset/april-2019/xwiki-commons_parent/xwiki-commons-core/xwiki-commons-xml/target/clover/clover.db1dzb6lieno6ea_f_a564y_jump49ou.s
[INFO] Deleting file /tmp/dspot-experiments/dataset/april-2019/xwiki-commons_parent/xwiki-commons-core/xwiki-commons-xml/target/clover/report/clover-tree.js
[INFO] Deleting file /tmp/dspot-experiments/dataset/april-2019/xwiki-commons_parent/xwiki-commons-core/xwiki-commons-xml/target/clover/report/quick-wins.html
[INFO] Deleting file /tmp/dspot-experiments/dataset/april-2019/xwiki-commons_parent/xwiki-commons-core/xwiki-commons-xml/target/clover/report/cloud.js
[INFO] Deleting file /tmp/dspot-experiments/dataset/april-2019/xwiki-commons_parent/xwiki-commons-core/xwiki-commons-xml/target/clover/report/jquery-1.8.3.min.js
[INFO] Deleting file /tmp/dspot-experiments/dataset/april-2019/xwiki-commons_parent/xwiki-commons-core/xwiki-commons-xml/target/clover/report/testsrc-pkg-summary.html
[INFO] Deleting file /tmp/dspot-experiments/dataset/april-2019/xwiki-commons_parent/xwiki-commons-core/xwiki-commons-xml/target/clover/report/testsrc-agg-pkgs.html
[INFO] Deleting file /tmp/dspot-experiments/dataset/april-2019/xwiki-commons_parent/xwiki-commons-core/xwiki-commons-xml/target/clover/report/treemap-json.js
[INFO] Deleting file /tmp/dspot-experiments/dataset/april-2019/xwiki-commons_parent/xwiki-commons-core/xwiki-commons-xml/target/clover/report/jit.js
[INFO] Deleting file /tmp/dspot-experiments/dataset/april-2019/xwiki-commons_parent/xwiki-commons-core/xwiki-commons-xml/target/clover/report/treemap.html
[INFO] Deleting file /tmp/dspot-experiments/dataset/april-2019/xwiki-commons_parent/xwiki-commons-core/xwiki-commons-xml/target/clover/report/style.css
[INFO] Deleting file /tmp/dspot-experiments/dataset/april-2019/xwiki-commons_parent/xwiki-commons-core/xwiki-commons-xml/target/clover/report/dashboard.html
[INFO] Deleting file /tmp/dspot-experiments/dataset/april-2019/xwiki-commons_parent/xwiki-commons-core/xwiki-commons-xml/target/clover/report/aui/css/forms/icon-required.png
[INFO] Deleting file /tmp/dspot-experiments/dataset/april-2019/xwiki-commons_parent/xwiki-commons-core/xwiki-commons-xml/target/clover/report/aui/css/forms/icon-date.png
[INFO] Deleting file /tmp/dspot-experiments/dataset/april-2019/xwiki-commons_parent/xwiki-commons-core/xwiki-commons-xml/target/clover/report/aui/css/forms/icon-users.png
[INFO] Deleting file /tmp/dspot-experiments/dataset/april-2019/xwiki-commons_parent/xwiki-commons-core/xwiki-commons-xml/target/clover/report/aui/css/forms/icon-help.png
[INFO] Deleting file /tmp/dspot-experiments/dataset/april-2019/xwiki-commons_parent/xwiki-commons-core/xwiki-commons-xml/target/clover/report/aui/css/forms/icons_form.gif
[INFO] Deleting file /tmp/dspot-experiments/dataset/april-2019/xwiki-commons_parent/xwiki-commons-core/xwiki-commons-xml/target/clover/report/aui/css/forms/icon-range.png
[INFO] Deleting directory /tmp/dspot-experiments/dataset/april-2019/xwiki-commons_parent/xwiki-commons-core/xwiki-commons-xml/target/clover/report/aui/css/forms
[INFO] Deleting file /tmp/dspot-experiments/dataset/april-2019/xwiki-commons_parent/xwiki-commons-core/xwiki-commons-xml/target/clover/report/aui/css/bg-000-trans20.png
[INFO] Deleting file /tmp/dspot-experiments/dataset/april-2019/xwiki-commons_parent/xwiki-commons-core/xwiki-commons-xml/target/clover/report/aui/css/select2x2.png
[INFO] Deleting file /tmp/dspot-experiments/dataset/april-2019/xwiki-commons_parent/xwiki-commons-core/xwiki-commons-xml/target/clover/report/aui/css/aui-toolbar-24px.png
[INFO] Deleting file /tmp/dspot-experiments/dataset/april-2019/xwiki-commons_parent/xwiki-commons-core/xwiki-commons-xml/target/clover/report/aui/css/aui-experimental.min.css
[INFO] Deleting file /tmp/dspot-experiments/dataset/april-2019/xwiki-commons_parent/xwiki-commons-core/xwiki-commons-xml/target/clover/report/aui/css/core/icon-minimize-d.png
[INFO] Deleting file /tmp/dspot-experiments/dataset/april-2019/xwiki-commons_parent/xwiki-commons-core/xwiki-commons-xml/target/clover/report/aui/css/core/icon-move-d.png
[INFO] Deleting file /tmp/dspot-experiments/dataset/april-2019/xwiki-commons_parent/xwiki-commons-core/xwiki-commons-xml/target/clover/report/aui/css/core/icon-dropdown.png
[INFO] Deleting file /tmp/dspot-experiments/dataset/april-2019/xwiki-commons_parent/xwiki-commons-core/xwiki-commons-xml/target/clover/report/aui/css/core/icon-minimize.png
[INFO] Deleting file /tmp/dspot-experiments/dataset/april-2019/xwiki-commons_parent/xwiki-commons-core/xwiki-commons-xml/target/clover/report/aui/css/core/icon-maximize.png
[INFO] Deleting file /tmp/dspot-experiments/dataset/april-2019/xwiki-commons_parent/xwiki-commons-core/xwiki-commons-xml/target/clover/report/aui/css/core/icon-dropdown-d.png
[INFO] Deleting file /tmp/dspot-experiments/dataset/april-2019/xwiki-commons_parent/xwiki-commons-core/xwiki-commons-xml/target/clover/report/aui/css/core/icon-search.png
[INFO] Deleting file /tmp/dspot-experiments/dataset/april-2019/xwiki-commons_parent/xwiki-commons-core/xwiki-commons-xml/target/clover/report/aui/css/core/icon-dropdown-active.png
[INFO] Deleting file /tmp/dspot-experiments/dataset/april-2019/xwiki-commons_parent/xwiki-commons-core/xwiki-commons-xml/target/clover/report/aui/css/core/icon-dropdown-active-d.png
[INFO] Deleting file /tmp/dspot-experiments/dataset/april-2019/xwiki-commons_parent/xwiki-commons-core/xwiki-commons-xml/target/clover/report/aui/css/core/icon-maximize-d.png
[INFO] Deleting file /tmp/dspot-experiments/dataset/april-2019/xwiki-commons_parent/xwiki-commons-core/xwiki-commons-xml/target/clover/report/aui/css/core/icon-move.png
[INFO] Deleting directory /tmp/dspot-experiments/dataset/april-2019/xwiki-commons_parent/xwiki-commons-core/xwiki-commons-xml/target/clover/report/aui/css/core
[INFO] Deleting file /tmp/dspot-experiments/dataset/april-2019/xwiki-commons_parent/xwiki-commons-core/xwiki-commons-xml/target/clover/report/aui/css/icons/forms/icon-required.png
[INFO] Deleting file /tmp/dspot-experiments/dataset/april-2019/xwiki-commons_parent/xwiki-commons-core/xwiki-commons-xml/target/clover/report/aui/css/icons/forms/icon-date.png
[INFO] Deleting file /tmp/dspot-experiments/dataset/april-2019/xwiki-commons_parent/xwiki-commons-core/xwiki-commons-xml/target/clover/report/aui/css/icons/forms/icon-users.png
[INFO] Deleting file /tmp/dspot-experiments/dataset/april-2019/xwiki-commons_parent/xwiki-commons-core/xwiki-commons-xml/target/clover/report/aui/css/icons/forms/icon-help.png
[INFO] Deleting file /tmp/dspot-experiments/dataset/april-2019/xwiki-commons_parent/xwiki-commons-core/xwiki-commons-xml/target/clover/report/aui/css/icons/forms/icon-range.png
[INFO] Deleting directory /tmp/dspot-experiments/dataset/april-2019/xwiki-commons_parent/xwiki-commons-core/xwiki-commons-xml/target/clover/report/aui/css/icons/forms
[INFO] Deleting file /tmp/dspot-experiments/dataset/april-2019/xwiki-commons_parent/xwiki-commons-core/xwiki-commons-xml/target/clover/report/aui/css/icons/core/icon-minimize-d.png
[INFO] Deleting file /tmp/dspot-experiments/dataset/april-2019/xwiki-commons_parent/xwiki-commons-core/xwiki-commons-xml/target/clover/report/aui/css/icons/core/icon-move-d.png
[INFO] Deleting file /tmp/dspot-experiments/dataset/april-2019/xwiki-commons_parent/xwiki-commons-core/xwiki-commons-xml/target/clover/report/aui/css/icons/core/icon-dropdown.png
[INFO] Deleting file /tmp/dspot-experiments/dataset/april-2019/xwiki-commons_parent/xwiki-commons-core/xwiki-commons-xml/target/clover/report/aui/css/icons/core/icon-minimize.png
[INFO] Deleting file /tmp/dspot-experiments/dataset/april-2019/xwiki-commons_parent/xwiki-commons-core/xwiki-commons-xml/target/clover/report/aui/css/icons/core/icon-maximize.png
[INFO] Deleting file /tmp/dspot-experiments/dataset/april-2019/xwiki-commons_parent/xwiki-commons-core/xwiki-commons-xml/target/clover/report/aui/css/icons/core/icon-dropdown-d.png
[INFO] Deleting file /tmp/dspot-experiments/dataset/april-2019/xwiki-commons_parent/xwiki-commons-core/xwiki-commons-xml/target/clover/report/aui/css/icons/core/icon-search.png
[INFO] Deleting file /tmp/dspot-experiments/dataset/april-2019/xwiki-commons_parent/xwiki-commons-core/xwiki-commons-xml/target/clover/report/aui/css/icons/core/icon-dropdown-active.png
[INFO] Deleting file /tmp/dspot-experiments/dataset/april-2019/xwiki-commons_parent/xwiki-commons-core/xwiki-commons-xml/target/clover/report/aui/css/icons/core/icon-dropdown-active-d.png
[INFO] Deleting file /tmp/dspot-experiments/dataset/april-2019/xwiki-commons_parent/xwiki-commons-core/xwiki-commons-xml/target/clover/report/aui/css/icons/core/icon-maximize-d.png
[INFO] Deleting file /tmp/dspot-experiments/dataset/april-2019/xwiki-commons_parent/xwiki-commons-core/xwiki-commons-xml/target/clover/report/aui/css/icons/core/icon-move.png
[INFO] Deleting directory /tmp/dspot-experiments/dataset/april-2019/xwiki-commons_parent/xwiki-commons-core/xwiki-commons-xml/target/clover/report/aui/css/icons/core
[INFO] Deleting file /tmp/dspot-experiments/dataset/april-2019/xwiki-commons_parent/xwiki-commons-core/xwiki-commons-xml/target/clover/report/aui/css/icons/aui-icon-close.png
[INFO] Deleting file /tmp/dspot-experiments/dataset/april-2019/xwiki-commons_parent/xwiki-commons-core/xwiki-commons-xml/target/clover/report/aui/css/icons/aui-icon-tools.gif
[INFO] Deleting file /tmp/dspot-experiments/dataset/april-2019/xwiki-commons_parent/xwiki-commons-core/xwiki-commons-xml/target/clover/report/aui/css/icons/aui-message-icon-sprite.png
[INFO] Deleting file /tmp/dspot-experiments/dataset/april-2019/xwiki-commons_parent/xwiki-commons-core/xwiki-commons-xml/target/clover/report/aui/css/icons/messages/icon-error.png
[INFO] Deleting file /tmp/dspot-experiments/dataset/april-2019/xwiki-commons_parent/xwiki-commons-core/xwiki-commons-xml/target/clover/report/aui/css/icons/messages/icon-hint.png
[INFO] Deleting file /tmp/dspot-experiments/dataset/april-2019/xwiki-commons_parent/xwiki-commons-core/xwiki-commons-xml/target/clover/report/aui/css/icons/messages/icon-generic.png
[INFO] Deleting file /tmp/dspot-experiments/dataset/april-2019/xwiki-commons_parent/xwiki-commons-core/xwiki-commons-xml/target/clover/report/aui/css/icons/messages/icon-warning.png
[INFO] Deleting file /tmp/dspot-experiments/dataset/april-2019/xwiki-commons_parent/xwiki-commons-core/xwiki-commons-xml/target/clover/report/aui/css/icons/messages/icon-close.png
[INFO] Deleting file /tmp/dspot-experiments/dataset/april-2019/xwiki-commons_parent/xwiki-commons-core/xwiki-commons-xml/target/clover/report/aui/css/icons/messages/icon-success.png
[INFO] Deleting file /tmp/dspot-experiments/dataset/april-2019/xwiki-commons_parent/xwiki-commons-core/xwiki-commons-xml/target/clover/report/aui/css/icons/messages/icon-info.png
[INFO] Deleting file /tmp/dspot-experiments/dataset/april-2019/xwiki-commons_parent/xwiki-commons-core/xwiki-commons-xml/target/clover/report/aui/css/icons/messages/icon-error-white.png
[INFO] Deleting file /tmp/dspot-experiments/dataset/april-2019/xwiki-commons_parent/xwiki-commons-core/xwiki-commons-xml/target/clover/report/aui/css/icons/messages/icon-close-inverted.png
[INFO] Deleting directory /tmp/dspot-experiments/dataset/april-2019/xwiki-commons_parent/xwiki-commons-core/xwiki-commons-xml/target/clover/report/aui/css/icons/messages
[INFO] Deleting directory /tmp/dspot-experiments/dataset/april-2019/xwiki-commons_parent/xwiki-commons-core/xwiki-commons-xml/target/clover/report/aui/css/icons
[INFO] Deleting file /tmp/dspot-experiments/dataset/april-2019/xwiki-commons_parent/xwiki-commons-core/xwiki-commons-xml/target/clover/report/aui/css/select2.png
[INFO] Deleting file /tmp/dspot-experiments/dataset/april-2019/xwiki-commons_parent/xwiki-commons-core/xwiki-commons-xml/target/clover/report/aui/css/images/forms/icons_form.gif
[INFO] Deleting directory /tmp/dspot-experiments/dataset/april-2019/xwiki-commons_parent/xwiki-commons-core/xwiki-commons-xml/target/clover/report/aui/css/images/forms
[INFO] Deleting file /tmp/dspot-experiments/dataset/april-2019/xwiki-commons_parent/xwiki-commons-core/xwiki-commons-xml/target/clover/report/aui/css/images/bg-000-trans20.png
[INFO] Deleting file /tmp/dspot-experiments/dataset/april-2019/xwiki-commons_parent/xwiki-commons-core/xwiki-commons-xml/target/clover/report/aui/css/images/icons/aui-message-icon-sprite.png
[INFO] Deleting file /tmp/dspot-experiments/dataset/april-2019/xwiki-commons_parent/xwiki-commons-core/xwiki-commons-xml/target/clover/report/aui/css/images/icons/messages/icon-error.png
[INFO] Deleting file /tmp/dspot-experiments/dataset/april-2019/xwiki-commons_parent/xwiki-commons-core/xwiki-commons-xml/target/clover/report/aui/css/images/icons/messages/icon-hint.png
[INFO] Deleting file /tmp/dspot-experiments/dataset/april-2019/xwiki-commons_parent/xwiki-commons-core/xwiki-commons-xml/target/clover/report/aui/css/images/icons/messages/icon-generic.png
[INFO] Deleting file /tmp/dspot-experiments/dataset/april-2019/xwiki-commons_parent/xwiki-commons-core/xwiki-commons-xml/target/clover/report/aui/css/images/icons/messages/icon-warning.png
[INFO] Deleting file /tmp/dspot-experiments/dataset/april-2019/xwiki-commons_parent/xwiki-commons-core/xwiki-commons-xml/target/clover/report/aui/css/images/icons/messages/icon-close.png
[INFO] Deleting file /tmp/dspot-experiments/dataset/april-2019/xwiki-commons_parent/xwiki-commons-core/xwiki-commons-xml/target/clover/report/aui/css/images/icons/messages/icon-success.png
[INFO] Deleting file /tmp/dspot-experiments/dataset/april-2019/xwiki-commons_parent/xwiki-commons-core/xwiki-commons-xml/target/clover/report/aui/css/images/icons/messages/icon-info.png
[INFO] Deleting file /tmp/dspot-experiments/dataset/april-2019/xwiki-commons_parent/xwiki-commons-core/xwiki-commons-xml/target/clover/report/aui/css/images/icons/messages/icon-error-white.png
[INFO] Deleting file /tmp/dspot-experiments/dataset/april-2019/xwiki-commons_parent/xwiki-commons-core/xwiki-commons-xml/target/clover/report/aui/css/images/icons/messages/icon-close-inverted.png
[INFO] Deleting directory /tmp/dspot-experiments/dataset/april-2019/xwiki-commons_parent/xwiki-commons-core/xwiki-commons-xml/target/clover/report/aui/css/images/icons/messages
[INFO] Deleting directory /tmp/dspot-experiments/dataset/april-2019/xwiki-commons_parent/xwiki-commons-core/xwiki-commons-xml/target/clover/report/aui/css/images/icons
[INFO] Deleting file /tmp/dspot-experiments/dataset/april-2019/xwiki-commons_parent/xwiki-commons-core/xwiki-commons-xml/target/clover/report/aui/css/images/arrow.png
[INFO] Deleting file /tmp/dspot-experiments/dataset/april-2019/xwiki-commons_parent/xwiki-commons-core/xwiki-commons-xml/target/clover/report/aui/css/images/bg-000-trans50.png
[INFO] Deleting file /tmp/dspot-experiments/dataset/april-2019/xwiki-commons_parent/xwiki-commons-core/xwiki-commons-xml/target/clover/report/aui/css/images/fav_off_16.png
[INFO] Deleting file /tmp/dspot-experiments/dataset/april-2019/xwiki-commons_parent/xwiki-commons-core/xwiki-commons-xml/target/clover/report/aui/css/images/fav_on_16.png
[INFO] Deleting file /tmp/dspot-experiments/dataset/april-2019/xwiki-commons_parent/xwiki-commons-core/xwiki-commons-xml/target/clover/report/aui/css/images/wait.gif
[INFO] Deleting directory /tmp/dspot-experiments/dataset/april-2019/xwiki-commons_parent/xwiki-commons-core/xwiki-commons-xml/target/clover/report/aui/css/images
[INFO] Deleting file /tmp/dspot-experiments/dataset/april-2019/xwiki-commons_parent/xwiki-commons-core/xwiki-commons-xml/target/clover/report/aui/css/arrow.png
[INFO] Deleting file /tmp/dspot-experiments/dataset/april-2019/xwiki-commons_parent/xwiki-commons-core/xwiki-commons-xml/target/clover/report/aui/css/atlassian-icons.svg
[INFO] Deleting file /tmp/dspot-experiments/dataset/april-2019/xwiki-commons_parent/xwiki-commons-core/xwiki-commons-xml/target/clover/report/aui/css/bg-000-trans50.png
[INFO] Deleting file /tmp/dspot-experiments/dataset/april-2019/xwiki-commons_parent/xwiki-commons-core/xwiki-commons-xml/target/clover/report/aui/css/fav_off_16.png
[INFO] Deleting file /tmp/dspot-experiments/dataset/april-2019/xwiki-commons_parent/xwiki-commons-core/xwiki-commons-xml/target/clover/report/aui/css/select2-spinner.gif
[INFO] Deleting file /tmp/dspot-experiments/dataset/april-2019/xwiki-commons_parent/xwiki-commons-core/xwiki-commons-xml/target/clover/report/aui/css/atlassian-icons.ttf
[INFO] Deleting file /tmp/dspot-experiments/dataset/april-2019/xwiki-commons_parent/xwiki-commons-core/xwiki-commons-xml/target/clover/report/aui/css/aui.min.css
[INFO] Deleting file /tmp/dspot-experiments/dataset/april-2019/xwiki-commons_parent/xwiki-commons-core/xwiki-commons-xml/target/clover/report/aui/css/aui-icon-close.png
[INFO] Deleting file /tmp/dspot-experiments/dataset/april-2019/xwiki-commons_parent/xwiki-commons-core/xwiki-commons-xml/target/clover/report/aui/css/aui-icon-tools.gif
[INFO] Deleting file /tmp/dspot-experiments/dataset/april-2019/xwiki-commons_parent/xwiki-commons-core/xwiki-commons-xml/target/clover/report/aui/css/atlassian-icons.eot
[INFO] Deleting file /tmp/dspot-experiments/dataset/april-2019/xwiki-commons_parent/xwiki-commons-core/xwiki-commons-xml/target/clover/report/aui/css/fav_on_16.png
[INFO] Deleting file /tmp/dspot-experiments/dataset/april-2019/xwiki-commons_parent/xwiki-commons-core/xwiki-commons-xml/target/clover/report/aui/css/bg-grippy.png
[INFO] Deleting file /tmp/dspot-experiments/dataset/april-2019/xwiki-commons_parent/xwiki-commons-core/xwiki-commons-xml/target/clover/report/aui/css/wait.gif
[INFO] Deleting file /tmp/dspot-experiments/dataset/april-2019/xwiki-commons_parent/xwiki-commons-core/xwiki-commons-xml/target/clover/report/aui/css/toolbar/aui-toolbar-24px.png
[INFO] Deleting directory /tmp/dspot-experiments/dataset/april-2019/xwiki-commons_parent/xwiki-commons-core/xwiki-commons-xml/target/clover/report/aui/css/toolbar
[INFO] Deleting file /tmp/dspot-experiments/dataset/april-2019/xwiki-commons_parent/xwiki-commons-core/xwiki-commons-xml/target/clover/report/aui/css/aui-ie9.min.css
[INFO] Deleting file /tmp/dspot-experiments/dataset/april-2019/xwiki-commons_parent/xwiki-commons-core/xwiki-commons-xml/target/clover/report/aui/css/messages/icon-close.png
[INFO] Deleting file /tmp/dspot-experiments/dataset/april-2019/xwiki-commons_parent/xwiki-commons-core/xwiki-commons-xml/target/clover/report/aui/css/messages/icon-close-inverted.png
[INFO] Deleting directory /tmp/dspot-experiments/dataset/april-2019/xwiki-commons_parent/xwiki-commons-core/xwiki-commons-xml/target/clover/report/aui/css/messages
[INFO] Deleting file /tmp/dspot-experiments/dataset/april-2019/xwiki-commons_parent/xwiki-commons-core/xwiki-commons-xml/target/clover/report/aui/css/fonts/atlassian-icons.svg
[INFO] Deleting file /tmp/dspot-experiments/dataset/april-2019/xwiki-commons_parent/xwiki-commons-core/xwiki-commons-xml/target/clover/report/aui/css/fonts/atlassian-icons.ttf
[INFO] Deleting file /tmp/dspot-experiments/dataset/april-2019/xwiki-commons_parent/xwiki-commons-core/xwiki-commons-xml/target/clover/report/aui/css/fonts/atlassian-icons.eot
[INFO] Deleting file /tmp/dspot-experiments/dataset/april-2019/xwiki-commons_parent/xwiki-commons-core/xwiki-commons-xml/target/clover/report/aui/css/fonts/atlassian-icons.woff
[INFO] Deleting directory /tmp/dspot-experiments/dataset/april-2019/xwiki-commons_parent/xwiki-commons-core/xwiki-commons-xml/target/clover/report/aui/css/fonts
[INFO] Deleting file /tmp/dspot-experiments/dataset/april-2019/xwiki-commons_parent/xwiki-commons-core/xwiki-commons-xml/target/clover/report/aui/css/atlassian-icons.woff
[INFO] Deleting directory /tmp/dspot-experiments/dataset/april-2019/xwiki-commons_parent/xwiki-commons-core/xwiki-commons-xml/target/clover/report/aui/css
[INFO] Deleting file /tmp/dspot-experiments/dataset/april-2019/xwiki-commons_parent/xwiki-commons-core/xwiki-commons-xml/target/clover/report/aui/js/aui-experimental.min.js
[INFO] Deleting file /tmp/dspot-experiments/dataset/april-2019/xwiki-commons_parent/xwiki-commons-core/xwiki-commons-xml/target/clover/report/aui/js/aui-soy.min.js
[INFO] Deleting file /tmp/dspot-experiments/dataset/april-2019/xwiki-commons_parent/xwiki-commons-core/xwiki-commons-xml/target/clover/report/aui/js/aui-datepicker.min.js
[INFO] Deleting file /tmp/dspot-experiments/dataset/april-2019/xwiki-commons_parent/xwiki-commons-core/xwiki-commons-xml/target/clover/report/aui/js/aui.min.js
[INFO] Deleting directory /tmp/dspot-experiments/dataset/april-2019/xwiki-commons_parent/xwiki-commons-core/xwiki-commons-xml/target/clover/report/aui/js
[INFO] Deleting directory /tmp/dspot-experiments/dataset/april-2019/xwiki-commons_parent/xwiki-commons-core/xwiki-commons-xml/target/clover/report/aui
[INFO] Deleting file /tmp/dspot-experiments/dataset/april-2019/xwiki-commons_parent/xwiki-commons-core/xwiki-commons-xml/target/clover/report/clover.js
[INFO] Deleting file /tmp/dspot-experiments/dataset/april-2019/xwiki-commons_parent/xwiki-commons-core/xwiki-commons-xml/target/clover/report/index.html
[INFO] Deleting file /tmp/dspot-experiments/dataset/april-2019/xwiki-commons_parent/xwiki-commons-core/xwiki-commons-xml/target/clover/report/project.js
[INFO] Deleting file /tmp/dspot-experiments/dataset/april-2019/xwiki-commons_parent/xwiki-commons-core/xwiki-commons-xml/target/clover/report/clover-descriptions.js
[INFO] Deleting file /tmp/dspot-experiments/dataset/april-2019/xwiki-commons_parent/xwiki-commons-core/xwiki-commons-xml/target/clover/report/org/xwiki/xml/XMLUtilsTest_escapeAttributeValueApos_15.html
[INFO] Deleting file /tmp/dspot-experiments/dataset/april-2019/xwiki-commons_parent/xwiki-commons-core/xwiki-commons-xml/target/clover/report/org/xwiki/xml/XMLUtilsTest_escapeEmptyString_6.html
[INFO] Deleting file /tmp/dspot-experiments/dataset/april-2019/xwiki-commons_parent/xwiki-commons-core/xwiki-commons-xml/target/clover/report/org/xwiki/xml/XMLUtilsTest_unescapeWithNull_k.html
[INFO] Deleting file /tmp/dspot-experiments/dataset/april-2019/xwiki-commons_parent/xwiki-commons-core/xwiki-commons-xml/target/clover/report/org/xwiki/xml/XMLUtilsTest_unescape_3.html
[INFO] Deleting file /tmp/dspot-experiments/dataset/april-2019/xwiki-commons_parent/xwiki-commons-core/xwiki-commons-xml/target/clover/report/org/xwiki/xml/quick-wins.html
[INFO] Deleting file /tmp/dspot-experiments/dataset/april-2019/xwiki-commons_parent/xwiki-commons-core/xwiki-commons-xml/target/clover/report/org/xwiki/xml/XMLUtilsTest_escapeAttributeValueNonAscii_18.html
[INFO] Deleting file /tmp/dspot-experiments/dataset/april-2019/xwiki-commons_parent/xwiki-commons-core/xwiki-commons-xml/target/clover/report/org/xwiki/xml/test-XMLUtilsTest.html
[INFO] Deleting file /tmp/dspot-experiments/dataset/april-2019/xwiki-commons_parent/xwiki-commons-core/xwiki-commons-xml/target/clover/report/org/xwiki/xml/html/HTMLConstants.html
[INFO] Deleting file /tmp/dspot-experiments/dataset/april-2019/xwiki-commons_parent/xwiki-commons-core/xwiki-commons-xml/target/clover/report/org/xwiki/xml/html/HTMLUtils.js
[INFO] Deleting file /tmp/dspot-experiments/dataset/april-2019/xwiki-commons_parent/xwiki-commons-core/xwiki-commons-xml/target/clover/report/org/xwiki/xml/html/quick-wins.html
[INFO] Deleting file /tmp/dspot-experiments/dataset/april-2019/xwiki-commons_parent/xwiki-commons-core/xwiki-commons-xml/target/clover/report/org/xwiki/xml/html/HTMLUtilsTest_stripTopLevelParagraph_n.html
[INFO] Deleting file /tmp/dspot-experiments/dataset/april-2019/xwiki-commons_parent/xwiki-commons-core/xwiki-commons-xml/target/clover/report/org/xwiki/xml/html/testsrc-pkg-summary.html
[INFO] Deleting file /tmp/dspot-experiments/dataset/april-2019/xwiki-commons_parent/xwiki-commons-core/xwiki-commons-xml/target/clover/report/org/xwiki/xml/html/HTMLConstants.js
[INFO] Deleting file /tmp/dspot-experiments/dataset/april-2019/xwiki-commons_parent/xwiki-commons-core/xwiki-commons-xml/target/clover/report/org/xwiki/xml/html/HTMLUtilsTest.js
[INFO] Deleting file /tmp/dspot-experiments/dataset/april-2019/xwiki-commons_parent/xwiki-commons-core/xwiki-commons-xml/target/clover/report/org/xwiki/xml/html/HTMLCleanerConfiguration.js
[INFO] Deleting file /tmp/dspot-experiments/dataset/april-2019/xwiki-commons_parent/xwiki-commons-core/xwiki-commons-xml/target/clover/report/org/xwiki/xml/html/HTMLUtils.html
[INFO] Deleting file /tmp/dspot-experiments/dataset/april-2019/xwiki-commons_parent/xwiki-commons-core/xwiki-commons-xml/target/clover/report/org/xwiki/xml/html/HTMLCleaner.js
[INFO] Deleting file /tmp/dspot-experiments/dataset/april-2019/xwiki-commons_parent/xwiki-commons-core/xwiki-commons-xml/target/clover/report/org/xwiki/xml/html/test-HTMLUtilsTest.html
[INFO] Deleting file /tmp/dspot-experiments/dataset/april-2019/xwiki-commons_parent/xwiki-commons-core/xwiki-commons-xml/target/clover/report/org/xwiki/xml/html/filter/HTMLFilter.html
[INFO] Deleting file /tmp/dspot-experiments/dataset/april-2019/xwiki-commons_parent/xwiki-commons-core/xwiki-commons-xml/target/clover/report/org/xwiki/xml/html/filter/quick-wins.html
[INFO] Deleting file /tmp/dspot-experiments/dataset/april-2019/xwiki-commons_parent/xwiki-commons-core/xwiki-commons-xml/target/clover/report/org/xwiki/xml/html/filter/ElementSelector.js
[INFO] Deleting file /tmp/dspot-experiments/dataset/april-2019/xwiki-commons_parent/xwiki-commons-core/xwiki-commons-xml/target/clover/report/org/xwiki/xml/html/filter/pkg-summary.html
[INFO] Deleting file /tmp/dspot-experiments/dataset/april-2019/xwiki-commons_parent/xwiki-commons-core/xwiki-commons-xml/target/clover/report/org/xwiki/xml/html/filter/ElementSelector.html
[INFO] Deleting file /tmp/dspot-experiments/dataset/april-2019/xwiki-commons_parent/xwiki-commons-core/xwiki-commons-xml/target/clover/report/org/xwiki/xml/html/filter/top-risks.html
[INFO] Deleting file /tmp/dspot-experiments/dataset/april-2019/xwiki-commons_parent/xwiki-commons-core/xwiki-commons-xml/target/clover/report/org/xwiki/xml/html/filter/HTMLFilter.js
[INFO] Deleting file /tmp/dspot-experiments/dataset/april-2019/xwiki-commons_parent/xwiki-commons-core/xwiki-commons-xml/target/clover/report/org/xwiki/xml/html/filter/AbstractHTMLFilter.html
[INFO] Deleting file /tmp/dspot-experiments/dataset/april-2019/xwiki-commons_parent/xwiki-commons-core/xwiki-commons-xml/target/clover/report/org/xwiki/xml/html/filter/test-pkg-summary.html
[INFO] Deleting file /tmp/dspot-experiments/dataset/april-2019/xwiki-commons_parent/xwiki-commons-core/xwiki-commons-xml/target/clover/report/org/xwiki/xml/html/filter/AbstractHTMLFilter.js
[INFO] Deleting directory /tmp/dspot-experiments/dataset/april-2019/xwiki-commons_parent/xwiki-commons-core/xwiki-commons-xml/target/clover/report/org/xwiki/xml/html/filter
[INFO] Deleting file /tmp/dspot-experiments/dataset/april-2019/xwiki-commons_parent/xwiki-commons-core/xwiki-commons-xml/target/clover/report/org/xwiki/xml/html/HTMLUtilsTest.html
[INFO] Deleting file /tmp/dspot-experiments/dataset/april-2019/xwiki-commons_parent/xwiki-commons-core/xwiki-commons-xml/target/clover/report/org/xwiki/xml/html/pkg-summary.html
[INFO] Deleting file /tmp/dspot-experiments/dataset/april-2019/xwiki-commons_parent/xwiki-commons-core/xwiki-commons-xml/target/clover/report/org/xwiki/xml/html/HTMLCleaner.html
[INFO] Deleting file /tmp/dspot-experiments/dataset/april-2019/xwiki-commons_parent/xwiki-commons-core/xwiki-commons-xml/target/clover/report/org/xwiki/xml/html/top-risks.html
[INFO] Deleting file /tmp/dspot-experiments/dataset/april-2019/xwiki-commons_parent/xwiki-commons-core/xwiki-commons-xml/target/clover/report/org/xwiki/xml/html/HTMLCleanerConfiguration.html
[INFO] Deleting file /tmp/dspot-experiments/dataset/april-2019/xwiki-commons_parent/xwiki-commons-core/xwiki-commons-xml/target/clover/report/org/xwiki/xml/html/HTMLUtilsTest_stripHTMLEnvelope_r.html
[INFO] Deleting file /tmp/dspot-experiments/dataset/april-2019/xwiki-commons_parent/xwiki-commons-core/xwiki-commons-xml/target/clover/report/org/xwiki/xml/html/test-pkg-summary.html
[INFO] Deleting directory /tmp/dspot-experiments/dataset/april-2019/xwiki-commons_parent/xwiki-commons-core/xwiki-commons-xml/target/clover/report/org/xwiki/xml/html
[INFO] Deleting file /tmp/dspot-experiments/dataset/april-2019/xwiki-commons_parent/xwiki-commons-core/xwiki-commons-xml/target/clover/report/org/xwiki/xml/testsrc-pkg-summary.html
[INFO] Deleting file /tmp/dspot-experiments/dataset/april-2019/xwiki-commons_parent/xwiki-commons-core/xwiki-commons-xml/target/clover/report/org/xwiki/xml/ExtractHandler.html
[INFO] Deleting file /tmp/dspot-experiments/dataset/april-2019/xwiki-commons_parent/xwiki-commons-core/xwiki-commons-xml/target/clover/report/org/xwiki/xml/XMLUtilsTest.html
[INFO] Deleting file /tmp/dspot-experiments/dataset/april-2019/xwiki-commons_parent/xwiki-commons-core/xwiki-commons-xml/target/clover/report/org/xwiki/xml/XMLUtilsTest_escapeWithNull_e.html
[INFO] Deleting file /tmp/dspot-experiments/dataset/april-2019/xwiki-commons_parent/xwiki-commons-core/xwiki-commons-xml/target/clover/report/org/xwiki/xml/XMLUtilsTest_escapeElementContentEmptyString_f.html
[INFO] Deleting file /tmp/dspot-experiments/dataset/april-2019/xwiki-commons_parent/xwiki-commons-core/xwiki-commons-xml/target/clover/report/org/xwiki/xml/XMLUtilsTest_escapeElementContentNonAscii_x.html
[INFO] Deleting file /tmp/dspot-experiments/dataset/april-2019/xwiki-commons_parent/xwiki-commons-core/xwiki-commons-xml/target/clover/report/org/xwiki/xml/XMLUtils.html
[INFO] Deleting file /tmp/dspot-experiments/dataset/april-2019/xwiki-commons_parent/xwiki-commons-core/xwiki-commons-xml/target/clover/report/org/xwiki/xml/XMLUtilsTest_unescapeOtherEscapes_1a.html
[INFO] Deleting file /tmp/dspot-experiments/dataset/april-2019/xwiki-commons_parent/xwiki-commons-core/xwiki-commons-xml/target/clover/report/org/xwiki/xml/XMLUtilsTest.js
[INFO] Deleting file /tmp/dspot-experiments/dataset/april-2019/xwiki-commons_parent/xwiki-commons-core/xwiki-commons-xml/target/clover/report/org/xwiki/xml/XMLUtilsTest_escapeElementContent_z.html
[INFO] Deleting file /tmp/dspot-experiments/dataset/april-2019/xwiki-commons_parent/xwiki-commons-core/xwiki-commons-xml/target/clover/report/org/xwiki/xml/ExtractHandler.js
[INFO] Deleting file /tmp/dspot-experiments/dataset/april-2019/xwiki-commons_parent/xwiki-commons-core/xwiki-commons-xml/target/clover/report/org/xwiki/xml/XMLUtilsTest_escapeElementContentWithNull_4.html
[INFO] Deleting file /tmp/dspot-experiments/dataset/april-2019/xwiki-commons_parent/xwiki-commons-core/xwiki-commons-xml/target/clover/report/org/xwiki/xml/XMLUtilsTest_escape_g.html
[INFO] Deleting file /tmp/dspot-experiments/dataset/april-2019/xwiki-commons_parent/xwiki-commons-core/xwiki-commons-xml/target/clover/report/org/xwiki/xml/XMLUtilsTest_escapeApos_s.html
[INFO] Deleting file /tmp/dspot-experiments/dataset/april-2019/xwiki-commons_parent/xwiki-commons-core/xwiki-commons-xml/target/clover/report/org/xwiki/xml/XMLUtilsTest_unescapeXMLComment_2.html
[INFO] Deleting file /tmp/dspot-experiments/dataset/april-2019/xwiki-commons_parent/xwiki-commons-core/xwiki-commons-xml/target/clover/report/org/xwiki/xml/internal/quick-wins.html
[INFO] Deleting file /tmp/dspot-experiments/dataset/april-2019/xwiki-commons_parent/xwiki-commons-core/xwiki-commons-xml/target/clover/report/org/xwiki/xml/internal/html/DefaultHTMLCleanerTest.html
[INFO] Deleting file /tmp/dspot-experiments/dataset/april-2019/xwiki-commons_parent/xwiki-commons-core/xwiki-commons-xml/target/clover/report/org/xwiki/xml/internal/html/DefaultHTMLCleanerTest_fullXHTMLHeader_19.html
[INFO] Deleting file /tmp/dspot-experiments/dataset/april-2019/xwiki-commons_parent/xwiki-commons-core/xwiki-commons-xml/target/clover/report/org/xwiki/xml/internal/html/quick-wins.html
[INFO] Deleting file /tmp/dspot-experiments/dataset/april-2019/xwiki-commons_parent/xwiki-commons-core/xwiki-commons-xml/target/clover/report/org/xwiki/xml/internal/html/testsrc-pkg-summary.html
[INFO] Deleting file /tmp/dspot-experiments/dataset/april-2019/xwiki-commons_parent/xwiki-commons-core/xwiki-commons-xml/target/clover/report/org/xwiki/xml/internal/html/DefaultHTMLCleaner.js
[INFO] Deleting file /tmp/dspot-experiments/dataset/april-2019/xwiki-commons_parent/xwiki-commons-core/xwiki-commons-xml/target/clover/report/org/xwiki/xml/internal/html/DefaultHTMLCleanerTest_duplicateIds_u.html
[INFO] Deleting file /tmp/dspot-experiments/dataset/april-2019/xwiki-commons_parent/xwiki-commons-core/xwiki-commons-xml/target/clover/report/org/xwiki/xml/internal/html/DefaultHTMLCleanerTest_verifyExternalLinksAreSecure_1b.html
[INFO] Deleting file /tmp/dspot-experiments/dataset/april-2019/xwiki-commons_parent/xwiki-commons-core/xwiki-commons-xml/target/clover/report/org/xwiki/xml/internal/html/DefaultHTMLCleanerTest_verifyIFRAMECleaning_t.html
[INFO] Deleting file /tmp/dspot-experiments/dataset/april-2019/xwiki-commons_parent/xwiki-commons-core/xwiki-commons-xml/target/clover/report/org/xwiki/xml/internal/html/DefaultHTMLCleanerConfiguration.js
[INFO] Deleting file /tmp/dspot-experiments/dataset/april-2019/xwiki-commons_parent/xwiki-commons-core/xwiki-commons-xml/target/clover/report/org/xwiki/xml/internal/html/test-DefaultHTMLCleanerTest.html
[INFO] Deleting file /tmp/dspot-experiments/dataset/april-2019/xwiki-commons_parent/xwiki-commons-core/xwiki-commons-xml/target/clover/report/org/xwiki/xml/internal/html/DefaultHTMLCleanerConfiguration.html
[INFO] Deleting file /tmp/dspot-experiments/dataset/april-2019/xwiki-commons_parent/xwiki-commons-core/xwiki-commons-xml/target/clover/report/org/xwiki/xml/internal/html/DefaultHTMLCleanerTest_elementExpansion_13.html
[INFO] Deleting file /tmp/dspot-experiments/dataset/april-2019/xwiki-commons_parent/xwiki-commons-core/xwiki-commons-xml/target/clover/report/org/xwiki/xml/internal/html/DefaultHTMLCleanerTest_verifyEntitiesAreNotBroken_10.html
[INFO] Deleting file /tmp/dspot-experiments/dataset/april-2019/xwiki-commons_parent/xwiki-commons-core/xwiki-commons-xml/target/clover/report/org/xwiki/xml/internal/html/DefaultHTMLCleanerTest_cleanSVGTags_i.html
[INFO] Deleting file /tmp/dspot-experiments/dataset/april-2019/xwiki-commons_parent/xwiki-commons-core/xwiki-commons-xml/target/clover/report/org/xwiki/xml/internal/html/DefaultHTMLCleaner.html
[INFO] Deleting file /tmp/dspot-experiments/dataset/april-2019/xwiki-commons_parent/xwiki-commons-core/xwiki-commons-xml/target/clover/report/org/xwiki/xml/internal/html/DefaultHTMLCleanerTest_explicitFilterList_16.html
[INFO] Deleting file /tmp/dspot-experiments/dataset/april-2019/xwiki-commons_parent/xwiki-commons-core/xwiki-commons-xml/target/clover/report/org/xwiki/xml/internal/html/DefaultHTMLCleanerTest_restrictedHtml_p.html
[INFO] Deleting file /tmp/dspot-experiments/dataset/april-2019/xwiki-commons_parent/xwiki-commons-core/xwiki-commons-xml/target/clover/report/org/xwiki/xml/internal/html/filter/quick-wins.html
[INFO] Deleting file /tmp/dspot-experiments/dataset/april-2019/xwiki-commons_parent/xwiki-commons-core/xwiki-commons-xml/target/clover/report/org/xwiki/xml/internal/html/filter/LinkFilter.html
[INFO] Deleting file /tmp/dspot-experiments/dataset/april-2019/xwiki-commons_parent/xwiki-commons-core/xwiki-commons-xml/target/clover/report/org/xwiki/xml/internal/html/filter/UniqueIdFilter.html
[INFO] Deleting file /tmp/dspot-experiments/dataset/april-2019/xwiki-commons_parent/xwiki-commons-core/xwiki-commons-xml/target/clover/report/org/xwiki/xml/internal/html/filter/ListFilter.html
[INFO] Deleting file /tmp/dspot-experiments/dataset/april-2019/xwiki-commons_parent/xwiki-commons-core/xwiki-commons-xml/target/clover/report/org/xwiki/xml/internal/html/filter/BodyFilter.html
[INFO] Deleting file /tmp/dspot-experiments/dataset/april-2019/xwiki-commons_parent/xwiki-commons-core/xwiki-commons-xml/target/clover/report/org/xwiki/xml/internal/html/filter/ListItemFilter.js
[INFO] Deleting file /tmp/dspot-experiments/dataset/april-2019/xwiki-commons_parent/xwiki-commons-core/xwiki-commons-xml/target/clover/report/org/xwiki/xml/internal/html/filter/BodyFilter.js
[INFO] Deleting file /tmp/dspot-experiments/dataset/april-2019/xwiki-commons_parent/xwiki-commons-core/xwiki-commons-xml/target/clover/report/org/xwiki/xml/internal/html/filter/UniqueIdFilter.js
[INFO] Deleting file /tmp/dspot-experiments/dataset/april-2019/xwiki-commons_parent/xwiki-commons-core/xwiki-commons-xml/target/clover/report/org/xwiki/xml/internal/html/filter/AttributeFilter.js
[INFO] Deleting file /tmp/dspot-experiments/dataset/april-2019/xwiki-commons_parent/xwiki-commons-core/xwiki-commons-xml/target/clover/report/org/xwiki/xml/internal/html/filter/pkg-summary.html
[INFO] Deleting file /tmp/dspot-experiments/dataset/april-2019/xwiki-commons_parent/xwiki-commons-core/xwiki-commons-xml/target/clover/report/org/xwiki/xml/internal/html/filter/ListItemFilter.html
[INFO] Deleting file /tmp/dspot-experiments/dataset/april-2019/xwiki-commons_parent/xwiki-commons-core/xwiki-commons-xml/target/clover/report/org/xwiki/xml/internal/html/filter/LinkFilter.js
[INFO] Deleting file /tmp/dspot-experiments/dataset/april-2019/xwiki-commons_parent/xwiki-commons-core/xwiki-commons-xml/target/clover/report/org/xwiki/xml/internal/html/filter/AttributeFilter.html
[INFO] Deleting file /tmp/dspot-experiments/dataset/april-2019/xwiki-commons_parent/xwiki-commons-core/xwiki-commons-xml/target/clover/report/org/xwiki/xml/internal/html/filter/FontFilter.js
[INFO] Deleting file /tmp/dspot-experiments/dataset/april-2019/xwiki-commons_parent/xwiki-commons-core/xwiki-commons-xml/target/clover/report/org/xwiki/xml/internal/html/filter/FontFilter.html
[INFO] Deleting file /tmp/dspot-experiments/dataset/april-2019/xwiki-commons_parent/xwiki-commons-core/xwiki-commons-xml/target/clover/report/org/xwiki/xml/internal/html/filter/top-risks.html
[INFO] Deleting file /tmp/dspot-experiments/dataset/april-2019/xwiki-commons_parent/xwiki-commons-core/xwiki-commons-xml/target/clover/report/org/xwiki/xml/internal/html/filter/test-pkg-summary.html
[INFO] Deleting file /tmp/dspot-experiments/dataset/april-2019/xwiki-commons_parent/xwiki-commons-core/xwiki-commons-xml/target/clover/report/org/xwiki/xml/internal/html/filter/ListFilter.js
[INFO] Deleting directory /tmp/dspot-experiments/dataset/april-2019/xwiki-commons_parent/xwiki-commons-core/xwiki-commons-xml/target/clover/report/org/xwiki/xml/internal/html/filter
[INFO] Deleting file /tmp/dspot-experiments/dataset/april-2019/xwiki-commons_parent/xwiki-commons-core/xwiki-commons-xml/target/clover/report/org/xwiki/xml/internal/html/DefaultHTMLCleanerTest_cleanEmptyDIV_j.html
[INFO] Deleting file /tmp/dspot-experiments/dataset/april-2019/xwiki-commons_parent/xwiki-commons-core/xwiki-commons-xml/target/clover/report/org/xwiki/xml/internal/html/DefaultHTMLCleanerTest_cleanNonXHTMLLists_b.html
[INFO] Deleting file /tmp/dspot-experiments/dataset/april-2019/xwiki-commons_parent/xwiki-commons-core/xwiki-commons-xml/target/clover/report/org/xwiki/xml/internal/html/pkg-summary.html
[INFO] Deleting file /tmp/dspot-experiments/dataset/april-2019/xwiki-commons_parent/xwiki-commons-core/xwiki-commons-xml/target/clover/report/org/xwiki/xml/internal/html/DefaultHTMLCleanerTest_specialCharacters_0.html
[INFO] Deleting file /tmp/dspot-experiments/dataset/april-2019/xwiki-commons_parent/xwiki-commons-core/xwiki-commons-xml/target/clover/report/org/xwiki/xml/internal/html/DefaultHTMLCleanerTest_escapeHTMLCharsInAttributes_9.html
[INFO] Deleting file /tmp/dspot-experiments/dataset/april-2019/xwiki-commons_parent/xwiki-commons-core/xwiki-commons-xml/target/clover/report/org/xwiki/xml/internal/html/DefaultHTMLCleanerTest_convertImageAlignment_14.html
[INFO] Deleting file /tmp/dspot-experiments/dataset/april-2019/xwiki-commons_parent/xwiki-commons-core/xwiki-commons-xml/target/clover/report/org/xwiki/xml/internal/html/DefaultHTMLCleanerTest_scriptAndCData_y.html
[INFO] Deleting file /tmp/dspot-experiments/dataset/april-2019/xwiki-commons_parent/xwiki-commons-core/xwiki-commons-xml/target/clover/report/org/xwiki/xml/internal/html/DefaultHTMLCleanerTest_convertImplicitParagraphs_w.html
[INFO] Deleting file /tmp/dspot-experiments/dataset/april-2019/xwiki-commons_parent/xwiki-commons-core/xwiki-commons-xml/target/clover/report/org/xwiki/xml/internal/html/top-risks.html
[INFO] Deleting file /tmp/dspot-experiments/dataset/april-2019/xwiki-commons_parent/xwiki-commons-core/xwiki-commons-xml/target/clover/report/org/xwiki/xml/internal/html/DefaultHTMLCleanerTest.js
[INFO] Deleting file /tmp/dspot-experiments/dataset/april-2019/xwiki-commons_parent/xwiki-commons-core/xwiki-commons-xml/target/clover/report/org/xwiki/xml/internal/html/DefaultHTMLCleanerTest_verifySpanIsExpanded_8.html
[INFO] Deleting file /tmp/dspot-experiments/dataset/april-2019/xwiki-commons_parent/xwiki-commons-core/xwiki-commons-xml/target/clover/report/org/xwiki/xml/internal/html/DefaultHTMLCleanerTest_styleAndCData_11.html
[INFO] Deleting file /tmp/dspot-experiments/dataset/april-2019/xwiki-commons_parent/xwiki-commons-core/xwiki-commons-xml/target/clover/report/org/xwiki/xml/internal/html/DefaultHTMLCleanerTest_conversionsFromHTML_12.html
[INFO] Deleting file /tmp/dspot-experiments/dataset/april-2019/xwiki-commons_parent/xwiki-commons-core/xwiki-commons-xml/target/clover/report/org/xwiki/xml/internal/html/DefaultHTMLCleanerTest_closeUnbalancedTags_o.html
[INFO] Deleting file /tmp/dspot-experiments/dataset/april-2019/xwiki-commons_parent/xwiki-commons-core/xwiki-commons-xml/target/clover/report/org/xwiki/xml/internal/html/test-pkg-summary.html
[INFO] Deleting file /tmp/dspot-experiments/dataset/april-2019/xwiki-commons_parent/xwiki-commons-core/xwiki-commons-xml/target/clover/report/org/xwiki/xml/internal/html/DefaultHTMLCleanerTest_verifyLegendTagNotStripped_d.html
[INFO] Deleting directory /tmp/dspot-experiments/dataset/april-2019/xwiki-commons_parent/xwiki-commons-core/xwiki-commons-xml/target/clover/report/org/xwiki/xml/internal/html
[INFO] Deleting file /tmp/dspot-experiments/dataset/april-2019/xwiki-commons_parent/xwiki-commons-core/xwiki-commons-xml/target/clover/report/org/xwiki/xml/internal/LocalEntityResolver.js
[INFO] Deleting file /tmp/dspot-experiments/dataset/april-2019/xwiki-commons_parent/xwiki-commons-core/xwiki-commons-xml/target/clover/report/org/xwiki/xml/internal/pkg-summary.html
[INFO] Deleting file /tmp/dspot-experiments/dataset/april-2019/xwiki-commons_parent/xwiki-commons-core/xwiki-commons-xml/target/clover/report/org/xwiki/xml/internal/DefaultXMLReaderFactory.js
[INFO] Deleting file /tmp/dspot-experiments/dataset/april-2019/xwiki-commons_parent/xwiki-commons-core/xwiki-commons-xml/target/clover/report/org/xwiki/xml/internal/LocalEntityResolver.html
[INFO] Deleting file /tmp/dspot-experiments/dataset/april-2019/xwiki-commons_parent/xwiki-commons-core/xwiki-commons-xml/target/clover/report/org/xwiki/xml/internal/DefaultXMLReaderFactory.html
[INFO] Deleting file /tmp/dspot-experiments/dataset/april-2019/xwiki-commons_parent/xwiki-commons-core/xwiki-commons-xml/target/clover/report/org/xwiki/xml/internal/top-risks.html
[INFO] Deleting file /tmp/dspot-experiments/dataset/april-2019/xwiki-commons_parent/xwiki-commons-core/xwiki-commons-xml/target/clover/report/org/xwiki/xml/internal/test-pkg-summary.html
[INFO] Deleting directory /tmp/dspot-experiments/dataset/april-2019/xwiki-commons_parent/xwiki-commons-core/xwiki-commons-xml/target/clover/report/org/xwiki/xml/internal
[INFO] Deleting file /tmp/dspot-experiments/dataset/april-2019/xwiki-commons_parent/xwiki-commons-core/xwiki-commons-xml/target/clover/report/org/xwiki/xml/XMLUtilsTest_escapeAttributeValue_1.html
[INFO] Deleting file /tmp/dspot-experiments/dataset/april-2019/xwiki-commons_parent/xwiki-commons-core/xwiki-commons-xml/target/clover/report/org/xwiki/xml/XMLUtilsTest_escapeXMLComment_m.html
[INFO] Deleting file /tmp/dspot-experiments/dataset/april-2019/xwiki-commons_parent/xwiki-commons-core/xwiki-commons-xml/target/clover/report/org/xwiki/xml/XMLUtils.js
[INFO] Deleting file /tmp/dspot-experiments/dataset/april-2019/xwiki-commons_parent/xwiki-commons-core/xwiki-commons-xml/target/clover/report/org/xwiki/xml/pkg-summary.html
[INFO] Deleting file /tmp/dspot-experiments/dataset/april-2019/xwiki-commons_parent/xwiki-commons-core/xwiki-commons-xml/target/clover/report/org/xwiki/xml/EntityResolver.html
[INFO] Deleting file /tmp/dspot-experiments/dataset/april-2019/xwiki-commons_parent/xwiki-commons-core/xwiki-commons-xml/target/clover/report/org/xwiki/xml/XMLUtilsTest_escapeFAttributeValueEmptyString_l.html
[INFO] Deleting file /tmp/dspot-experiments/dataset/april-2019/xwiki-commons_parent/xwiki-commons-core/xwiki-commons-xml/target/clover/report/org/xwiki/xml/XMLReaderFactory.js
[INFO] Deleting file /tmp/dspot-experiments/dataset/april-2019/xwiki-commons_parent/xwiki-commons-core/xwiki-commons-xml/target/clover/report/org/xwiki/xml/XMLUtilsTest_unescapeEmptyString_5.html
[INFO] Deleting file /tmp/dspot-experiments/dataset/april-2019/xwiki-commons_parent/xwiki-commons-core/xwiki-commons-xml/target/clover/report/org/xwiki/xml/Sax2Dom.js
[INFO] Deleting file /tmp/dspot-experiments/dataset/april-2019/xwiki-commons_parent/xwiki-commons-core/xwiki-commons-xml/target/clover/report/org/xwiki/xml/XMLReaderFactory.html
[INFO] Deleting file /tmp/dspot-experiments/dataset/april-2019/xwiki-commons_parent/xwiki-commons-core/xwiki-commons-xml/target/clover/report/org/xwiki/xml/XMLUtilsTest_escapeNonAscii_17.html
[INFO] Deleting file /tmp/dspot-experiments/dataset/april-2019/xwiki-commons_parent/xwiki-commons-core/xwiki-commons-xml/target/clover/report/org/xwiki/xml/top-risks.html
[INFO] Deleting file /tmp/dspot-experiments/dataset/april-2019/xwiki-commons_parent/xwiki-commons-core/xwiki-commons-xml/target/clover/report/org/xwiki/xml/EntityResolver.js
[INFO] Deleting file /tmp/dspot-experiments/dataset/april-2019/xwiki-commons_parent/xwiki-commons-core/xwiki-commons-xml/target/clover/report/org/xwiki/xml/XMLUtilsTest_createDomDocument_c.html
[INFO] Deleting file /tmp/dspot-experiments/dataset/april-2019/xwiki-commons_parent/xwiki-commons-core/xwiki-commons-xml/target/clover/report/org/xwiki/xml/stax/StAXUtilsTest.html
[INFO] Deleting file /tmp/dspot-experiments/dataset/april-2019/xwiki-commons_parent/xwiki-commons-core/xwiki-commons-xml/target/clover/report/org/xwiki/xml/stax/quick-wins.html
[INFO] Deleting file /tmp/dspot-experiments/dataset/april-2019/xwiki-commons_parent/xwiki-commons-core/xwiki-commons-xml/target/clover/report/org/xwiki/xml/stax/testsrc-pkg-summary.html
[INFO] Deleting file /tmp/dspot-experiments/dataset/april-2019/xwiki-commons_parent/xwiki-commons-core/xwiki-commons-xml/target/clover/report/org/xwiki/xml/stax/SAXEventWriter.js
[INFO] Deleting file /tmp/dspot-experiments/dataset/april-2019/xwiki-commons_parent/xwiki-commons-core/xwiki-commons-xml/target/clover/report/org/xwiki/xml/stax/StAXUtilsTest_getXMLEventReader_h.html
[INFO] Deleting file /tmp/dspot-experiments/dataset/april-2019/xwiki-commons_parent/xwiki-commons-core/xwiki-commons-xml/target/clover/report/org/xwiki/xml/stax/SAXEventWriter.html
[INFO] Deleting file /tmp/dspot-experiments/dataset/april-2019/xwiki-commons_parent/xwiki-commons-core/xwiki-commons-xml/target/clover/report/org/xwiki/xml/stax/StAXUtilsTest_getXMLStreamReader_q.html
[INFO] Deleting file /tmp/dspot-experiments/dataset/april-2019/xwiki-commons_parent/xwiki-commons-core/xwiki-commons-xml/target/clover/report/org/xwiki/xml/stax/test-StAXUtilsTest.html
[INFO] Deleting file /tmp/dspot-experiments/dataset/april-2019/xwiki-commons_parent/xwiki-commons-core/xwiki-commons-xml/target/clover/report/org/xwiki/xml/stax/StAXUtils.html
[INFO] Deleting file /tmp/dspot-experiments/dataset/april-2019/xwiki-commons_parent/xwiki-commons-core/xwiki-commons-xml/target/clover/report/org/xwiki/xml/stax/StAXUtilsTest.js
[INFO] Deleting file /tmp/dspot-experiments/dataset/april-2019/xwiki-commons_parent/xwiki-commons-core/xwiki-commons-xml/target/clover/report/org/xwiki/xml/stax/StAXUtilsTest_getXMLStreamWriter_7.html
[INFO] Deleting file /tmp/dspot-experiments/dataset/april-2019/xwiki-commons_parent/xwiki-commons-core/xwiki-commons-xml/target/clover/report/org/xwiki/xml/stax/pkg-summary.html
[INFO] Deleting file /tmp/dspot-experiments/dataset/april-2019/xwiki-commons_parent/xwiki-commons-core/xwiki-commons-xml/target/clover/report/org/xwiki/xml/stax/StAXUtils.js
[INFO] Deleting file /tmp/dspot-experiments/dataset/april-2019/xwiki-commons_parent/xwiki-commons-core/xwiki-commons-xml/target/clover/report/org/xwiki/xml/stax/top-risks.html
[INFO] Deleting file /tmp/dspot-experiments/dataset/april-2019/xwiki-commons_parent/xwiki-commons-core/xwiki-commons-xml/target/clover/report/org/xwiki/xml/stax/StAXUtilsTest_getXMLStreamWriterWithSAXREsult_v.html
[INFO] Deleting file /tmp/dspot-experiments/dataset/april-2019/xwiki-commons_parent/xwiki-commons-core/xwiki-commons-xml/target/clover/report/org/xwiki/xml/stax/test-pkg-summary.html
[INFO] Deleting directory /tmp/dspot-experiments/dataset/april-2019/xwiki-commons_parent/xwiki-commons-core/xwiki-commons-xml/target/clover/report/org/xwiki/xml/stax
[INFO] Deleting file /tmp/dspot-experiments/dataset/april-2019/xwiki-commons_parent/xwiki-commons-core/xwiki-commons-xml/target/clover/report/org/xwiki/xml/test-pkg-summary.html
[INFO] Deleting file /tmp/dspot-experiments/dataset/april-2019/xwiki-commons_parent/xwiki-commons-core/xwiki-commons-xml/target/clover/report/org/xwiki/xml/Sax2Dom.html
[INFO] Deleting file /tmp/dspot-experiments/dataset/april-2019/xwiki-commons_parent/xwiki-commons-core/xwiki-commons-xml/target/clover/report/org/xwiki/xml/XMLUtilsTest_escapeFAttributeValueWithNull_a.html
[INFO] Deleting directory /tmp/dspot-experiments/dataset/april-2019/xwiki-commons_parent/xwiki-commons-core/xwiki-commons-xml/target/clover/report/org/xwiki/xml
[INFO] Deleting directory /tmp/dspot-experiments/dataset/april-2019/xwiki-commons_parent/xwiki-commons-core/xwiki-commons-xml/target/clover/report/org/xwiki
[INFO] Deleting file /tmp/dspot-experiments/dataset/april-2019/xwiki-commons_parent/xwiki-commons-core/xwiki-commons-xml/target/clover/report/org/htmlcleaner/quick-wins.html
[INFO] Deleting file /tmp/dspot-experiments/dataset/april-2019/xwiki-commons_parent/xwiki-commons-core/xwiki-commons-xml/target/clover/report/org/htmlcleaner/XWikiDOMSerializer.html
[INFO] Deleting file /tmp/dspot-experiments/dataset/april-2019/xwiki-commons_parent/xwiki-commons-core/xwiki-commons-xml/target/clover/report/org/htmlcleaner/XWikiDOMSerializer.js
[INFO] Deleting file /tmp/dspot-experiments/dataset/april-2019/xwiki-commons_parent/xwiki-commons-core/xwiki-commons-xml/target/clover/report/org/htmlcleaner/pkg-summary.html
[INFO] Deleting file /tmp/dspot-experiments/dataset/april-2019/xwiki-commons_parent/xwiki-commons-core/xwiki-commons-xml/target/clover/report/org/htmlcleaner/top-risks.html
[INFO] Deleting file /tmp/dspot-experiments/dataset/april-2019/xwiki-commons_parent/xwiki-commons-core/xwiki-commons-xml/target/clover/report/org/htmlcleaner/test-pkg-summary.html
[INFO] Deleting directory /tmp/dspot-experiments/dataset/april-2019/xwiki-commons_parent/xwiki-commons-core/xwiki-commons-xml/target/clover/report/org/htmlcleaner
[INFO] Deleting directory /tmp/dspot-experiments/dataset/april-2019/xwiki-commons_parent/xwiki-commons-core/xwiki-commons-xml/target/clover/report/org
[INFO] Deleting file /tmp/dspot-experiments/dataset/april-2019/xwiki-commons_parent/xwiki-commons-core/xwiki-commons-xml/target/clover/report/pkg-summary.html
[INFO] Deleting file /tmp/dspot-experiments/dataset/april-2019/xwiki-commons_parent/xwiki-commons-core/xwiki-commons-xml/target/clover/report/treemap-dash-json.js
[INFO] Deleting file /tmp/dspot-experiments/dataset/april-2019/xwiki-commons_parent/xwiki-commons-core/xwiki-commons-xml/target/clover/report/tree.css
[INFO] Deleting file /tmp/dspot-experiments/dataset/april-2019/xwiki-commons_parent/xwiki-commons-core/xwiki-commons-xml/target/clover/report/top-risks.html
[INFO] Deleting file /tmp/dspot-experiments/dataset/april-2019/xwiki-commons_parent/xwiki-commons-core/xwiki-commons-xml/target/clover/report/package-nodes-tree.js
[INFO] Deleting file /tmp/dspot-experiments/dataset/april-2019/xwiki-commons_parent/xwiki-commons-core/xwiki-commons-xml/target/clover/report/img/failure_gutter.gif
[INFO] Deleting file /tmp/dspot-experiments/dataset/april-2019/xwiki-commons_parent/xwiki-commons-core/xwiki-commons-xml/target/clover/report/img/srcFileCovDistChart10.png
[INFO] Deleting file /tmp/dspot-experiments/dataset/april-2019/xwiki-commons_parent/xwiki-commons-core/xwiki-commons-xml/target/clover/report/img/srcFileCovDistChart1.png
[INFO] Deleting file /tmp/dspot-experiments/dataset/april-2019/xwiki-commons_parent/xwiki-commons-core/xwiki-commons-xml/target/clover/report/img/ajax-loader.gif
[INFO] Deleting file /tmp/dspot-experiments/dataset/april-2019/xwiki-commons_parent/xwiki-commons-core/xwiki-commons-xml/target/clover/report/img/srcFileCovDistChart6.png
[INFO] Deleting file /tmp/dspot-experiments/dataset/april-2019/xwiki-commons_parent/xwiki-commons-core/xwiki-commons-xml/target/clover/report/img/classDistrubutionChart.png
[INFO] Deleting file /tmp/dspot-experiments/dataset/april-2019/xwiki-commons_parent/xwiki-commons-core/xwiki-commons-xml/target/clover/report/img/srcFileCovDistChart8.png
[INFO] Deleting file /tmp/dspot-experiments/dataset/april-2019/xwiki-commons_parent/xwiki-commons-core/xwiki-commons-xml/target/clover/report/img/treemap.gif
[INFO] Deleting file /tmp/dspot-experiments/dataset/april-2019/xwiki-commons_parent/xwiki-commons-core/xwiki-commons-xml/target/clover/report/img/collapse.gif
[INFO] Deleting file /tmp/dspot-experiments/dataset/april-2019/xwiki-commons_parent/xwiki-commons-core/xwiki-commons-xml/target/clover/report/img/spacer.gif
[INFO] Deleting file /tmp/dspot-experiments/dataset/april-2019/xwiki-commons_parent/xwiki-commons-core/xwiki-commons-xml/target/clover/report/img/srcFileCovDistChart3.png
[INFO] Deleting file /tmp/dspot-experiments/dataset/april-2019/xwiki-commons_parent/xwiki-commons-core/xwiki-commons-xml/target/clover/report/img/srcFileCovDistChart4.png
[INFO] Deleting file /tmp/dspot-experiments/dataset/april-2019/xwiki-commons_parent/xwiki-commons-core/xwiki-commons-xml/target/clover/report/img/classComplexityChart.png
[INFO] Deleting file /tmp/dspot-experiments/dataset/april-2019/xwiki-commons_parent/xwiki-commons-core/xwiki-commons-xml/target/clover/report/img/srcFileCovDistChart0.png
[INFO] Deleting file /tmp/dspot-experiments/dataset/april-2019/xwiki-commons_parent/xwiki-commons-core/xwiki-commons-xml/target/clover/report/img/clover.ico
[INFO] Deleting file /tmp/dspot-experiments/dataset/april-2019/xwiki-commons_parent/xwiki-commons-core/xwiki-commons-xml/target/clover/report/img/expand.gif
[INFO] Deleting file /tmp/dspot-experiments/dataset/april-2019/xwiki-commons_parent/xwiki-commons-core/xwiki-commons-xml/target/clover/report/img/srcFileCovDistChart5.png
[INFO] Deleting file /tmp/dspot-experiments/dataset/april-2019/xwiki-commons_parent/xwiki-commons-core/xwiki-commons-xml/target/clover/report/img/logo.gif
[INFO] Deleting file /tmp/dspot-experiments/dataset/april-2019/xwiki-commons_parent/xwiki-commons-core/xwiki-commons-xml/target/clover/report/img/srcFileCovDistChart7.png
[INFO] Deleting file /tmp/dspot-experiments/dataset/april-2019/xwiki-commons_parent/xwiki-commons-core/xwiki-commons-xml/target/clover/report/img/clover_logo_large.png
[INFO] Deleting file /tmp/dspot-experiments/dataset/april-2019/xwiki-commons_parent/xwiki-commons-core/xwiki-commons-xml/target/clover/report/img/back.gif
[INFO] Deleting file /tmp/dspot-experiments/dataset/april-2019/xwiki-commons_parent/xwiki-commons-core/xwiki-commons-xml/target/clover/report/img/srcFileCovDistChart9.png
[INFO] Deleting file /tmp/dspot-experiments/dataset/april-2019/xwiki-commons_parent/xwiki-commons-core/xwiki-commons-xml/target/clover/report/img/srcFileCovDistChart2.png
[INFO] Deleting directory /tmp/dspot-experiments/dataset/april-2019/xwiki-commons_parent/xwiki-commons-core/xwiki-commons-xml/target/clover/report/img
[INFO] Deleting file /tmp/dspot-experiments/dataset/april-2019/xwiki-commons_parent/xwiki-commons-core/xwiki-commons-xml/target/clover/report/test-pkg-summary.html
[INFO] Deleting file /tmp/dspot-experiments/dataset/april-2019/xwiki-commons_parent/xwiki-commons-core/xwiki-commons-xml/target/clover/report/agg-pkgs.html
[INFO] Deleting directory /tmp/dspot-experiments/dataset/april-2019/xwiki-commons_parent/xwiki-commons-core/xwiki-commons-xml/target/clover/report
[INFO] Deleting file /tmp/dspot-experiments/dataset/april-2019/xwiki-commons_parent/xwiki-commons-core/xwiki-commons-xml/target/clover/clover.db1dzb6lieno6e2_i_gobov9_jump49oz.s
[INFO] Deleting file /tmp/dspot-experiments/dataset/april-2019/xwiki-commons_parent/xwiki-commons-core/xwiki-commons-xml/target/clover/clover.db1dzb6lmcpwadl_v_gobov9_jump4akb.s
[INFO] Deleting file /tmp/dspot-experiments/dataset/april-2019/xwiki-commons_parent/xwiki-commons-core/xwiki-commons-xml/target/clover/clover.db1dzb6lieno6df_6_gobov9_jump49oe.s
[INFO] Deleting file /tmp/dspot-experiments/dataset/april-2019/xwiki-commons_parent/xwiki-commons-core/xwiki-commons-xml/target/clover/clover.db1dzb6lieno6ds_k_gobov9_jump49p2.s
[INFO] Deleting file /tmp/dspot-experiments/dataset/april-2019/xwiki-commons_parent/xwiki-commons-core/xwiki-commons-xml/target/clover/clover.db1dzb6lmcpwah4_s_gobov9_jump4ai6.s
[INFO] Deleting file /tmp/dspot-experiments/dataset/april-2019/xwiki-commons_parent/xwiki-commons-core/xwiki-commons-xml/target/clover/clover.db1dzb6lieno6do_2_a564y_jump49nk.s
[INFO] Deleting file /tmp/dspot-experiments/dataset/april-2019/xwiki-commons_parent/xwiki-commons-core/xwiki-commons-xml/target/clover/clover.db1dzb6lieno6eh_3_gobov9_jump49nn.s
[INFO] Deleting file /tmp/dspot-experiments/dataset/april-2019/xwiki-commons_parent/xwiki-commons-core/xwiki-commons-xml/target/clover/clover.db1dzb6lmcpwafs_14_a564y_jump4ang.s
[INFO] Deleting file /tmp/dspot-experiments/dataset/april-2019/xwiki-commons_parent/xwiki-commons-core/xwiki-commons-xml/target/clover/clover.db1dzb6lieno6el_5_a564y_jump49od.s
[INFO] Deleting file /tmp/dspot-experiments/dataset/april-2019/xwiki-commons_parent/xwiki-commons-core/xwiki-commons-xml/target/clover/clover.db1dzb6lmcpwagi_13_gobov9_jump4an7.s
[INFO] Deleting file /tmp/dspot-experiments/dataset/april-2019/xwiki-commons_parent/xwiki-commons-core/xwiki-commons-xml/target/clover/clover.db1dzb6lmcpwadp_z_gobov9_jump4al7.s
[INFO] Deleting file /tmp/dspot-experiments/dataset/april-2019/xwiki-commons_parent/xwiki-commons-core/xwiki-commons-xml/target/clover/clover.db1dzb6lieno6e8_h_gobov9_jump49ox.s
[INFO] Deleting file /tmp/dspot-experiments/dataset/april-2019/xwiki-commons_parent/xwiki-commons-core/xwiki-commons-xml/target/clover/clover.db1dzb6lieno6f1_4_a564y_jump49np.s
[INFO] Deleting file /tmp/dspot-experiments/dataset/april-2019/xwiki-commons_parent/xwiki-commons-core/xwiki-commons-xml/target/clover/src-instrumented/org/xwiki/xml/html/HTMLCleaner.java
[INFO] Deleting file /tmp/dspot-experiments/dataset/april-2019/xwiki-commons_parent/xwiki-commons-core/xwiki-commons-xml/target/clover/src-instrumented/org/xwiki/xml/html/HTMLCleanerConfiguration.java
[INFO] Deleting file /tmp/dspot-experiments/dataset/april-2019/xwiki-commons_parent/xwiki-commons-core/xwiki-commons-xml/target/clover/src-instrumented/org/xwiki/xml/html/HTMLUtils.java
[INFO] Deleting file /tmp/dspot-experiments/dataset/april-2019/xwiki-commons_parent/xwiki-commons-core/xwiki-commons-xml/target/clover/src-instrumented/org/xwiki/xml/html/filter/HTMLFilter.java
[INFO] Deleting file /tmp/dspot-experiments/dataset/april-2019/xwiki-commons_parent/xwiki-commons-core/xwiki-commons-xml/target/clover/src-instrumented/org/xwiki/xml/html/filter/ElementSelector.java
[INFO] Deleting file /tmp/dspot-experiments/dataset/april-2019/xwiki-commons_parent/xwiki-commons-core/xwiki-commons-xml/target/clover/src-instrumented/org/xwiki/xml/html/filter/AbstractHTMLFilter.java
[INFO] Deleting directory /tmp/dspot-experiments/dataset/april-2019/xwiki-commons_parent/xwiki-commons-core/xwiki-commons-xml/target/clover/src-instrumented/org/xwiki/xml/html/filter
[INFO] Deleting file /tmp/dspot-experiments/dataset/april-2019/xwiki-commons_parent/xwiki-commons-core/xwiki-commons-xml/target/clover/src-instrumented/org/xwiki/xml/html/HTMLConstants.java
[INFO] Deleting directory /tmp/dspot-experiments/dataset/april-2019/xwiki-commons_parent/xwiki-commons-core/xwiki-commons-xml/target/clover/src-instrumented/org/xwiki/xml/html
[INFO] Deleting file /tmp/dspot-experiments/dataset/april-2019/xwiki-commons_parent/xwiki-commons-core/xwiki-commons-xml/target/clover/src-instrumented/org/xwiki/xml/XMLUtils.java
[INFO] Deleting file /tmp/dspot-experiments/dataset/april-2019/xwiki-commons_parent/xwiki-commons-core/xwiki-commons-xml/target/clover/src-instrumented/org/xwiki/xml/XMLReaderFactory.java
[INFO] Deleting file /tmp/dspot-experiments/dataset/april-2019/xwiki-commons_parent/xwiki-commons-core/xwiki-commons-xml/target/clover/src-instrumented/org/xwiki/xml/internal/LocalEntityResolver.java
[INFO] Deleting file /tmp/dspot-experiments/dataset/april-2019/xwiki-commons_parent/xwiki-commons-core/xwiki-commons-xml/target/clover/src-instrumented/org/xwiki/xml/internal/html/DefaultHTMLCleanerConfiguration.java
[INFO] Deleting file /tmp/dspot-experiments/dataset/april-2019/xwiki-commons_parent/xwiki-commons-core/xwiki-commons-xml/target/clover/src-instrumented/org/xwiki/xml/internal/html/filter/FontFilter.java
[INFO] Deleting file /tmp/dspot-experiments/dataset/april-2019/xwiki-commons_parent/xwiki-commons-core/xwiki-commons-xml/target/clover/src-instrumented/org/xwiki/xml/internal/html/filter/AttributeFilter.java
[INFO] Deleting file /tmp/dspot-experiments/dataset/april-2019/xwiki-commons_parent/xwiki-commons-core/xwiki-commons-xml/target/clover/src-instrumented/org/xwiki/xml/internal/html/filter/BodyFilter.java
[INFO] Deleting file /tmp/dspot-experiments/dataset/april-2019/xwiki-commons_parent/xwiki-commons-core/xwiki-commons-xml/target/clover/src-instrumented/org/xwiki/xml/internal/html/filter/ListItemFilter.java
[INFO] Deleting file /tmp/dspot-experiments/dataset/april-2019/xwiki-commons_parent/xwiki-commons-core/xwiki-commons-xml/target/clover/src-instrumented/org/xwiki/xml/internal/html/filter/LinkFilter.java
[INFO] Deleting file /tmp/dspot-experiments/dataset/april-2019/xwiki-commons_parent/xwiki-commons-core/xwiki-commons-xml/target/clover/src-instrumented/org/xwiki/xml/internal/html/filter/ListFilter.java
[INFO] Deleting file /tmp/dspot-experiments/dataset/april-2019/xwiki-commons_parent/xwiki-commons-core/xwiki-commons-xml/target/clover/src-instrumented/org/xwiki/xml/internal/html/filter/UniqueIdFilter.java
[INFO] Deleting directory /tmp/dspot-experiments/dataset/april-2019/xwiki-commons_parent/xwiki-commons-core/xwiki-commons-xml/target/clover/src-instrumented/org/xwiki/xml/internal/html/filter
[INFO] Deleting file /tmp/dspot-experiments/dataset/april-2019/xwiki-commons_parent/xwiki-commons-core/xwiki-commons-xml/target/clover/src-instrumented/org/xwiki/xml/internal/html/DefaultHTMLCleaner.java
[INFO] Deleting directory /tmp/dspot-experiments/dataset/april-2019/xwiki-commons_parent/xwiki-commons-core/xwiki-commons-xml/target/clover/src-instrumented/org/xwiki/xml/internal/html
[INFO] Deleting file /tmp/dspot-experiments/dataset/april-2019/xwiki-commons_parent/xwiki-commons-core/xwiki-commons-xml/target/clover/src-instrumented/org/xwiki/xml/internal/DefaultXMLReaderFactory.java
[INFO] Deleting directory /tmp/dspot-experiments/dataset/april-2019/xwiki-commons_parent/xwiki-commons-core/xwiki-commons-xml/target/clover/src-instrumented/org/xwiki/xml/internal
[INFO] Deleting file /tmp/dspot-experiments/dataset/april-2019/xwiki-commons_parent/xwiki-commons-core/xwiki-commons-xml/target/clover/src-instrumented/org/xwiki/xml/ExtractHandler.java
[INFO] Deleting file /tmp/dspot-experiments/dataset/april-2019/xwiki-commons_parent/xwiki-commons-core/xwiki-commons-xml/target/clover/src-instrumented/org/xwiki/xml/stax/StAXUtils.java
[INFO] Deleting file /tmp/dspot-experiments/dataset/april-2019/xwiki-commons_parent/xwiki-commons-core/xwiki-commons-xml/target/clover/src-instrumented/org/xwiki/xml/stax/SAXEventWriter.java
[INFO] Deleting directory /tmp/dspot-experiments/dataset/april-2019/xwiki-commons_parent/xwiki-commons-core/xwiki-commons-xml/target/clover/src-instrumented/org/xwiki/xml/stax
[INFO] Deleting file /tmp/dspot-experiments/dataset/april-2019/xwiki-commons_parent/xwiki-commons-core/xwiki-commons-xml/target/clover/src-instrumented/org/xwiki/xml/EntityResolver.java
[INFO] Deleting file /tmp/dspot-experiments/dataset/april-2019/xwiki-commons_parent/xwiki-commons-core/xwiki-commons-xml/target/clover/src-instrumented/org/xwiki/xml/Sax2Dom.java
[INFO] Deleting directory /tmp/dspot-experiments/dataset/april-2019/xwiki-commons_parent/xwiki-commons-core/xwiki-commons-xml/target/clover/src-instrumented/org/xwiki/xml
[INFO] Deleting directory /tmp/dspot-experiments/dataset/april-2019/xwiki-commons_parent/xwiki-commons-core/xwiki-commons-xml/target/clover/src-instrumented/org/xwiki
[INFO] Deleting file /tmp/dspot-experiments/dataset/april-2019/xwiki-commons_parent/xwiki-commons-core/xwiki-commons-xml/target/clover/src-instrumented/org/htmlcleaner/XWikiDOMSerializer.java
[INFO] Deleting directory /tmp/dspot-experiments/dataset/april-2019/xwiki-commons_parent/xwiki-commons-core/xwiki-commons-xml/target/clover/src-instrumented/org/htmlcleaner
[INFO] Deleting directory /tmp/dspot-experiments/dataset/april-2019/xwiki-commons_parent/xwiki-commons-core/xwiki-commons-xml/target/clover/src-instrumented/org
[INFO] Deleting directory /tmp/dspot-experiments/dataset/april-2019/xwiki-commons_parent/xwiki-commons-core/xwiki-commons-xml/target/clover/src-instrumented
[INFO] Deleting file /tmp/dspot-experiments/dataset/april-2019/xwiki-commons_parent/xwiki-commons-core/xwiki-commons-xml/target/clover/clover.db1dzb6lieno6e6_0_a564y_jump49g6.s
[INFO] Deleting file /tmp/dspot-experiments/dataset/april-2019/xwiki-commons_parent/xwiki-commons-core/xwiki-commons-xml/target/clover/clover.db1dzb6lieno6en_a_gobov9_jump49ol.s
[INFO] Deleting file /tmp/dspot-experiments/dataset/april-2019/xwiki-commons_parent/xwiki-commons-core/xwiki-commons-xml/target/clover/clover.db1dzb6lieno6ex_d_a564y_jump49oq.s
[INFO] Deleting file /tmp/dspot-experiments/dataset/april-2019/xwiki-commons_parent/xwiki-commons-core/xwiki-commons-xml/target/clover/clover.db1dzb6lkdos8ih_m_a564y_jump4a6w.s
[INFO] Deleting file /tmp/dspot-experiments/dataset/april-2019/xwiki-commons_parent/xwiki-commons-core/xwiki-commons-xml/target/clover/clover.db1dzb6lmcpwag0_u_a564y_jump4ajd.s
[INFO] Deleting file /tmp/dspot-experiments/dataset/april-2019/xwiki-commons_parent/xwiki-commons-core/xwiki-commons-xml/target/clover/clover.db1dzb6lieno6e2_i_a564y_jump49oz.s
[INFO] Deleting file /tmp/dspot-experiments/dataset/april-2019/xwiki-commons_parent/xwiki-commons-core/xwiki-commons-xml/target/clover/clover.db1dzb6lkdos8i9_l_gobov9_jump49p8.s
[INFO] Deleting file /tmp/dspot-experiments/dataset/april-2019/xwiki-commons_parent/xwiki-commons-core/xwiki-commons-xml/target/clover/clover.db1dzb6lieno6ev_1_a564y_jump49nj.s
[INFO] Deleting file /tmp/dspot-experiments/dataset/april-2019/xwiki-commons_parent/xwiki-commons-core/xwiki-commons-xml/target/clover/clover.db1dzb6lmcpwagi_13_a564y_jump4an7.s
[INFO] Deleting file /tmp/dspot-experiments/dataset/april-2019/xwiki-commons_parent/xwiki-commons-core/xwiki-commons-xml/target/clover/clover.db1dzb6lmcpwagf_p_a564y_jump4af0.s
[INFO] Deleting file /tmp/dspot-experiments/dataset/april-2019/xwiki-commons_parent/xwiki-commons-core/xwiki-commons-xml/target/clover/clover.db1dzb6lmcpwagc_x_gobov9_jump4akt.s
[INFO] Deleting file /tmp/dspot-experiments/dataset/april-2019/xwiki-commons_parent/xwiki-commons-core/xwiki-commons-xml/target/clover/clover.db1dzb6lieno6e4_j_gobov9_jump49p0.s
[INFO] Deleting file /tmp/dspot-experiments/dataset/april-2019/xwiki-commons_parent/xwiki-commons-core/xwiki-commons-xml/target/clover/clover.db1dzb6lmcpwagw_18_gobov9_jump4apa.s
[INFO] Deleting file /tmp/dspot-experiments/dataset/april-2019/xwiki-commons_parent/xwiki-commons-core/xwiki-commons-xml/target/clover/clover.db1dzb6lieno6et_c_a564y_jump49op.s
[INFO] Deleting file /tmp/dspot-experiments/dataset/april-2019/xwiki-commons_parent/xwiki-commons-core/xwiki-commons-xml/target/clover/clover.db1dzb6lieno6e4_j_a564y_jump49p0.s
[INFO] Deleting file /tmp/dspot-experiments/dataset/april-2019/xwiki-commons_parent/xwiki-commons-core/xwiki-commons-xml/target/clover/clover.db1dzb6lieno6d5_g_gobov9_jump49ow.s
[INFO] Deleting file /tmp/dspot-experiments/dataset/april-2019/xwiki-commons_parent/xwiki-commons-core/xwiki-commons-xml/target/clover/clover.db1dzb6lmcpwaej_16_a564y_jump4ao2.s
[INFO] Deleting file /tmp/dspot-experiments/dataset/april-2019/xwiki-commons_parent/xwiki-commons-core/xwiki-commons-xml/target/clover/clover.db1dzb6lieno6dm_b_gobov9_jump49on.s
[INFO] Deleting file /tmp/dspot-experiments/dataset/april-2019/xwiki-commons_parent/xwiki-commons-core/xwiki-commons-xml/target/clover/clover.db1dzb6lmcpwagu_w_a564y_jump4akm.s
[INFO] Deleting file /tmp/dspot-experiments/dataset/april-2019/xwiki-commons_parent/xwiki-commons-core/xwiki-commons-xml/target/clover/clover.dba564y_jump49g4.1
[INFO] Deleting file /tmp/dspot-experiments/dataset/april-2019/xwiki-commons_parent/xwiki-commons-core/xwiki-commons-xml/target/clover/clover.db1dzb6lmcpwadp_z_a564y_jump4al7.s
[INFO] Deleting file /tmp/dspot-experiments/dataset/april-2019/xwiki-commons_parent/xwiki-commons-core/xwiki-commons-xml/target/clover/clover.db1dzb6lmcpwagu_w_gobov9_jump4akm.s
[INFO] Deleting file /tmp/dspot-experiments/dataset/april-2019/xwiki-commons_parent/xwiki-commons-core/xwiki-commons-xml/target/clover/clover.db1dzb6lieno6da_7_gobov9_jump49og.s
[INFO] Deleting file /tmp/dspot-experiments/dataset/april-2019/xwiki-commons_parent/xwiki-commons-core/xwiki-commons-xml/target/clover/clover.db1dzb6lmcpwaed_t_gobov9_jump4aiu.s
[INFO] Deleting file /tmp/dspot-experiments/dataset/april-2019/xwiki-commons_parent/xwiki-commons-core/xwiki-commons-xml/target/clover/clover.db1dzb6lobr0ccl_1b_gobov9_jump4asy.s
[INFO] Deleting file /tmp/dspot-experiments/dataset/april-2019/xwiki-commons_parent/xwiki-commons-core/xwiki-commons-xml/target/clover/clover.db1dzb6lieno6da_7_a564y_jump49og.s
[INFO] Deleting file /tmp/dspot-experiments/dataset/april-2019/xwiki-commons_parent/xwiki-commons-core/xwiki-commons-xml/target/clover/clover.db1dzb6lieno6dm_b_a564y_jump49on.s
[INFO] Deleting file /tmp/dspot-experiments/dataset/april-2019/xwiki-commons_parent/xwiki-commons-core/xwiki-commons-xml/target/clover/clover.db1dzb6lieno6et_c_gobov9_jump49op.s
[INFO] Deleting file /tmp/dspot-experiments/dataset/april-2019/xwiki-commons_parent/xwiki-commons-core/xwiki-commons-xml/target/clover/clover.db1dzb6lmcpwaej_16_gobov9_jump4ao2.s
[INFO] Deleting file /tmp/dspot-experiments/dataset/april-2019/xwiki-commons_parent/xwiki-commons-core/xwiki-commons-xml/target/clover/clover.db1dzb6lmcpwafb_q_gobov9_jump4agz.s
[INFO] Deleting file /tmp/dspot-experiments/dataset/april-2019/xwiki-commons_parent/xwiki-commons-core/xwiki-commons-xml/target/clover/clover.db1dzb6lmcpwadv_12_a564y_jump4amx.s
[INFO] Deleting file /tmp/dspot-experiments/dataset/april-2019/xwiki-commons_parent/xwiki-commons-core/xwiki-commons-xml/target/clover/clover.db1dzb6lkdos8ih_m_gobov9_jump4a6w.s
[INFO] Deleting file /tmp/dspot-experiments/dataset/april-2019/xwiki-commons_parent/xwiki-commons-core/xwiki-commons-xml/target/clover/clover.db1dzb6lmcpwadx_r_a564y_jump4ah6.s
[INFO] Deleting file /tmp/dspot-experiments/dataset/april-2019/xwiki-commons_parent/xwiki-commons-core/xwiki-commons-xml/target/clover/clover.db1dzb6lmcpwafs_14_gobov9_jump4ang.s
[INFO] Deleting file /tmp/dspot-experiments/dataset/april-2019/xwiki-commons_parent/xwiki-commons-core/xwiki-commons-xml/target/clover/clover.db1dzb6lieno6f1_4_gobov9_jump49np.s
[INFO] Deleting file /tmp/dspot-experiments/dataset/april-2019/xwiki-commons_parent/xwiki-commons-core/xwiki-commons-xml/target/clover/clover.db1dzb6lieno6do_2_gobov9_jump49nk.s
[INFO] Deleting file /tmp/dspot-experiments/dataset/april-2019/xwiki-commons_parent/xwiki-commons-core/xwiki-commons-xml/target/clover/clover.db
[INFO] Deleting file /tmp/dspot-experiments/dataset/april-2019/xwiki-commons_parent/xwiki-commons-core/xwiki-commons-xml/target/clover/clover.db1dzb6lmcpwafq_y_gobov9_jump4al0.s
[INFO] Deleting file /tmp/dspot-experiments/dataset/april-2019/xwiki-commons_parent/xwiki-commons-core/xwiki-commons-xml/target/clover/clover.db1dzb6lkdos8id_o_a564y_jump4a8c.s
[INFO] Deleting file /tmp/dspot-experiments/dataset/april-2019/xwiki-commons_parent/xwiki-commons-core/xwiki-commons-xml/target/clover/clover.db1dzb6lieno6dq_9_gobov9_jump49ok.s
[INFO] Deleting file /tmp/dspot-experiments/dataset/april-2019/xwiki-commons_parent/xwiki-commons-core/xwiki-commons-xml/target/clover/clover.db1dzb6lkdos8id_o_gobov9_jump4a8c.s
[INFO] Deleting file /tmp/dspot-experiments/dataset/april-2019/xwiki-commons_parent/xwiki-commons-core/xwiki-commons-xml/target/clover/clover.db1dzb6lieno6ea_f_gobov9_jump49ou.s
[INFO] Deleting file /tmp/dspot-experiments/dataset/april-2019/xwiki-commons_parent/xwiki-commons-core/xwiki-commons-xml/target/clover/clover.db1dzb6lieno6en_a_a564y_jump49ol.s
[INFO] Deleting file /tmp/dspot-experiments/dataset/april-2019/xwiki-commons_parent/xwiki-commons-core/xwiki-commons-xml/target/clover/clover.db1dzb6lmcpwae7_15_gobov9_jump4anp.s
[INFO] Deleting file /tmp/dspot-experiments/dataset/april-2019/xwiki-commons_parent/xwiki-commons-core/xwiki-commons-xml/target/clover/clover.db1dzb6lieno6ds_k_a564y_jump49p2.s
[INFO] Deleting file /tmp/dspot-experiments/dataset/april-2019/xwiki-commons_parent/xwiki-commons-core/xwiki-commons-xml/target/clover/clover.db1dzb6lieno6du_8_a564y_jump49oi.s
[INFO] Deleting file /tmp/dspot-experiments/dataset/april-2019/xwiki-commons_parent/xwiki-commons-core/xwiki-commons-xml/target/clover/clover.db1dzb6lkdos8i6_n_a564y_jump4a8a.s
[INFO] Deleting file /tmp/dspot-experiments/dataset/april-2019/xwiki-commons_parent/xwiki-commons-core/xwiki-commons-xml/target/clover/clover.db1dzb6lmcpwafb_q_a564y_jump4agz.s
[INFO] Deleting file /tmp/dspot-experiments/dataset/april-2019/xwiki-commons_parent/xwiki-commons-core/xwiki-commons-xml/target/clover/clover.db1dzb6lmcpwah4_s_a564y_jump4ai6.s
[INFO] Deleting file /tmp/dspot-experiments/dataset/april-2019/xwiki-commons_parent/xwiki-commons-core/xwiki-commons-xml/target/clover/clover.db1dzb6lobr0ccl_1b_a564y_jump4asy.s
[INFO] Deleting file /tmp/dspot-experiments/dataset/april-2019/xwiki-commons_parent/xwiki-commons-core/xwiki-commons-xml/target/clover/clover.db1dzb6lmcpwagf_p_gobov9_jump4af0.s
[INFO] Deleting file /tmp/dspot-experiments/dataset/april-2019/xwiki-commons_parent/xwiki-commons-core/xwiki-commons-xml/target/clover/clover.db1dzb6lobr0cch_1a_gobov9_jump4asr.s
[INFO] Deleting file /tmp/dspot-experiments/dataset/april-2019/xwiki-commons_parent/xwiki-commons-core/xwiki-commons-xml/target/clover/clover.db1dzb6lobr0cch_1a_a564y_jump4asr.s
[INFO] Deleting file /tmp/dspot-experiments/dataset/april-2019/xwiki-commons_parent/xwiki-commons-core/xwiki-commons-xml/target/clover/clover.db1dzb6lmcpwaf5_17_a564y_jump4aow.s
[INFO] Deleting file /tmp/dspot-experiments/dataset/april-2019/xwiki-commons_parent/xwiki-commons-core/xwiki-commons-xml/target/clover/clover.db1dzb6lkdos8i6_n_gobov9_jump4a8a.s
[INFO] Deleting file /tmp/dspot-experiments/dataset/april-2019/xwiki-commons_parent/xwiki-commons-core/xwiki-commons-xml/target/clover/clover.db1dzb6lieno6ev_1_gobov9_jump49nj.s
[INFO] Deleting file /tmp/dspot-experiments/dataset/april-2019/xwiki-commons_parent/xwiki-commons-core/xwiki-commons-xml/target/clover/clover.db1dzb6lieno6dq_9_a564y_jump49ok.s
[INFO] Deleting directory /tmp/dspot-experiments/dataset/april-2019/xwiki-commons_parent/xwiki-commons-core/xwiki-commons-xml/target/clover
[INFO] Deleting file /tmp/dspot-experiments/dataset/april-2019/xwiki-commons_parent/xwiki-commons-core/xwiki-commons-xml/target/maven-shared-archive-resources/META-INF/NOTICE
[INFO] Deleting file /tmp/dspot-experiments/dataset/april-2019/xwiki-commons_parent/xwiki-commons-core/xwiki-commons-xml/target/maven-shared-archive-resources/META-INF/LICENSE
[INFO] Deleting directory /tmp/dspot-experiments/dataset/april-2019/xwiki-commons_parent/xwiki-commons-core/xwiki-commons-xml/target/maven-shared-archive-resources/META-INF
[INFO] Deleting directory /tmp/dspot-experiments/dataset/april-2019/xwiki-commons_parent/xwiki-commons-core/xwiki-commons-xml/target/maven-shared-archive-resources
[INFO] Deleting directory /tmp/dspot-experiments/dataset/april-2019/xwiki-commons_parent/xwiki-commons-core/xwiki-commons-xml/target/generated-test-sources/test-annotations
[INFO] Deleting directory /tmp/dspot-experiments/dataset/april-2019/xwiki-commons_parent/xwiki-commons-core/xwiki-commons-xml/target/generated-test-sources
[INFO] Deleting file /tmp/dspot-experiments/dataset/april-2019/xwiki-commons_parent/xwiki-commons-core/xwiki-commons-xml/target/maven-status/maven-compiler-plugin/compile/default-compile/createdFiles.lst
[INFO] Deleting file /tmp/dspot-experiments/dataset/april-2019/xwiki-commons_parent/xwiki-commons-core/xwiki-commons-xml/target/maven-status/maven-compiler-plugin/compile/default-compile/inputFiles.lst
[INFO] Deleting directory /tmp/dspot-experiments/dataset/april-2019/xwiki-commons_parent/xwiki-commons-core/xwiki-commons-xml/target/maven-status/maven-compiler-plugin/compile/default-compile
[INFO] Deleting directory /tmp/dspot-experiments/dataset/april-2019/xwiki-commons_parent/xwiki-commons-core/xwiki-commons-xml/target/maven-status/maven-compiler-plugin/compile
[INFO] Deleting file /tmp/dspot-experiments/dataset/april-2019/xwiki-commons_parent/xwiki-commons-core/xwiki-commons-xml/target/maven-status/maven-compiler-plugin/testCompile/default-testCompile/createdFiles.lst
[INFO] Deleting file /tmp/dspot-experiments/dataset/april-2019/xwiki-commons_parent/xwiki-commons-core/xwiki-commons-xml/target/maven-status/maven-compiler-plugin/testCompile/default-testCompile/inputFiles.lst
[INFO] Deleting directory /tmp/dspot-experiments/dataset/april-2019/xwiki-commons_parent/xwiki-commons-core/xwiki-commons-xml/target/maven-status/maven-compiler-plugin/testCompile/default-testCompile
[INFO] Deleting directory /tmp/dspot-experiments/dataset/april-2019/xwiki-commons_parent/xwiki-commons-core/xwiki-commons-xml/target/maven-status/maven-compiler-plugin/testCompile
[INFO] Deleting directory /tmp/dspot-experiments/dataset/april-2019/xwiki-commons_parent/xwiki-commons-core/xwiki-commons-xml/target/maven-status/maven-compiler-plugin
[INFO] Deleting directory /tmp/dspot-experiments/dataset/april-2019/xwiki-commons_parent/xwiki-commons-core/xwiki-commons-xml/target/maven-status
[INFO] Deleting file /tmp/dspot-experiments/dataset/april-2019/xwiki-commons_parent/xwiki-commons-core/xwiki-commons-xml/target/test-classes/META-INF/NOTICE
[INFO] Deleting file /tmp/dspot-experiments/dataset/april-2019/xwiki-commons_parent/xwiki-commons-core/xwiki-commons-xml/target/test-classes/META-INF/LICENSE
[INFO] Deleting directory /tmp/dspot-experiments/dataset/april-2019/xwiki-commons_parent/xwiki-commons-core/xwiki-commons-xml/target/test-classes/META-INF
[INFO] Deleting file /tmp/dspot-experiments/dataset/april-2019/xwiki-commons_parent/xwiki-commons-core/xwiki-commons-xml/target/test-classes/org/xwiki/xml/html/HTMLUtilsTest$__CLR4_2_0133133jump42hs.class
[INFO] Deleting file /tmp/dspot-experiments/dataset/april-2019/xwiki-commons_parent/xwiki-commons-core/xwiki-commons-xml/target/test-classes/org/xwiki/xml/html/HTMLUtilsTest.class
[INFO] Deleting file /tmp/dspot-experiments/dataset/april-2019/xwiki-commons_parent/xwiki-commons-core/xwiki-commons-xml/target/test-classes/org/xwiki/xml/html/HTMLUtilsTest$__CLR4_2_0133133jump42hs$1.class
[INFO] Deleting directory /tmp/dspot-experiments/dataset/april-2019/xwiki-commons_parent/xwiki-commons-core/xwiki-commons-xml/target/test-classes/org/xwiki/xml/html
[INFO] Deleting file /tmp/dspot-experiments/dataset/april-2019/xwiki-commons_parent/xwiki-commons-core/xwiki-commons-xml/target/test-classes/org/xwiki/xml/XMLUtilsTest$__CLR4_2_0115115jump42ha$1.class
[INFO] Deleting file /tmp/dspot-experiments/dataset/april-2019/xwiki-commons_parent/xwiki-commons-core/xwiki-commons-xml/target/test-classes/org/xwiki/xml/XMLUtilsTest$__CLR4_2_0115115jump42ha.class
[INFO] Deleting file /tmp/dspot-experiments/dataset/april-2019/xwiki-commons_parent/xwiki-commons-core/xwiki-commons-xml/target/test-classes/org/xwiki/xml/internal/html/DefaultHTMLCleanerTest$__CLR4_2_013d13djump42jh$1.class
[INFO] Deleting file /tmp/dspot-experiments/dataset/april-2019/xwiki-commons_parent/xwiki-commons-core/xwiki-commons-xml/target/test-classes/org/xwiki/xml/internal/html/DefaultHTMLCleanerTest$__CLR4_2_013d13djump42jh.class
[INFO] Deleting file /tmp/dspot-experiments/dataset/april-2019/xwiki-commons_parent/xwiki-commons-core/xwiki-commons-xml/target/test-classes/org/xwiki/xml/internal/html/DefaultHTMLCleanerTest.class
[INFO] Deleting directory /tmp/dspot-experiments/dataset/april-2019/xwiki-commons_parent/xwiki-commons-core/xwiki-commons-xml/target/test-classes/org/xwiki/xml/internal/html
[INFO] Deleting directory /tmp/dspot-experiments/dataset/april-2019/xwiki-commons_parent/xwiki-commons-core/xwiki-commons-xml/target/test-classes/org/xwiki/xml/internal
[INFO] Deleting file /tmp/dspot-experiments/dataset/april-2019/xwiki-commons_parent/xwiki-commons-core/xwiki-commons-xml/target/test-classes/org/xwiki/xml/stax/StAXUtilsTest$__CLR4_2_0172172jump42ke.class
[INFO] Deleting file /tmp/dspot-experiments/dataset/april-2019/xwiki-commons_parent/xwiki-commons-core/xwiki-commons-xml/target/test-classes/org/xwiki/xml/stax/StAXUtilsTest$__CLR4_2_0172172jump42ke$1.class
[INFO] Deleting file /tmp/dspot-experiments/dataset/april-2019/xwiki-commons_parent/xwiki-commons-core/xwiki-commons-xml/target/test-classes/org/xwiki/xml/stax/StAXUtilsTest.class
[INFO] Deleting directory /tmp/dspot-experiments/dataset/april-2019/xwiki-commons_parent/xwiki-commons-core/xwiki-commons-xml/target/test-classes/org/xwiki/xml/stax
[INFO] Deleting file /tmp/dspot-experiments/dataset/april-2019/xwiki-commons_parent/xwiki-commons-core/xwiki-commons-xml/target/test-classes/org/xwiki/xml/XMLUtilsTest.class
[INFO] Deleting directory /tmp/dspot-experiments/dataset/april-2019/xwiki-commons_parent/xwiki-commons-core/xwiki-commons-xml/target/test-classes/org/xwiki/xml
[INFO] Deleting directory /tmp/dspot-experiments/dataset/april-2019/xwiki-commons_parent/xwiki-commons-core/xwiki-commons-xml/target/test-classes/org/xwiki
[INFO] Deleting directory /tmp/dspot-experiments/dataset/april-2019/xwiki-commons_parent/xwiki-commons-core/xwiki-commons-xml/target/test-classes/org
[INFO] Deleting directory /tmp/dspot-experiments/dataset/april-2019/xwiki-commons_parent/xwiki-commons-core/xwiki-commons-xml/target/test-classes
[INFO] Deleting file /tmp/dspot-experiments/dataset/april-2019/xwiki-commons_parent/xwiki-commons-core/xwiki-commons-xml/target/surefire-reports/TEST-org.xwiki.xml.XMLUtilsTest.xml
[INFO] Deleting file /tmp/dspot-experiments/dataset/april-2019/xwiki-commons_parent/xwiki-commons-core/xwiki-commons-xml/target/surefire-reports/org.xwiki.xml.stax.StAXUtilsTest.txt
[INFO] Deleting file /tmp/dspot-experiments/dataset/april-2019/xwiki-commons_parent/xwiki-commons-core/xwiki-commons-xml/target/surefire-reports/org.xwiki.xml.XMLUtilsTest.txt
[INFO] Deleting file /tmp/dspot-experiments/dataset/april-2019/xwiki-commons_parent/xwiki-commons-core/xwiki-commons-xml/target/surefire-reports/TEST-org.xwiki.xml.stax.StAXUtilsTest.xml
[INFO] Deleting file /tmp/dspot-experiments/dataset/april-2019/xwiki-commons_parent/xwiki-commons-core/xwiki-commons-xml/target/surefire-reports/TEST-org.xwiki.xml.internal.html.DefaultHTMLCleanerTest.xml
[INFO] Deleting file /tmp/dspot-experiments/dataset/april-2019/xwiki-commons_parent/xwiki-commons-core/xwiki-commons-xml/target/surefire-reports/org.xwiki.xml.internal.html.DefaultHTMLCleanerTest.txt
[INFO] Deleting file /tmp/dspot-experiments/dataset/april-2019/xwiki-commons_parent/xwiki-commons-core/xwiki-commons-xml/target/surefire-reports/TEST-org.xwiki.xml.html.HTMLUtilsTest.xml
[INFO] Deleting file /tmp/dspot-experiments/dataset/april-2019/xwiki-commons_parent/xwiki-commons-core/xwiki-commons-xml/target/surefire-reports/org.xwiki.xml.html.HTMLUtilsTest.txt
[INFO] Deleting directory /tmp/dspot-experiments/dataset/april-2019/xwiki-commons_parent/xwiki-commons-core/xwiki-commons-xml/target/surefire-reports
[INFO] Deleting directory /tmp/dspot-experiments/dataset/april-2019/xwiki-commons_parent/xwiki-commons-core/xwiki-commons-xml/target/generated-sources/annotations
[INFO] Deleting directory /tmp/dspot-experiments/dataset/april-2019/xwiki-commons_parent/xwiki-commons-core/xwiki-commons-xml/target/generated-sources
[INFO] Deleting file /tmp/dspot-experiments/dataset/april-2019/xwiki-commons_parent/xwiki-commons-core/xwiki-commons-xml/target/classes/xhtml-symbol.ent
[INFO] Deleting file /tmp/dspot-experiments/dataset/april-2019/xwiki-commons_parent/xwiki-commons-core/xwiki-commons-xml/target/classes/xhtml-lat1.ent
[INFO] Deleting file /tmp/dspot-experiments/dataset/april-2019/xwiki-commons_parent/xwiki-commons-core/xwiki-commons-xml/target/classes/groverconfig4396445968736660599/instrumentation.ser
[INFO] Deleting directory /tmp/dspot-experiments/dataset/april-2019/xwiki-commons_parent/xwiki-commons-core/xwiki-commons-xml/target/classes/groverconfig4396445968736660599
[INFO] Deleting file /tmp/dspot-experiments/dataset/april-2019/xwiki-commons_parent/xwiki-commons-core/xwiki-commons-xml/target/classes/instrumentation.ser
[INFO] Deleting file /tmp/dspot-experiments/dataset/april-2019/xwiki-commons_parent/xwiki-commons-core/xwiki-commons-xml/target/classes/META-INF/components.txt
[INFO] Deleting file /tmp/dspot-experiments/dataset/april-2019/xwiki-commons_parent/xwiki-commons-core/xwiki-commons-xml/target/classes/META-INF/MANIFEST.MF
[INFO] Deleting file /tmp/dspot-experiments/dataset/april-2019/xwiki-commons_parent/xwiki-commons-core/xwiki-commons-xml/target/classes/META-INF/NOTICE
[INFO] Deleting file /tmp/dspot-experiments/dataset/april-2019/xwiki-commons_parent/xwiki-commons-core/xwiki-commons-xml/target/classes/META-INF/LICENSE
[INFO] Deleting directory /tmp/dspot-experiments/dataset/april-2019/xwiki-commons_parent/xwiki-commons-core/xwiki-commons-xml/target/classes/META-INF
[INFO] Deleting file /tmp/dspot-experiments/dataset/april-2019/xwiki-commons_parent/xwiki-commons-core/xwiki-commons-xml/target/classes/org/xwiki/xml/ExtractHandler$__CLR4_2_03m3mjump41ws.class
[INFO] Deleting file /tmp/dspot-experiments/dataset/april-2019/xwiki-commons_parent/xwiki-commons-core/xwiki-commons-xml/target/classes/org/xwiki/xml/html/HTMLUtils$XWikiXMLOutputter.class
[INFO] Deleting file /tmp/dspot-experiments/dataset/april-2019/xwiki-commons_parent/xwiki-commons-core/xwiki-commons-xml/target/classes/org/xwiki/xml/html/HTMLConstants.class
[INFO] Deleting file /tmp/dspot-experiments/dataset/april-2019/xwiki-commons_parent/xwiki-commons-core/xwiki-commons-xml/target/classes/org/xwiki/xml/html/HTMLUtils.class
[INFO] Deleting file /tmp/dspot-experiments/dataset/april-2019/xwiki-commons_parent/xwiki-commons-core/xwiki-commons-xml/target/classes/org/xwiki/xml/html/HTMLUtils$__CLR4_2_0esesjump4235.class
[INFO] Deleting file /tmp/dspot-experiments/dataset/april-2019/xwiki-commons_parent/xwiki-commons-core/xwiki-commons-xml/target/classes/org/xwiki/xml/html/filter/ElementSelector.class
[INFO] Deleting file /tmp/dspot-experiments/dataset/april-2019/xwiki-commons_parent/xwiki-commons-core/xwiki-commons-xml/target/classes/org/xwiki/xml/html/filter/AbstractHTMLFilter$__CLR4_2_0i9i9jump4244$1.class
[INFO] Deleting file /tmp/dspot-experiments/dataset/april-2019/xwiki-commons_parent/xwiki-commons-core/xwiki-commons-xml/target/classes/org/xwiki/xml/html/filter/AbstractHTMLFilter$__CLR4_2_0i9i9jump4244.class
[INFO] Deleting file /tmp/dspot-experiments/dataset/april-2019/xwiki-commons_parent/xwiki-commons-core/xwiki-commons-xml/target/classes/org/xwiki/xml/html/filter/HTMLFilter.class
[INFO] Deleting file /tmp/dspot-experiments/dataset/april-2019/xwiki-commons_parent/xwiki-commons-core/xwiki-commons-xml/target/classes/org/xwiki/xml/html/filter/AbstractHTMLFilter.class
[INFO] Deleting directory /tmp/dspot-experiments/dataset/april-2019/xwiki-commons_parent/xwiki-commons-core/xwiki-commons-xml/target/classes/org/xwiki/xml/html/filter
[INFO] Deleting file /tmp/dspot-experiments/dataset/april-2019/xwiki-commons_parent/xwiki-commons-core/xwiki-commons-xml/target/classes/org/xwiki/xml/html/HTMLCleaner.class
[INFO] Deleting file /tmp/dspot-experiments/dataset/april-2019/xwiki-commons_parent/xwiki-commons-core/xwiki-commons-xml/target/classes/org/xwiki/xml/html/HTMLUtils$__CLR4_2_0esesjump4235$1.class
[INFO] Deleting file /tmp/dspot-experiments/dataset/april-2019/xwiki-commons_parent/xwiki-commons-core/xwiki-commons-xml/target/classes/org/xwiki/xml/html/HTMLCleanerConfiguration.class
[INFO] Deleting directory /tmp/dspot-experiments/dataset/april-2019/xwiki-commons_parent/xwiki-commons-core/xwiki-commons-xml/target/classes/org/xwiki/xml/html
[INFO] Deleting file /tmp/dspot-experiments/dataset/april-2019/xwiki-commons_parent/xwiki-commons-core/xwiki-commons-xml/target/classes/org/xwiki/xml/XMLUtils$__CLR4_2_09a9ajump420d$1.class
[INFO] Deleting file /tmp/dspot-experiments/dataset/april-2019/xwiki-commons_parent/xwiki-commons-core/xwiki-commons-xml/target/classes/org/xwiki/xml/ExtractHandler$__CLR4_2_03m3mjump41ws$1.class
[INFO] Deleting file /tmp/dspot-experiments/dataset/april-2019/xwiki-commons_parent/xwiki-commons-core/xwiki-commons-xml/target/classes/org/xwiki/xml/ExtractHandler$XMLTag.class
[INFO] Deleting file /tmp/dspot-experiments/dataset/april-2019/xwiki-commons_parent/xwiki-commons-core/xwiki-commons-xml/target/classes/org/xwiki/xml/XMLReaderFactory.class
[INFO] Deleting file /tmp/dspot-experiments/dataset/april-2019/xwiki-commons_parent/xwiki-commons-core/xwiki-commons-xml/target/classes/org/xwiki/xml/XMLUtils$1.class
[INFO] Deleting file /tmp/dspot-experiments/dataset/april-2019/xwiki-commons_parent/xwiki-commons-core/xwiki-commons-xml/target/classes/org/xwiki/xml/internal/DefaultXMLReaderFactory.class
[INFO] Deleting file /tmp/dspot-experiments/dataset/april-2019/xwiki-commons_parent/xwiki-commons-core/xwiki-commons-xml/target/classes/org/xwiki/xml/internal/html/DefaultHTMLCleaner.class
[INFO] Deleting file /tmp/dspot-experiments/dataset/april-2019/xwiki-commons_parent/xwiki-commons-core/xwiki-commons-xml/target/classes/org/xwiki/xml/internal/html/DefaultHTMLCleanerConfiguration.class
[INFO] Deleting file /tmp/dspot-experiments/dataset/april-2019/xwiki-commons_parent/xwiki-commons-core/xwiki-commons-xml/target/classes/org/xwiki/xml/internal/html/DefaultHTMLCleanerConfiguration$__CLR4_2_0n7n7jump426y.class
[INFO] Deleting file /tmp/dspot-experiments/dataset/april-2019/xwiki-commons_parent/xwiki-commons-core/xwiki-commons-xml/target/classes/org/xwiki/xml/internal/html/filter/FontFilter$__CLR4_2_0qgqgjump428w$1.class
[INFO] Deleting file /tmp/dspot-experiments/dataset/april-2019/xwiki-commons_parent/xwiki-commons-core/xwiki-commons-xml/target/classes/org/xwiki/xml/internal/html/filter/LinkFilter$__CLR4_2_0rsrsjump429j$1.class
[INFO] Deleting file /tmp/dspot-experiments/dataset/april-2019/xwiki-commons_parent/xwiki-commons-core/xwiki-commons-xml/target/classes/org/xwiki/xml/internal/html/filter/ListFilter$__CLR4_2_0srsrjump42aa.class
[INFO] Deleting file /tmp/dspot-experiments/dataset/april-2019/xwiki-commons_parent/xwiki-commons-core/xwiki-commons-xml/target/classes/org/xwiki/xml/internal/html/filter/AttributeFilter.class
[INFO] Deleting file /tmp/dspot-experiments/dataset/april-2019/xwiki-commons_parent/xwiki-commons-core/xwiki-commons-xml/target/classes/org/xwiki/xml/internal/html/filter/UniqueIdFilter$__CLR4_2_0tztzjump42b8.class
[INFO] Deleting file /tmp/dspot-experiments/dataset/april-2019/xwiki-commons_parent/xwiki-commons-core/xwiki-commons-xml/target/classes/org/xwiki/xml/internal/html/filter/BodyFilter$__CLR4_2_0ojojjump4285.class
[INFO] Deleting file /tmp/dspot-experiments/dataset/april-2019/xwiki-commons_parent/xwiki-commons-core/xwiki-commons-xml/target/classes/org/xwiki/xml/internal/html/filter/UniqueIdFilter$__CLR4_2_0tztzjump42b8$1.class
[INFO] Deleting file /tmp/dspot-experiments/dataset/april-2019/xwiki-commons_parent/xwiki-commons-core/xwiki-commons-xml/target/classes/org/xwiki/xml/internal/html/filter/ListFilter.class
[INFO] Deleting file /tmp/dspot-experiments/dataset/april-2019/xwiki-commons_parent/xwiki-commons-core/xwiki-commons-xml/target/classes/org/xwiki/xml/internal/html/filter/ListFilter$__CLR4_2_0srsrjump42aa$1.class
[INFO] Deleting file /tmp/dspot-experiments/dataset/april-2019/xwiki-commons_parent/xwiki-commons-core/xwiki-commons-xml/target/classes/org/xwiki/xml/internal/html/filter/FontFilter.class
[INFO] Deleting file /tmp/dspot-experiments/dataset/april-2019/xwiki-commons_parent/xwiki-commons-core/xwiki-commons-xml/target/classes/org/xwiki/xml/internal/html/filter/BodyFilter$__CLR4_2_0ojojjump4285$1.class
[INFO] Deleting file /tmp/dspot-experiments/dataset/april-2019/xwiki-commons_parent/xwiki-commons-core/xwiki-commons-xml/target/classes/org/xwiki/xml/internal/html/filter/FontFilter$__CLR4_2_0qgqgjump428w.class
[INFO] Deleting file /tmp/dspot-experiments/dataset/april-2019/xwiki-commons_parent/xwiki-commons-core/xwiki-commons-xml/target/classes/org/xwiki/xml/internal/html/filter/ListItemFilter.class
[INFO] Deleting file /tmp/dspot-experiments/dataset/april-2019/xwiki-commons_parent/xwiki-commons-core/xwiki-commons-xml/target/classes/org/xwiki/xml/internal/html/filter/LinkFilter.class
[INFO] Deleting file /tmp/dspot-experiments/dataset/april-2019/xwiki-commons_parent/xwiki-commons-core/xwiki-commons-xml/target/classes/org/xwiki/xml/internal/html/filter/UniqueIdFilter.class
[INFO] Deleting file /tmp/dspot-experiments/dataset/april-2019/xwiki-commons_parent/xwiki-commons-core/xwiki-commons-xml/target/classes/org/xwiki/xml/internal/html/filter/ListItemFilter$__CLR4_2_0titijump42aq.class
[INFO] Deleting file /tmp/dspot-experiments/dataset/april-2019/xwiki-commons_parent/xwiki-commons-core/xwiki-commons-xml/target/classes/org/xwiki/xml/internal/html/filter/AttributeFilter$__CLR4_2_0nfnfjump427g.class
[INFO] Deleting file /tmp/dspot-experiments/dataset/april-2019/xwiki-commons_parent/xwiki-commons-core/xwiki-commons-xml/target/classes/org/xwiki/xml/internal/html/filter/LinkFilter$__CLR4_2_0rsrsjump429j.class
[INFO] Deleting file /tmp/dspot-experiments/dataset/april-2019/xwiki-commons_parent/xwiki-commons-core/xwiki-commons-xml/target/classes/org/xwiki/xml/internal/html/filter/BodyFilter.class
[INFO] Deleting file /tmp/dspot-experiments/dataset/april-2019/xwiki-commons_parent/xwiki-commons-core/xwiki-commons-xml/target/classes/org/xwiki/xml/internal/html/filter/AttributeFilter$__CLR4_2_0nfnfjump427g$1.class
[INFO] Deleting file /tmp/dspot-experiments/dataset/april-2019/xwiki-commons_parent/xwiki-commons-core/xwiki-commons-xml/target/classes/org/xwiki/xml/internal/html/filter/ListItemFilter$__CLR4_2_0titijump42aq$1.class
[INFO] Deleting directory /tmp/dspot-experiments/dataset/april-2019/xwiki-commons_parent/xwiki-commons-core/xwiki-commons-xml/target/classes/org/xwiki/xml/internal/html/filter
[INFO] Deleting file /tmp/dspot-experiments/dataset/april-2019/xwiki-commons_parent/xwiki-commons-core/xwiki-commons-xml/target/classes/org/xwiki/xml/internal/html/DefaultHTMLCleanerConfiguration$__CLR4_2_0n7n7jump426y$1.class
[INFO] Deleting file /tmp/dspot-experiments/dataset/april-2019/xwiki-commons_parent/xwiki-commons-core/xwiki-commons-xml/target/classes/org/xwiki/xml/internal/html/DefaultHTMLCleaner$__CLR4_2_0l4l4jump426l$1.class
[INFO] Deleting file /tmp/dspot-experiments/dataset/april-2019/xwiki-commons_parent/xwiki-commons-core/xwiki-commons-xml/target/classes/org/xwiki/xml/internal/html/DefaultHTMLCleaner$__CLR4_2_0l4l4jump426l.class
[INFO] Deleting directory /tmp/dspot-experiments/dataset/april-2019/xwiki-commons_parent/xwiki-commons-core/xwiki-commons-xml/target/classes/org/xwiki/xml/internal/html
[INFO] Deleting file /tmp/dspot-experiments/dataset/april-2019/xwiki-commons_parent/xwiki-commons-core/xwiki-commons-xml/target/classes/org/xwiki/xml/internal/LocalEntityResolver$__CLR4_2_0khkhjump425s.class
[INFO] Deleting file /tmp/dspot-experiments/dataset/april-2019/xwiki-commons_parent/xwiki-commons-core/xwiki-commons-xml/target/classes/org/xwiki/xml/internal/DefaultXMLReaderFactory$__CLR4_2_0k3k3jump4254$1.class
[INFO] Deleting file /tmp/dspot-experiments/dataset/april-2019/xwiki-commons_parent/xwiki-commons-core/xwiki-commons-xml/target/classes/org/xwiki/xml/internal/DefaultXMLReaderFactory$__CLR4_2_0k3k3jump4254.class
[INFO] Deleting file /tmp/dspot-experiments/dataset/april-2019/xwiki-commons_parent/xwiki-commons-core/xwiki-commons-xml/target/classes/org/xwiki/xml/internal/LocalEntityResolver$__CLR4_2_0khkhjump425s$1.class
[INFO] Deleting file /tmp/dspot-experiments/dataset/april-2019/xwiki-commons_parent/xwiki-commons-core/xwiki-commons-xml/target/classes/org/xwiki/xml/internal/LocalEntityResolver.class
[INFO] Deleting directory /tmp/dspot-experiments/dataset/april-2019/xwiki-commons_parent/xwiki-commons-core/xwiki-commons-xml/target/classes/org/xwiki/xml/internal
[INFO] Deleting file /tmp/dspot-experiments/dataset/april-2019/xwiki-commons_parent/xwiki-commons-core/xwiki-commons-xml/target/classes/org/xwiki/xml/ExtractHandler.class
[INFO] Deleting file /tmp/dspot-experiments/dataset/april-2019/xwiki-commons_parent/xwiki-commons-core/xwiki-commons-xml/target/classes/org/xwiki/xml/Sax2Dom.class
[INFO] Deleting file /tmp/dspot-experiments/dataset/april-2019/xwiki-commons_parent/xwiki-commons-core/xwiki-commons-xml/target/classes/org/xwiki/xml/Sax2Dom$__CLR4_2_06g6gjump41y2$1.class
[INFO] Deleting file /tmp/dspot-experiments/dataset/april-2019/xwiki-commons_parent/xwiki-commons-core/xwiki-commons-xml/target/classes/org/xwiki/xml/XMLUtils$__CLR4_2_09a9ajump420d.class
[INFO] Deleting file /tmp/dspot-experiments/dataset/april-2019/xwiki-commons_parent/xwiki-commons-core/xwiki-commons-xml/target/classes/org/xwiki/xml/Sax2Dom$__CLR4_2_06g6gjump41y2.class
[INFO] Deleting file /tmp/dspot-experiments/dataset/april-2019/xwiki-commons_parent/xwiki-commons-core/xwiki-commons-xml/target/classes/org/xwiki/xml/EntityResolver.class
[INFO] Deleting file /tmp/dspot-experiments/dataset/april-2019/xwiki-commons_parent/xwiki-commons-core/xwiki-commons-xml/target/classes/org/xwiki/xml/stax/StAXUtils.class
[INFO] Deleting file /tmp/dspot-experiments/dataset/april-2019/xwiki-commons_parent/xwiki-commons-core/xwiki-commons-xml/target/classes/org/xwiki/xml/stax/StAXUtils$__CLR4_2_0zdzdjump42cz$1.class
[INFO] Deleting file /tmp/dspot-experiments/dataset/april-2019/xwiki-commons_parent/xwiki-commons-core/xwiki-commons-xml/target/classes/org/xwiki/xml/stax/SAXEventWriter$__CLR4_2_0uhuhjump42cb$1.class
[INFO] Deleting file /tmp/dspot-experiments/dataset/april-2019/xwiki-commons_parent/xwiki-commons-core/xwiki-commons-xml/target/classes/org/xwiki/xml/stax/SAXEventWriter$1.class
[INFO] Deleting file /tmp/dspot-experiments/dataset/april-2019/xwiki-commons_parent/xwiki-commons-core/xwiki-commons-xml/target/classes/org/xwiki/xml/stax/SAXEventWriter$__CLR4_2_0uhuhjump42cb.class
[INFO] Deleting file /tmp/dspot-experiments/dataset/april-2019/xwiki-commons_parent/xwiki-commons-core/xwiki-commons-xml/target/classes/org/xwiki/xml/stax/SAXEventWriter.class
[INFO] Deleting file /tmp/dspot-experiments/dataset/april-2019/xwiki-commons_parent/xwiki-commons-core/xwiki-commons-xml/target/classes/org/xwiki/xml/stax/StAXUtils$__CLR4_2_0zdzdjump42cz.class
[INFO] Deleting directory /tmp/dspot-experiments/dataset/april-2019/xwiki-commons_parent/xwiki-commons-core/xwiki-commons-xml/target/classes/org/xwiki/xml/stax
[INFO] Deleting file /tmp/dspot-experiments/dataset/april-2019/xwiki-commons_parent/xwiki-commons-core/xwiki-commons-xml/target/classes/org/xwiki/xml/XMLUtils.class
[INFO] Deleting directory /tmp/dspot-experiments/dataset/april-2019/xwiki-commons_parent/xwiki-commons-core/xwiki-commons-xml/target/classes/org/xwiki/xml
[INFO] Deleting directory /tmp/dspot-experiments/dataset/april-2019/xwiki-commons_parent/xwiki-commons-core/xwiki-commons-xml/target/classes/org/xwiki
[INFO] Deleting file /tmp/dspot-experiments/dataset/april-2019/xwiki-commons_parent/xwiki-commons-core/xwiki-commons-xml/target/classes/org/htmlcleaner/XWikiDOMSerializer$__CLR4_2_000jump41u3$1.class
[INFO] Deleting file /tmp/dspot-experiments/dataset/april-2019/xwiki-commons_parent/xwiki-commons-core/xwiki-commons-xml/target/classes/org/htmlcleaner/XWikiDOMSerializer$__CLR4_2_000jump41u3.class
[INFO] Deleting file /tmp/dspot-experiments/dataset/april-2019/xwiki-commons_parent/xwiki-commons-core/xwiki-commons-xml/target/classes/org/htmlcleaner/XWikiDOMSerializer.class
[INFO] Deleting directory /tmp/dspot-experiments/dataset/april-2019/xwiki-commons_parent/xwiki-commons-core/xwiki-commons-xml/target/classes/org/htmlcleaner
[INFO] Deleting directory /tmp/dspot-experiments/dataset/april-2019/xwiki-commons_parent/xwiki-commons-core/xwiki-commons-xml/target/classes/org
[INFO] Deleting file /tmp/dspot-experiments/dataset/april-2019/xwiki-commons_parent/xwiki-commons-core/xwiki-commons-xml/target/classes/xhtml1-strict.dtd
[INFO] Deleting file /tmp/dspot-experiments/dataset/april-2019/xwiki-commons_parent/xwiki-commons-core/xwiki-commons-xml/target/classes/xhtml-special.ent
[INFO] Deleting file /tmp/dspot-experiments/dataset/april-2019/xwiki-commons_parent/xwiki-commons-core/xwiki-commons-xml/target/classes/xhtml1-transitional.dtd
[INFO] Deleting directory /tmp/dspot-experiments/dataset/april-2019/xwiki-commons_parent/xwiki-commons-core/xwiki-commons-xml/target/classes
[INFO] Deleting directory /tmp/dspot-experiments/dataset/april-2019/xwiki-commons_parent/xwiki-commons-core/xwiki-commons-xml/target
[DEBUG] Skipping non-existing directory /tmp/dspot-experiments/dataset/april-2019/xwiki-commons_parent/xwiki-commons-core/xwiki-commons-xml/target/classes
[DEBUG] Skipping non-existing directory /tmp/dspot-experiments/dataset/april-2019/xwiki-commons_parent/xwiki-commons-core/xwiki-commons-xml/target/test-classes
[DEBUG] Skipping non-existing directory /tmp/dspot-experiments/dataset/april-2019/xwiki-commons_parent/xwiki-commons-core/xwiki-commons-xml/target/classes
[INFO] 
[INFO] --- dspot-diff-test-selection:2.0.1-SNAPSHOT:list (default-cli) @ xwiki-commons-xml ---
[DEBUG] Could not find metadata org.eclipse.platform:org.eclipse.core.resources/maven-metadata.xml in local (/home/spirals/danglot/.m2/repository)
[DEBUG] Skipped remote request for org.eclipse.platform:org.eclipse.core.resources/maven-metadata.xml, locally cached metadata up-to-date.
[DEBUG] Failure to find org.eclipse.platform:org.eclipse.core.resources/maven-metadata.xml in https://repo.gradle.org/gradle/libs-releases-local/ was cached in the local repository, resolution will not be reattempted until the update interval of gradle-repo has elapsed or updates are forced
[DEBUG] Failure to find org.eclipse.platform:org.eclipse.core.resources/maven-metadata.xml in https://oss.sonatype.org/content/repositories/snapshots was cached in the local repository, resolution will not be reattempted until the update interval of sonatype-nexus-snapshots has elapsed or updates are forced
[DEBUG] Failure to find org.eclipse.platform:org.eclipse.core.resources/maven-metadata.xml in http://maven.inria.fr/artifactory/spoon-public-snapshot/ was cached in the local repository, resolution will not be reattempted until the update interval of gforge.inria.fr-release has elapsed or updates are forced
[DEBUG] Failure to find org.eclipse.platform:org.eclipse.core.resources/maven-metadata.xml in http://maven.inria.fr/artifactory/spoon-public-snapshot was cached in the local repository, resolution will not be reattempted until the update interval of maven.inria.fr-snapshot has elapsed or updates are forced
[DEBUG] Could not find metadata org.eclipse.platform:org.eclipse.core.expressions/maven-metadata.xml in local (/home/spirals/danglot/.m2/repository)
[DEBUG] Skipped remote request for org.eclipse.platform:org.eclipse.core.expressions/maven-metadata.xml, locally cached metadata up-to-date.
[DEBUG] Failure to find org.eclipse.platform:org.eclipse.core.expressions/maven-metadata.xml in https://repo.gradle.org/gradle/libs-releases-local/ was cached in the local repository, resolution will not be reattempted until the update interval of gradle-repo has elapsed or updates are forced
[DEBUG] Failure to find org.eclipse.platform:org.eclipse.core.expressions/maven-metadata.xml in https://oss.sonatype.org/content/repositories/snapshots was cached in the local repository, resolution will not be reattempted until the update interval of sonatype-nexus-snapshots has elapsed or updates are forced
[DEBUG] Failure to find org.eclipse.platform:org.eclipse.core.expressions/maven-metadata.xml in http://maven.inria.fr/artifactory/spoon-public-snapshot/ was cached in the local repository, resolution will not be reattempted until the update interval of gforge.inria.fr-release has elapsed or updates are forced
[DEBUG] Failure to find org.eclipse.platform:org.eclipse.core.expressions/maven-metadata.xml in http://maven.inria.fr/artifactory/spoon-public-snapshot was cached in the local repository, resolution will not be reattempted until the update interval of maven.inria.fr-snapshot has elapsed or updates are forced
[DEBUG] Could not find metadata org.eclipse.platform:org.eclipse.core.runtime/maven-metadata.xml in local (/home/spirals/danglot/.m2/repository)
[DEBUG] Skipped remote request for org.eclipse.platform:org.eclipse.core.runtime/maven-metadata.xml, locally cached metadata up-to-date.
[DEBUG] Failure to find org.eclipse.platform:org.eclipse.core.runtime/maven-metadata.xml in https://repo.gradle.org/gradle/libs-releases-local/ was cached in the local repository, resolution will not be reattempted until the update interval of gradle-repo has elapsed or updates are forced
[DEBUG] Failure to find org.eclipse.platform:org.eclipse.core.runtime/maven-metadata.xml in https://oss.sonatype.org/content/repositories/snapshots was cached in the local repository, resolution will not be reattempted until the update interval of sonatype-nexus-snapshots has elapsed or updates are forced
[DEBUG] Failure to find org.eclipse.platform:org.eclipse.core.runtime/maven-metadata.xml in http://maven.inria.fr/artifactory/spoon-public-snapshot/ was cached in the local repository, resolution will not be reattempted until the update interval of gforge.inria.fr-release has elapsed or updates are forced
[DEBUG] Failure to find org.eclipse.platform:org.eclipse.core.runtime/maven-metadata.xml in http://maven.inria.fr/artifactory/spoon-public-snapshot was cached in the local repository, resolution will not be reattempted until the update interval of maven.inria.fr-snapshot has elapsed or updates are forced
[DEBUG] Could not find metadata org.eclipse.platform:org.eclipse.osgi/maven-metadata.xml in local (/home/spirals/danglot/.m2/repository)
[DEBUG] Skipped remote request for org.eclipse.platform:org.eclipse.osgi/maven-metadata.xml, locally cached metadata up-to-date.
[DEBUG] Failure to find org.eclipse.platform:org.eclipse.osgi/maven-metadata.xml in https://repo.gradle.org/gradle/libs-releases-local/ was cached in the local repository, resolution will not be reattempted until the update interval of gradle-repo has elapsed or updates are forced
[DEBUG] Failure to find org.eclipse.platform:org.eclipse.osgi/maven-metadata.xml in https://oss.sonatype.org/content/repositories/snapshots was cached in the local repository, resolution will not be reattempted until the update interval of sonatype-nexus-snapshots has elapsed or updates are forced
[DEBUG] Failure to find org.eclipse.platform:org.eclipse.osgi/maven-metadata.xml in http://maven.inria.fr/artifactory/spoon-public-snapshot/ was cached in the local repository, resolution will not be reattempted until the update interval of gforge.inria.fr-release has elapsed or updates are forced
[DEBUG] Failure to find org.eclipse.platform:org.eclipse.osgi/maven-metadata.xml in http://maven.inria.fr/artifactory/spoon-public-snapshot was cached in the local repository, resolution will not be reattempted until the update interval of maven.inria.fr-snapshot has elapsed or updates are forced
[DEBUG] Could not find metadata org.eclipse.platform:org.eclipse.equinox.common/maven-metadata.xml in local (/home/spirals/danglot/.m2/repository)
[DEBUG] Skipped remote request for org.eclipse.platform:org.eclipse.equinox.common/maven-metadata.xml, locally cached metadata up-to-date.
[DEBUG] Failure to find org.eclipse.platform:org.eclipse.equinox.common/maven-metadata.xml in https://repo.gradle.org/gradle/libs-releases-local/ was cached in the local repository, resolution will not be reattempted until the update interval of gradle-repo has elapsed or updates are forced
[DEBUG] Failure to find org.eclipse.platform:org.eclipse.equinox.common/maven-metadata.xml in https://oss.sonatype.org/content/repositories/snapshots was cached in the local repository, resolution will not be reattempted until the update interval of sonatype-nexus-snapshots has elapsed or updates are forced
[DEBUG] Failure to find org.eclipse.platform:org.eclipse.equinox.common/maven-metadata.xml in http://maven.inria.fr/artifactory/spoon-public-snapshot/ was cached in the local repository, resolution will not be reattempted until the update interval of gforge.inria.fr-release has elapsed or updates are forced
[DEBUG] Failure to find org.eclipse.platform:org.eclipse.equinox.common/maven-metadata.xml in http://maven.inria.fr/artifactory/spoon-public-snapshot was cached in the local repository, resolution will not be reattempted until the update interval of maven.inria.fr-snapshot has elapsed or updates are forced
[DEBUG] Could not find metadata org.eclipse.platform:org.eclipse.core.jobs/maven-metadata.xml in local (/home/spirals/danglot/.m2/repository)
[DEBUG] Skipped remote request for org.eclipse.platform:org.eclipse.core.jobs/maven-metadata.xml, locally cached metadata up-to-date.
[DEBUG] Failure to find org.eclipse.platform:org.eclipse.core.jobs/maven-metadata.xml in https://repo.gradle.org/gradle/libs-releases-local/ was cached in the local repository, resolution will not be reattempted until the update interval of gradle-repo has elapsed or updates are forced
[DEBUG] Failure to find org.eclipse.platform:org.eclipse.core.jobs/maven-metadata.xml in https://oss.sonatype.org/content/repositories/snapshots was cached in the local repository, resolution will not be reattempted until the update interval of sonatype-nexus-snapshots has elapsed or updates are forced
[DEBUG] Failure to find org.eclipse.platform:org.eclipse.core.jobs/maven-metadata.xml in http://maven.inria.fr/artifactory/spoon-public-snapshot/ was cached in the local repository, resolution will not be reattempted until the update interval of gforge.inria.fr-release has elapsed or updates are forced
[DEBUG] Failure to find org.eclipse.platform:org.eclipse.core.jobs/maven-metadata.xml in http://maven.inria.fr/artifactory/spoon-public-snapshot was cached in the local repository, resolution will not be reattempted until the update interval of maven.inria.fr-snapshot has elapsed or updates are forced
[DEBUG] Could not find metadata org.eclipse.platform:org.eclipse.equinox.registry/maven-metadata.xml in local (/home/spirals/danglot/.m2/repository)
[DEBUG] Skipped remote request for org.eclipse.platform:org.eclipse.equinox.registry/maven-metadata.xml, locally cached metadata up-to-date.
[DEBUG] Failure to find org.eclipse.platform:org.eclipse.equinox.registry/maven-metadata.xml in https://repo.gradle.org/gradle/libs-releases-local/ was cached in the local repository, resolution will not be reattempted until the update interval of gradle-repo has elapsed or updates are forced
[DEBUG] Failure to find org.eclipse.platform:org.eclipse.equinox.registry/maven-metadata.xml in https://oss.sonatype.org/content/repositories/snapshots was cached in the local repository, resolution will not be reattempted until the update interval of sonatype-nexus-snapshots has elapsed or updates are forced
[DEBUG] Failure to find org.eclipse.platform:org.eclipse.equinox.registry/maven-metadata.xml in http://maven.inria.fr/artifactory/spoon-public-snapshot/ was cached in the local repository, resolution will not be reattempted until the update interval of gforge.inria.fr-release has elapsed or updates are forced
[DEBUG] Failure to find org.eclipse.platform:org.eclipse.equinox.registry/maven-metadata.xml in http://maven.inria.fr/artifactory/spoon-public-snapshot was cached in the local repository, resolution will not be reattempted until the update interval of maven.inria.fr-snapshot has elapsed or updates are forced
[DEBUG] Could not find metadata org.eclipse.platform:org.eclipse.equinox.common/maven-metadata.xml in local (/home/spirals/danglot/.m2/repository)
[DEBUG] Skipped remote request for org.eclipse.platform:org.eclipse.equinox.common/maven-metadata.xml, locally cached metadata up-to-date.
[DEBUG] Failure to find org.eclipse.platform:org.eclipse.equinox.common/maven-metadata.xml in https://repo.gradle.org/gradle/libs-releases-local/ was cached in the local repository, resolution will not be reattempted until the update interval of gradle-repo has elapsed or updates are forced
[DEBUG] Failure to find org.eclipse.platform:org.eclipse.equinox.common/maven-metadata.xml in https://oss.sonatype.org/content/repositories/snapshots was cached in the local repository, resolution will not be reattempted until the update interval of sonatype-nexus-snapshots has elapsed or updates are forced
[DEBUG] Failure to find org.eclipse.platform:org.eclipse.equinox.common/maven-metadata.xml in http://maven.inria.fr/artifactory/spoon-public-snapshot/ was cached in the local repository, resolution will not be reattempted until the update interval of gforge.inria.fr-release has elapsed or updates are forced
[DEBUG] Failure to find org.eclipse.platform:org.eclipse.equinox.common/maven-metadata.xml in http://maven.inria.fr/artifactory/spoon-public-snapshot was cached in the local repository, resolution will not be reattempted until the update interval of maven.inria.fr-snapshot has elapsed or updates are forced
[DEBUG] Could not find metadata org.eclipse.platform:org.eclipse.equinox.preferences/maven-metadata.xml in local (/home/spirals/danglot/.m2/repository)
[DEBUG] Skipped remote request for org.eclipse.platform:org.eclipse.equinox.preferences/maven-metadata.xml, locally cached metadata up-to-date.
[DEBUG] Failure to find org.eclipse.platform:org.eclipse.equinox.preferences/maven-metadata.xml in https://repo.gradle.org/gradle/libs-releases-local/ was cached in the local repository, resolution will not be reattempted until the update interval of gradle-repo has elapsed or updates are forced
[DEBUG] Failure to find org.eclipse.platform:org.eclipse.equinox.preferences/maven-metadata.xml in https://oss.sonatype.org/content/repositories/snapshots was cached in the local repository, resolution will not be reattempted until the update interval of sonatype-nexus-snapshots has elapsed or updates are forced
[DEBUG] Failure to find org.eclipse.platform:org.eclipse.equinox.preferences/maven-metadata.xml in http://maven.inria.fr/artifactory/spoon-public-snapshot/ was cached in the local repository, resolution will not be reattempted until the update interval of gforge.inria.fr-release has elapsed or updates are forced
[DEBUG] Failure to find org.eclipse.platform:org.eclipse.equinox.preferences/maven-metadata.xml in http://maven.inria.fr/artifactory/spoon-public-snapshot was cached in the local repository, resolution will not be reattempted until the update interval of maven.inria.fr-snapshot has elapsed or updates are forced
[DEBUG] Could not find metadata org.eclipse.platform:org.eclipse.equinox.common/maven-metadata.xml in local (/home/spirals/danglot/.m2/repository)
[DEBUG] Skipped remote request for org.eclipse.platform:org.eclipse.equinox.common/maven-metadata.xml, locally cached metadata up-to-date.
[DEBUG] Failure to find org.eclipse.platform:org.eclipse.equinox.common/maven-metadata.xml in https://repo.gradle.org/gradle/libs-releases-local/ was cached in the local repository, resolution will not be reattempted until the update interval of gradle-repo has elapsed or updates are forced
[DEBUG] Failure to find org.eclipse.platform:org.eclipse.equinox.common/maven-metadata.xml in https://oss.sonatype.org/content/repositories/snapshots was cached in the local repository, resolution will not be reattempted until the update interval of sonatype-nexus-snapshots has elapsed or updates are forced
[DEBUG] Failure to find org.eclipse.platform:org.eclipse.equinox.common/maven-metadata.xml in http://maven.inria.fr/artifactory/spoon-public-snapshot/ was cached in the local repository, resolution will not be reattempted until the update interval of gforge.inria.fr-release has elapsed or updates are forced
[DEBUG] Failure to find org.eclipse.platform:org.eclipse.equinox.common/maven-metadata.xml in http://maven.inria.fr/artifactory/spoon-public-snapshot was cached in the local repository, resolution will not be reattempted until the update interval of maven.inria.fr-snapshot has elapsed or updates are forced
[DEBUG] Could not find metadata org.eclipse.platform:org.eclipse.core.contenttype/maven-metadata.xml in local (/home/spirals/danglot/.m2/repository)
[DEBUG] Skipped remote request for org.eclipse.platform:org.eclipse.core.contenttype/maven-metadata.xml, locally cached metadata up-to-date.
[DEBUG] Failure to find org.eclipse.platform:org.eclipse.core.contenttype/maven-metadata.xml in https://repo.gradle.org/gradle/libs-releases-local/ was cached in the local repository, resolution will not be reattempted until the update interval of gradle-repo has elapsed or updates are forced
[DEBUG] Failure to find org.eclipse.platform:org.eclipse.core.contenttype/maven-metadata.xml in https://oss.sonatype.org/content/repositories/snapshots was cached in the local repository, resolution will not be reattempted until the update interval of sonatype-nexus-snapshots has elapsed or updates are forced
[DEBUG] Failure to find org.eclipse.platform:org.eclipse.core.contenttype/maven-metadata.xml in http://maven.inria.fr/artifactory/spoon-public-snapshot/ was cached in the local repository, resolution will not be reattempted until the update interval of gforge.inria.fr-release has elapsed or updates are forced
[DEBUG] Failure to find org.eclipse.platform:org.eclipse.core.contenttype/maven-metadata.xml in http://maven.inria.fr/artifactory/spoon-public-snapshot was cached in the local repository, resolution will not be reattempted until the update interval of maven.inria.fr-snapshot has elapsed or updates are forced
[DEBUG] Could not find metadata org.eclipse.platform:org.eclipse.equinox.preferences/maven-metadata.xml in local (/home/spirals/danglot/.m2/repository)
[DEBUG] Skipped remote request for org.eclipse.platform:org.eclipse.equinox.preferences/maven-metadata.xml, locally cached metadata up-to-date.
[DEBUG] Failure to find org.eclipse.platform:org.eclipse.equinox.preferences/maven-metadata.xml in https://repo.gradle.org/gradle/libs-releases-local/ was cached in the local repository, resolution will not be reattempted until the update interval of gradle-repo has elapsed or updates are forced
[DEBUG] Failure to find org.eclipse.platform:org.eclipse.equinox.preferences/maven-metadata.xml in https://oss.sonatype.org/content/repositories/snapshots was cached in the local repository, resolution will not be reattempted until the update interval of sonatype-nexus-snapshots has elapsed or updates are forced
[DEBUG] Failure to find org.eclipse.platform:org.eclipse.equinox.preferences/maven-metadata.xml in http://maven.inria.fr/artifactory/spoon-public-snapshot/ was cached in the local repository, resolution will not be reattempted until the update interval of gforge.inria.fr-release has elapsed or updates are forced
[DEBUG] Failure to find org.eclipse.platform:org.eclipse.equinox.preferences/maven-metadata.xml in http://maven.inria.fr/artifactory/spoon-public-snapshot was cached in the local repository, resolution will not be reattempted until the update interval of maven.inria.fr-snapshot has elapsed or updates are forced
[DEBUG] Could not find metadata org.eclipse.platform:org.eclipse.equinox.registry/maven-metadata.xml in local (/home/spirals/danglot/.m2/repository)
[DEBUG] Skipped remote request for org.eclipse.platform:org.eclipse.equinox.registry/maven-metadata.xml, locally cached metadata up-to-date.
[DEBUG] Failure to find org.eclipse.platform:org.eclipse.equinox.registry/maven-metadata.xml in https://repo.gradle.org/gradle/libs-releases-local/ was cached in the local repository, resolution will not be reattempted until the update interval of gradle-repo has elapsed or updates are forced
[DEBUG] Failure to find org.eclipse.platform:org.eclipse.equinox.registry/maven-metadata.xml in https://oss.sonatype.org/content/repositories/snapshots was cached in the local repository, resolution will not be reattempted until the update interval of sonatype-nexus-snapshots has elapsed or updates are forced
[DEBUG] Failure to find org.eclipse.platform:org.eclipse.equinox.registry/maven-metadata.xml in http://maven.inria.fr/artifactory/spoon-public-snapshot/ was cached in the local repository, resolution will not be reattempted until the update interval of gforge.inria.fr-release has elapsed or updates are forced
[DEBUG] Failure to find org.eclipse.platform:org.eclipse.equinox.registry/maven-metadata.xml in http://maven.inria.fr/artifactory/spoon-public-snapshot was cached in the local repository, resolution will not be reattempted until the update interval of maven.inria.fr-snapshot has elapsed or updates are forced
[DEBUG] Could not find metadata org.eclipse.platform:org.eclipse.equinox.app/maven-metadata.xml in local (/home/spirals/danglot/.m2/repository)
[DEBUG] Skipped remote request for org.eclipse.platform:org.eclipse.equinox.app/maven-metadata.xml, locally cached metadata up-to-date.
[DEBUG] Failure to find org.eclipse.platform:org.eclipse.equinox.app/maven-metadata.xml in https://repo.gradle.org/gradle/libs-releases-local/ was cached in the local repository, resolution will not be reattempted until the update interval of gradle-repo has elapsed or updates are forced
[DEBUG] Failure to find org.eclipse.platform:org.eclipse.equinox.app/maven-metadata.xml in https://oss.sonatype.org/content/repositories/snapshots was cached in the local repository, resolution will not be reattempted until the update interval of sonatype-nexus-snapshots has elapsed or updates are forced
[DEBUG] Failure to find org.eclipse.platform:org.eclipse.equinox.app/maven-metadata.xml in http://maven.inria.fr/artifactory/spoon-public-snapshot/ was cached in the local repository, resolution will not be reattempted until the update interval of gforge.inria.fr-release has elapsed or updates are forced
[DEBUG] Failure to find org.eclipse.platform:org.eclipse.equinox.app/maven-metadata.xml in http://maven.inria.fr/artifactory/spoon-public-snapshot was cached in the local repository, resolution will not be reattempted until the update interval of maven.inria.fr-snapshot has elapsed or updates are forced
[DEBUG] Could not find metadata org.eclipse.platform:org.eclipse.equinox.registry/maven-metadata.xml in local (/home/spirals/danglot/.m2/repository)
[DEBUG] Skipped remote request for org.eclipse.platform:org.eclipse.equinox.registry/maven-metadata.xml, locally cached metadata up-to-date.
[DEBUG] Failure to find org.eclipse.platform:org.eclipse.equinox.registry/maven-metadata.xml in https://repo.gradle.org/gradle/libs-releases-local/ was cached in the local repository, resolution will not be reattempted until the update interval of gradle-repo has elapsed or updates are forced
[DEBUG] Failure to find org.eclipse.platform:org.eclipse.equinox.registry/maven-metadata.xml in https://oss.sonatype.org/content/repositories/snapshots was cached in the local repository, resolution will not be reattempted until the update interval of sonatype-nexus-snapshots has elapsed or updates are forced
[DEBUG] Failure to find org.eclipse.platform:org.eclipse.equinox.registry/maven-metadata.xml in http://maven.inria.fr/artifactory/spoon-public-snapshot/ was cached in the local repository, resolution will not be reattempted until the update interval of gforge.inria.fr-release has elapsed or updates are forced
[DEBUG] Failure to find org.eclipse.platform:org.eclipse.equinox.registry/maven-metadata.xml in http://maven.inria.fr/artifactory/spoon-public-snapshot was cached in the local repository, resolution will not be reattempted until the update interval of maven.inria.fr-snapshot has elapsed or updates are forced
[DEBUG] Could not find metadata org.eclipse.platform:org.eclipse.osgi/maven-metadata.xml in local (/home/spirals/danglot/.m2/repository)
[DEBUG] Skipped remote request for org.eclipse.platform:org.eclipse.osgi/maven-metadata.xml, locally cached metadata up-to-date.
[DEBUG] Failure to find org.eclipse.platform:org.eclipse.osgi/maven-metadata.xml in https://repo.gradle.org/gradle/libs-releases-local/ was cached in the local repository, resolution will not be reattempted until the update interval of gradle-repo has elapsed or updates are forced
[DEBUG] Failure to find org.eclipse.platform:org.eclipse.osgi/maven-metadata.xml in https://oss.sonatype.org/content/repositories/snapshots was cached in the local repository, resolution will not be reattempted until the update interval of sonatype-nexus-snapshots has elapsed or updates are forced
[DEBUG] Failure to find org.eclipse.platform:org.eclipse.osgi/maven-metadata.xml in http://maven.inria.fr/artifactory/spoon-public-snapshot/ was cached in the local repository, resolution will not be reattempted until the update interval of gforge.inria.fr-release has elapsed or updates are forced
[DEBUG] Failure to find org.eclipse.platform:org.eclipse.osgi/maven-metadata.xml in http://maven.inria.fr/artifactory/spoon-public-snapshot was cached in the local repository, resolution will not be reattempted until the update interval of maven.inria.fr-snapshot has elapsed or updates are forced
[DEBUG] Could not find metadata org.eclipse.platform:org.eclipse.equinox.common/maven-metadata.xml in local (/home/spirals/danglot/.m2/repository)
[DEBUG] Skipped remote request for org.eclipse.platform:org.eclipse.equinox.common/maven-metadata.xml, locally cached metadata up-to-date.
[DEBUG] Failure to find org.eclipse.platform:org.eclipse.equinox.common/maven-metadata.xml in https://repo.gradle.org/gradle/libs-releases-local/ was cached in the local repository, resolution will not be reattempted until the update interval of gradle-repo has elapsed or updates are forced
[DEBUG] Failure to find org.eclipse.platform:org.eclipse.equinox.common/maven-metadata.xml in https://oss.sonatype.org/content/repositories/snapshots was cached in the local repository, resolution will not be reattempted until the update interval of sonatype-nexus-snapshots has elapsed or updates are forced
[DEBUG] Failure to find org.eclipse.platform:org.eclipse.equinox.common/maven-metadata.xml in http://maven.inria.fr/artifactory/spoon-public-snapshot/ was cached in the local repository, resolution will not be reattempted until the update interval of gforge.inria.fr-release has elapsed or updates are forced
[DEBUG] Failure to find org.eclipse.platform:org.eclipse.equinox.common/maven-metadata.xml in http://maven.inria.fr/artifactory/spoon-public-snapshot was cached in the local repository, resolution will not be reattempted until the update interval of maven.inria.fr-snapshot has elapsed or updates are forced
[DEBUG] Could not find metadata org.eclipse.platform:org.eclipse.core.jobs/maven-metadata.xml in local (/home/spirals/danglot/.m2/repository)
[DEBUG] Skipped remote request for org.eclipse.platform:org.eclipse.core.jobs/maven-metadata.xml, locally cached metadata up-to-date.
[DEBUG] Failure to find org.eclipse.platform:org.eclipse.core.jobs/maven-metadata.xml in https://repo.gradle.org/gradle/libs-releases-local/ was cached in the local repository, resolution will not be reattempted until the update interval of gradle-repo has elapsed or updates are forced
[DEBUG] Failure to find org.eclipse.platform:org.eclipse.core.jobs/maven-metadata.xml in https://oss.sonatype.org/content/repositories/snapshots was cached in the local repository, resolution will not be reattempted until the update interval of sonatype-nexus-snapshots has elapsed or updates are forced
[DEBUG] Failure to find org.eclipse.platform:org.eclipse.core.jobs/maven-metadata.xml in http://maven.inria.fr/artifactory/spoon-public-snapshot/ was cached in the local repository, resolution will not be reattempted until the update interval of gforge.inria.fr-release has elapsed or updates are forced
[DEBUG] Failure to find org.eclipse.platform:org.eclipse.core.jobs/maven-metadata.xml in http://maven.inria.fr/artifactory/spoon-public-snapshot was cached in the local repository, resolution will not be reattempted until the update interval of maven.inria.fr-snapshot has elapsed or updates are forced
[DEBUG] Could not find metadata org.eclipse.platform:org.eclipse.equinox.preferences/maven-metadata.xml in local (/home/spirals/danglot/.m2/repository)
[DEBUG] Skipped remote request for org.eclipse.platform:org.eclipse.equinox.preferences/maven-metadata.xml, locally cached metadata up-to-date.
[DEBUG] Failure to find org.eclipse.platform:org.eclipse.equinox.preferences/maven-metadata.xml in https://repo.gradle.org/gradle/libs-releases-local/ was cached in the local repository, resolution will not be reattempted until the update interval of gradle-repo has elapsed or updates are forced
[DEBUG] Failure to find org.eclipse.platform:org.eclipse.equinox.preferences/maven-metadata.xml in https://oss.sonatype.org/content/repositories/snapshots was cached in the local repository, resolution will not be reattempted until the update interval of sonatype-nexus-snapshots has elapsed or updates are forced
[DEBUG] Failure to find org.eclipse.platform:org.eclipse.equinox.preferences/maven-metadata.xml in http://maven.inria.fr/artifactory/spoon-public-snapshot/ was cached in the local repository, resolution will not be reattempted until the update interval of gforge.inria.fr-release has elapsed or updates are forced
[DEBUG] Failure to find org.eclipse.platform:org.eclipse.equinox.preferences/maven-metadata.xml in http://maven.inria.fr/artifactory/spoon-public-snapshot was cached in the local repository, resolution will not be reattempted until the update interval of maven.inria.fr-snapshot has elapsed or updates are forced
[DEBUG] Could not find metadata org.eclipse.platform:org.eclipse.core.contenttype/maven-metadata.xml in local (/home/spirals/danglot/.m2/repository)
[DEBUG] Skipped remote request for org.eclipse.platform:org.eclipse.core.contenttype/maven-metadata.xml, locally cached metadata up-to-date.
[DEBUG] Failure to find org.eclipse.platform:org.eclipse.core.contenttype/maven-metadata.xml in https://repo.gradle.org/gradle/libs-releases-local/ was cached in the local repository, resolution will not be reattempted until the update interval of gradle-repo has elapsed or updates are forced
[DEBUG] Failure to find org.eclipse.platform:org.eclipse.core.contenttype/maven-metadata.xml in https://oss.sonatype.org/content/repositories/snapshots was cached in the local repository, resolution will not be reattempted until the update interval of sonatype-nexus-snapshots has elapsed or updates are forced
[DEBUG] Failure to find org.eclipse.platform:org.eclipse.core.contenttype/maven-metadata.xml in http://maven.inria.fr/artifactory/spoon-public-snapshot/ was cached in the local repository, resolution will not be reattempted until the update interval of gforge.inria.fr-release has elapsed or updates are forced
[DEBUG] Failure to find org.eclipse.platform:org.eclipse.core.contenttype/maven-metadata.xml in http://maven.inria.fr/artifactory/spoon-public-snapshot was cached in the local repository, resolution will not be reattempted until the update interval of maven.inria.fr-snapshot has elapsed or updates are forced
[DEBUG] Could not find metadata org.eclipse.platform:org.eclipse.equinox.app/maven-metadata.xml in local (/home/spirals/danglot/.m2/repository)
[DEBUG] Skipped remote request for org.eclipse.platform:org.eclipse.equinox.app/maven-metadata.xml, locally cached metadata up-to-date.
[DEBUG] Failure to find org.eclipse.platform:org.eclipse.equinox.app/maven-metadata.xml in https://repo.gradle.org/gradle/libs-releases-local/ was cached in the local repository, resolution will not be reattempted until the update interval of gradle-repo has elapsed or updates are forced
[DEBUG] Failure to find org.eclipse.platform:org.eclipse.equinox.app/maven-metadata.xml in https://oss.sonatype.org/content/repositories/snapshots was cached in the local repository, resolution will not be reattempted until the update interval of sonatype-nexus-snapshots has elapsed or updates are forced
[DEBUG] Failure to find org.eclipse.platform:org.eclipse.equinox.app/maven-metadata.xml in http://maven.inria.fr/artifactory/spoon-public-snapshot/ was cached in the local repository, resolution will not be reattempted until the update interval of gforge.inria.fr-release has elapsed or updates are forced
[DEBUG] Failure to find org.eclipse.platform:org.eclipse.equinox.app/maven-metadata.xml in http://maven.inria.fr/artifactory/spoon-public-snapshot was cached in the local repository, resolution will not be reattempted until the update interval of maven.inria.fr-snapshot has elapsed or updates are forced
[DEBUG] Could not find metadata org.eclipse.platform:org.eclipse.core.filesystem/maven-metadata.xml in local (/home/spirals/danglot/.m2/repository)
[DEBUG] Skipped remote request for org.eclipse.platform:org.eclipse.core.filesystem/maven-metadata.xml, locally cached metadata up-to-date.
[DEBUG] Failure to find org.eclipse.platform:org.eclipse.core.filesystem/maven-metadata.xml in https://repo.gradle.org/gradle/libs-releases-local/ was cached in the local repository, resolution will not be reattempted until the update interval of gradle-repo has elapsed or updates are forced
[DEBUG] Failure to find org.eclipse.platform:org.eclipse.core.filesystem/maven-metadata.xml in https://oss.sonatype.org/content/repositories/snapshots was cached in the local repository, resolution will not be reattempted until the update interval of sonatype-nexus-snapshots has elapsed or updates are forced
[DEBUG] Failure to find org.eclipse.platform:org.eclipse.core.filesystem/maven-metadata.xml in http://maven.inria.fr/artifactory/spoon-public-snapshot/ was cached in the local repository, resolution will not be reattempted until the update interval of gforge.inria.fr-release has elapsed or updates are forced
[DEBUG] Failure to find org.eclipse.platform:org.eclipse.core.filesystem/maven-metadata.xml in http://maven.inria.fr/artifactory/spoon-public-snapshot was cached in the local repository, resolution will not be reattempted until the update interval of maven.inria.fr-snapshot has elapsed or updates are forced
[DEBUG] Could not find metadata org.eclipse.platform:org.eclipse.osgi/maven-metadata.xml in local (/home/spirals/danglot/.m2/repository)
[DEBUG] Skipped remote request for org.eclipse.platform:org.eclipse.osgi/maven-metadata.xml, locally cached metadata up-to-date.
[DEBUG] Failure to find org.eclipse.platform:org.eclipse.osgi/maven-metadata.xml in https://repo.gradle.org/gradle/libs-releases-local/ was cached in the local repository, resolution will not be reattempted until the update interval of gradle-repo has elapsed or updates are forced
[DEBUG] Failure to find org.eclipse.platform:org.eclipse.osgi/maven-metadata.xml in https://oss.sonatype.org/content/repositories/snapshots was cached in the local repository, resolution will not be reattempted until the update interval of sonatype-nexus-snapshots has elapsed or updates are forced
[DEBUG] Failure to find org.eclipse.platform:org.eclipse.osgi/maven-metadata.xml in http://maven.inria.fr/artifactory/spoon-public-snapshot/ was cached in the local repository, resolution will not be reattempted until the update interval of gforge.inria.fr-release has elapsed or updates are forced
[DEBUG] Failure to find org.eclipse.platform:org.eclipse.osgi/maven-metadata.xml in http://maven.inria.fr/artifactory/spoon-public-snapshot was cached in the local repository, resolution will not be reattempted until the update interval of maven.inria.fr-snapshot has elapsed or updates are forced
[DEBUG] Could not find metadata org.eclipse.platform:org.eclipse.core.runtime/maven-metadata.xml in local (/home/spirals/danglot/.m2/repository)
[DEBUG] Skipped remote request for org.eclipse.platform:org.eclipse.core.runtime/maven-metadata.xml, locally cached metadata up-to-date.
[DEBUG] Failure to find org.eclipse.platform:org.eclipse.core.runtime/maven-metadata.xml in https://repo.gradle.org/gradle/libs-releases-local/ was cached in the local repository, resolution will not be reattempted until the update interval of gradle-repo has elapsed or updates are forced
[DEBUG] Failure to find org.eclipse.platform:org.eclipse.core.runtime/maven-metadata.xml in https://oss.sonatype.org/content/repositories/snapshots was cached in the local repository, resolution will not be reattempted until the update interval of sonatype-nexus-snapshots has elapsed or updates are forced
[DEBUG] Failure to find org.eclipse.platform:org.eclipse.core.runtime/maven-metadata.xml in http://maven.inria.fr/artifactory/spoon-public-snapshot/ was cached in the local repository, resolution will not be reattempted until the update interval of gforge.inria.fr-release has elapsed or updates are forced
[DEBUG] Failure to find org.eclipse.platform:org.eclipse.core.runtime/maven-metadata.xml in http://maven.inria.fr/artifactory/spoon-public-snapshot was cached in the local repository, resolution will not be reattempted until the update interval of maven.inria.fr-snapshot has elapsed or updates are forced
[DEBUG] Could not find metadata org.eclipse.platform:org.eclipse.core.runtime/maven-metadata.xml in local (/home/spirals/danglot/.m2/repository)
[DEBUG] Skipped remote request for org.eclipse.platform:org.eclipse.core.runtime/maven-metadata.xml, locally cached metadata up-to-date.
[DEBUG] Failure to find org.eclipse.platform:org.eclipse.core.runtime/maven-metadata.xml in https://repo.gradle.org/gradle/libs-releases-local/ was cached in the local repository, resolution will not be reattempted until the update interval of gradle-repo has elapsed or updates are forced
[DEBUG] Failure to find org.eclipse.platform:org.eclipse.core.runtime/maven-metadata.xml in https://oss.sonatype.org/content/repositories/snapshots was cached in the local repository, resolution will not be reattempted until the update interval of sonatype-nexus-snapshots has elapsed or updates are forced
[DEBUG] Failure to find org.eclipse.platform:org.eclipse.core.runtime/maven-metadata.xml in http://maven.inria.fr/artifactory/spoon-public-snapshot/ was cached in the local repository, resolution will not be reattempted until the update interval of gforge.inria.fr-release has elapsed or updates are forced
[DEBUG] Failure to find org.eclipse.platform:org.eclipse.core.runtime/maven-metadata.xml in http://maven.inria.fr/artifactory/spoon-public-snapshot was cached in the local repository, resolution will not be reattempted until the update interval of maven.inria.fr-snapshot has elapsed or updates are forced
[DEBUG] Could not find metadata org.eclipse.platform:org.eclipse.core.filesystem/maven-metadata.xml in local (/home/spirals/danglot/.m2/repository)
[DEBUG] Skipped remote request for org.eclipse.platform:org.eclipse.core.filesystem/maven-metadata.xml, locally cached metadata up-to-date.
[DEBUG] Failure to find org.eclipse.platform:org.eclipse.core.filesystem/maven-metadata.xml in https://repo.gradle.org/gradle/libs-releases-local/ was cached in the local repository, resolution will not be reattempted until the update interval of gradle-repo has elapsed or updates are forced
[DEBUG] Failure to find org.eclipse.platform:org.eclipse.core.filesystem/maven-metadata.xml in https://oss.sonatype.org/content/repositories/snapshots was cached in the local repository, resolution will not be reattempted until the update interval of sonatype-nexus-snapshots has elapsed or updates are forced
[DEBUG] Failure to find org.eclipse.platform:org.eclipse.core.filesystem/maven-metadata.xml in http://maven.inria.fr/artifactory/spoon-public-snapshot/ was cached in the local repository, resolution will not be reattempted until the update interval of gforge.inria.fr-release has elapsed or updates are forced
[DEBUG] Failure to find org.eclipse.platform:org.eclipse.core.filesystem/maven-metadata.xml in http://maven.inria.fr/artifactory/spoon-public-snapshot was cached in the local repository, resolution will not be reattempted until the update interval of maven.inria.fr-snapshot has elapsed or updates are forced
[DEBUG] Could not find metadata org.eclipse.platform:org.eclipse.text/maven-metadata.xml in local (/home/spirals/danglot/.m2/repository)
[DEBUG] Skipped remote request for org.eclipse.platform:org.eclipse.text/maven-metadata.xml, locally cached metadata up-to-date.
[DEBUG] Failure to find org.eclipse.platform:org.eclipse.text/maven-metadata.xml in https://repo.gradle.org/gradle/libs-releases-local/ was cached in the local repository, resolution will not be reattempted until the update interval of gradle-repo has elapsed or updates are forced
[DEBUG] Failure to find org.eclipse.platform:org.eclipse.text/maven-metadata.xml in https://oss.sonatype.org/content/repositories/snapshots was cached in the local repository, resolution will not be reattempted until the update interval of sonatype-nexus-snapshots has elapsed or updates are forced
[DEBUG] Failure to find org.eclipse.platform:org.eclipse.text/maven-metadata.xml in http://maven.inria.fr/artifactory/spoon-public-snapshot/ was cached in the local repository, resolution will not be reattempted until the update interval of gforge.inria.fr-release has elapsed or updates are forced
[DEBUG] Failure to find org.eclipse.platform:org.eclipse.text/maven-metadata.xml in http://maven.inria.fr/artifactory/spoon-public-snapshot was cached in the local repository, resolution will not be reattempted until the update interval of maven.inria.fr-snapshot has elapsed or updates are forced
[DEBUG] Could not find metadata org.eclipse.platform:org.eclipse.core.commands/maven-metadata.xml in local (/home/spirals/danglot/.m2/repository)
[DEBUG] Skipped remote request for org.eclipse.platform:org.eclipse.core.commands/maven-metadata.xml, locally cached metadata up-to-date.
[DEBUG] Failure to find org.eclipse.platform:org.eclipse.core.commands/maven-metadata.xml in https://repo.gradle.org/gradle/libs-releases-local/ was cached in the local repository, resolution will not be reattempted until the update interval of gradle-repo has elapsed or updates are forced
[DEBUG] Failure to find org.eclipse.platform:org.eclipse.core.commands/maven-metadata.xml in https://oss.sonatype.org/content/repositories/snapshots was cached in the local repository, resolution will not be reattempted until the update interval of sonatype-nexus-snapshots has elapsed or updates are forced
[DEBUG] Failure to find org.eclipse.platform:org.eclipse.core.commands/maven-metadata.xml in http://maven.inria.fr/artifactory/spoon-public-snapshot/ was cached in the local repository, resolution will not be reattempted until the update interval of gforge.inria.fr-release has elapsed or updates are forced
[DEBUG] Failure to find org.eclipse.platform:org.eclipse.core.commands/maven-metadata.xml in http://maven.inria.fr/artifactory/spoon-public-snapshot was cached in the local repository, resolution will not be reattempted until the update interval of maven.inria.fr-snapshot has elapsed or updates are forced
[DEBUG] Could not find metadata org.eclipse.platform:org.eclipse.equinox.common/maven-metadata.xml in local (/home/spirals/danglot/.m2/repository)
[DEBUG] Skipped remote request for org.eclipse.platform:org.eclipse.equinox.common/maven-metadata.xml, locally cached metadata up-to-date.
[DEBUG] Failure to find org.eclipse.platform:org.eclipse.equinox.common/maven-metadata.xml in https://repo.gradle.org/gradle/libs-releases-local/ was cached in the local repository, resolution will not be reattempted until the update interval of gradle-repo has elapsed or updates are forced
[DEBUG] Failure to find org.eclipse.platform:org.eclipse.equinox.common/maven-metadata.xml in https://oss.sonatype.org/content/repositories/snapshots was cached in the local repository, resolution will not be reattempted until the update interval of sonatype-nexus-snapshots has elapsed or updates are forced
[DEBUG] Failure to find org.eclipse.platform:org.eclipse.equinox.common/maven-metadata.xml in http://maven.inria.fr/artifactory/spoon-public-snapshot/ was cached in the local repository, resolution will not be reattempted until the update interval of gforge.inria.fr-release has elapsed or updates are forced
[DEBUG] Failure to find org.eclipse.platform:org.eclipse.equinox.common/maven-metadata.xml in http://maven.inria.fr/artifactory/spoon-public-snapshot was cached in the local repository, resolution will not be reattempted until the update interval of maven.inria.fr-snapshot has elapsed or updates are forced
[DEBUG] Could not find metadata org.eclipse.platform:org.eclipse.core.runtime/maven-metadata.xml in local (/home/spirals/danglot/.m2/repository)
[DEBUG] Skipped remote request for org.eclipse.platform:org.eclipse.core.runtime/maven-metadata.xml, locally cached metadata up-to-date.
[DEBUG] Failure to find org.eclipse.platform:org.eclipse.core.runtime/maven-metadata.xml in https://repo.gradle.org/gradle/libs-releases-local/ was cached in the local repository, resolution will not be reattempted until the update interval of gradle-repo has elapsed or updates are forced
[DEBUG] Failure to find org.eclipse.platform:org.eclipse.core.runtime/maven-metadata.xml in https://oss.sonatype.org/content/repositories/snapshots was cached in the local repository, resolution will not be reattempted until the update interval of sonatype-nexus-snapshots has elapsed or updates are forced
[DEBUG] Failure to find org.eclipse.platform:org.eclipse.core.runtime/maven-metadata.xml in http://maven.inria.fr/artifactory/spoon-public-snapshot/ was cached in the local repository, resolution will not be reattempted until the update interval of gforge.inria.fr-release has elapsed or updates are forced
[DEBUG] Failure to find org.eclipse.platform:org.eclipse.core.runtime/maven-metadata.xml in http://maven.inria.fr/artifactory/spoon-public-snapshot was cached in the local repository, resolution will not be reattempted until the update interval of maven.inria.fr-snapshot has elapsed or updates are forced
[DEBUG] Dependency collection stats: {ConflictMarker.analyzeTime=5152102, ConflictMarker.markTime=1257938, ConflictMarker.nodeCount=990, ConflictIdSorter.graphTime=4089946, ConflictIdSorter.topsortTime=107327, ConflictIdSorter.conflictIdCount=70, ConflictIdSorter.conflictIdCycleCount=0, ConflictResolver.totalTime=9263439, ConflictResolver.conflictItemCount=274, DefaultDependencyCollector.collectTime=1210457610, DefaultDependencyCollector.transformTime=19901678}
[DEBUG] eu.stamp-project:dspot-diff-test-selection:jar:2.0.1-SNAPSHOT:
[DEBUG]    org.slf4j:slf4j-api:jar:1.7.25:compile
[DEBUG]    org.slf4j:slf4j-log4j12:jar:1.7.25:compile
[DEBUG]       log4j:log4j:jar:1.2.17:compile
[DEBUG]    org.apache.maven.shared:maven-invoker:jar:3.0.0:compile
[DEBUG]       org.codehaus.plexus:plexus-utils:jar:3.0.24:compile
[DEBUG]       org.codehaus.plexus:plexus-component-annotations:jar:1.7:compile
[DEBUG]    org.openclover:clover:jar:4.2.1:compile
[DEBUG]    org.apache.maven:maven-plugin-api:jar:3.5.4:compile
[DEBUG]       org.apache.maven:maven-model:jar:3.5.4:compile
[DEBUG]       org.apache.maven:maven-artifact:jar:3.5.4:compile
[DEBUG]       org.eclipse.sisu:org.eclipse.sisu.plexus:jar:0.3.3:compile
[DEBUG]          javax.enterprise:cdi-api:jar:1.0:compile
[DEBUG]             javax.annotation:jsr250-api:jar:1.0:compile
[DEBUG]       org.codehaus.plexus:plexus-classworlds:jar:2.5.2:compile
[DEBUG]    org.apache.maven:maven-core:jar:3.5.4:compile
[DEBUG]       org.apache.maven:maven-settings:jar:3.5.4:compile
[DEBUG]       org.apache.maven:maven-settings-builder:jar:3.5.4:compile
[DEBUG]          org.codehaus.plexus:plexus-interpolation:jar:1.24:compile
[DEBUG]          org.sonatype.plexus:plexus-sec-dispatcher:jar:1.4:compile
[DEBUG]             org.sonatype.plexus:plexus-cipher:jar:1.4:compile
[DEBUG]       org.apache.maven:maven-builder-support:jar:3.5.4:compile
[DEBUG]       org.apache.maven:maven-repository-metadata:jar:3.5.4:compile
[DEBUG]       org.apache.maven:maven-model-builder:jar:3.5.4:compile
[DEBUG]       org.apache.maven:maven-resolver-provider:jar:3.5.4:compile
[DEBUG]       org.apache.maven.resolver:maven-resolver-impl:jar:1.1.1:compile
[DEBUG]       org.apache.maven.resolver:maven-resolver-api:jar:1.1.1:compile
[DEBUG]       org.apache.maven.resolver:maven-resolver-spi:jar:1.1.1:compile
[DEBUG]       org.apache.maven.resolver:maven-resolver-util:jar:1.1.1:compile
[DEBUG]       org.apache.maven.shared:maven-shared-utils:jar:3.2.1:compile
[DEBUG]          commons-io:commons-io:jar:2.5:compile
[DEBUG]       org.eclipse.sisu:org.eclipse.sisu.inject:jar:0.3.3:compile
[DEBUG]       com.google.inject:guice:jar:no_aop:4.2.0:compile
[DEBUG]          aopalliance:aopalliance:jar:1.0:compile
[DEBUG]       com.google.guava:guava:jar:20.0:compile
[DEBUG]       javax.inject:javax.inject:jar:1:compile
[DEBUG]       org.apache.commons:commons-lang3:jar:3.5:compile
[DEBUG]    fr.inria.gforge.spoon.labs:gumtree-spoon-ast-diff:jar:1.5:compile
[DEBUG]       fr.inria.gforge.spoon:spoon-core:jar:7.0.0:compile
[DEBUG]          org.eclipse.jdt:org.eclipse.jdt.core:jar:3.13.102:compile
[DEBUG]             org.eclipse.platform:org.eclipse.core.resources:jar:3.13.300:compile
[DEBUG]                org.eclipse.platform:org.eclipse.core.expressions:jar:3.6.300:compile
[DEBUG]             org.eclipse.platform:org.eclipse.core.runtime:jar:3.15.200:compile
[DEBUG]                org.eclipse.platform:org.eclipse.osgi:jar:3.13.300:compile
[DEBUG]                org.eclipse.platform:org.eclipse.equinox.common:jar:3.10.300:compile
[DEBUG]                org.eclipse.platform:org.eclipse.core.jobs:jar:3.10.300:compile
[DEBUG]                org.eclipse.platform:org.eclipse.equinox.registry:jar:3.8.300:compile
[DEBUG]                org.eclipse.platform:org.eclipse.equinox.preferences:jar:3.7.300:compile
[DEBUG]                org.eclipse.platform:org.eclipse.core.contenttype:jar:3.7.300:compile
[DEBUG]                org.eclipse.platform:org.eclipse.equinox.app:jar:1.4.100:compile
[DEBUG]             org.eclipse.platform:org.eclipse.core.filesystem:jar:1.7.300:compile
[DEBUG]             org.eclipse.platform:org.eclipse.text:jar:3.8.100:compile
[DEBUG]                org.eclipse.platform:org.eclipse.core.commands:jar:3.9.300:compile
[DEBUG]          com.martiansoftware:jsap:jar:2.1:compile
[DEBUG]          com.fasterxml.jackson.core:jackson-databind:jar:2.9.2:compile
[DEBUG]             com.fasterxml.jackson.core:jackson-annotations:jar:2.9.0:compile
[DEBUG]             com.fasterxml.jackson.core:jackson-core:jar:2.9.2:compile
[DEBUG]       com.github.gumtreediff:core:jar:2.1.0:compile
[DEBUG]          com.github.mpkorstanje:simmetrics-core:jar:3.2.3:compile
[DEBUG]             commons-codec:commons-codec:jar:1.10:compile
[DEBUG]          net.sf.trove4j:trove4j:jar:3.0.3:compile
[DEBUG]          com.google.code.gson:gson:jar:2.8.2:compile
[DEBUG]          org.jgrapht:jgrapht-core:jar:1.0.1:compile
[DEBUG]    io.github.java-diff-utils:java-diff-utils:jar:4.0:compile
[DEBUG]       org.eclipse.jgit:org.eclipse.jgit:jar:4.4.1.201607150455-r:compile
[DEBUG] Created new class realm plugin>eu.stamp-project:dspot-diff-test-selection:2.0.1-SNAPSHOT
[DEBUG] Importing foreign packages into class realm plugin>eu.stamp-project:dspot-diff-test-selection:2.0.1-SNAPSHOT
[DEBUG]   Imported:  < maven.api
[DEBUG] Populating class realm plugin>eu.stamp-project:dspot-diff-test-selection:2.0.1-SNAPSHOT
[DEBUG]   Included: eu.stamp-project:dspot-diff-test-selection:jar:2.0.1-SNAPSHOT
[DEBUG]   Included: org.slf4j:slf4j-log4j12:jar:1.7.25
[DEBUG]   Included: log4j:log4j:jar:1.2.17
[DEBUG]   Included: org.apache.maven.shared:maven-invoker:jar:3.0.0
[DEBUG]   Included: org.codehaus.plexus:plexus-utils:jar:3.0.24
[DEBUG]   Included: org.codehaus.plexus:plexus-component-annotations:jar:1.7
[DEBUG]   Included: org.openclover:clover:jar:4.2.1
[DEBUG]   Included: javax.enterprise:cdi-api:jar:1.0
[DEBUG]   Included: org.codehaus.plexus:plexus-interpolation:jar:1.24
[DEBUG]   Included: org.sonatype.plexus:plexus-sec-dispatcher:jar:1.4
[DEBUG]   Included: org.sonatype.plexus:plexus-cipher:jar:1.4
[DEBUG]   Included: org.apache.maven:maven-builder-support:jar:3.5.4
[DEBUG]   Included: org.apache.maven.resolver:maven-resolver-util:jar:1.1.1
[DEBUG]   Included: org.apache.maven.shared:maven-shared-utils:jar:3.2.1
[DEBUG]   Included: commons-io:commons-io:jar:2.5
[DEBUG]   Included: org.eclipse.sisu:org.eclipse.sisu.inject:jar:0.3.3
[DEBUG]   Included: com.google.inject:guice:jar:no_aop:4.2.0
[DEBUG]   Included: aopalliance:aopalliance:jar:1.0
[DEBUG]   Included: com.google.guava:guava:jar:20.0
[DEBUG]   Included: org.apache.commons:commons-lang3:jar:3.5
[DEBUG]   Included: fr.inria.gforge.spoon.labs:gumtree-spoon-ast-diff:jar:1.5
[DEBUG]   Included: fr.inria.gforge.spoon:spoon-core:jar:7.0.0
[DEBUG]   Included: org.eclipse.jdt:org.eclipse.jdt.core:jar:3.13.102
[DEBUG]   Included: org.eclipse.platform:org.eclipse.core.resources:jar:3.13.300
[DEBUG]   Included: org.eclipse.platform:org.eclipse.core.expressions:jar:3.6.300
[DEBUG]   Included: org.eclipse.platform:org.eclipse.core.runtime:jar:3.15.200
[DEBUG]   Included: org.eclipse.platform:org.eclipse.osgi:jar:3.13.300
[DEBUG]   Included: org.eclipse.platform:org.eclipse.equinox.common:jar:3.10.300
[DEBUG]   Included: org.eclipse.platform:org.eclipse.core.jobs:jar:3.10.300
[DEBUG]   Included: org.eclipse.platform:org.eclipse.equinox.registry:jar:3.8.300
[DEBUG]   Included: org.eclipse.platform:org.eclipse.equinox.preferences:jar:3.7.300
[DEBUG]   Included: org.eclipse.platform:org.eclipse.core.contenttype:jar:3.7.300
[DEBUG]   Included: org.eclipse.platform:org.eclipse.equinox.app:jar:1.4.100
[DEBUG]   Included: org.eclipse.platform:org.eclipse.core.filesystem:jar:1.7.300
[DEBUG]   Included: org.eclipse.platform:org.eclipse.text:jar:3.8.100
[DEBUG]   Included: org.eclipse.platform:org.eclipse.core.commands:jar:3.9.300
[DEBUG]   Included: com.martiansoftware:jsap:jar:2.1
[DEBUG]   Included: com.fasterxml.jackson.core:jackson-databind:jar:2.9.2
[DEBUG]   Included: com.fasterxml.jackson.core:jackson-annotations:jar:2.9.0
[DEBUG]   Included: com.fasterxml.jackson.core:jackson-core:jar:2.9.2
[DEBUG]   Included: com.github.gumtreediff:core:jar:2.1.0
[DEBUG]   Included: com.github.mpkorstanje:simmetrics-core:jar:3.2.3
[DEBUG]   Included: commons-codec:commons-codec:jar:1.10
[DEBUG]   Included: net.sf.trove4j:trove4j:jar:3.0.3
[DEBUG]   Included: com.google.code.gson:gson:jar:2.8.2
[DEBUG]   Included: org.jgrapht:jgrapht-core:jar:1.0.1
[DEBUG]   Included: io.github.java-diff-utils:java-diff-utils:jar:4.0
[DEBUG]   Included: org.eclipse.jgit:org.eclipse.jgit:jar:4.4.1.201607150455-r
[DEBUG] Configuring mojo eu.stamp-project:dspot-diff-test-selection:2.0.1-SNAPSHOT:list from plugin realm ClassRealm[plugin>eu.stamp-project:dspot-diff-test-selection:2.0.1-SNAPSHOT, parent: sun.misc.Launcher$AppClassLoader@55f96302]
[DEBUG] Configuring mojo 'eu.stamp-project:dspot-diff-test-selection:2.0.1-SNAPSHOT:list' with basic configurator -->
[DEBUG]   (f) module = xwiki-commons-core/xwiki-commons-xml/
[DEBUG]   (f) outputFormat = CSV
[DEBUG]   (f) outputPath = /tmp/dspot-experiments/results/april-2019/xwiki-commons/commit_8_1b79714/parent_coverage_testsThatExecuteTheChanges.csv
[DEBUG]   (f) pathDirSecondVersion = /tmp/dspot-experiments/dataset/april-2019/xwiki-commons/xwiki-commons-core/xwiki-commons-xml
[DEBUG]   (f) project = MavenProject: org.xwiki.commons:xwiki-commons-xml:9.10-SNAPSHOT @ /tmp/dspot-experiments/dataset/april-2019/xwiki-commons_parent/xwiki-commons-core/xwiki-commons-xml/pom.xml
[DEBUG] -- end configuration --
[WARNING] No path to diff file has been specified.
[WARNING] I'll compute a diff file using the UNIX diff command
[WARNING] You may encounter troubles.
[WARNING] If so, please specify a path to a correct diff file
[WARNING] or implement a new way to compute a diff file.
[INFO] Computing the diff with diff commnd line
[INFO] The diff will be computed between:
[INFO] /tmp/dspot-experiments/dataset/april-2019/xwiki-commons_parent/xwiki-commons-core/xwiki-commons-xml and 
[INFO] /tmp/dspot-experiments/dataset/april-2019/xwiki-commons/xwiki-commons-core/xwiki-commons-xml
[INFO] Executing: diff -ru /tmp/dspot-experiments/dataset/april-2019/xwiki-commons_parent/xwiki-commons-core/xwiki-commons-xml /tmp/dspot-experiments/dataset/april-2019/xwiki-commons/xwiki-commons-core/xwiki-commons-xml > patch.diff from /tmp/dspot-experiments/dataset/april-2019/xwiki-commons_parent/xwiki-commons-core/xwiki-commons-xml
[INFO] Computing coverage for /tmp/dspot-experiments/dataset/april-2019/xwiki-commons_parent/xwiki-commons-core/xwiki-commons-xml
[WARN] Maven will be executed in interactive mode, but no input stream has been configured for this MavenInvoker instance.
[INFO] Scanning for projects...
[WARNING] 
[WARNING] Some problems were encountered while building the effective model for org.xwiki.commons:xwiki-commons-xml:jar:9.10-SNAPSHOT
[WARNING] Reporting configuration should be done in <reporting> section, not in maven-site-plugin <configuration> as reportPlugins parameter.
[WARNING] 
[WARNING] It is highly recommended to fix these problems because they threaten the stability of your build.
[WARNING] 
[WARNING] For this reason, future Maven versions might no longer support building such malformed projects.
[WARNING] 
[INFO] 
[INFO] ----------------< org.xwiki.commons:xwiki-commons-xml >-----------------
[INFO] Building XWiki Commons - XML 9.10-SNAPSHOT
[INFO] --------------------------------[ jar ]---------------------------------
[INFO] 
[INFO] --- maven-clean-plugin:3.0.0:clean (default-clean) @ xwiki-commons-xml ---
[INFO] 
[INFO] --- clover-maven-plugin:4.2.0:setup (default-cli) @ xwiki-commons-xml ---
[INFO] No 'maven.clover.licenseLocation' configured. Using default license.
[INFO] OpenClover Version 4.2.0, built on April 30 2017 (build-1000)
[INFO] Loaded from: /home/spirals/danglot/.m2/repository/org/openclover/clover/4.2.0/clover-4.2.0.jar
[INFO] Clover free edition.
[INFO] Creating new database at '/tmp/dspot-experiments/dataset/april-2019/xwiki-commons_parent/xwiki-commons-core/xwiki-commons-xml/target/clover/clover.db'.
[INFO] Processing files at 1.8 source level.
[INFO] Clover all over. Instrumented 26 files (8 packages).
[INFO] Elapsed time = 0.842 secs. (30.879 files/sec, 5,181.71 srclines/sec)
[INFO] OpenClover Version 4.2.0, built on April 30 2017 (build-1000)
[INFO] Loaded from: /home/spirals/danglot/.m2/repository/org/openclover/clover/4.2.0/clover-4.2.0.jar
[INFO] Clover free edition.
[INFO] Updating existing database at '/tmp/dspot-experiments/dataset/april-2019/xwiki-commons_parent/xwiki-commons-core/xwiki-commons-xml/target/clover/clover.db'.
[INFO] Processing files at 1.8 source level.
[INFO] Clover all over. Instrumented 4 files (4 packages).
[INFO] 47 test methods detected.
[INFO] Elapsed time = 0.192 secs. (20.833 files/sec, 4,437.5 srclines/sec)
[INFO] 
[INFO] --- maven-enforcer-plugin:1.4.1:enforce (enforce-plugins) @ xwiki-commons-xml ---
[INFO] Skipping Rule Enforcement.
[INFO] 
[INFO] --- maven-enforcer-plugin:1.4.1:enforce (enforce-jcl-log4j-isolation) @ xwiki-commons-xml ---
[INFO] Skipping Rule Enforcement.
[INFO] 
[INFO] --- maven-enforcer-plugin:1.4.1:enforce (enforce-glasshfish-jaxb) @ xwiki-commons-xml ---
[INFO] Skipping Rule Enforcement.
[INFO] 
[INFO] --- maven-enforcer-plugin:1.4.1:enforce (enforce-commons-lang3) @ xwiki-commons-xml ---
[INFO] Skipping Rule Enforcement.
[INFO] 
[INFO] --- maven-enforcer-plugin:1.4.1:enforce (enforce-commons-configuration2) @ xwiki-commons-xml ---
[INFO] Skipping Rule Enforcement.
[INFO] 
[INFO] --- maven-enforcer-plugin:1.4.1:enforce (enforce-bouncycastle-ids) @ xwiki-commons-xml ---
[INFO] Skipping Rule Enforcement.
[INFO] 
[INFO] --- maven-enforcer-plugin:1.4.1:enforce (enforce-javase-dependencies) @ xwiki-commons-xml ---
[INFO] Skipping Rule Enforcement.
[INFO] 
[INFO] --- maven-enforcer-plugin:1.4.1:enforce (enforce-upper-bounds) @ xwiki-commons-xml ---
[INFO] Skipping Rule Enforcement.
[INFO] 
[INFO] --- maven-enforcer-plugin:1.4.1:enforce (enforce-no-legacy-dependencies) @ xwiki-commons-xml ---
[INFO] 
[INFO] --- maven-enforcer-plugin:1.4.1:enforce (enforce-valid-poms) @ xwiki-commons-xml ---
[INFO] Skipping Rule Enforcement.
[INFO] 
[INFO] --- maven-enforcer-plugin:1.4.1:enforce (enforce-platform-rendering-isolation) @ xwiki-commons-xml ---
[INFO] Skipping Rule Enforcement.
[INFO] 
[INFO] --- maven-enforcer-plugin:1.4.1:enforce (check-dependency-version) @ xwiki-commons-xml ---
[INFO] Skipping Rule Enforcement.
[INFO] 
[INFO] --- maven-remote-resources-plugin:1.5:process (xwiki-license-resources) @ xwiki-commons-xml ---
[INFO] 
[INFO] --- maven-resources-plugin:3.0.2:resources (default-resources) @ xwiki-commons-xml ---
[INFO] Using 'UTF-8' encoding to copy filtered resources.
[INFO] Copying 6 resources
[INFO] Copying 1 resource
[INFO] Copying 2 resources
[INFO] 
[INFO] --- maven-compiler-plugin:3.7.0:compile (default-compile) @ xwiki-commons-xml ---
[INFO] Changes detected - recompiling the module!
[INFO] Compiling 26 source files to /tmp/dspot-experiments/dataset/april-2019/xwiki-commons_parent/xwiki-commons-core/xwiki-commons-xml/target/classes
[WARNING] /tmp/dspot-experiments/dataset/april-2019/xwiki-commons_parent/xwiki-commons-core/xwiki-commons-xml/target/clover/src-instrumented/org/htmlcleaner/XWikiDOMSerializer.java:[31,32] org.apache.commons.lang3.StringEscapeUtils in org.apache.commons.lang3 has been deprecated
[WARNING] /tmp/dspot-experiments/dataset/april-2019/xwiki-commons_parent/xwiki-commons-core/xwiki-commons-xml/target/clover/src-instrumented/org/htmlcleaner/XWikiDOMSerializer.java:[232,58] org.apache.commons.lang3.StringEscapeUtils in org.apache.commons.lang3 has been deprecated
[WARNING] /tmp/dspot-experiments/dataset/april-2019/xwiki-commons_parent/xwiki-commons-core/xwiki-commons-xml/target/clover/src-instrumented/org/htmlcleaner/XWikiDOMSerializer.java:[238,58] org.apache.commons.lang3.StringEscapeUtils in org.apache.commons.lang3 has been deprecated
[INFO] 
[INFO] --- maven-bundle-plugin:2.5.3:manifest (bundle-manifest) @ xwiki-commons-xml ---
[INFO] 
[INFO] --- maven-resources-plugin:3.0.2:testResources (default-testResources) @ xwiki-commons-xml ---
[INFO] Using 'UTF-8' encoding to copy filtered resources.
[INFO] skip non existing resourceDirectory /tmp/dspot-experiments/dataset/april-2019/xwiki-commons_parent/xwiki-commons-core/xwiki-commons-xml/src/test/resources
[INFO] Copying 2 resources
[INFO] 
[INFO] --- maven-compiler-plugin:3.7.0:testCompile (default-testCompile) @ xwiki-commons-xml ---
[INFO] Changes detected - recompiling the module!
[INFO] Compiling 4 source files to /tmp/dspot-experiments/dataset/april-2019/xwiki-commons_parent/xwiki-commons-core/xwiki-commons-xml/target/test-classes
[INFO] 
[INFO] --- maven-surefire-plugin:2.19.1:test (default-test) @ xwiki-commons-xml ---

-------------------------------------------------------
 T E S T S
-------------------------------------------------------
Running org.xwiki.xml.XMLUtilsTest
Tests run: 21, Failures: 0, Errors: 0, Skipped: 0, Time elapsed: 0.362 sec - in org.xwiki.xml.XMLUtilsTest
Running org.xwiki.xml.stax.StAXUtilsTest
Tests run: 4, Failures: 0, Errors: 0, Skipped: 0, Time elapsed: 0.797 sec - in org.xwiki.xml.stax.StAXUtilsTest
Running org.xwiki.xml.internal.html.DefaultHTMLCleanerTest
Tests run: 22, Failures: 0, Errors: 0, Skipped: 2, Time elapsed: 0.463 sec - in org.xwiki.xml.internal.html.DefaultHTMLCleanerTest
Running org.xwiki.xml.html.HTMLUtilsTest
Tests run: 2, Failures: 0, Errors: 0, Skipped: 0, Time elapsed: 0.015 sec - in org.xwiki.xml.html.HTMLUtilsTest

Results :

Tests run: 49, Failures: 0, Errors: 0, Skipped: 2

[INFO] ------------------------------------------------------------------------
[INFO] BUILD SUCCESS
[INFO] ------------------------------------------------------------------------
[INFO] Total time: 14.458 s
[INFO] Finished at: 2019-04-18T15:57:52+02:00
[INFO] ------------------------------------------------------------------------
Writing HTML report to '/tmp/dspot-experiments/dataset/april-2019/xwiki-commons_parent/xwiki-commons-core/xwiki-commons-xml/target/clover/report'
Done. Processed 8 packages in 1456ms (182ms per package).
[INFO] /tmp/dspot-experiments/dataset/april-2019/xwiki-commons_parent/xwiki-commons-core/xwiki-commons-xml/src/main/java/org/xwiki/xml/internal/html/filter/BodyFilter.java
[INFO] /tmp/dspot-experiments/dataset/april-2019/xwiki-commons/xwiki-commons-core/xwiki-commons-xml/src/main/java/org/xwiki/xml/internal/html/filter/BodyFilter.java
[INFO] org.xwiki.xml.internal.html.filter.BodyFilter:72 is modified.
[INFO] org.xwiki.xml.internal.html.filter.BodyFilter:101 is modified.
[INFO] org.xwiki.xml.internal.html.filter.BodyFilter:94 is modified.
[INFO] org.xwiki.xml.internal.html.filter.BodyFilter:101 is modified.
[INFO] org.xwiki.xml.internal.html.filter.BodyFilter:79 is modified.
[INFO] org.xwiki.xml.internal.html.filter.BodyFilter:79 is modified.
[INFO] org.xwiki.xml.internal.html.filter.BodyFilter:80 is modified.
[INFO] org.xwiki.xml.internal.html.filter.BodyFilter:86 is modified.
[INFO] org.xwiki.xml.internal.html.filter.BodyFilter:81 is modified.
[INFO] org.xwiki.xml.internal.html.filter.BodyFilter:81 is modified.
[INFO] org.xwiki.xml.internal.html.filter.BodyFilter:82 is modified.
[INFO] org.xwiki.xml.internal.html.filter.BodyFilter:90 is modified.
[INFO] org.xwiki.xml.internal.html.filter.BodyFilter:83 is modified.
[INFO] org.xwiki.xml.internal.html.filter.BodyFilter:72 covered.
[INFO] org.xwiki.xml.internal.html.filter.BodyFilter:94 covered.
[INFO] org.xwiki.xml.internal.html.filter.BodyFilter:79 covered.
[INFO] org.xwiki.xml.internal.html.filter.BodyFilter:86 covered.
[INFO] org.xwiki.xml.internal.html.filter.BodyFilter:81 covered.
[INFO] org.xwiki.xml.internal.html.filter.BodyFilter:82 covered.
[INFO] /tmp/dspot-experiments/dataset/april-2019/xwiki-commons_parent/xwiki-commons-core/xwiki-commons-xml/src/test/java/org/xwiki/xml/internal/html/DefaultHTMLCleanerTest.java
[INFO] /tmp/dspot-experiments/dataset/april-2019/xwiki-commons/xwiki-commons-core/xwiki-commons-xml/src/test/java/org/xwiki/xml/internal/html/DefaultHTMLCleanerTest.java
[INFO] org.xwiki.xml.internal.html.DefaultHTMLCleanerTest:420 is modified.
[INFO] org.xwiki.xml.internal.html.DefaultHTMLCleanerTest:421 is modified.
[INFO] org.xwiki.xml.internal.html.DefaultHTMLCleanerTest:422 is modified.
[INFO] org.xwiki.xml.internal.html.DefaultHTMLCleanerTest:424 is modified.
[INFO] org.xwiki.xml.internal.html.DefaultHTMLCleanerTest:426 is modified.
[INFO] Saving result in /tmp/dspot-experiments/results/april-2019/xwiki-commons/commit_8_1b79714/parent_coverage_testsThatExecuteTheChanges.csv ...
[INFO] org.xwiki.xml.internal.html.DefaultHTMLCleanerTest;convertImplicitParagraphs;explicitFilterList;specialCharacters;convertImageAlignment;cleanEmptyDIV;fullXHTMLHeader;scriptAndCData;verifySpanIsExpanded;verifyLegendTagNotStripped;restrictedHtml;duplicateIds;closeUnbalancedTags;elementExpansion;cleanNonXHTMLLists;verifyEntitiesAreNotBroken;conversionsFromHTML;cleanSVGTags;verifyIFRAMECleaning;verifyExternalLinksAreSecure;styleAndCData
org.xwiki.xml.html.HTMLUtilsTest;testStripTopLevelParagraph;testStripHTMLEnvelope
[INFO] Writing Coverage in /tmp/dspot-experiments/results/april-2019/xwiki-commons/commit_8_1b79714/parent_coverage_testsThatExecuteTheChanges_coverage.csv
[INFO] org.xwiki.xml.internal.html.filter.BodyFilter;6;10

[INFO] total;6;10

[INFO] ------------------------------------------------------------------------
[INFO] BUILD SUCCESS
[INFO] ------------------------------------------------------------------------
[INFO] Total time: 22.662 s
[INFO] Finished at: 2019-04-18T15:57:56+02:00
[INFO] ------------------------------------------------------------------------
