[INFO] Scanning for projects...
[INFO] 
[INFO] -----------------------< commons-io:commons-io >------------------------
[INFO] Building Apache Commons IO 2.6-SNAPSHOT
[INFO] --------------------------------[ jar ]---------------------------------
[INFO] 
[INFO] --- maven-clean-plugin:3.0.0:clean (default-clean) @ commons-io ---
[INFO] Deleting /tmp/icst-2019/september-2018/dataset/commons-io/target
[INFO] 
[INFO] --- diff-test-selection:0.5-SNAPSHOT:list (default-cli) @ commons-io ---
[INFO] Computing coverage for /tmp/icst-2019/september-2018/dataset/commons-io
[WARN] Maven will be executed in interactive mode, but no input stream has been configured for this MavenInvoker instance.
[INFO] Scanning for projects...
[INFO] 
[INFO] -----------------------< commons-io:commons-io >------------------------
[INFO] Building Apache Commons IO 2.6-SNAPSHOT
[INFO] --------------------------------[ jar ]---------------------------------
[INFO] 
[INFO] --- maven-clean-plugin:3.0.0:clean (default-clean) @ commons-io ---
[INFO] 
[INFO] --- clover-maven-plugin:4.2.0:setup (default-cli) @ commons-io ---
[INFO] No 'maven.clover.licenseLocation' configured. Using default license.
[INFO] OpenClover Version 4.2.0, built on April 30 2017 (build-1000)
[INFO] Loaded from: /home/spirals/danglot/.m2/repository/org/openclover/clover/4.2.0/clover-4.2.0.jar
[INFO] Clover free edition.
[INFO] Creating new database at '/tmp/icst-2019/september-2018/dataset/commons-io/target/clover/clover.db'.
[INFO] Processing files at 1.8 source level.
[INFO] Clover all over. Instrumented 118 files (7 packages).
[INFO] Elapsed time = 6.35 secs. (18.583 files/sec, 4,516.063 srclines/sec)
[INFO] OpenClover Version 4.2.0, built on April 30 2017 (build-1000)
[INFO] Loaded from: /home/spirals/danglot/.m2/repository/org/openclover/clover/4.2.0/clover-4.2.0.jar
[INFO] Clover free edition.
[INFO] Updating existing database at '/tmp/icst-2019/september-2018/dataset/commons-io/target/clover/clover.db'.
[INFO] Processing files at 1.8 source level.
[INFO] Clover all over. Instrumented 115 files (9 packages).
[INFO] 1040 test methods detected.
[INFO] Elapsed time = 5.943 secs. (19.35 files/sec, 4,578.159 srclines/sec)
[INFO] 
[INFO] --- maven-enforcer-plugin:1.4.1:enforce (enforce-maven-3) @ commons-io ---
[INFO] Skipping Rule Enforcement.
[INFO] 
[INFO] --- build-helper-maven-plugin:1.10:parse-version (parse-version) @ commons-io ---
[INFO] 
[INFO] --- maven-antrun-plugin:1.8:run (javadoc.resources) @ commons-io ---
[INFO] Executing tasks

main:
     [copy] Copying 2 files to /tmp/icst-2019/september-2018/dataset/commons-io/target/apidocs/META-INF
[INFO] Executed tasks
[INFO] 
[INFO] --- maven-remote-resources-plugin:1.5:process (process-resource-bundles) @ commons-io ---
[INFO] 
[INFO] --- buildnumber-maven-plugin:1.4:create (default) @ commons-io ---
[INFO] Executing: /bin/sh -c cd '/tmp/icst-2019/september-2018/dataset/commons-io' && 'git' 'rev-parse' '--verify' 'HEAD'
[INFO] Working directory: /tmp/icst-2019/september-2018/dataset/commons-io
[INFO] Storing buildNumber: f00d97a6cea0a08c8112ffb8bd0b6847373899ae at timestamp: 1538464127400
[INFO] Storing buildScmBranch: master
[INFO] 
[INFO] --- maven-resources-plugin:2.7:resources (default-resources) @ commons-io ---
[INFO] Using 'iso-8859-1' encoding to copy filtered resources.
[INFO] skip non existing resourceDirectory /tmp/icst-2019/september-2018/dataset/commons-io/src/main/resources
[INFO] Copying 2 resources to META-INF
[INFO] Copying 1 resource
[INFO] 
[INFO] --- maven-compiler-plugin:3.6.0:compile (default-compile) @ commons-io ---
[INFO] Changes detected - recompiling the module!
[INFO] Compiling 118 source files to /tmp/icst-2019/september-2018/dataset/commons-io/target/classes
[INFO] /tmp/icst-2019/september-2018/dataset/commons-io/target/clover/src-instrumented/org/apache/commons/io/FileSystemUtils.java: /tmp/icst-2019/september-2018/dataset/commons-io/target/clover/src-instrumented/org/apache/commons/io/FileSystemUtils.java uses or overrides a deprecated API.
[INFO] /tmp/icst-2019/september-2018/dataset/commons-io/target/clover/src-instrumented/org/apache/commons/io/FileSystemUtils.java: Recompile with -Xlint:deprecation for details.
[INFO] 
[INFO] --- maven-bundle-plugin:3.0.1:manifest (bundle-manifest) @ commons-io ---
[INFO] 
[INFO] --- animal-sniffer-maven-plugin:1.15:check (checkAPIcompatibility) @ commons-io ---
[INFO] Checking unresolved references to org.codehaus.mojo.signature:java17:1.0
[INFO] 
[INFO] --- maven-resources-plugin:2.7:testResources (default-testResources) @ commons-io ---
[INFO] Using 'iso-8859-1' encoding to copy filtered resources.
[INFO] Copying 20 resources
[INFO] Copying 2 resources to META-INF
[INFO] 
[INFO] --- maven-compiler-plugin:3.6.0:testCompile (default-testCompile) @ commons-io ---
[INFO] Changes detected - recompiling the module!
[INFO] Compiling 115 source files to /tmp/icst-2019/september-2018/dataset/commons-io/target/test-classes
[INFO] /tmp/icst-2019/september-2018/dataset/commons-io/target/clover/src-test-instrumented/org/apache/commons/io/IOUtilsCopyTestCase.java: Some input files use or override a deprecated API.
[INFO] /tmp/icst-2019/september-2018/dataset/commons-io/target/clover/src-test-instrumented/org/apache/commons/io/IOUtilsCopyTestCase.java: Recompile with -Xlint:deprecation for details.
[INFO] 
[INFO] --- maven-surefire-plugin:2.19.1:test (default-test) @ commons-io ---

-------------------------------------------------------
 T E S T S
-------------------------------------------------------
Running org.apache.commons.io.DemuxTestCase
Tests run: 2, Failures: 0, Errors: 0, Skipped: 0, Time elapsed: 0.42 sec - in org.apache.commons.io.DemuxTestCase
Running org.apache.commons.io.FileUtilsListFilesTestCase
Tests run: 3, Failures: 0, Errors: 0, Skipped: 0, Time elapsed: 0.369 sec - in org.apache.commons.io.FileUtilsListFilesTestCase
Running org.apache.commons.io.FileCleanerTestCase
Tests run: 9, Failures: 0, Errors: 0, Skipped: 0, Time elapsed: 4.519 sec - in org.apache.commons.io.FileCleanerTestCase
Running org.apache.commons.io.filefilter.AndFileFilterTestCase
Tests run: 5, Failures: 0, Errors: 0, Skipped: 0, Time elapsed: 0.267 sec - in org.apache.commons.io.filefilter.AndFileFilterTestCase
Running org.apache.commons.io.filefilter.OrFileFilterTestCase
Tests run: 5, Failures: 0, Errors: 0, Skipped: 0, Time elapsed: 0.27 sec - in org.apache.commons.io.filefilter.OrFileFilterTestCase
Running org.apache.commons.io.filefilter.RegexFileFilterTestCase
Tests run: 1, Failures: 0, Errors: 0, Skipped: 0, Time elapsed: 0.268 sec - in org.apache.commons.io.filefilter.RegexFileFilterTestCase
Running org.apache.commons.io.filefilter.FileFilterTestCase
Tests run: 47, Failures: 0, Errors: 0, Skipped: 0, Time elapsed: 2.684 sec - in org.apache.commons.io.filefilter.FileFilterTestCase
Running org.apache.commons.io.ThreadMonitorTestCase
Tests run: 3, Failures: 0, Errors: 0, Skipped: 0, Time elapsed: 0.653 sec - in org.apache.commons.io.ThreadMonitorTestCase
Running org.apache.commons.io.ByteOrderFactoryTest
Tests run: 2, Failures: 0, Errors: 0, Skipped: 0, Time elapsed: 0.208 sec - in org.apache.commons.io.ByteOrderFactoryTest
Running org.apache.commons.io.DirectoryWalkerTestCaseJava4
Tests run: 14, Failures: 0, Errors: 0, Skipped: 0, Time elapsed: 0.327 sec - in org.apache.commons.io.DirectoryWalkerTestCaseJava4
Running org.apache.commons.io.FileUtilsDirectoryContainsTestCase
Tests run: 11, Failures: 0, Errors: 0, Skipped: 0, Time elapsed: 0.308 sec - in org.apache.commons.io.FileUtilsDirectoryContainsTestCase
Running org.apache.commons.io.input.XmlStreamReaderTest
Tests run: 15, Failures: 0, Errors: 0, Skipped: 0, Time elapsed: 1.279 sec - in org.apache.commons.io.input.XmlStreamReaderTest
Running org.apache.commons.io.input.compatibility.XmlStreamReaderUtilitiesCompatibilityTest
Tests run: 11, Failures: 0, Errors: 0, Skipped: 0, Time elapsed: 0.303 sec - in org.apache.commons.io.input.compatibility.XmlStreamReaderUtilitiesCompatibilityTest
Running org.apache.commons.io.input.ReversedLinesFileReaderTestSimple
Tests run: 3, Failures: 0, Errors: 0, Skipped: 0, Time elapsed: 0.28 sec - in org.apache.commons.io.input.ReversedLinesFileReaderTestSimple
Running org.apache.commons.io.input.ReaderInputStreamTest
Tests run: 8, Failures: 0, Errors: 0, Skipped: 0, Time elapsed: 0.247 sec - in org.apache.commons.io.input.ReaderInputStreamTest
Running org.apache.commons.io.input.InfiniteCircularInputStreamTest
Tests run: 2, Failures: 0, Errors: 0, Skipped: 0, Time elapsed: 0.218 sec - in org.apache.commons.io.input.InfiniteCircularInputStreamTest
Running org.apache.commons.io.input.TailerTest
Elapsed: 1260
testMultiByteBreak() Default charset: US-ASCII
Tests run: 10, Failures: 0, Errors: 0, Skipped: 0, Time elapsed: 31.726 sec - in org.apache.commons.io.input.TailerTest
Running org.apache.commons.io.input.TeeInputStreamTest
Tests run: 7, Failures: 0, Errors: 0, Skipped: 0, Time elapsed: 0.235 sec - in org.apache.commons.io.input.TeeInputStreamTest
Running org.apache.commons.io.input.AutoCloseInputStreamTest
Tests run: 4, Failures: 0, Errors: 0, Skipped: 0, Time elapsed: 0.222 sec - in org.apache.commons.io.input.AutoCloseInputStreamTest
Running org.apache.commons.io.input.XmlStreamReaderUtilitiesTest
Tests run: 11, Failures: 0, Errors: 0, Skipped: 0, Time elapsed: 0.318 sec - in org.apache.commons.io.input.XmlStreamReaderUtilitiesTest
Running org.apache.commons.io.input.WindowsLineEndingInputStreamTest
Tests run: 7, Failures: 0, Errors: 0, Skipped: 0, Time elapsed: 0.218 sec - in org.apache.commons.io.input.WindowsLineEndingInputStreamTest
Running org.apache.commons.io.input.CharSequenceInputStreamTest
Tests run: 30, Failures: 0, Errors: 0, Skipped: 2, Time elapsed: 0.878 sec - in org.apache.commons.io.input.CharSequenceInputStreamTest
Running org.apache.commons.io.input.CloseShieldInputStreamTest
Tests run: 1, Failures: 0, Errors: 0, Skipped: 0, Time elapsed: 0.205 sec - in org.apache.commons.io.input.CloseShieldInputStreamTest
Running org.apache.commons.io.input.ReversedLinesFileReaderTestParamBlockSize
Tests run: 85, Failures: 0, Errors: 0, Skipped: 0, Time elapsed: 1.703 sec - in org.apache.commons.io.input.ReversedLinesFileReaderTestParamBlockSize
Running org.apache.commons.io.input.BoundedReaderTest
Tests run: 12, Failures: 0, Errors: 0, Skipped: 0, Time elapsed: 0.261 sec - in org.apache.commons.io.input.BoundedReaderTest
Running org.apache.commons.io.input.SwappedDataInputStreamTest
Tests run: 14, Failures: 0, Errors: 0, Skipped: 0, Time elapsed: 0.27 sec - in org.apache.commons.io.input.SwappedDataInputStreamTest
Running org.apache.commons.io.input.ClosedInputStreamTest
Tests run: 1, Failures: 0, Errors: 0, Skipped: 0, Time elapsed: 0.203 sec - in org.apache.commons.io.input.ClosedInputStreamTest
Running org.apache.commons.io.input.ProxyReaderTest
Tests run: 2, Failures: 0, Errors: 0, Skipped: 0, Time elapsed: 0.234 sec - in org.apache.commons.io.input.ProxyReaderTest
Running org.apache.commons.io.input.BrokenInputStreamTest
Tests run: 5, Failures: 0, Errors: 0, Skipped: 0, Time elapsed: 0.217 sec - in org.apache.commons.io.input.BrokenInputStreamTest
Running org.apache.commons.io.input.CountingInputStreamTest
Tests run: 10, Failures: 0, Errors: 0, Skipped: 0, Time elapsed: 0.761 sec - in org.apache.commons.io.input.CountingInputStreamTest
Running org.apache.commons.io.input.NullInputStreamTest
Tests run: 6, Failures: 0, Errors: 0, Skipped: 0, Time elapsed: 0.235 sec - in org.apache.commons.io.input.NullInputStreamTest
Running org.apache.commons.io.input.TaggedInputStreamTest
Tests run: 4, Failures: 0, Errors: 0, Skipped: 0, Time elapsed: 0.257 sec - in org.apache.commons.io.input.TaggedInputStreamTest
Running org.apache.commons.io.input.UnixLineEndingInputStreamTest
Tests run: 8, Failures: 0, Errors: 0, Skipped: 0, Time elapsed: 0.218 sec - in org.apache.commons.io.input.UnixLineEndingInputStreamTest
Running org.apache.commons.io.input.NullReaderTest
Tests run: 6, Failures: 0, Errors: 0, Skipped: 0, Time elapsed: 0.224 sec - in org.apache.commons.io.input.NullReaderTest
Running org.apache.commons.io.input.BoundedInputStreamTest
Tests run: 2, Failures: 0, Errors: 0, Skipped: 0, Time elapsed: 0.238 sec - in org.apache.commons.io.input.BoundedInputStreamTest
Running org.apache.commons.io.input.ClassLoaderObjectInputStreamTest
Tests run: 6, Failures: 0, Errors: 0, Skipped: 0, Time elapsed: 0.345 sec - in org.apache.commons.io.input.ClassLoaderObjectInputStreamTest
Running org.apache.commons.io.input.CharSequenceReaderTest
Tests run: 7, Failures: 0, Errors: 0, Skipped: 0, Time elapsed: 0.228 sec - in org.apache.commons.io.input.CharSequenceReaderTest
Running org.apache.commons.io.input.ReversedLinesFileReaderTestParamFile
Tests run: 17, Failures: 0, Errors: 0, Skipped: 0, Time elapsed: 0.625 sec - in org.apache.commons.io.input.ReversedLinesFileReaderTestParamFile
Running org.apache.commons.io.input.BOMInputStreamTest
Tests run: 44, Failures: 0, Errors: 0, Skipped: 1, Time elapsed: 0.609 sec - in org.apache.commons.io.input.BOMInputStreamTest
Running org.apache.commons.io.input.ObservableInputStreamTest
Tests run: 2, Failures: 0, Errors: 0, Skipped: 0, Time elapsed: 0.264 sec - in org.apache.commons.io.input.ObservableInputStreamTest
Running org.apache.commons.io.input.MessageDigestCalculatingInputStreamTest
Tests run: 1, Failures: 0, Errors: 0, Skipped: 0, Time elapsed: 0.25 sec - in org.apache.commons.io.input.MessageDigestCalculatingInputStreamTest
Running org.apache.commons.io.FileDeleteStrategyTestCase
Tests run: 5, Failures: 0, Errors: 0, Skipped: 0, Time elapsed: 0.336 sec - in org.apache.commons.io.FileDeleteStrategyTestCase
Running org.apache.commons.io.DirectoryWalkerTestCase
Tests run: 15, Failures: 0, Errors: 0, Skipped: 0, Time elapsed: 0.317 sec - in org.apache.commons.io.DirectoryWalkerTestCase
Running org.apache.commons.io.HexDumpTest
Tests run: 1, Failures: 0, Errors: 0, Skipped: 0, Time elapsed: 0.26 sec - in org.apache.commons.io.HexDumpTest
Running org.apache.commons.io.IOUtilsTestCase
Tests run: 106, Failures: 0, Errors: 0, Skipped: 0, Time elapsed: 0.995 sec - in org.apache.commons.io.IOUtilsTestCase
Running org.apache.commons.io.FileUtilsWaitForTestCase
Tests run: 2, Failures: 0, Errors: 0, Skipped: 0, Time elapsed: 4.246 sec - in org.apache.commons.io.FileUtilsWaitForTestCase
Running org.apache.commons.io.IOExceptionWithCauseTestCase
Tests run: 2, Failures: 0, Errors: 0, Skipped: 0, Time elapsed: 0.204 sec - in org.apache.commons.io.IOExceptionWithCauseTestCase
Running org.apache.commons.io.FilenameUtilsTestCase
Tests run: 37, Failures: 0, Errors: 0, Skipped: 0, Time elapsed: 0.539 sec - in org.apache.commons.io.FilenameUtilsTestCase
Running org.apache.commons.io.comparator.ExtensionFileComparatorTest
Tests run: 8, Failures: 0, Errors: 0, Skipped: 0, Time elapsed: 0.327 sec - in org.apache.commons.io.comparator.ExtensionFileComparatorTest
Running org.apache.commons.io.comparator.NameFileComparatorTest
Tests run: 8, Failures: 0, Errors: 0, Skipped: 0, Time elapsed: 0.33 sec - in org.apache.commons.io.comparator.NameFileComparatorTest
Running org.apache.commons.io.comparator.SizeFileComparatorTest
Tests run: 9, Failures: 0, Errors: 0, Skipped: 0, Time elapsed: 0.375 sec - in org.apache.commons.io.comparator.SizeFileComparatorTest
Running org.apache.commons.io.comparator.DefaultFileComparatorTest
Tests run: 7, Failures: 0, Errors: 0, Skipped: 0, Time elapsed: 0.266 sec - in org.apache.commons.io.comparator.DefaultFileComparatorTest
Running org.apache.commons.io.comparator.LastModifiedFileComparatorTest
Tests run: 7, Failures: 0, Errors: 0, Skipped: 0, Time elapsed: 13.578 sec - in org.apache.commons.io.comparator.LastModifiedFileComparatorTest
Running org.apache.commons.io.comparator.CompositeFileComparatorTest
Tests run: 10, Failures: 0, Errors: 0, Skipped: 0, Time elapsed: 0.39 sec - in org.apache.commons.io.comparator.CompositeFileComparatorTest
Running org.apache.commons.io.comparator.DirectoryFileComparatorTest
Tests run: 7, Failures: 0, Errors: 0, Skipped: 0, Time elapsed: 0.277 sec - in org.apache.commons.io.comparator.DirectoryFileComparatorTest
Running org.apache.commons.io.comparator.PathFileComparatorTest
Tests run: 8, Failures: 0, Errors: 0, Skipped: 0, Time elapsed: 0.33 sec - in org.apache.commons.io.comparator.PathFileComparatorTest
Running org.apache.commons.io.IOUtilsCopyTestCase
Tests run: 23, Failures: 0, Errors: 0, Skipped: 0, Time elapsed: 1.367 sec - in org.apache.commons.io.IOUtilsCopyTestCase
Running org.apache.commons.io.FileSystemUtilsTestCase
Tests run: 28, Failures: 0, Errors: 0, Skipped: 0, Time elapsed: 0.486 sec - in org.apache.commons.io.FileSystemUtilsTestCase
Running org.apache.commons.io.EndianUtilsTest
Tests run: 22, Failures: 0, Errors: 0, Skipped: 0, Time elapsed: 0.266 sec - in org.apache.commons.io.EndianUtilsTest
Running org.apache.commons.io.output.LockableFileWriterTest
Tests run: 7, Failures: 0, Errors: 0, Skipped: 0, Time elapsed: 0.392 sec - in org.apache.commons.io.output.LockableFileWriterTest
Running org.apache.commons.io.output.XmlStreamWriterTest
Tests run: 12, Failures: 0, Errors: 0, Skipped: 0, Time elapsed: 0.291 sec - in org.apache.commons.io.output.XmlStreamWriterTest
Running org.apache.commons.io.output.CloseShieldOutputStreamTest
Tests run: 1, Failures: 0, Errors: 0, Skipped: 0, Time elapsed: 0.23 sec - in org.apache.commons.io.output.CloseShieldOutputStreamTest
Running org.apache.commons.io.output.CountingOutputStreamTest
Tests run: 2, Failures: 0, Errors: 0, Skipped: 0, Time elapsed: 0.669 sec - in org.apache.commons.io.output.CountingOutputStreamTest
Running org.apache.commons.io.output.DeferredFileOutputStreamTest
Tests run: 130, Failures: 0, Errors: 0, Skipped: 0, Time elapsed: 0.889 sec - in org.apache.commons.io.output.DeferredFileOutputStreamTest
Running org.apache.commons.io.output.NullWriterTest
Tests run: 1, Failures: 0, Errors: 0, Skipped: 0, Time elapsed: 0.191 sec - in org.apache.commons.io.output.NullWriterTest
Running org.apache.commons.io.output.FileWriterWithEncodingTest
Tests run: 12, Failures: 0, Errors: 0, Skipped: 0, Time elapsed: 0.451 sec - in org.apache.commons.io.output.FileWriterWithEncodingTest
Running org.apache.commons.io.output.AppendableOutputStreamTest
Tests run: 2, Failures: 0, Errors: 0, Skipped: 0, Time elapsed: 0.229 sec - in org.apache.commons.io.output.AppendableOutputStreamTest
Running org.apache.commons.io.output.TeeOutputStreamTest
Tests run: 3, Failures: 0, Errors: 0, Skipped: 0, Time elapsed: 0.226 sec - in org.apache.commons.io.output.TeeOutputStreamTest
Running org.apache.commons.io.output.ThresholdingOutputStreamTest
Tests run: 1, Failures: 0, Errors: 0, Skipped: 0, Time elapsed: 0.206 sec - in org.apache.commons.io.output.ThresholdingOutputStreamTest
Running org.apache.commons.io.output.ProxyOutputStreamTest
Tests run: 2, Failures: 0, Errors: 0, Skipped: 0, Time elapsed: 0.245 sec - in org.apache.commons.io.output.ProxyOutputStreamTest
Running org.apache.commons.io.output.ChunkedWriterTest
Tests run: 3, Failures: 0, Errors: 0, Skipped: 0, Time elapsed: 0.225 sec - in org.apache.commons.io.output.ChunkedWriterTest
Running org.apache.commons.io.output.ByteArrayOutputStreamTestCase
Tests run: 3, Failures: 0, Errors: 0, Skipped: 0, Time elapsed: 0.254 sec - in org.apache.commons.io.output.ByteArrayOutputStreamTestCase
Running org.apache.commons.io.output.WriterOutputStreamTest
Tests run: 12, Failures: 0, Errors: 0, Skipped: 0, Time elapsed: 0.269 sec - in org.apache.commons.io.output.WriterOutputStreamTest
Running org.apache.commons.io.output.TaggedOutputStreamTest
Tests run: 3, Failures: 0, Errors: 0, Skipped: 0, Time elapsed: 0.248 sec - in org.apache.commons.io.output.TaggedOutputStreamTest
Running org.apache.commons.io.output.ChunkedOutputStreamTest
Tests run: 3, Failures: 0, Errors: 0, Skipped: 0, Time elapsed: 0.214 sec - in org.apache.commons.io.output.ChunkedOutputStreamTest
Running org.apache.commons.io.output.BrokenOutputStreamTest
Tests run: 3, Failures: 0, Errors: 0, Skipped: 0, Time elapsed: 0.225 sec - in org.apache.commons.io.output.BrokenOutputStreamTest
Running org.apache.commons.io.output.ClosedOutputStreamTest
Tests run: 1, Failures: 0, Errors: 0, Skipped: 0, Time elapsed: 0.201 sec - in org.apache.commons.io.output.ClosedOutputStreamTest
Running org.apache.commons.io.output.ProxyWriterTest
Tests run: 21, Failures: 0, Errors: 0, Skipped: 0, Time elapsed: 0.301 sec - in org.apache.commons.io.output.ProxyWriterTest
Running org.apache.commons.io.output.NullOutputStreamTest
Tests run: 1, Failures: 0, Errors: 0, Skipped: 0, Time elapsed: 0.198 sec - in org.apache.commons.io.output.NullOutputStreamTest
Running org.apache.commons.io.output.StringBuilderWriterTest
Tests run: 12, Failures: 0, Errors: 0, Skipped: 0, Time elapsed: 0.241 sec - in org.apache.commons.io.output.StringBuilderWriterTest
Running org.apache.commons.io.LineIteratorTestCase
Tests run: 16, Failures: 0, Errors: 0, Skipped: 0, Time elapsed: 0.44 sec - in org.apache.commons.io.LineIteratorTestCase
Running org.apache.commons.io.FileUtilsTestCase
Tests run: 142, Failures: 0, Errors: 0, Skipped: 1, Time elapsed: 3.42 sec - in org.apache.commons.io.FileUtilsTestCase
Running org.apache.commons.io.FileUtilsCleanSymlinksTestCase
Tests run: 8, Failures: 0, Errors: 0, Skipped: 0, Time elapsed: 0.42 sec - in org.apache.commons.io.FileUtilsCleanSymlinksTestCase
Running org.apache.commons.io.FileCleaningTrackerTestCase
Tests run: 9, Failures: 0, Errors: 0, Skipped: 0, Time elapsed: 4.509 sec - in org.apache.commons.io.FileCleaningTrackerTestCase
Running org.apache.commons.io.CopyUtilsTest
Tests run: 11, Failures: 0, Errors: 0, Skipped: 0, Time elapsed: 0.317 sec - in org.apache.commons.io.CopyUtilsTest
Running org.apache.commons.io.FileUtilsFileNewerTestCase
Tests run: 5, Failures: 0, Errors: 0, Skipped: 0, Time elapsed: 0.36 sec - in org.apache.commons.io.FileUtilsFileNewerTestCase
Running org.apache.commons.io.TaggedIOExceptionTest
Tests run: 1, Failures: 0, Errors: 0, Skipped: 0, Time elapsed: 0.232 sec - in org.apache.commons.io.TaggedIOExceptionTest
Running org.apache.commons.io.FileUtilsCleanDirectoryTestCase
Tests run: 5, Failures: 0, Errors: 0, Skipped: 0, Time elapsed: 0.397 sec - in org.apache.commons.io.FileUtilsCleanDirectoryTestCase
Running org.apache.commons.io.ByteOrderMarkTestCase
Tests run: 9, Failures: 0, Errors: 0, Skipped: 0, Time elapsed: 0.235 sec - in org.apache.commons.io.ByteOrderMarkTestCase
Running org.apache.commons.io.IOCaseTestCase
Tests run: 17, Failures: 0, Errors: 0, Skipped: 0, Time elapsed: 0.386 sec - in org.apache.commons.io.IOCaseTestCase
Running org.apache.commons.io.IOUtilsWriteTestCase
Tests run: 53, Failures: 0, Errors: 0, Skipped: 0, Time elapsed: 0.498 sec - in org.apache.commons.io.IOUtilsWriteTestCase
Running org.apache.commons.io.CharsetsTestCase
Tests run: 8, Failures: 0, Errors: 0, Skipped: 0, Time elapsed: 0.218 sec - in org.apache.commons.io.CharsetsTestCase
Running org.apache.commons.io.monitor.FileAlterationObserverTestCase
Tests run: 7, Failures: 0, Errors: 0, Skipped: 0, Time elapsed: 14.62 sec - in org.apache.commons.io.monitor.FileAlterationObserverTestCase
Running org.apache.commons.io.monitor.FileAlterationMonitorTestCase
Tests run: 4, Failures: 0, Errors: 0, Skipped: 0, Time elapsed: 1.615 sec - in org.apache.commons.io.monitor.FileAlterationMonitorTestCase
Running org.apache.commons.io.serialization.RegexpClassNameMatcherTest
Tests run: 5, Failures: 0, Errors: 0, Skipped: 0, Time elapsed: 0.227 sec - in org.apache.commons.io.serialization.RegexpClassNameMatcherTest
Running org.apache.commons.io.serialization.WildcardClassNameMatcherTest
Tests run: 3, Failures: 0, Errors: 0, Skipped: 0, Time elapsed: 0.211 sec - in org.apache.commons.io.serialization.WildcardClassNameMatcherTest
Running org.apache.commons.io.serialization.ValidatingObjectInputStreamTest
Tests run: 18, Failures: 0, Errors: 0, Skipped: 0, Time elapsed: 0.458 sec - in org.apache.commons.io.serialization.ValidatingObjectInputStreamTest
Running org.apache.commons.io.serialization.FullClassNameMatcherTest
Tests run: 2, Failures: 0, Errors: 0, Skipped: 0, Time elapsed: 0.206 sec - in org.apache.commons.io.serialization.FullClassNameMatcherTest
Running org.apache.commons.io.serialization.MoreComplexObjectTest
Tests run: 3, Failures: 0, Errors: 0, Skipped: 0, Time elapsed: 0.4 sec - in org.apache.commons.io.serialization.MoreComplexObjectTest
Running org.apache.commons.io.FilenameUtilsWildcardTestCase
Tests run: 7, Failures: 0, Errors: 0, Skipped: 0, Time elapsed: 0.353 sec - in org.apache.commons.io.FilenameUtilsWildcardTestCase

Results :

Tests run: 1316, Failures: 0, Errors: 0, Skipped: 4

[INFO] ------------------------------------------------------------------------
[INFO] BUILD SUCCESS
[INFO] ------------------------------------------------------------------------
[INFO] Total time: 03:59 min
[INFO] Finished at: 2018-10-02T09:12:24+02:00
[INFO] ------------------------------------------------------------------------
Writing HTML report to '/tmp/icst-2019/september-2018/dataset/commons-io/target/clover/report'
Done. Processed 9 packages in 24261ms (2695ms per package).
[INFO] /tmp/icst-2019/september-2018/dataset/commons-io/src/main/java/org/apache/commons/io/FileUtils.java
[INFO] /tmp/icst-2019/september-2018/dataset/commons-io_parent/src/main/java/org/apache/commons/io/FileUtils.java
[info] org.apache.commons.io.FileUtils:1559 is modified.
[info] org.apache.commons.io.FileUtils:1560 is modified.
[info] org.apache.commons.io.FileUtils:1561 is modified.
[info] org.apache.commons.io.FileUtils:1561 is modified.
[info] org.apache.commons.io.FileUtils:1563 is modified.
[info] org.apache.commons.io.FileUtils:1563 is modified.
[info] org.apache.commons.io.FileUtils:1564 is modified.
[info] org.apache.commons.io.FileUtils:1565 is modified.
[info] org.apache.commons.io.FileUtils:1565 is modified.
[info] org.apache.commons.io.FileUtils:1566 is modified.
[info] org.apache.commons.io.FileUtils:1568 is modified.
[info] org.apache.commons.io.FileUtils:1568 is modified.
[info] org.apache.commons.io.FileUtils:1595 is modified.
[info] org.apache.commons.io.FileUtils:1596 is modified.
[info] org.apache.commons.io.FileUtils:1596 is modified.
[info] org.apache.commons.io.FileUtils:1598 is modified.
[info] org.apache.commons.io.FileUtils:1598 is modified.
[info] org.apache.commons.io.FileUtils:1599 is modified.
[info] org.apache.commons.io.FileUtils:1560 covered.
[info] org.apache.commons.io.FileUtils:1561 covered.
[info] org.apache.commons.io.FileUtils:1563 covered.
[info] org.apache.commons.io.FileUtils:1564 covered.
[info] org.apache.commons.io.FileUtils:1565 covered.
[info] org.apache.commons.io.FileUtils:1566 covered.
[info] org.apache.commons.io.FileUtils:1595 covered.
[info] org.apache.commons.io.FileUtils:1598 covered.
[info] org.apache.commons.io.FileUtils:1599 covered.
[info] org.apache.commons.io.FileUtils:1596 covered.
[info] org.apache.commons.io.FileUtils:1568 covered.
[INFO] /tmp/icst-2019/september-2018/dataset/commons-io/src/main/java/org/apache/commons/io/IOUtils.java
[INFO] /tmp/icst-2019/september-2018/dataset/commons-io_parent/src/main/java/org/apache/commons/io/IOUtils.java
[info] org.apache.commons.io.IOUtils:824 is modified.
[info] org.apache.commons.io.IOUtils:823 is modified.
[info] org.apache.commons.io.IOUtils:828 is modified.
[info] org.apache.commons.io.IOUtils:824 covered.
[info] org.apache.commons.io.IOUtils:823 covered.
[info] org.apache.commons.io.IOUtils:828 covered.
[INFO] /tmp/icst-2019/september-2018/dataset/commons-io/src/main/java/org/apache/commons/io/filefilter/FileFilterUtils.java
[INFO] /tmp/icst-2019/september-2018/dataset/commons-io_parent/src/main/java/org/apache/commons/io/filefilter/FileFilterUtils.java
[INFO] /tmp/icst-2019/september-2018/dataset/commons-io/src/main/java/org/apache/commons/io/input/MessageDigestCalculatingInputStream.java
[INFO] /tmp/icst-2019/september-2018/dataset/commons-io_parent/src/main/java/org/apache/commons/io/input/MessageDigestCalculatingInputStream.java
[INFO] /tmp/icst-2019/september-2018/dataset/commons-io/src/main/java/org/apache/commons/io/input/ObservableInputStream.java
[INFO] /tmp/icst-2019/september-2018/dataset/commons-io_parent/src/main/java/org/apache/commons/io/input/ObservableInputStream.java
[INFO] /tmp/icst-2019/september-2018/dataset/commons-io/src/main/java/org/apache/commons/io/output/WriterOutputStream.java
[INFO] /tmp/icst-2019/september-2018/dataset/commons-io_parent/src/main/java/org/apache/commons/io/output/WriterOutputStream.java
[INFO] /tmp/icst-2019/september-2018/dataset/commons-io/src/test/java/org/apache/commons/io/FileUtilsTestCase.java
[INFO] /tmp/icst-2019/september-2018/dataset/commons-io_parent/src/test/java/org/apache/commons/io/FileUtilsTestCase.java
[info] org.apache.commons.io.FileUtilsTestCase:1540 is modified.
[info] org.apache.commons.io.FileUtilsTestCase:1541 is modified.
[info] org.apache.commons.io.FileUtilsTestCase:1541 is modified.
[info] org.apache.commons.io.FileUtilsTestCase:1542 is modified.
[info] org.apache.commons.io.FileUtilsTestCase:1542 is modified.
[info] org.apache.commons.io.FileUtilsTestCase:1542 is modified.
[info] org.apache.commons.io.FileUtilsTestCase:1543 is modified.
[info] org.apache.commons.io.FileUtilsTestCase:1545 is modified.
[info] org.apache.commons.io.FileUtilsTestCase:1545 is modified.
[info] org.apache.commons.io.FileUtilsTestCase:1545 is modified.
[info] org.apache.commons.io.FileUtilsTestCase:1547 is modified.
[info] org.apache.commons.io.FileUtilsTestCase:1548 is modified.
[info] org.apache.commons.io.FileUtilsTestCase:1548 is modified.
[info] org.apache.commons.io.FileUtilsTestCase:1549 is modified.
[info] org.apache.commons.io.FileUtilsTestCase:1549 is modified.
[info] org.apache.commons.io.FileUtilsTestCase:1554 is modified.
[info] org.apache.commons.io.FileUtilsTestCase:1559 is modified.
[info] org.apache.commons.io.FileUtilsTestCase:1559 is modified.
[info] org.apache.commons.io.FileUtilsTestCase:1564 is modified.
[info] org.apache.commons.io.FileUtilsTestCase:1564 is modified.
[info] org.apache.commons.io.FileUtilsTestCase:1565 is modified.
[info] org.apache.commons.io.FileUtilsTestCase:1565 is modified.
[info] org.apache.commons.io.FileUtilsTestCase:1565 is modified.
[info] org.apache.commons.io.FileUtilsTestCase:1566 is modified.
[info] org.apache.commons.io.FileUtilsTestCase:1570 is modified.
[info] org.apache.commons.io.FileUtilsTestCase:1570 is modified.
[info] org.apache.commons.io.FileUtilsTestCase:1571 is modified.
[info] org.apache.commons.io.FileUtilsTestCase:1571 is modified.
[info] org.apache.commons.io.FileUtilsTestCase:1571 is modified.
[info] org.apache.commons.io.FileUtilsTestCase:1572 is modified.
[info] org.apache.commons.io.FileUtilsTestCase:1574 is modified.
[info] org.apache.commons.io.FileUtilsTestCase:1574 is modified.
[info] org.apache.commons.io.FileUtilsTestCase:1574 is modified.
[info] org.apache.commons.io.FileUtilsTestCase:1575 is modified.
[info] org.apache.commons.io.FileUtilsTestCase:1576 is modified.
[info] org.apache.commons.io.FileUtilsTestCase:1576 is modified.
[info] org.apache.commons.io.FileUtilsTestCase:1577 is modified.
[info] org.apache.commons.io.FileUtilsTestCase:1578 is modified.
[info] org.apache.commons.io.FileUtilsTestCase:1578 is modified.
[info] org.apache.commons.io.FileUtilsTestCase:1578 is modified.
[info] org.apache.commons.io.FileUtilsTestCase:1580 is modified.
[info] org.apache.commons.io.FileUtilsTestCase:1583 is modified.
[info] org.apache.commons.io.FileUtilsTestCase:1583 is modified.
[info] org.apache.commons.io.FileUtilsTestCase:1584 is modified.
[info] org.apache.commons.io.FileUtilsTestCase:1584 is modified.
[info] org.apache.commons.io.FileUtilsTestCase:1587 is modified.
[info] org.apache.commons.io.FileUtilsTestCase:1587 is modified.
[info] org.apache.commons.io.FileUtilsTestCase:1588 is modified.
[info] org.apache.commons.io.FileUtilsTestCase:1588 is modified.
[info] org.apache.commons.io.FileUtilsTestCase:1589 is modified.
[info] org.apache.commons.io.FileUtilsTestCase:1589 is modified.
[info] org.apache.commons.io.FileUtilsTestCase:1590 is modified.
[info] org.apache.commons.io.FileUtilsTestCase:1590 is modified.
[info] org.apache.commons.io.FileUtilsTestCase:1600 is modified.
[info] org.apache.commons.io.FileUtilsTestCase:1601 is modified.
[info] org.apache.commons.io.FileUtilsTestCase:1602 is modified.
[info] org.apache.commons.io.FileUtilsTestCase:1604 is modified.
[info] org.apache.commons.io.FileUtilsTestCase:1605 is modified.
[info] org.apache.commons.io.FileUtilsTestCase:1605 is modified.
[info] org.apache.commons.io.FileUtilsTestCase:1607 is modified.
[info] org.apache.commons.io.FileUtilsTestCase:1617 is modified.
[info] org.apache.commons.io.FileUtilsTestCase:1622 is modified.
[info] org.apache.commons.io.FileUtilsTestCase:1622 is modified.
[INFO] /tmp/icst-2019/september-2018/dataset/commons-io/src/test/java/org/apache/commons/io/IOUtilsTestCase.java
[INFO] /tmp/icst-2019/september-2018/dataset/commons-io_parent/src/test/java/org/apache/commons/io/IOUtilsTestCase.java
[info] org.apache.commons.io.IOUtilsTestCase:907 is modified.
[info] org.apache.commons.io.IOUtilsTestCase:929 is modified.
[info] org.apache.commons.io.IOUtilsTestCase:931 is modified.
[info] org.apache.commons.io.IOUtilsTestCase:932 is modified.
[INFO] Saving result in /tmp/icst-2019/september-2018/result/commons-io/commit_3_f00d97a/commit_coverage_testsThatExecuteTheChanges.csv ...
[INFO] org.apache.commons.io.FileUtilsTestCase;testCopyToDirectoryWithIterableSourceIsNull;testCopyToDirectoryWithFileSourceIsNull;testCopyToDirectoryWithFile;testCopyToDirectoryWithIterableSourceDoesNotExist;testCopyToDirectoryWithDirectory;testCopyToDirectoryWithFileSourceDoesNotExist;testCopyToDirectoryWithIterable
org.apache.commons.io.IOUtilsTestCase;testToByteArray_InputStream_Size;testToByteArray_InputStream_SizeIllegal
[INFO] Writing Coverage in /tmp/icst-2019/september-2018/result/commons-io/commit_3_f00d97a/commit_coverage_testsThatExecuteTheChanges_coverage.csv
[INFO] org.apache.commons.io.FileUtils;11;12

[INFO] org.apache.commons.io.IOUtils;3;3

[INFO] total;14;15

[INFO] ------------------------------------------------------------------------
[INFO] BUILD SUCCESS
[INFO] ------------------------------------------------------------------------
[INFO] Total time: 04:55 min
[INFO] Finished at: 2018-10-02T09:13:13+02:00
[INFO] ------------------------------------------------------------------------
[INFO] 2018-10-02 09:13:14 RepositoriesSetter - {/tmp/icst-2019/september-2018/dataset/commons-io} Cleaning local repository...
[INFO] 2018-10-02 09:13:14 RepositoriesSetter - Checkout 3378280035f388157e007a06f7fcb74698b91e3e revision...
[INFO] 2018-10-02 09:13:15 RepositoriesSetter - {/tmp/icst-2019/september-2018/dataset/commons-io_parent} Cleaning local repository...
[INFO] 2018-10-02 09:13:15 RepositoriesSetter - Checkout 156653ea56fe215b97a263a770ea7094ff6adb84 revision...
