Apache Maven 3.5.4 (1edded0938998edf8bf061f1ceb3cfdeccf443fe; 2018-06-17T20:33:14+02:00)
Maven home: /home/spirals/danglot/apache-maven-3.5.4
Java version: 1.8.0_121, vendor: Oracle Corporation, runtime: /home/spirals/danglot/jdk1.8.0_121/jre
Default locale: en_US, platform encoding: ANSI_X3.4-1968
OS name: "linux", version: "3.16.0-4-amd64", arch: "amd64", family: "unix"
[DEBUG] Created new class realm maven.api
[DEBUG] Importing foreign packages into class realm maven.api
[DEBUG]   Imported: javax.annotation.* < plexus.core
[DEBUG]   Imported: javax.annotation.security.* < plexus.core
[DEBUG]   Imported: javax.enterprise.inject.* < plexus.core
[DEBUG]   Imported: javax.enterprise.util.* < plexus.core
[DEBUG]   Imported: javax.inject.* < plexus.core
[DEBUG]   Imported: org.apache.maven.* < plexus.core
[DEBUG]   Imported: org.apache.maven.artifact < plexus.core
[DEBUG]   Imported: org.apache.maven.classrealm < plexus.core
[DEBUG]   Imported: org.apache.maven.cli < plexus.core
[DEBUG]   Imported: org.apache.maven.configuration < plexus.core
[DEBUG]   Imported: org.apache.maven.exception < plexus.core
[DEBUG]   Imported: org.apache.maven.execution < plexus.core
[DEBUG]   Imported: org.apache.maven.execution.scope < plexus.core
[DEBUG]   Imported: org.apache.maven.lifecycle < plexus.core
[DEBUG]   Imported: org.apache.maven.model < plexus.core
[DEBUG]   Imported: org.apache.maven.monitor < plexus.core
[DEBUG]   Imported: org.apache.maven.plugin < plexus.core
[DEBUG]   Imported: org.apache.maven.profiles < plexus.core
[DEBUG]   Imported: org.apache.maven.project < plexus.core
[DEBUG]   Imported: org.apache.maven.reporting < plexus.core
[DEBUG]   Imported: org.apache.maven.repository < plexus.core
[DEBUG]   Imported: org.apache.maven.rtinfo < plexus.core
[DEBUG]   Imported: org.apache.maven.settings < plexus.core
[DEBUG]   Imported: org.apache.maven.toolchain < plexus.core
[DEBUG]   Imported: org.apache.maven.usability < plexus.core
[DEBUG]   Imported: org.apache.maven.wagon.* < plexus.core
[DEBUG]   Imported: org.apache.maven.wagon.authentication < plexus.core
[DEBUG]   Imported: org.apache.maven.wagon.authorization < plexus.core
[DEBUG]   Imported: org.apache.maven.wagon.events < plexus.core
[DEBUG]   Imported: org.apache.maven.wagon.observers < plexus.core
[DEBUG]   Imported: org.apache.maven.wagon.proxy < plexus.core
[DEBUG]   Imported: org.apache.maven.wagon.repository < plexus.core
[DEBUG]   Imported: org.apache.maven.wagon.resource < plexus.core
[DEBUG]   Imported: org.codehaus.classworlds < plexus.core
[DEBUG]   Imported: org.codehaus.plexus.* < plexus.core
[DEBUG]   Imported: org.codehaus.plexus.classworlds < plexus.core
[DEBUG]   Imported: org.codehaus.plexus.component < plexus.core
[DEBUG]   Imported: org.codehaus.plexus.configuration < plexus.core
[DEBUG]   Imported: org.codehaus.plexus.container < plexus.core
[DEBUG]   Imported: org.codehaus.plexus.context < plexus.core
[DEBUG]   Imported: org.codehaus.plexus.lifecycle < plexus.core
[DEBUG]   Imported: org.codehaus.plexus.logging < plexus.core
[DEBUG]   Imported: org.codehaus.plexus.personality < plexus.core
[DEBUG]   Imported: org.codehaus.plexus.util.xml.Xpp3Dom < plexus.core
[DEBUG]   Imported: org.codehaus.plexus.util.xml.pull.XmlPullParser < plexus.core
[DEBUG]   Imported: org.codehaus.plexus.util.xml.pull.XmlPullParserException < plexus.core
[DEBUG]   Imported: org.codehaus.plexus.util.xml.pull.XmlSerializer < plexus.core
[DEBUG]   Imported: org.eclipse.aether.* < plexus.core
[DEBUG]   Imported: org.eclipse.aether.artifact < plexus.core
[DEBUG]   Imported: org.eclipse.aether.collection < plexus.core
[DEBUG]   Imported: org.eclipse.aether.deployment < plexus.core
[DEBUG]   Imported: org.eclipse.aether.graph < plexus.core
[DEBUG]   Imported: org.eclipse.aether.impl < plexus.core
[DEBUG]   Imported: org.eclipse.aether.installation < plexus.core
[DEBUG]   Imported: org.eclipse.aether.internal.impl < plexus.core
[DEBUG]   Imported: org.eclipse.aether.metadata < plexus.core
[DEBUG]   Imported: org.eclipse.aether.repository < plexus.core
[DEBUG]   Imported: org.eclipse.aether.resolution < plexus.core
[DEBUG]   Imported: org.eclipse.aether.spi < plexus.core
[DEBUG]   Imported: org.eclipse.aether.transfer < plexus.core
[DEBUG]   Imported: org.eclipse.aether.version < plexus.core
[DEBUG]   Imported: org.fusesource.jansi.* < plexus.core
[DEBUG]   Imported: org.slf4j.* < plexus.core
[DEBUG]   Imported: org.slf4j.helpers.* < plexus.core
[DEBUG]   Imported: org.slf4j.spi.* < plexus.core
[DEBUG] Populating class realm maven.api
[INFO] Error stacktraces are turned on.
[DEBUG] Message scheme: color
[DEBUG] Message styles: debug info warning error success failure strong mojo project
[DEBUG] Reading global settings from /home/spirals/danglot/apache-maven-3.5.4/conf/settings.xml
[DEBUG] Reading user settings from /home/spirals/danglot/.m2/settings.xml
[DEBUG] Reading global toolchains from /home/spirals/danglot/apache-maven-3.5.4/conf/toolchains.xml
[DEBUG] Reading user toolchains from /home/spirals/danglot/.m2/toolchains.xml
[DEBUG] Using local repository at /home/spirals/danglot/.m2/repository
[DEBUG] Using manager EnhancedLocalRepositoryManager with priority 10.0 for /home/spirals/danglot/.m2/repository
[INFO] Scanning for projects...
[DEBUG] Extension realms for project com.google.code.gson:gson:jar:2.8.1-SNAPSHOT: (none)
[DEBUG] Looking up lifecycle mappings for packaging jar from ClassRealm[plexus.core, parent: null]
[DEBUG] Extension realms for project com.google.code.gson:gson-parent:pom:2.8.1-SNAPSHOT: (none)
[DEBUG] Looking up lifecycle mappings for packaging pom from ClassRealm[plexus.core, parent: null]
[DEBUG] Extension realms for project org.sonatype.oss:oss-parent:pom:7: (none)
[DEBUG] Looking up lifecycle mappings for packaging pom from ClassRealm[plexus.core, parent: null]
[WARNING] 
[WARNING] Some problems were encountered while building the effective model for com.google.code.gson:gson:jar:2.8.1-SNAPSHOT
[WARNING] 'build.plugins.plugin.version' for org.apache.maven.plugins:maven-jar-plugin is missing. @ com.google.code.gson:gson:[unknown-version], /tmp/dspot-experiments/dataset/april-2019/gson/gson/pom.xml, line 46, column 15
[WARNING] 
[WARNING] It is highly recommended to fix these problems because they threaten the stability of your build.
[WARNING] 
[WARNING] For this reason, future Maven versions might no longer support building such malformed projects.
[WARNING] 
[DEBUG] === REACTOR BUILD PLAN ================================================
[DEBUG] Project: com.google.code.gson:gson:jar:2.8.1-SNAPSHOT
[DEBUG] Tasks:   [clean, eu.stamp-project:dspot-diff-test-selection:2.0.1-SNAPSHOT:list]
[DEBUG] Style:   Regular
[DEBUG] =======================================================================
[INFO] 
[INFO] ---------------------< com.google.code.gson:gson >----------------------
[INFO] Building Gson 2.8.1-SNAPSHOT
[INFO] --------------------------------[ jar ]---------------------------------
[DEBUG] Lifecycle default -> [validate, initialize, generate-sources, process-sources, generate-resources, process-resources, compile, process-classes, generate-test-sources, process-test-sources, generate-test-resources, process-test-resources, test-compile, process-test-classes, test, prepare-package, package, pre-integration-test, integration-test, post-integration-test, verify, install, deploy]
[DEBUG] Lifecycle clean -> [pre-clean, clean, post-clean]
[DEBUG] Lifecycle site -> [pre-site, site, post-site, site-deploy]
[DEBUG] Lifecycle default -> [validate, initialize, generate-sources, process-sources, generate-resources, process-resources, compile, process-classes, generate-test-sources, process-test-sources, generate-test-resources, process-test-resources, test-compile, process-test-classes, test, prepare-package, package, pre-integration-test, integration-test, post-integration-test, verify, install, deploy]
[DEBUG] Lifecycle clean -> [pre-clean, clean, post-clean]
[DEBUG] Lifecycle site -> [pre-site, site, post-site, site-deploy]
[DEBUG] Lifecycle default -> [validate, initialize, generate-sources, process-sources, generate-resources, process-resources, compile, process-classes, generate-test-sources, process-test-sources, generate-test-resources, process-test-resources, test-compile, process-test-classes, test, prepare-package, package, pre-integration-test, integration-test, post-integration-test, verify, install, deploy]
[DEBUG] Lifecycle clean -> [pre-clean, clean, post-clean]
[DEBUG] Lifecycle site -> [pre-site, site, post-site, site-deploy]
[DEBUG] === PROJECT BUILD PLAN ================================================
[DEBUG] Project:       com.google.code.gson:gson:2.8.1-SNAPSHOT
[DEBUG] Dependencies (collect): []
[DEBUG] Dependencies (resolve): []
[DEBUG] Repositories (dependencies): [sonatype-nexus-snapshots (https://oss.sonatype.org/content/repositories/snapshots, default, snapshots), central (https://repo.maven.apache.org/maven2, default, releases)]
[DEBUG] Repositories (plugins)     : [central (https://repo.maven.apache.org/maven2, default, releases)]
[DEBUG] -----------------------------------------------------------------------
[DEBUG] Goal:          org.apache.maven.plugins:maven-clean-plugin:2.5:clean (default-clean)
[DEBUG] Style:         Regular
[DEBUG] Configuration: <?xml version="1.0" encoding="UTF-8"?>
<configuration>
  <directory default-value="${project.build.directory}"/>
  <excludeDefaultDirectories default-value="false">${clean.excludeDefaultDirectories}</excludeDefaultDirectories>
  <failOnError default-value="true">${maven.clean.failOnError}</failOnError>
  <followSymLinks default-value="false">${clean.followSymLinks}</followSymLinks>
  <outputDirectory default-value="${project.build.outputDirectory}"/>
  <reportDirectory default-value="${project.reporting.outputDirectory}"/>
  <retryOnError default-value="true">${maven.clean.retryOnError}</retryOnError>
  <skip default-value="false">${clean.skip}</skip>
  <testOutputDirectory default-value="${project.build.testOutputDirectory}"/>
  <verbose>${clean.verbose}</verbose>
</configuration>
[DEBUG] -----------------------------------------------------------------------
[DEBUG] Goal:          eu.stamp-project:dspot-diff-test-selection:2.0.1-SNAPSHOT:list (default-cli)
[DEBUG] Style:         Regular
[DEBUG] Configuration: <?xml version="1.0" encoding="UTF-8"?>
<configuration>
  <module default-value="">${module}</module>
  <outputFormat default-value="CSV">${output-format}</outputFormat>
  <outputPath default-value="">${output-path}</outputPath>
  <pathDirSecondVersion>${path-dir-second-version}</pathDirSecondVersion>
  <pathToDiff default-value="">${path-to-diff}</pathToDiff>
  <project default-value="${project}"/>
</configuration>
[DEBUG] =======================================================================
[INFO] 
[INFO] --- maven-clean-plugin:2.5:clean (default-clean) @ gson ---
[DEBUG] Dependency collection stats: {ConflictMarker.analyzeTime=780493, ConflictMarker.markTime=469989, ConflictMarker.nodeCount=3, ConflictIdSorter.graphTime=411981, ConflictIdSorter.topsortTime=380251, ConflictIdSorter.conflictIdCount=3, ConflictIdSorter.conflictIdCycleCount=0, ConflictResolver.totalTime=3339513, ConflictResolver.conflictItemCount=3, DefaultDependencyCollector.collectTime=46330424, DefaultDependencyCollector.transformTime=7739555}
[DEBUG] org.apache.maven.plugins:maven-clean-plugin:jar:2.5:
[DEBUG]    org.apache.maven:maven-plugin-api:jar:2.0.6:compile
[DEBUG]    org.codehaus.plexus:plexus-utils:jar:3.0:compile
[DEBUG] Created new class realm plugin>org.apache.maven.plugins:maven-clean-plugin:2.5
[DEBUG] Importing foreign packages into class realm plugin>org.apache.maven.plugins:maven-clean-plugin:2.5
[DEBUG]   Imported:  < maven.api
[DEBUG] Populating class realm plugin>org.apache.maven.plugins:maven-clean-plugin:2.5
[DEBUG]   Included: org.apache.maven.plugins:maven-clean-plugin:jar:2.5
[DEBUG]   Included: org.codehaus.plexus:plexus-utils:jar:3.0
[DEBUG] Configuring mojo org.apache.maven.plugins:maven-clean-plugin:2.5:clean from plugin realm ClassRealm[plugin>org.apache.maven.plugins:maven-clean-plugin:2.5, parent: sun.misc.Launcher$AppClassLoader@55f96302]
[DEBUG] Configuring mojo 'org.apache.maven.plugins:maven-clean-plugin:2.5:clean' with basic configurator -->
[DEBUG]   (f) directory = /tmp/dspot-experiments/dataset/april-2019/gson/gson/target
[DEBUG]   (f) excludeDefaultDirectories = false
[DEBUG]   (f) failOnError = true
[DEBUG]   (f) followSymLinks = false
[DEBUG]   (f) outputDirectory = /tmp/dspot-experiments/dataset/april-2019/gson/gson/target/classes
[DEBUG]   (f) reportDirectory = /tmp/dspot-experiments/dataset/april-2019/gson/gson/target/site
[DEBUG]   (f) retryOnError = true
[DEBUG]   (f) skip = false
[DEBUG]   (f) testOutputDirectory = /tmp/dspot-experiments/dataset/april-2019/gson/gson/target/test-classes
[DEBUG] -- end configuration --
[INFO] Deleting /tmp/dspot-experiments/dataset/april-2019/gson/gson/target
[INFO] Deleting file /tmp/dspot-experiments/dataset/april-2019/gson/gson/target/gson-2.8.1-SNAPSHOT.jar
[INFO] Deleting file /tmp/dspot-experiments/dataset/april-2019/gson/gson/target/maven-archiver/pom.properties
[INFO] Deleting directory /tmp/dspot-experiments/dataset/april-2019/gson/gson/target/maven-archiver
[INFO] Deleting directory /tmp/dspot-experiments/dataset/april-2019/gson/gson/target/generated-sources/annotations
[INFO] Deleting directory /tmp/dspot-experiments/dataset/april-2019/gson/gson/target/generated-sources
[INFO] Deleting directory /tmp/dspot-experiments/dataset/april-2019/gson/gson/target/generated-test-sources/test-annotations
[INFO] Deleting directory /tmp/dspot-experiments/dataset/april-2019/gson/gson/target/generated-test-sources
[INFO] Deleting file /tmp/dspot-experiments/dataset/april-2019/gson/gson/target/classes/com/google/gson/FieldNamingPolicy$2.class
[INFO] Deleting file /tmp/dspot-experiments/dataset/april-2019/gson/gson/target/classes/com/google/gson/FieldNamingPolicy$4.class
[INFO] Deleting file /tmp/dspot-experiments/dataset/april-2019/gson/gson/target/classes/com/google/gson/FieldNamingPolicy$1.class
[INFO] Deleting file /tmp/dspot-experiments/dataset/april-2019/gson/gson/target/classes/com/google/gson/annotations/Expose.class
[INFO] Deleting file /tmp/dspot-experiments/dataset/april-2019/gson/gson/target/classes/com/google/gson/annotations/Since.class
[INFO] Deleting file /tmp/dspot-experiments/dataset/april-2019/gson/gson/target/classes/com/google/gson/annotations/JsonAdapter.class
[INFO] Deleting file /tmp/dspot-experiments/dataset/april-2019/gson/gson/target/classes/com/google/gson/annotations/SerializedName.class
[INFO] Deleting file /tmp/dspot-experiments/dataset/april-2019/gson/gson/target/classes/com/google/gson/annotations/Until.class
[INFO] Deleting directory /tmp/dspot-experiments/dataset/april-2019/gson/gson/target/classes/com/google/gson/annotations
[INFO] Deleting file /tmp/dspot-experiments/dataset/april-2019/gson/gson/target/classes/com/google/gson/FieldAttributes.class
[INFO] Deleting file /tmp/dspot-experiments/dataset/april-2019/gson/gson/target/classes/com/google/gson/Gson$4.class
[INFO] Deleting file /tmp/dspot-experiments/dataset/april-2019/gson/gson/target/classes/com/google/gson/LongSerializationPolicy.class
[INFO] Deleting file /tmp/dspot-experiments/dataset/april-2019/gson/gson/target/classes/com/google/gson/GsonBuilder.class
[INFO] Deleting file /tmp/dspot-experiments/dataset/april-2019/gson/gson/target/classes/com/google/gson/FieldNamingPolicy.class
[INFO] Deleting file /tmp/dspot-experiments/dataset/april-2019/gson/gson/target/classes/com/google/gson/JsonParseException.class
[INFO] Deleting file /tmp/dspot-experiments/dataset/april-2019/gson/gson/target/classes/com/google/gson/LongSerializationPolicy$1.class
[INFO] Deleting file /tmp/dspot-experiments/dataset/april-2019/gson/gson/target/classes/com/google/gson/stream/JsonToken.class
[INFO] Deleting file /tmp/dspot-experiments/dataset/april-2019/gson/gson/target/classes/com/google/gson/stream/JsonReader$1.class
[INFO] Deleting file /tmp/dspot-experiments/dataset/april-2019/gson/gson/target/classes/com/google/gson/stream/JsonScope.class
[INFO] Deleting file /tmp/dspot-experiments/dataset/april-2019/gson/gson/target/classes/com/google/gson/stream/JsonReader.class
[INFO] Deleting file /tmp/dspot-experiments/dataset/april-2019/gson/gson/target/classes/com/google/gson/stream/JsonWriter.class
[INFO] Deleting file /tmp/dspot-experiments/dataset/april-2019/gson/gson/target/classes/com/google/gson/stream/MalformedJsonException.class
[INFO] Deleting directory /tmp/dspot-experiments/dataset/april-2019/gson/gson/target/classes/com/google/gson/stream
[INFO] Deleting file /tmp/dspot-experiments/dataset/april-2019/gson/gson/target/classes/com/google/gson/JsonStreamParser.class
[INFO] Deleting file /tmp/dspot-experiments/dataset/april-2019/gson/gson/target/classes/com/google/gson/JsonNull.class
[INFO] Deleting file /tmp/dspot-experiments/dataset/april-2019/gson/gson/target/classes/com/google/gson/JsonElement.class
[INFO] Deleting file /tmp/dspot-experiments/dataset/april-2019/gson/gson/target/classes/com/google/gson/FieldNamingPolicy$3.class
[INFO] Deleting file /tmp/dspot-experiments/dataset/april-2019/gson/gson/target/classes/com/google/gson/FieldNamingPolicy$5.class
[INFO] Deleting file /tmp/dspot-experiments/dataset/april-2019/gson/gson/target/classes/com/google/gson/TypeAdapterFactory.class
[INFO] Deleting file /tmp/dspot-experiments/dataset/april-2019/gson/gson/target/classes/com/google/gson/ExclusionStrategy.class
[INFO] Deleting file /tmp/dspot-experiments/dataset/april-2019/gson/gson/target/classes/com/google/gson/Gson$2.class
[INFO] Deleting file /tmp/dspot-experiments/dataset/april-2019/gson/gson/target/classes/com/google/gson/FieldNamingStrategy.class
[INFO] Deleting file /tmp/dspot-experiments/dataset/april-2019/gson/gson/target/classes/com/google/gson/JsonPrimitive.class
[INFO] Deleting file /tmp/dspot-experiments/dataset/april-2019/gson/gson/target/classes/com/google/gson/TypeAdapter.class
[INFO] Deleting file /tmp/dspot-experiments/dataset/april-2019/gson/gson/target/classes/com/google/gson/Gson.class
[INFO] Deleting file /tmp/dspot-experiments/dataset/april-2019/gson/gson/target/classes/com/google/gson/Gson$5.class
[INFO] Deleting file /tmp/dspot-experiments/dataset/april-2019/gson/gson/target/classes/com/google/gson/JsonSerializer.class
[INFO] Deleting file /tmp/dspot-experiments/dataset/april-2019/gson/gson/target/classes/com/google/gson/JsonIOException.class
[INFO] Deleting file /tmp/dspot-experiments/dataset/april-2019/gson/gson/target/classes/com/google/gson/JsonSerializationContext.class
[INFO] Deleting file /tmp/dspot-experiments/dataset/april-2019/gson/gson/target/classes/com/google/gson/reflect/TypeToken.class
[INFO] Deleting directory /tmp/dspot-experiments/dataset/april-2019/gson/gson/target/classes/com/google/gson/reflect
[INFO] Deleting file /tmp/dspot-experiments/dataset/april-2019/gson/gson/target/classes/com/google/gson/Gson$6.class
[INFO] Deleting file /tmp/dspot-experiments/dataset/april-2019/gson/gson/target/classes/com/google/gson/Gson$FutureTypeAdapter.class
[INFO] Deleting file /tmp/dspot-experiments/dataset/april-2019/gson/gson/target/classes/com/google/gson/internal/ObjectConstructor.class
[INFO] Deleting file /tmp/dspot-experiments/dataset/april-2019/gson/gson/target/classes/com/google/gson/internal/ConstructorConstructor$10.class
[INFO] Deleting file /tmp/dspot-experiments/dataset/april-2019/gson/gson/target/classes/com/google/gson/internal/LinkedHashTreeMap$1.class
[INFO] Deleting file /tmp/dspot-experiments/dataset/april-2019/gson/gson/target/classes/com/google/gson/internal/$Gson$Types$GenericArrayTypeImpl.class
[INFO] Deleting file /tmp/dspot-experiments/dataset/april-2019/gson/gson/target/classes/com/google/gson/internal/LinkedTreeMap.class
[INFO] Deleting file /tmp/dspot-experiments/dataset/april-2019/gson/gson/target/classes/com/google/gson/internal/UnsafeAllocator$2.class
[INFO] Deleting file /tmp/dspot-experiments/dataset/april-2019/gson/gson/target/classes/com/google/gson/internal/LinkedTreeMap$1.class
[INFO] Deleting file /tmp/dspot-experiments/dataset/april-2019/gson/gson/target/classes/com/google/gson/internal/ConstructorConstructor$11.class
[INFO] Deleting file /tmp/dspot-experiments/dataset/april-2019/gson/gson/target/classes/com/google/gson/internal/Excluder.class
[INFO] Deleting file /tmp/dspot-experiments/dataset/april-2019/gson/gson/target/classes/com/google/gson/internal/LazilyParsedNumber.class
[INFO] Deleting file /tmp/dspot-experiments/dataset/april-2019/gson/gson/target/classes/com/google/gson/internal/bind/TypeAdapters$14.class
[INFO] Deleting file /tmp/dspot-experiments/dataset/april-2019/gson/gson/target/classes/com/google/gson/internal/bind/TypeAdapters$15.class
[INFO] Deleting file /tmp/dspot-experiments/dataset/april-2019/gson/gson/target/classes/com/google/gson/internal/bind/ObjectTypeAdapter$2.class
[INFO] Deleting file /tmp/dspot-experiments/dataset/april-2019/gson/gson/target/classes/com/google/gson/internal/bind/TypeAdapters$35$1.class
[INFO] Deleting file /tmp/dspot-experiments/dataset/april-2019/gson/gson/target/classes/com/google/gson/internal/bind/TypeAdapters$3.class
[INFO] Deleting file /tmp/dspot-experiments/dataset/april-2019/gson/gson/target/classes/com/google/gson/internal/bind/SqlDateTypeAdapter.class
[INFO] Deleting file /tmp/dspot-experiments/dataset/april-2019/gson/gson/target/classes/com/google/gson/internal/bind/TypeAdapters$13.class
[INFO] Deleting file /tmp/dspot-experiments/dataset/april-2019/gson/gson/target/classes/com/google/gson/internal/bind/TypeAdapters$16.class
[INFO] Deleting file /tmp/dspot-experiments/dataset/april-2019/gson/gson/target/classes/com/google/gson/internal/bind/ArrayTypeAdapter$1.class
[INFO] Deleting file /tmp/dspot-experiments/dataset/april-2019/gson/gson/target/classes/com/google/gson/internal/bind/JsonAdapterAnnotationTypeAdapterFactory.class
[INFO] Deleting file /tmp/dspot-experiments/dataset/april-2019/gson/gson/target/classes/com/google/gson/internal/bind/TypeAdapters$29.class
[INFO] Deleting file /tmp/dspot-experiments/dataset/april-2019/gson/gson/target/classes/com/google/gson/internal/bind/TypeAdapters$8.class
[INFO] Deleting file /tmp/dspot-experiments/dataset/april-2019/gson/gson/target/classes/com/google/gson/internal/bind/TypeAdapters$27.class
[INFO] Deleting file /tmp/dspot-experiments/dataset/april-2019/gson/gson/target/classes/com/google/gson/internal/bind/TypeAdapters$21.class
[INFO] Deleting file /tmp/dspot-experiments/dataset/april-2019/gson/gson/target/classes/com/google/gson/internal/bind/JsonTreeReader.class
[INFO] Deleting file /tmp/dspot-experiments/dataset/april-2019/gson/gson/target/classes/com/google/gson/internal/bind/ReflectiveTypeAdapterFactory.class
[INFO] Deleting file /tmp/dspot-experiments/dataset/april-2019/gson/gson/target/classes/com/google/gson/internal/bind/SqlDateTypeAdapter$1.class
[INFO] Deleting file /tmp/dspot-experiments/dataset/april-2019/gson/gson/target/classes/com/google/gson/internal/bind/TypeAdapters$25.class
[INFO] Deleting file /tmp/dspot-experiments/dataset/april-2019/gson/gson/target/classes/com/google/gson/internal/bind/TypeAdapters$26.class
[INFO] Deleting file /tmp/dspot-experiments/dataset/april-2019/gson/gson/target/classes/com/google/gson/internal/bind/TypeAdapters$18.class
[INFO] Deleting file /tmp/dspot-experiments/dataset/april-2019/gson/gson/target/classes/com/google/gson/internal/bind/TypeAdapters$6.class
[INFO] Deleting file /tmp/dspot-experiments/dataset/april-2019/gson/gson/target/classes/com/google/gson/internal/bind/TypeAdapters$9.class
[INFO] Deleting file /tmp/dspot-experiments/dataset/april-2019/gson/gson/target/classes/com/google/gson/internal/bind/TreeTypeAdapter$SingleTypeFactory.class
[INFO] Deleting file /tmp/dspot-experiments/dataset/april-2019/gson/gson/target/classes/com/google/gson/internal/bind/TypeAdapters$12.class
[INFO] Deleting file /tmp/dspot-experiments/dataset/april-2019/gson/gson/target/classes/com/google/gson/internal/bind/ObjectTypeAdapter$1.class
[INFO] Deleting file /tmp/dspot-experiments/dataset/april-2019/gson/gson/target/classes/com/google/gson/internal/bind/TypeAdapters$1.class
[INFO] Deleting file /tmp/dspot-experiments/dataset/april-2019/gson/gson/target/classes/com/google/gson/internal/bind/TypeAdapters$7.class
[INFO] Deleting file /tmp/dspot-experiments/dataset/april-2019/gson/gson/target/classes/com/google/gson/internal/bind/TypeAdapters$33.class
[INFO] Deleting file /tmp/dspot-experiments/dataset/april-2019/gson/gson/target/classes/com/google/gson/internal/bind/TimeTypeAdapter$1.class
[INFO] Deleting file /tmp/dspot-experiments/dataset/april-2019/gson/gson/target/classes/com/google/gson/internal/bind/TypeAdapters$36.class
[INFO] Deleting file /tmp/dspot-experiments/dataset/april-2019/gson/gson/target/classes/com/google/gson/internal/bind/JsonTreeWriter.class
[INFO] Deleting file /tmp/dspot-experiments/dataset/april-2019/gson/gson/target/classes/com/google/gson/internal/bind/TypeAdapters$11.class
[INFO] Deleting file /tmp/dspot-experiments/dataset/april-2019/gson/gson/target/classes/com/google/gson/internal/bind/TypeAdapters.class
[INFO] Deleting file /tmp/dspot-experiments/dataset/april-2019/gson/gson/target/classes/com/google/gson/internal/bind/TypeAdapterRuntimeTypeWrapper.class
[INFO] Deleting file /tmp/dspot-experiments/dataset/april-2019/gson/gson/target/classes/com/google/gson/internal/bind/CollectionTypeAdapterFactory.class
[INFO] Deleting file /tmp/dspot-experiments/dataset/april-2019/gson/gson/target/classes/com/google/gson/internal/bind/TypeAdapters$31.class
[INFO] Deleting file /tmp/dspot-experiments/dataset/april-2019/gson/gson/target/classes/com/google/gson/internal/bind/TypeAdapters$22.class
[INFO] Deleting file /tmp/dspot-experiments/dataset/april-2019/gson/gson/target/classes/com/google/gson/internal/bind/TimeTypeAdapter.class
[INFO] Deleting file /tmp/dspot-experiments/dataset/april-2019/gson/gson/target/classes/com/google/gson/internal/bind/TypeAdapters$35.class
[INFO] Deleting file /tmp/dspot-experiments/dataset/april-2019/gson/gson/target/classes/com/google/gson/internal/bind/MapTypeAdapterFactory$Adapter.class
[INFO] Deleting file /tmp/dspot-experiments/dataset/april-2019/gson/gson/target/classes/com/google/gson/internal/bind/ObjectTypeAdapter.class
[INFO] Deleting file /tmp/dspot-experiments/dataset/april-2019/gson/gson/target/classes/com/google/gson/internal/bind/ReflectiveTypeAdapterFactory$Adapter.class
[INFO] Deleting file /tmp/dspot-experiments/dataset/april-2019/gson/gson/target/classes/com/google/gson/internal/bind/TypeAdapters$EnumTypeAdapter.class
[INFO] Deleting file /tmp/dspot-experiments/dataset/april-2019/gson/gson/target/classes/com/google/gson/internal/bind/ArrayTypeAdapter.class
[INFO] Deleting file /tmp/dspot-experiments/dataset/april-2019/gson/gson/target/classes/com/google/gson/internal/bind/DateTypeAdapter$1.class
[INFO] Deleting file /tmp/dspot-experiments/dataset/april-2019/gson/gson/target/classes/com/google/gson/internal/bind/TypeAdapters$2.class
[INFO] Deleting file /tmp/dspot-experiments/dataset/april-2019/gson/gson/target/classes/com/google/gson/internal/bind/TreeTypeAdapter$1.class
[INFO] Deleting file /tmp/dspot-experiments/dataset/april-2019/gson/gson/target/classes/com/google/gson/internal/bind/TypeAdapters$19.class
[INFO] Deleting file /tmp/dspot-experiments/dataset/april-2019/gson/gson/target/classes/com/google/gson/internal/bind/TypeAdapters$20.class
[INFO] Deleting file /tmp/dspot-experiments/dataset/april-2019/gson/gson/target/classes/com/google/gson/internal/bind/ReflectiveTypeAdapterFactory$1.class
[INFO] Deleting file /tmp/dspot-experiments/dataset/april-2019/gson/gson/target/classes/com/google/gson/internal/bind/DateTypeAdapter.class
[INFO] Deleting file /tmp/dspot-experiments/dataset/april-2019/gson/gson/target/classes/com/google/gson/internal/bind/TypeAdapters$24.class
[INFO] Deleting file /tmp/dspot-experiments/dataset/april-2019/gson/gson/target/classes/com/google/gson/internal/bind/util/ISO8601Utils.class
[INFO] Deleting directory /tmp/dspot-experiments/dataset/april-2019/gson/gson/target/classes/com/google/gson/internal/bind/util
[INFO] Deleting file /tmp/dspot-experiments/dataset/april-2019/gson/gson/target/classes/com/google/gson/internal/bind/CollectionTypeAdapterFactory$Adapter.class
[INFO] Deleting file /tmp/dspot-experiments/dataset/april-2019/gson/gson/target/classes/com/google/gson/internal/bind/ReflectiveTypeAdapterFactory$BoundField.class
[INFO] Deleting file /tmp/dspot-experiments/dataset/april-2019/gson/gson/target/classes/com/google/gson/internal/bind/MapTypeAdapterFactory.class
[INFO] Deleting file /tmp/dspot-experiments/dataset/april-2019/gson/gson/target/classes/com/google/gson/internal/bind/TypeAdapters$30.class
[INFO] Deleting file /tmp/dspot-experiments/dataset/april-2019/gson/gson/target/classes/com/google/gson/internal/bind/TypeAdapters$23.class
[INFO] Deleting file /tmp/dspot-experiments/dataset/april-2019/gson/gson/target/classes/com/google/gson/internal/bind/TypeAdapters$4.class
[INFO] Deleting file /tmp/dspot-experiments/dataset/april-2019/gson/gson/target/classes/com/google/gson/internal/bind/TypeAdapters$10.class
[INFO] Deleting file /tmp/dspot-experiments/dataset/april-2019/gson/gson/target/classes/com/google/gson/internal/bind/TypeAdapters$28.class
[INFO] Deleting file /tmp/dspot-experiments/dataset/april-2019/gson/gson/target/classes/com/google/gson/internal/bind/TypeAdapters$34.class
[INFO] Deleting file /tmp/dspot-experiments/dataset/april-2019/gson/gson/target/classes/com/google/gson/internal/bind/TypeAdapters$5.class
[INFO] Deleting file /tmp/dspot-experiments/dataset/april-2019/gson/gson/target/classes/com/google/gson/internal/bind/TreeTypeAdapter.class
[INFO] Deleting file /tmp/dspot-experiments/dataset/april-2019/gson/gson/target/classes/com/google/gson/internal/bind/JsonTreeReader$1.class
[INFO] Deleting file /tmp/dspot-experiments/dataset/april-2019/gson/gson/target/classes/com/google/gson/internal/bind/TreeTypeAdapter$GsonContextImpl.class
[INFO] Deleting file /tmp/dspot-experiments/dataset/april-2019/gson/gson/target/classes/com/google/gson/internal/bind/JsonTreeWriter$1.class
[INFO] Deleting file /tmp/dspot-experiments/dataset/april-2019/gson/gson/target/classes/com/google/gson/internal/bind/TypeAdapters$32.class
[INFO] Deleting file /tmp/dspot-experiments/dataset/april-2019/gson/gson/target/classes/com/google/gson/internal/bind/TypeAdapters$17.class
[INFO] Deleting file /tmp/dspot-experiments/dataset/april-2019/gson/gson/target/classes/com/google/gson/internal/bind/TypeAdapters$26$1.class
[INFO] Deleting directory /tmp/dspot-experiments/dataset/april-2019/gson/gson/target/classes/com/google/gson/internal/bind
[INFO] Deleting file /tmp/dspot-experiments/dataset/april-2019/gson/gson/target/classes/com/google/gson/internal/$Gson$Types$WildcardTypeImpl.class
[INFO] Deleting file /tmp/dspot-experiments/dataset/april-2019/gson/gson/target/classes/com/google/gson/internal/LinkedHashTreeMap$Node.class
[INFO] Deleting file /tmp/dspot-experiments/dataset/april-2019/gson/gson/target/classes/com/google/gson/internal/LinkedHashTreeMap$KeySet.class
[INFO] Deleting file /tmp/dspot-experiments/dataset/april-2019/gson/gson/target/classes/com/google/gson/internal/LinkedTreeMap$EntrySet.class
[INFO] Deleting file /tmp/dspot-experiments/dataset/april-2019/gson/gson/target/classes/com/google/gson/internal/LinkedTreeMap$Node.class
[INFO] Deleting file /tmp/dspot-experiments/dataset/april-2019/gson/gson/target/classes/com/google/gson/internal/LinkedHashTreeMap$LinkedTreeMapIterator.class
[INFO] Deleting file /tmp/dspot-experiments/dataset/april-2019/gson/gson/target/classes/com/google/gson/internal/Excluder$1.class
[INFO] Deleting file /tmp/dspot-experiments/dataset/april-2019/gson/gson/target/classes/com/google/gson/internal/ConstructorConstructor$13.class
[INFO] Deleting file /tmp/dspot-experiments/dataset/april-2019/gson/gson/target/classes/com/google/gson/internal/$Gson$Preconditions.class
[INFO] Deleting file /tmp/dspot-experiments/dataset/april-2019/gson/gson/target/classes/com/google/gson/internal/ConstructorConstructor$7.class
[INFO] Deleting file /tmp/dspot-experiments/dataset/april-2019/gson/gson/target/classes/com/google/gson/internal/$Gson$Types$ParameterizedTypeImpl.class
[INFO] Deleting file /tmp/dspot-experiments/dataset/april-2019/gson/gson/target/classes/com/google/gson/internal/ConstructorConstructor$6.class
[INFO] Deleting file /tmp/dspot-experiments/dataset/april-2019/gson/gson/target/classes/com/google/gson/internal/LinkedHashTreeMap.class
[INFO] Deleting file /tmp/dspot-experiments/dataset/april-2019/gson/gson/target/classes/com/google/gson/internal/LinkedHashTreeMap$AvlBuilder.class
[INFO] Deleting file /tmp/dspot-experiments/dataset/april-2019/gson/gson/target/classes/com/google/gson/internal/LinkedTreeMap$KeySet.class
[INFO] Deleting file /tmp/dspot-experiments/dataset/april-2019/gson/gson/target/classes/com/google/gson/internal/ConstructorConstructor$14.class
[INFO] Deleting file /tmp/dspot-experiments/dataset/april-2019/gson/gson/target/classes/com/google/gson/internal/UnsafeAllocator$3.class
[INFO] Deleting file /tmp/dspot-experiments/dataset/april-2019/gson/gson/target/classes/com/google/gson/internal/Streams.class
[INFO] Deleting file /tmp/dspot-experiments/dataset/april-2019/gson/gson/target/classes/com/google/gson/internal/ConstructorConstructor$8.class
[INFO] Deleting file /tmp/dspot-experiments/dataset/april-2019/gson/gson/target/classes/com/google/gson/internal/Streams$AppendableWriter$CurrentWrite.class
[INFO] Deleting file /tmp/dspot-experiments/dataset/april-2019/gson/gson/target/classes/com/google/gson/internal/LinkedTreeMap$KeySet$1.class
[INFO] Deleting file /tmp/dspot-experiments/dataset/april-2019/gson/gson/target/classes/com/google/gson/internal/Streams$AppendableWriter.class
[INFO] Deleting file /tmp/dspot-experiments/dataset/april-2019/gson/gson/target/classes/com/google/gson/internal/ConstructorConstructor.class
[INFO] Deleting file /tmp/dspot-experiments/dataset/april-2019/gson/gson/target/classes/com/google/gson/internal/ConstructorConstructor$3.class
[INFO] Deleting file /tmp/dspot-experiments/dataset/april-2019/gson/gson/target/classes/com/google/gson/internal/ConstructorConstructor$12.class
[INFO] Deleting file /tmp/dspot-experiments/dataset/april-2019/gson/gson/target/classes/com/google/gson/internal/LinkedHashTreeMap$KeySet$1.class
[INFO] Deleting file /tmp/dspot-experiments/dataset/april-2019/gson/gson/target/classes/com/google/gson/internal/UnsafeAllocator$1.class
[INFO] Deleting file /tmp/dspot-experiments/dataset/april-2019/gson/gson/target/classes/com/google/gson/internal/$Gson$Types.class
[INFO] Deleting file /tmp/dspot-experiments/dataset/april-2019/gson/gson/target/classes/com/google/gson/internal/UnsafeAllocator.class
[INFO] Deleting file /tmp/dspot-experiments/dataset/april-2019/gson/gson/target/classes/com/google/gson/internal/ConstructorConstructor$2.class
[INFO] Deleting file /tmp/dspot-experiments/dataset/april-2019/gson/gson/target/classes/com/google/gson/internal/UnsafeAllocator$4.class
[INFO] Deleting file /tmp/dspot-experiments/dataset/april-2019/gson/gson/target/classes/com/google/gson/internal/LinkedTreeMap$LinkedTreeMapIterator.class
[INFO] Deleting file /tmp/dspot-experiments/dataset/april-2019/gson/gson/target/classes/com/google/gson/internal/Primitives.class
[INFO] Deleting file /tmp/dspot-experiments/dataset/april-2019/gson/gson/target/classes/com/google/gson/internal/ConstructorConstructor$9.class
[INFO] Deleting file /tmp/dspot-experiments/dataset/april-2019/gson/gson/target/classes/com/google/gson/internal/ConstructorConstructor$5.class
[INFO] Deleting file /tmp/dspot-experiments/dataset/april-2019/gson/gson/target/classes/com/google/gson/internal/LinkedHashTreeMap$AvlIterator.class
[INFO] Deleting file /tmp/dspot-experiments/dataset/april-2019/gson/gson/target/classes/com/google/gson/internal/LinkedTreeMap$EntrySet$1.class
[INFO] Deleting file /tmp/dspot-experiments/dataset/april-2019/gson/gson/target/classes/com/google/gson/internal/ConstructorConstructor$1.class
[INFO] Deleting file /tmp/dspot-experiments/dataset/april-2019/gson/gson/target/classes/com/google/gson/internal/JsonReaderInternalAccess.class
[INFO] Deleting file /tmp/dspot-experiments/dataset/april-2019/gson/gson/target/classes/com/google/gson/internal/LinkedHashTreeMap$EntrySet.class
[INFO] Deleting file /tmp/dspot-experiments/dataset/april-2019/gson/gson/target/classes/com/google/gson/internal/ConstructorConstructor$4.class
[INFO] Deleting file /tmp/dspot-experiments/dataset/april-2019/gson/gson/target/classes/com/google/gson/internal/LinkedHashTreeMap$EntrySet$1.class
[INFO] Deleting directory /tmp/dspot-experiments/dataset/april-2019/gson/gson/target/classes/com/google/gson/internal
[INFO] Deleting file /tmp/dspot-experiments/dataset/april-2019/gson/gson/target/classes/com/google/gson/JsonArray.class
[INFO] Deleting file /tmp/dspot-experiments/dataset/april-2019/gson/gson/target/classes/com/google/gson/JsonParser.class
[INFO] Deleting file /tmp/dspot-experiments/dataset/april-2019/gson/gson/target/classes/com/google/gson/LongSerializationPolicy$2.class
[INFO] Deleting file /tmp/dspot-experiments/dataset/april-2019/gson/gson/target/classes/com/google/gson/InstanceCreator.class
[INFO] Deleting file /tmp/dspot-experiments/dataset/april-2019/gson/gson/target/classes/com/google/gson/Gson$1.class
[INFO] Deleting file /tmp/dspot-experiments/dataset/april-2019/gson/gson/target/classes/com/google/gson/JsonObject.class
[INFO] Deleting file /tmp/dspot-experiments/dataset/april-2019/gson/gson/target/classes/com/google/gson/DefaultDateTypeAdapter.class
[INFO] Deleting file /tmp/dspot-experiments/dataset/april-2019/gson/gson/target/classes/com/google/gson/Gson$3.class
[INFO] Deleting file /tmp/dspot-experiments/dataset/april-2019/gson/gson/target/classes/com/google/gson/JsonDeserializationContext.class
[INFO] Deleting file /tmp/dspot-experiments/dataset/april-2019/gson/gson/target/classes/com/google/gson/TypeAdapter$1.class
[INFO] Deleting file /tmp/dspot-experiments/dataset/april-2019/gson/gson/target/classes/com/google/gson/JsonSyntaxException.class
[INFO] Deleting file /tmp/dspot-experiments/dataset/april-2019/gson/gson/target/classes/com/google/gson/JsonDeserializer.class
[INFO] Deleting directory /tmp/dspot-experiments/dataset/april-2019/gson/gson/target/classes/com/google/gson
[INFO] Deleting directory /tmp/dspot-experiments/dataset/april-2019/gson/gson/target/classes/com/google
[INFO] Deleting directory /tmp/dspot-experiments/dataset/april-2019/gson/gson/target/classes/com
[INFO] Deleting file /tmp/dspot-experiments/dataset/april-2019/gson/gson/target/classes/META-INF/MANIFEST.MF
[INFO] Deleting directory /tmp/dspot-experiments/dataset/april-2019/gson/gson/target/classes/META-INF
[INFO] Deleting directory /tmp/dspot-experiments/dataset/april-2019/gson/gson/target/classes
[INFO] Deleting file /tmp/dspot-experiments/dataset/april-2019/gson/gson/target/test-classes/com/google/gson/GenericArrayTypeTest$2.class
[INFO] Deleting file /tmp/dspot-experiments/dataset/april-2019/gson/gson/target/test-classes/com/google/gson/MockExclusionStrategy.class
[INFO] Deleting file /tmp/dspot-experiments/dataset/april-2019/gson/gson/target/test-classes/com/google/gson/functional/FieldExclusionTest$1.class
[INFO] Deleting file /tmp/dspot-experiments/dataset/april-2019/gson/gson/target/test-classes/com/google/gson/functional/EnumTest$Roshambo.class
[INFO] Deleting file /tmp/dspot-experiments/dataset/april-2019/gson/gson/target/test-classes/com/google/gson/functional/CollectionTest$2.class
[INFO] Deleting file /tmp/dspot-experiments/dataset/april-2019/gson/gson/target/test-classes/com/google/gson/functional/NullObjectAndFieldTest$ClassWithNullWrappedPrimitive.class
[INFO] Deleting file /tmp/dspot-experiments/dataset/april-2019/gson/gson/target/test-classes/com/google/gson/functional/VersioningTest.class
[INFO] Deleting file /tmp/dspot-experiments/dataset/april-2019/gson/gson/target/test-classes/com/google/gson/functional/JsonAdapterAnnotationOnClassesTest$A$JsonAdapter.class
[INFO] Deleting file /tmp/dspot-experiments/dataset/april-2019/gson/gson/target/test-classes/com/google/gson/functional/CollectionTest$5.class
[INFO] Deleting file /tmp/dspot-experiments/dataset/april-2019/gson/gson/target/test-classes/com/google/gson/functional/ExposeFieldsTest$ClassWithInterfaceField.class
[INFO] Deleting file /tmp/dspot-experiments/dataset/april-2019/gson/gson/target/test-classes/com/google/gson/functional/MapTest$28.class
[INFO] Deleting file /tmp/dspot-experiments/dataset/april-2019/gson/gson/target/test-classes/com/google/gson/functional/NamingPolicyTest$ClassWithDuplicateFields.class
[INFO] Deleting file /tmp/dspot-experiments/dataset/april-2019/gson/gson/target/test-classes/com/google/gson/functional/EnumTest$Roshambo$2.class
[INFO] Deleting file /tmp/dspot-experiments/dataset/april-2019/gson/gson/target/test-classes/com/google/gson/functional/TypeHierarchyAdapterTest$ManagerAdapter.class
[INFO] Deleting file /tmp/dspot-experiments/dataset/april-2019/gson/gson/target/test-classes/com/google/gson/functional/ExposeFieldsTest$SomeInterface.class
[INFO] Deleting file /tmp/dspot-experiments/dataset/april-2019/gson/gson/target/test-classes/com/google/gson/functional/VersioningTest$Version1_2.class
[INFO] Deleting file /tmp/dspot-experiments/dataset/april-2019/gson/gson/target/test-classes/com/google/gson/functional/EnumTest$6.class
[INFO] Deleting file /tmp/dspot-experiments/dataset/april-2019/gson/gson/target/test-classes/com/google/gson/functional/JsonAdapterAnnotationOnClassesTest$C$JsonAdapterFactory.class
[INFO] Deleting file /tmp/dspot-experiments/dataset/april-2019/gson/gson/target/test-classes/com/google/gson/functional/MapTest$MapClass.class
[INFO] Deleting file /tmp/dspot-experiments/dataset/april-2019/gson/gson/target/test-classes/com/google/gson/functional/TreeTypeAdaptersTest$Course.class
[INFO] Deleting file /tmp/dspot-experiments/dataset/april-2019/gson/gson/target/test-classes/com/google/gson/functional/InterfaceTest.class
[INFO] Deleting file /tmp/dspot-experiments/dataset/april-2019/gson/gson/target/test-classes/com/google/gson/functional/JsonTreeTest.class
[INFO] Deleting file /tmp/dspot-experiments/dataset/april-2019/gson/gson/target/test-classes/com/google/gson/functional/UncategorizedTest$2.class
[INFO] Deleting file /tmp/dspot-experiments/dataset/april-2019/gson/gson/target/test-classes/com/google/gson/functional/InstanceCreatorTest$1SubTreeSet.class
[INFO] Deleting file /tmp/dspot-experiments/dataset/april-2019/gson/gson/target/test-classes/com/google/gson/functional/FieldExclusionTest$Outer$Inner.class
[INFO] Deleting file /tmp/dspot-experiments/dataset/april-2019/gson/gson/target/test-classes/com/google/gson/functional/CustomTypeAdaptersTest$DateTypeAdapter.class
[INFO] Deleting file /tmp/dspot-experiments/dataset/april-2019/gson/gson/target/test-classes/com/google/gson/functional/EnumTest$3.class
[INFO] Deleting file /tmp/dspot-experiments/dataset/april-2019/gson/gson/target/test-classes/com/google/gson/functional/JsonAdapterAnnotationOnFieldsTest$Part.class
[INFO] Deleting file /tmp/dspot-experiments/dataset/april-2019/gson/gson/target/test-classes/com/google/gson/functional/JsonAdapterAnnotationOnClassesTest$ClassWithIncorrectJsonAdapter.class
[INFO] Deleting file /tmp/dspot-experiments/dataset/april-2019/gson/gson/target/test-classes/com/google/gson/functional/CustomTypeAdaptersTest$FooTypeAdapter.class
[INFO] Deleting file /tmp/dspot-experiments/dataset/april-2019/gson/gson/target/test-classes/com/google/gson/functional/ConcurrencyTest$1.class
[INFO] Deleting file /tmp/dspot-experiments/dataset/april-2019/gson/gson/target/test-classes/com/google/gson/functional/InstanceCreatorTest$4.class
[INFO] Deleting file /tmp/dspot-experiments/dataset/april-2019/gson/gson/target/test-classes/com/google/gson/functional/TypeVariableTest.class
[INFO] Deleting file /tmp/dspot-experiments/dataset/april-2019/gson/gson/target/test-classes/com/google/gson/functional/JsonAdapterAnnotationOnFieldsTest$1.class
[INFO] Deleting file /tmp/dspot-experiments/dataset/april-2019/gson/gson/target/test-classes/com/google/gson/functional/EnumTest$1.class
[INFO] Deleting file /tmp/dspot-experiments/dataset/april-2019/gson/gson/target/test-classes/com/google/gson/functional/MapTest$10.class
[INFO] Deleting file /tmp/dspot-experiments/dataset/april-2019/gson/gson/target/test-classes/com/google/gson/functional/InstanceCreatorTest$7.class
[INFO] Deleting file /tmp/dspot-experiments/dataset/april-2019/gson/gson/target/test-classes/com/google/gson/functional/ArrayTest$2.class
[INFO] Deleting file /tmp/dspot-experiments/dataset/april-2019/gson/gson/target/test-classes/com/google/gson/functional/CustomDeserializerTest$SubType1.class
[INFO] Deleting file /tmp/dspot-experiments/dataset/april-2019/gson/gson/target/test-classes/com/google/gson/functional/ConcurrencyTest.class
[INFO] Deleting file /tmp/dspot-experiments/dataset/april-2019/gson/gson/target/test-classes/com/google/gson/functional/MoreSpecificTypeSerializationTest$ClassWithContainersOfBaseFields.class
[INFO] Deleting file /tmp/dspot-experiments/dataset/april-2019/gson/gson/target/test-classes/com/google/gson/functional/CustomTypeAdaptersTest$5.class
[INFO] Deleting file /tmp/dspot-experiments/dataset/april-2019/gson/gson/target/test-classes/com/google/gson/functional/CircularReferenceTest$ClassWithSelfReferenceArray.class
[INFO] Deleting file /tmp/dspot-experiments/dataset/april-2019/gson/gson/target/test-classes/com/google/gson/functional/InternationalizationTest.class
[INFO] Deleting file /tmp/dspot-experiments/dataset/april-2019/gson/gson/target/test-classes/com/google/gson/functional/CustomTypeAdaptersTest$Derived.class
[INFO] Deleting file /tmp/dspot-experiments/dataset/april-2019/gson/gson/target/test-classes/com/google/gson/functional/ParameterizedTypesTest$MultiParameters.class
[INFO] Deleting file /tmp/dspot-experiments/dataset/april-2019/gson/gson/target/test-classes/com/google/gson/functional/JsonAdapterAnnotationOnClassesTest$3.class
[INFO] Deleting file /tmp/dspot-experiments/dataset/april-2019/gson/gson/target/test-classes/com/google/gson/functional/StreamingTypeAdaptersTest$Person.class
[INFO] Deleting file /tmp/dspot-experiments/dataset/april-2019/gson/gson/target/test-classes/com/google/gson/functional/CustomDeserializerTest$SubTypes.class
[INFO] Deleting file /tmp/dspot-experiments/dataset/april-2019/gson/gson/target/test-classes/com/google/gson/functional/DefaultTypeAdaptersTest$MyClassTypeAdapter.class
[INFO] Deleting file /tmp/dspot-experiments/dataset/april-2019/gson/gson/target/test-classes/com/google/gson/functional/JsonAdapterAnnotationOnFieldsTest$RegisteredUserAdapter.class
[INFO] Deleting file /tmp/dspot-experiments/dataset/april-2019/gson/gson/target/test-classes/com/google/gson/functional/MapTest$20.class
[INFO] Deleting file /tmp/dspot-experiments/dataset/april-2019/gson/gson/target/test-classes/com/google/gson/functional/DelegateTypeAdapterTest$StatsTypeAdapterFactory$1.class
[INFO] Deleting file /tmp/dspot-experiments/dataset/april-2019/gson/gson/target/test-classes/com/google/gson/functional/ParameterizedTypesTest$Measurable.class
[INFO] Deleting file /tmp/dspot-experiments/dataset/april-2019/gson/gson/target/test-classes/com/google/gson/functional/PrintFormattingTest.class
[INFO] Deleting file /tmp/dspot-experiments/dataset/april-2019/gson/gson/target/test-classes/com/google/gson/functional/TypeAdapterPrecedenceTest.class
[INFO] Deleting file /tmp/dspot-experiments/dataset/april-2019/gson/gson/target/test-classes/com/google/gson/functional/EscapingTest.class
[INFO] Deleting file /tmp/dspot-experiments/dataset/april-2019/gson/gson/target/test-classes/com/google/gson/functional/CustomTypeAdaptersTest$13.class
[INFO] Deleting file /tmp/dspot-experiments/dataset/april-2019/gson/gson/target/test-classes/com/google/gson/functional/NamingPolicyTest$UpperCaseNamingStrategy.class
[INFO] Deleting file /tmp/dspot-experiments/dataset/april-2019/gson/gson/target/test-classes/com/google/gson/functional/CustomTypeAdaptersTest$3.class
[INFO] Deleting file /tmp/dspot-experiments/dataset/april-2019/gson/gson/target/test-classes/com/google/gson/functional/CustomDeserializerTest$SubType2.class
[INFO] Deleting file /tmp/dspot-experiments/dataset/april-2019/gson/gson/target/test-classes/com/google/gson/functional/MapTest$21.class
[INFO] Deleting file /tmp/dspot-experiments/dataset/april-2019/gson/gson/target/test-classes/com/google/gson/functional/CustomDeserializerTest$5.class
[INFO] Deleting file /tmp/dspot-experiments/dataset/april-2019/gson/gson/target/test-classes/com/google/gson/functional/MapTest$2.class
[INFO] Deleting file /tmp/dspot-experiments/dataset/april-2019/gson/gson/target/test-classes/com/google/gson/functional/CustomTypeAdaptersTest$DataHolder.class
[INFO] Deleting file /tmp/dspot-experiments/dataset/april-2019/gson/gson/target/test-classes/com/google/gson/functional/ThrowableFunctionalTest$1.class
[INFO] Deleting file /tmp/dspot-experiments/dataset/april-2019/gson/gson/target/test-classes/com/google/gson/functional/DefaultTypeAdaptersTest$3.class
[INFO] Deleting file /tmp/dspot-experiments/dataset/april-2019/gson/gson/target/test-classes/com/google/gson/functional/MapTest$33.class
[INFO] Deleting file /tmp/dspot-experiments/dataset/april-2019/gson/gson/target/test-classes/com/google/gson/functional/InterfaceTest$TestObjectWrapper.class
[INFO] Deleting file /tmp/dspot-experiments/dataset/april-2019/gson/gson/target/test-classes/com/google/gson/functional/DelegateTypeAdapterTest.class
[INFO] Deleting file /tmp/dspot-experiments/dataset/april-2019/gson/gson/target/test-classes/com/google/gson/functional/EnumTest.class
[INFO] Deleting file /tmp/dspot-experiments/dataset/april-2019/gson/gson/target/test-classes/com/google/gson/functional/MapTest$MyParameterizedMap.class
[INFO] Deleting file /tmp/dspot-experiments/dataset/april-2019/gson/gson/target/test-classes/com/google/gson/functional/MapTest$27.class
[INFO] Deleting file /tmp/dspot-experiments/dataset/april-2019/gson/gson/target/test-classes/com/google/gson/functional/CustomSerializerTest$1.class
[INFO] Deleting file /tmp/dspot-experiments/dataset/april-2019/gson/gson/target/test-classes/com/google/gson/functional/ArrayTest$1.class
[INFO] Deleting file /tmp/dspot-experiments/dataset/april-2019/gson/gson/target/test-classes/com/google/gson/functional/InterfaceTest$TestObjectInterface.class
[INFO] Deleting file /tmp/dspot-experiments/dataset/april-2019/gson/gson/target/test-classes/com/google/gson/functional/CollectionTest$20.class
[INFO] Deleting file /tmp/dspot-experiments/dataset/april-2019/gson/gson/target/test-classes/com/google/gson/functional/MapTest$26.class
[INFO] Deleting file /tmp/dspot-experiments/dataset/april-2019/gson/gson/target/test-classes/com/google/gson/functional/RawSerializationTest$Bar.class
[INFO] Deleting file /tmp/dspot-experiments/dataset/april-2019/gson/gson/target/test-classes/com/google/gson/functional/CustomTypeAdaptersTest$StringHolder.class
[INFO] Deleting file /tmp/dspot-experiments/dataset/april-2019/gson/gson/target/test-classes/com/google/gson/functional/JsonAdapterSerializerDeserializerTest$Base.class
[INFO] Deleting file /tmp/dspot-experiments/dataset/april-2019/gson/gson/target/test-classes/com/google/gson/functional/CollectionTest$8.class
[INFO] Deleting file /tmp/dspot-experiments/dataset/april-2019/gson/gson/target/test-classes/com/google/gson/functional/MapAsArrayTypeAdapterTest$2.class
[INFO] Deleting file /tmp/dspot-experiments/dataset/april-2019/gson/gson/target/test-classes/com/google/gson/functional/ExclusionStrategyFunctionalTest$SampleObjectForTest.class
[INFO] Deleting file /tmp/dspot-experiments/dataset/april-2019/gson/gson/target/test-classes/com/google/gson/functional/TypeVariableTest$Red.class
[INFO] Deleting file /tmp/dspot-experiments/dataset/april-2019/gson/gson/target/test-classes/com/google/gson/functional/ParameterizedTypesTest$14.class
[INFO] Deleting file /tmp/dspot-experiments/dataset/april-2019/gson/gson/target/test-classes/com/google/gson/functional/MapTest$23.class
[INFO] Deleting file /tmp/dspot-experiments/dataset/april-2019/gson/gson/target/test-classes/com/google/gson/functional/SerializedNameTest$MyClass.class
[INFO] Deleting file /tmp/dspot-experiments/dataset/april-2019/gson/gson/target/test-classes/com/google/gson/functional/EnumTest$5.class
[INFO] Deleting file /tmp/dspot-experiments/dataset/april-2019/gson/gson/target/test-classes/com/google/gson/functional/JsonAdapterAnnotationOnFieldsTest$Gizmo2.class
[INFO] Deleting file /tmp/dspot-experiments/dataset/april-2019/gson/gson/target/test-classes/com/google/gson/functional/PrimitiveTest.class
[INFO] Deleting file /tmp/dspot-experiments/dataset/april-2019/gson/gson/target/test-classes/com/google/gson/functional/ObjectTest$Parent$Child.class
[INFO] Deleting file /tmp/dspot-experiments/dataset/april-2019/gson/gson/target/test-classes/com/google/gson/functional/CustomSerializerTest.class
[INFO] Deleting file /tmp/dspot-experiments/dataset/april-2019/gson/gson/target/test-classes/com/google/gson/functional/JavaUtilTest$CurrencyHolder.class
[INFO] Deleting file /tmp/dspot-experiments/dataset/april-2019/gson/gson/target/test-classes/com/google/gson/functional/TypeHierarchyAdapterTest$EmployeeAdapter.class
[INFO] Deleting file /tmp/dspot-experiments/dataset/april-2019/gson/gson/target/test-classes/com/google/gson/functional/CollectionTest$15.class
[INFO] Deleting file /tmp/dspot-experiments/dataset/april-2019/gson/gson/target/test-classes/com/google/gson/functional/ParameterizedTypesTest$11.class
[INFO] Deleting file /tmp/dspot-experiments/dataset/april-2019/gson/gson/target/test-classes/com/google/gson/functional/RawSerializationTest$3.class
[INFO] Deleting file /tmp/dspot-experiments/dataset/april-2019/gson/gson/target/test-classes/com/google/gson/functional/TreeTypeAdaptersTest$Student.class
[INFO] Deleting file /tmp/dspot-experiments/dataset/april-2019/gson/gson/target/test-classes/com/google/gson/functional/RawSerializationTest.class
[INFO] Deleting file /tmp/dspot-experiments/dataset/april-2019/gson/gson/target/test-classes/com/google/gson/functional/MapTest$32.class
[INFO] Deleting file /tmp/dspot-experiments/dataset/april-2019/gson/gson/target/test-classes/com/google/gson/functional/FieldExclusionTest.class
[INFO] Deleting file /tmp/dspot-experiments/dataset/april-2019/gson/gson/target/test-classes/com/google/gson/functional/PrettyPrintingTest$ClassWithMap.class
[INFO] Deleting file /tmp/dspot-experiments/dataset/april-2019/gson/gson/target/test-classes/com/google/gson/functional/MapTest$5.class
[INFO] Deleting file /tmp/dspot-experiments/dataset/april-2019/gson/gson/target/test-classes/com/google/gson/functional/StreamingTypeAdaptersTest$5.class
[INFO] Deleting file /tmp/dspot-experiments/dataset/april-2019/gson/gson/target/test-classes/com/google/gson/functional/MapTest$19.class
[INFO] Deleting file /tmp/dspot-experiments/dataset/april-2019/gson/gson/target/test-classes/com/google/gson/functional/DefaultTypeAdaptersTest$ClassWithUrlField.class
[INFO] Deleting file /tmp/dspot-experiments/dataset/april-2019/gson/gson/target/test-classes/com/google/gson/functional/MoreSpecificTypeSerializationTest$ClassWithContainersOfParameterizedBaseFields.class
[INFO] Deleting file /tmp/dspot-experiments/dataset/april-2019/gson/gson/target/test-classes/com/google/gson/functional/RuntimeTypeAdapterFactoryFunctionalTest$Shape$JsonAdapterFactory.class
[INFO] Deleting file /tmp/dspot-experiments/dataset/april-2019/gson/gson/target/test-classes/com/google/gson/functional/MapAsArrayTypeAdapterTest$4.class
[INFO] Deleting file /tmp/dspot-experiments/dataset/april-2019/gson/gson/target/test-classes/com/google/gson/functional/MapTest$16.class
[INFO] Deleting file /tmp/dspot-experiments/dataset/april-2019/gson/gson/target/test-classes/com/google/gson/functional/CollectionTest$14.class
[INFO] Deleting file /tmp/dspot-experiments/dataset/april-2019/gson/gson/target/test-classes/com/google/gson/functional/FieldExclusionTest$NestedClass.class
[INFO] Deleting file /tmp/dspot-experiments/dataset/april-2019/gson/gson/target/test-classes/com/google/gson/functional/JsonAdapterAnnotationOnFieldsTest$Gizmo.class
[INFO] Deleting file /tmp/dspot-experiments/dataset/april-2019/gson/gson/target/test-classes/com/google/gson/functional/JavaUtilConcurrentAtomicTest$AtomicLongHolder.class
[INFO] Deleting file /tmp/dspot-experiments/dataset/april-2019/gson/gson/target/test-classes/com/google/gson/functional/ParameterizedTypesTest$ObjectWithTypeVariables.class
[INFO] Deleting file /tmp/dspot-experiments/dataset/april-2019/gson/gson/target/test-classes/com/google/gson/functional/JsonAdapterAnnotationOnClassesTest$User.class
[INFO] Deleting file /tmp/dspot-experiments/dataset/april-2019/gson/gson/target/test-classes/com/google/gson/functional/CollectionTest$1.class
[INFO] Deleting file /tmp/dspot-experiments/dataset/april-2019/gson/gson/target/test-classes/com/google/gson/functional/ObjectTest$ClassWithCollectionField.class
[INFO] Deleting file /tmp/dspot-experiments/dataset/april-2019/gson/gson/target/test-classes/com/google/gson/functional/TypeAdapterPrecedenceTest$3.class
[INFO] Deleting file /tmp/dspot-experiments/dataset/april-2019/gson/gson/target/test-classes/com/google/gson/functional/CustomTypeAdaptersTest$DataHolderWrapper.class
[INFO] Deleting file /tmp/dspot-experiments/dataset/april-2019/gson/gson/target/test-classes/com/google/gson/functional/ExposeFieldsTest.class
[INFO] Deleting file /tmp/dspot-experiments/dataset/april-2019/gson/gson/target/test-classes/com/google/gson/functional/MapTest$1.class
[INFO] Deleting file /tmp/dspot-experiments/dataset/april-2019/gson/gson/target/test-classes/com/google/gson/functional/JsonAdapterAnnotationOnFieldsTest$LongToStringTypeAdapterFactory.class
[INFO] Deleting file /tmp/dspot-experiments/dataset/april-2019/gson/gson/target/test-classes/com/google/gson/functional/JsonAdapterAnnotationOnClassesTest$C$JsonAdapterFactory$1.class
[INFO] Deleting file /tmp/dspot-experiments/dataset/april-2019/gson/gson/target/test-classes/com/google/gson/functional/DefaultTypeAdaptersTest.class
[INFO] Deleting file /tmp/dspot-experiments/dataset/april-2019/gson/gson/target/test-classes/com/google/gson/functional/CollectionTest$3.class
[INFO] Deleting file /tmp/dspot-experiments/dataset/april-2019/gson/gson/target/test-classes/com/google/gson/functional/CollectionTest$Entry.class
[INFO] Deleting file /tmp/dspot-experiments/dataset/april-2019/gson/gson/target/test-classes/com/google/gson/functional/CustomDeserializerTest$ClassWithBaseArray.class
[INFO] Deleting file /tmp/dspot-experiments/dataset/april-2019/gson/gson/target/test-classes/com/google/gson/functional/CustomTypeAdaptersTest$9.class
[INFO] Deleting file /tmp/dspot-experiments/dataset/april-2019/gson/gson/target/test-classes/com/google/gson/functional/ConcurrencyTest$MyObject.class
[INFO] Deleting file /tmp/dspot-experiments/dataset/april-2019/gson/gson/target/test-classes/com/google/gson/functional/ExposeFieldsTest$ClassWithNoExposedFields.class
[INFO] Deleting file /tmp/dspot-experiments/dataset/april-2019/gson/gson/target/test-classes/com/google/gson/functional/LeniencyTest$1.class
[INFO] Deleting file /tmp/dspot-experiments/dataset/april-2019/gson/gson/target/test-classes/com/google/gson/functional/MapTest$4.class
[INFO] Deleting file /tmp/dspot-experiments/dataset/april-2019/gson/gson/target/test-classes/com/google/gson/functional/RawSerializationTest$2.class
[INFO] Deleting file /tmp/dspot-experiments/dataset/april-2019/gson/gson/target/test-classes/com/google/gson/functional/MapTest$3.class
[INFO] Deleting file /tmp/dspot-experiments/dataset/april-2019/gson/gson/target/test-classes/com/google/gson/functional/ObjectTest$Department.class
[INFO] Deleting file /tmp/dspot-experiments/dataset/april-2019/gson/gson/target/test-classes/com/google/gson/functional/JsonAdapterAnnotationOnFieldsTest$GadgetWithOptionalPart.class
[INFO] Deleting file /tmp/dspot-experiments/dataset/april-2019/gson/gson/target/test-classes/com/google/gson/functional/NamingPolicyTest$ClassWithComplexFieldName.class
[INFO] Deleting file /tmp/dspot-experiments/dataset/april-2019/gson/gson/target/test-classes/com/google/gson/functional/CustomDeserializerTest$DataHolderWrapper.class
[INFO] Deleting file /tmp/dspot-experiments/dataset/april-2019/gson/gson/target/test-classes/com/google/gson/functional/ObjectTest.class
[INFO] Deleting file /tmp/dspot-experiments/dataset/april-2019/gson/gson/target/test-classes/com/google/gson/functional/ExposeFieldsTest$ClassWithExposedFields.class
[INFO] Deleting file /tmp/dspot-experiments/dataset/april-2019/gson/gson/target/test-classes/com/google/gson/functional/MapTest$30.class
[INFO] Deleting file /tmp/dspot-experiments/dataset/april-2019/gson/gson/target/test-classes/com/google/gson/functional/StreamingTypeAdaptersTest$3.class
[INFO] Deleting file /tmp/dspot-experiments/dataset/april-2019/gson/gson/target/test-classes/com/google/gson/functional/MoreSpecificTypeSerializationTest$ParameterizedBase.class
[INFO] Deleting file /tmp/dspot-experiments/dataset/april-2019/gson/gson/target/test-classes/com/google/gson/functional/EnumTest$MyEnumTypeAdapter.class
[INFO] Deleting file /tmp/dspot-experiments/dataset/april-2019/gson/gson/target/test-classes/com/google/gson/functional/MapAsArrayTypeAdapterTest$6.class
[INFO] Deleting file /tmp/dspot-experiments/dataset/april-2019/gson/gson/target/test-classes/com/google/gson/functional/ObjectTest$4.class
[INFO] Deleting file /tmp/dspot-experiments/dataset/april-2019/gson/gson/target/test-classes/com/google/gson/functional/CollectionTest$9.class
[INFO] Deleting file /tmp/dspot-experiments/dataset/april-2019/gson/gson/target/test-classes/com/google/gson/functional/JsonAdapterAnnotationOnFieldsTest$User.class
[INFO] Deleting file /tmp/dspot-experiments/dataset/april-2019/gson/gson/target/test-classes/com/google/gson/functional/ReadersWritersTest$1.class
[INFO] Deleting file /tmp/dspot-experiments/dataset/april-2019/gson/gson/target/test-classes/com/google/gson/functional/ReadersWritersTest.class
[INFO] Deleting file /tmp/dspot-experiments/dataset/april-2019/gson/gson/target/test-classes/com/google/gson/functional/MapTest$11.class
[INFO] Deleting file /tmp/dspot-experiments/dataset/april-2019/gson/gson/target/test-classes/com/google/gson/functional/RawSerializationTest$1.class
[INFO] Deleting file /tmp/dspot-experiments/dataset/april-2019/gson/gson/target/test-classes/com/google/gson/functional/CustomDeserializerTest$1.class
[INFO] Deleting file /tmp/dspot-experiments/dataset/april-2019/gson/gson/target/test-classes/com/google/gson/functional/RuntimeTypeAdapterFactoryFunctionalTest$Circle.class
[INFO] Deleting file /tmp/dspot-experiments/dataset/april-2019/gson/gson/target/test-classes/com/google/gson/functional/UncategorizedTest.class
[INFO] Deleting file /tmp/dspot-experiments/dataset/april-2019/gson/gson/target/test-classes/com/google/gson/functional/ParameterizedTypesTest$Amount.class
[INFO] Deleting file /tmp/dspot-experiments/dataset/april-2019/gson/gson/target/test-classes/com/google/gson/functional/CustomTypeAdaptersTest$2.class
[INFO] Deleting file /tmp/dspot-experiments/dataset/april-2019/gson/gson/target/test-classes/com/google/gson/functional/CollectionTest$4.class
[INFO] Deleting file /tmp/dspot-experiments/dataset/april-2019/gson/gson/target/test-classes/com/google/gson/functional/ParameterizedTypesTest$17.class
[INFO] Deleting file /tmp/dspot-experiments/dataset/april-2019/gson/gson/target/test-classes/com/google/gson/functional/EnumTest$2.class
[INFO] Deleting file /tmp/dspot-experiments/dataset/april-2019/gson/gson/target/test-classes/com/google/gson/functional/TypeHierarchyAdapterTest$CEO.class
[INFO] Deleting file /tmp/dspot-experiments/dataset/april-2019/gson/gson/target/test-classes/com/google/gson/functional/ParameterizedTypesTest$6.class
[INFO] Deleting file /tmp/dspot-experiments/dataset/april-2019/gson/gson/target/test-classes/com/google/gson/functional/CollectionTest$16.class
[INFO] Deleting file /tmp/dspot-experiments/dataset/april-2019/gson/gson/target/test-classes/com/google/gson/functional/TypeVariableTest$Foo.class
[INFO] Deleting file /tmp/dspot-experiments/dataset/april-2019/gson/gson/target/test-classes/com/google/gson/functional/CollectionTest.class
[INFO] Deleting file /tmp/dspot-experiments/dataset/april-2019/gson/gson/target/test-classes/com/google/gson/functional/ParameterizedTypesTest$MyQuantity.class
[INFO] Deleting file /tmp/dspot-experiments/dataset/april-2019/gson/gson/target/test-classes/com/google/gson/functional/MapTest$MapWithGeneralMapParameters.class
[INFO] Deleting file /tmp/dspot-experiments/dataset/april-2019/gson/gson/target/test-classes/com/google/gson/functional/EnumTest$4.class
[INFO] Deleting file /tmp/dspot-experiments/dataset/april-2019/gson/gson/target/test-classes/com/google/gson/functional/CircularReferenceTest$ClassWithSelfReference.class
[INFO] Deleting file /tmp/dspot-experiments/dataset/april-2019/gson/gson/target/test-classes/com/google/gson/functional/MapAsArrayTypeAdapterTest$3.class
[INFO] Deleting file /tmp/dspot-experiments/dataset/april-2019/gson/gson/target/test-classes/com/google/gson/functional/MapTest$Point.class
[INFO] Deleting file /tmp/dspot-experiments/dataset/april-2019/gson/gson/target/test-classes/com/google/gson/functional/JsonAdapterAnnotationOnClassesTest$C.class
[INFO] Deleting file /tmp/dspot-experiments/dataset/april-2019/gson/gson/target/test-classes/com/google/gson/functional/JsonAdapterSerializerDeserializerTest$Computer.class
[INFO] Deleting file /tmp/dspot-experiments/dataset/april-2019/gson/gson/target/test-classes/com/google/gson/functional/JsonAdapterSerializerDeserializerTest$UserSerializerDeserializer.class
[INFO] Deleting file /tmp/dspot-experiments/dataset/april-2019/gson/gson/target/test-classes/com/google/gson/functional/TypeAdapterPrecedenceTest$Foo.class
[INFO] Deleting file /tmp/dspot-experiments/dataset/april-2019/gson/gson/target/test-classes/com/google/gson/functional/MapTest$6.class
[INFO] Deleting file /tmp/dspot-experiments/dataset/april-2019/gson/gson/target/test-classes/com/google/gson/functional/VersioningTest$Version1_1.class
[INFO] Deleting file /tmp/dspot-experiments/dataset/april-2019/gson/gson/target/test-classes/com/google/gson/functional/JsonAdapterSerializerDeserializerTest$BaseStringAdapter.class
[INFO] Deleting file /tmp/dspot-experiments/dataset/april-2019/gson/gson/target/test-classes/com/google/gson/functional/JsonAdapterAnnotationOnFieldsTest$UserFieldAnnotationAdapter.class
[INFO] Deleting file /tmp/dspot-experiments/dataset/april-2019/gson/gson/target/test-classes/com/google/gson/functional/InterfaceTest$1.class
[INFO] Deleting file /tmp/dspot-experiments/dataset/april-2019/gson/gson/target/test-classes/com/google/gson/functional/ParameterizedTypesTest$Immutable.class
[INFO] Deleting file /tmp/dspot-experiments/dataset/april-2019/gson/gson/target/test-classes/com/google/gson/functional/JsonAdapterAnnotationOnClassesTest$1.class
[INFO] Deleting file /tmp/dspot-experiments/dataset/april-2019/gson/gson/target/test-classes/com/google/gson/functional/InheritanceTest$SubTypeOfNested.class
[INFO] Deleting file /tmp/dspot-experiments/dataset/april-2019/gson/gson/target/test-classes/com/google/gson/functional/CollectionTest$6.class
[INFO] Deleting file /tmp/dspot-experiments/dataset/april-2019/gson/gson/target/test-classes/com/google/gson/functional/JsonAdapterAnnotationOnFieldsTest$Gizmo2PartTypeAdapterFactory.class
[INFO] Deleting file /tmp/dspot-experiments/dataset/april-2019/gson/gson/target/test-classes/com/google/gson/functional/InstanceCreatorTest$3.class
[INFO] Deleting file /tmp/dspot-experiments/dataset/april-2019/gson/gson/target/test-classes/com/google/gson/functional/JsonAdapterAnnotationOnClassesTest$NullableClass.class
[INFO] Deleting file /tmp/dspot-experiments/dataset/april-2019/gson/gson/target/test-classes/com/google/gson/functional/RuntimeTypeAdapterFactoryFunctionalTest$RuntimeTypeAdapterFactory.class
[INFO] Deleting file /tmp/dspot-experiments/dataset/april-2019/gson/gson/target/test-classes/com/google/gson/functional/TypeHierarchyAdapterTest$Company.class
[INFO] Deleting file /tmp/dspot-experiments/dataset/april-2019/gson/gson/target/test-classes/com/google/gson/functional/MoreSpecificTypeSerializationTest.class
[INFO] Deleting file /tmp/dspot-experiments/dataset/april-2019/gson/gson/target/test-classes/com/google/gson/functional/TreeTypeAdaptersTest$HistoryCourse.class
[INFO] Deleting file /tmp/dspot-experiments/dataset/april-2019/gson/gson/target/test-classes/com/google/gson/functional/CustomTypeAdaptersTest$1.class
[INFO] Deleting file /tmp/dspot-experiments/dataset/april-2019/gson/gson/target/test-classes/com/google/gson/functional/MapTest$34.class
[INFO] Deleting file /tmp/dspot-experiments/dataset/april-2019/gson/gson/target/test-classes/com/google/gson/functional/JsonAdapterAnnotationOnClassesTest$Foo.class
[INFO] Deleting file /tmp/dspot-experiments/dataset/april-2019/gson/gson/target/test-classes/com/google/gson/functional/MapTest$ClassWithAMap.class
[INFO] Deleting file /tmp/dspot-experiments/dataset/april-2019/gson/gson/target/test-classes/com/google/gson/functional/InstanceCreatorTest$1SubArrayList.class
[INFO] Deleting file /tmp/dspot-experiments/dataset/april-2019/gson/gson/target/test-classes/com/google/gson/functional/JsonAdapterAnnotationOnClassesTest$UserJsonAdapter.class
[INFO] Deleting file /tmp/dspot-experiments/dataset/april-2019/gson/gson/target/test-classes/com/google/gson/functional/JsonAdapterAnnotationOnClassesTest.class
[INFO] Deleting file /tmp/dspot-experiments/dataset/april-2019/gson/gson/target/test-classes/com/google/gson/functional/NullObjectAndFieldTest$ClassWithMembers.class
[INFO] Deleting file /tmp/dspot-experiments/dataset/april-2019/gson/gson/target/test-classes/com/google/gson/functional/MapTest$29.class
[INFO] Deleting file /tmp/dspot-experiments/dataset/april-2019/gson/gson/target/test-classes/com/google/gson/functional/JsonAdapterSerializerDeserializerTest$User.class
[INFO] Deleting file /tmp/dspot-experiments/dataset/april-2019/gson/gson/target/test-classes/com/google/gson/functional/JsonAdapterAnnotationOnFieldsTest.class
[INFO] Deleting file /tmp/dspot-experiments/dataset/april-2019/gson/gson/target/test-classes/com/google/gson/functional/TreeTypeAdaptersTest$Assignment.class
[INFO] Deleting file /tmp/dspot-experiments/dataset/april-2019/gson/gson/target/test-classes/com/google/gson/functional/RuntimeTypeAdapterFactoryFunctionalTest$Shape.class
[INFO] Deleting file /tmp/dspot-experiments/dataset/april-2019/gson/gson/target/test-classes/com/google/gson/functional/MoreSpecificTypeSerializationTest$Sub.class
[INFO] Deleting file /tmp/dspot-experiments/dataset/april-2019/gson/gson/target/test-classes/com/google/gson/functional/MapTest$35.class
[INFO] Deleting file /tmp/dspot-experiments/dataset/april-2019/gson/gson/target/test-classes/com/google/gson/functional/StreamingTypeAdaptersTest$7.class
[INFO] Deleting file /tmp/dspot-experiments/dataset/april-2019/gson/gson/target/test-classes/com/google/gson/functional/CustomTypeAdaptersTest$6.class
[INFO] Deleting file /tmp/dspot-experiments/dataset/april-2019/gson/gson/target/test-classes/com/google/gson/functional/InterfaceTest$TestObject.class
[INFO] Deleting file /tmp/dspot-experiments/dataset/april-2019/gson/gson/target/test-classes/com/google/gson/functional/JsonAdapterAnnotationOnFieldsTest$GizmoPartTypeAdapterFactory.class
[INFO] Deleting file /tmp/dspot-experiments/dataset/april-2019/gson/gson/target/test-classes/com/google/gson/functional/JavaUtilConcurrentAtomicTest.class
[INFO] Deleting file /tmp/dspot-experiments/dataset/april-2019/gson/gson/target/test-classes/com/google/gson/functional/MapAsArrayTypeAdapterTest$8.class
[INFO] Deleting file /tmp/dspot-experiments/dataset/april-2019/gson/gson/target/test-classes/com/google/gson/functional/UncategorizedTest$BaseTypeAdapter.class
[INFO] Deleting file /tmp/dspot-experiments/dataset/april-2019/gson/gson/target/test-classes/com/google/gson/functional/UncategorizedTest$Base.class
[INFO] Deleting file /tmp/dspot-experiments/dataset/april-2019/gson/gson/target/test-classes/com/google/gson/functional/ParameterizedTypesTest$8.class
[INFO] Deleting file /tmp/dspot-experiments/dataset/april-2019/gson/gson/target/test-classes/com/google/gson/functional/PrimitiveTest$ClassWithIntegerField.class
[INFO] Deleting file /tmp/dspot-experiments/dataset/april-2019/gson/gson/target/test-classes/com/google/gson/functional/UncategorizedTest$1.class
[INFO] Deleting file /tmp/dspot-experiments/dataset/april-2019/gson/gson/target/test-classes/com/google/gson/functional/CustomDeserializerTest.class
[INFO] Deleting file /tmp/dspot-experiments/dataset/april-2019/gson/gson/target/test-classes/com/google/gson/functional/MapTest$14.class
[INFO] Deleting file /tmp/dspot-experiments/dataset/april-2019/gson/gson/target/test-classes/com/google/gson/functional/JsonAdapterAnnotationOnFieldsTest$GizmoPartTypeAdapterFactory$1.class
[INFO] Deleting file /tmp/dspot-experiments/dataset/april-2019/gson/gson/target/test-classes/com/google/gson/functional/JsonAdapterSerializerDeserializerTest$BaseIntegerAdapter.class
[INFO] Deleting file /tmp/dspot-experiments/dataset/april-2019/gson/gson/target/test-classes/com/google/gson/functional/StreamingTypeAdaptersTest$2.class
[INFO] Deleting file /tmp/dspot-experiments/dataset/april-2019/gson/gson/target/test-classes/com/google/gson/functional/JsonAdapterAnnotationOnClassesTest$2.class
[INFO] Deleting file /tmp/dspot-experiments/dataset/april-2019/gson/gson/target/test-classes/com/google/gson/functional/ReadersWritersTest$2.class
[INFO] Deleting file /tmp/dspot-experiments/dataset/april-2019/gson/gson/target/test-classes/com/google/gson/functional/PrettyPrintingTest.class
[INFO] Deleting file /tmp/dspot-experiments/dataset/april-2019/gson/gson/target/test-classes/com/google/gson/functional/InheritanceTest.class
[INFO] Deleting file /tmp/dspot-experiments/dataset/april-2019/gson/gson/target/test-classes/com/google/gson/functional/MoreSpecificTypeSerializationTest$Base.class
[INFO] Deleting file /tmp/dspot-experiments/dataset/april-2019/gson/gson/target/test-classes/com/google/gson/functional/TreeTypeAdaptersTest.class
[INFO] Deleting file /tmp/dspot-experiments/dataset/april-2019/gson/gson/target/test-classes/com/google/gson/functional/ThrowableFunctionalTest$MyException.class
[INFO] Deleting file /tmp/dspot-experiments/dataset/april-2019/gson/gson/target/test-classes/com/google/gson/functional/MoreSpecificTypeSerializationTest$ClassWithParameterizedBaseFields.class
[INFO] Deleting file /tmp/dspot-experiments/dataset/april-2019/gson/gson/target/test-classes/com/google/gson/functional/StreamingTypeAdaptersTest$1.class
[INFO] Deleting file /tmp/dspot-experiments/dataset/april-2019/gson/gson/target/test-classes/com/google/gson/functional/CircularReferenceTest$ContainsReferenceToSelfType.class
[INFO] Deleting file /tmp/dspot-experiments/dataset/april-2019/gson/gson/target/test-classes/com/google/gson/functional/ExclusionStrategyFunctionalTest.class
[INFO] Deleting file /tmp/dspot-experiments/dataset/april-2019/gson/gson/target/test-classes/com/google/gson/functional/ExclusionStrategyFunctionalTest$MyExclusionStrategy.class
[INFO] Deleting file /tmp/dspot-experiments/dataset/april-2019/gson/gson/target/test-classes/com/google/gson/functional/JsonAdapterAnnotationOnClassesTest$A.class
[INFO] Deleting file /tmp/dspot-experiments/dataset/april-2019/gson/gson/target/test-classes/com/google/gson/functional/MapTest$25.class
[INFO] Deleting file /tmp/dspot-experiments/dataset/april-2019/gson/gson/target/test-classes/com/google/gson/functional/ObjectTest$3.class
[INFO] Deleting file /tmp/dspot-experiments/dataset/april-2019/gson/gson/target/test-classes/com/google/gson/functional/CustomDeserializerTest$DataHolder.class
[INFO] Deleting file /tmp/dspot-experiments/dataset/april-2019/gson/gson/target/test-classes/com/google/gson/functional/FieldExclusionTest$Outer.class
[INFO] Deleting file /tmp/dspot-experiments/dataset/april-2019/gson/gson/target/test-classes/com/google/gson/functional/JsonAdapterSerializerDeserializerTest$User2.class
[INFO] Deleting file /tmp/dspot-experiments/dataset/april-2019/gson/gson/target/test-classes/com/google/gson/functional/DefaultTypeAdaptersTest$1.class
[INFO] Deleting file /tmp/dspot-experiments/dataset/april-2019/gson/gson/target/test-classes/com/google/gson/functional/MapTest$31.class
[INFO] Deleting file /tmp/dspot-experiments/dataset/april-2019/gson/gson/target/test-classes/com/google/gson/functional/VersioningTest$SinceUntilMixing.class
[INFO] Deleting file /tmp/dspot-experiments/dataset/april-2019/gson/gson/target/test-classes/com/google/gson/functional/NamingPolicyTest$1.class
[INFO] Deleting file /tmp/dspot-experiments/dataset/april-2019/gson/gson/target/test-classes/com/google/gson/functional/UncategorizedTest$Derived1.class
[INFO] Deleting file /tmp/dspot-experiments/dataset/april-2019/gson/gson/target/test-classes/com/google/gson/functional/CustomTypeAdaptersTest$11.class
[INFO] Deleting file /tmp/dspot-experiments/dataset/april-2019/gson/gson/target/test-classes/com/google/gson/functional/CustomDeserializerTest$4.class
[INFO] Deleting file /tmp/dspot-experiments/dataset/april-2019/gson/gson/target/test-classes/com/google/gson/functional/ParameterizedTypesTest$5.class
[INFO] Deleting file /tmp/dspot-experiments/dataset/april-2019/gson/gson/target/test-classes/com/google/gson/functional/TypeVariableTest$Blue.class
[INFO] Deleting file /tmp/dspot-experiments/dataset/april-2019/gson/gson/target/test-classes/com/google/gson/functional/EnumTest$ClassWithEnumFields.class
[INFO] Deleting file /tmp/dspot-experiments/dataset/april-2019/gson/gson/target/test-classes/com/google/gson/functional/ParameterizedTypesTest$1.class
[INFO] Deleting file /tmp/dspot-experiments/dataset/april-2019/gson/gson/target/test-classes/com/google/gson/functional/MapTest$MyMap.class
[INFO] Deleting file /tmp/dspot-experiments/dataset/april-2019/gson/gson/target/test-classes/com/google/gson/functional/JsonParserTest$1.class
[INFO] Deleting file /tmp/dspot-experiments/dataset/april-2019/gson/gson/target/test-classes/com/google/gson/functional/StreamingTypeAdaptersTest$6.class
[INFO] Deleting file /tmp/dspot-experiments/dataset/april-2019/gson/gson/target/test-classes/com/google/gson/functional/ConcurrencyTest$2.class
[INFO] Deleting file /tmp/dspot-experiments/dataset/april-2019/gson/gson/target/test-classes/com/google/gson/functional/ParameterizedTypesTest$Quantity.class
[INFO] Deleting file /tmp/dspot-experiments/dataset/april-2019/gson/gson/target/test-classes/com/google/gson/functional/CustomTypeAdaptersTest$14.class
[INFO] Deleting file /tmp/dspot-experiments/dataset/april-2019/gson/gson/target/test-classes/com/google/gson/functional/FieldNamingTest$TestNames.class
[INFO] Deleting file /tmp/dspot-experiments/dataset/april-2019/gson/gson/target/test-classes/com/google/gson/functional/NullObjectAndFieldTest$ObjectWithField.class
[INFO] Deleting file /tmp/dspot-experiments/dataset/april-2019/gson/gson/target/test-classes/com/google/gson/functional/MapAsArrayTypeAdapterTest.class
[INFO] Deleting file /tmp/dspot-experiments/dataset/april-2019/gson/gson/target/test-classes/com/google/gson/functional/JsonParserTest$2.class
[INFO] Deleting file /tmp/dspot-experiments/dataset/april-2019/gson/gson/target/test-classes/com/google/gson/functional/JsonAdapterAnnotationOnClassesTest$NullableClassJsonAdapter.class
[INFO] Deleting file /tmp/dspot-experiments/dataset/april-2019/gson/gson/target/test-classes/com/google/gson/functional/CustomDeserializerTest$3.class
[INFO] Deleting file /tmp/dspot-experiments/dataset/april-2019/gson/gson/target/test-classes/com/google/gson/functional/CustomTypeAdaptersTest.class
[INFO] Deleting file /tmp/dspot-experiments/dataset/april-2019/gson/gson/target/test-classes/com/google/gson/functional/NullObjectAndFieldTest.class
[INFO] Deleting file /tmp/dspot-experiments/dataset/april-2019/gson/gson/target/test-classes/com/google/gson/functional/JsonAdapterAnnotationOnFieldsTest$Gizmo2PartTypeAdapterFactory$1.class
[INFO] Deleting file /tmp/dspot-experiments/dataset/april-2019/gson/gson/target/test-classes/com/google/gson/functional/FieldNamingTest$1.class
[INFO] Deleting file /tmp/dspot-experiments/dataset/april-2019/gson/gson/target/test-classes/com/google/gson/functional/CollectionTest$17.class
[INFO] Deleting file /tmp/dspot-experiments/dataset/april-2019/gson/gson/target/test-classes/com/google/gson/functional/JsonAdapterAnnotationOnFieldsTest$Computer.class
[INFO] Deleting file /tmp/dspot-experiments/dataset/april-2019/gson/gson/target/test-classes/com/google/gson/functional/MapTest.class
[INFO] Deleting file /tmp/dspot-experiments/dataset/april-2019/gson/gson/target/test-classes/com/google/gson/functional/DefaultTypeAdaptersTest$2.class
[INFO] Deleting file /tmp/dspot-experiments/dataset/april-2019/gson/gson/target/test-classes/com/google/gson/functional/StreamingTypeAdaptersTest$Truck.class
[INFO] Deleting file /tmp/dspot-experiments/dataset/april-2019/gson/gson/target/test-classes/com/google/gson/functional/ParameterizedTypesTest$16.class
[INFO] Deleting file /tmp/dspot-experiments/dataset/april-2019/gson/gson/target/test-classes/com/google/gson/functional/ParameterizedTypesTest$9.class
[INFO] Deleting file /tmp/dspot-experiments/dataset/april-2019/gson/gson/target/test-classes/com/google/gson/functional/CircularReferenceTest$1.class
[INFO] Deleting file /tmp/dspot-experiments/dataset/april-2019/gson/gson/target/test-classes/com/google/gson/functional/ObjectTest$ClassWithEmptyStringFields.class
[INFO] Deleting file /tmp/dspot-experiments/dataset/april-2019/gson/gson/target/test-classes/com/google/gson/functional/JsonParserTest.class
[INFO] Deleting file /tmp/dspot-experiments/dataset/april-2019/gson/gson/target/test-classes/com/google/gson/functional/ObjectTest$Parent.class
[INFO] Deleting file /tmp/dspot-experiments/dataset/april-2019/gson/gson/target/test-classes/com/google/gson/functional/JsonAdapterAnnotationOnClassesTest$FooJsonAdapter.class
[INFO] Deleting file /tmp/dspot-experiments/dataset/april-2019/gson/gson/target/test-classes/com/google/gson/functional/TypeVariableTest$1.class
[INFO] Deleting file /tmp/dspot-experiments/dataset/april-2019/gson/gson/target/test-classes/com/google/gson/functional/TypeHierarchyAdapterTest.class
[INFO] Deleting file /tmp/dspot-experiments/dataset/april-2019/gson/gson/target/test-classes/com/google/gson/functional/MapTest$13.class
[INFO] Deleting file /tmp/dspot-experiments/dataset/april-2019/gson/gson/target/test-classes/com/google/gson/functional/NamingPolicyTest$AtName.class
[INFO] Deleting file /tmp/dspot-experiments/dataset/april-2019/gson/gson/target/test-classes/com/google/gson/functional/InstanceCreatorTest$1.class
[INFO] Deleting file /tmp/dspot-experiments/dataset/april-2019/gson/gson/target/test-classes/com/google/gson/functional/MapTest$18.class
[INFO] Deleting file /tmp/dspot-experiments/dataset/april-2019/gson/gson/target/test-classes/com/google/gson/functional/ObjectTest$5.class
[INFO] Deleting file /tmp/dspot-experiments/dataset/april-2019/gson/gson/target/test-classes/com/google/gson/functional/RuntimeTypeAdapterFactoryFunctionalTest$RuntimeTypeAdapterFactory$1.class
[INFO] Deleting file /tmp/dspot-experiments/dataset/april-2019/gson/gson/target/test-classes/com/google/gson/functional/StringTest.class
[INFO] Deleting file /tmp/dspot-experiments/dataset/april-2019/gson/gson/target/test-classes/com/google/gson/functional/InstanceCreatorTest$2.class
[INFO] Deleting file /tmp/dspot-experiments/dataset/april-2019/gson/gson/target/test-classes/com/google/gson/functional/SerializedNameTest.class
[INFO] Deleting file /tmp/dspot-experiments/dataset/april-2019/gson/gson/target/test-classes/com/google/gson/functional/JsonAdapterSerializerDeserializerTest$1.class
[INFO] Deleting file /tmp/dspot-experiments/dataset/april-2019/gson/gson/target/test-classes/com/google/gson/functional/ObjectTest$2.class
[INFO] Deleting file /tmp/dspot-experiments/dataset/april-2019/gson/gson/target/test-classes/com/google/gson/functional/CustomTypeAdaptersTest$8.class
[INFO] Deleting file /tmp/dspot-experiments/dataset/april-2019/gson/gson/target/test-classes/com/google/gson/functional/NamingPolicyTest.class
[INFO] Deleting file /tmp/dspot-experiments/dataset/april-2019/gson/gson/target/test-classes/com/google/gson/functional/VersioningTest$1.class
[INFO] Deleting file /tmp/dspot-experiments/dataset/april-2019/gson/gson/target/test-classes/com/google/gson/functional/JsonAdapterAnnotationOnFieldsTest$Computer2.class
[INFO] Deleting file /tmp/dspot-experiments/dataset/april-2019/gson/gson/target/test-classes/com/google/gson/functional/EnumTest$Gender.class
[INFO] Deleting file /tmp/dspot-experiments/dataset/april-2019/gson/gson/target/test-classes/com/google/gson/functional/MapTest$7.class
[INFO] Deleting file /tmp/dspot-experiments/dataset/april-2019/gson/gson/target/test-classes/com/google/gson/functional/MapAsArrayTypeAdapterTest$7.class
[INFO] Deleting file /tmp/dspot-experiments/dataset/april-2019/gson/gson/target/test-classes/com/google/gson/functional/TreeTypeAdaptersTest$IdTreeTypeAdapter.class
[INFO] Deleting file /tmp/dspot-experiments/dataset/april-2019/gson/gson/target/test-classes/com/google/gson/functional/ParameterizedTypesTest$15.class
[INFO] Deleting file /tmp/dspot-experiments/dataset/april-2019/gson/gson/target/test-classes/com/google/gson/functional/NullObjectAndFieldTest$ClassWithInitializedMembers.class
[INFO] Deleting file /tmp/dspot-experiments/dataset/april-2019/gson/gson/target/test-classes/com/google/gson/functional/CustomDeserializerTest$DataHolderDeserializer.class
[INFO] Deleting file /tmp/dspot-experiments/dataset/april-2019/gson/gson/target/test-classes/com/google/gson/functional/ParameterizedTypesTest$12.class
[INFO] Deleting file /tmp/dspot-experiments/dataset/april-2019/gson/gson/target/test-classes/com/google/gson/functional/ExclusionStrategyFunctionalTest$1.class
[INFO] Deleting file /tmp/dspot-experiments/dataset/april-2019/gson/gson/target/test-classes/com/google/gson/functional/DefaultTypeAdaptersTest$NumberAsStringAdapter.class
[INFO] Deleting file /tmp/dspot-experiments/dataset/april-2019/gson/gson/target/test-classes/com/google/gson/functional/InstanceCreatorTest$6.class
[INFO] Deleting file /tmp/dspot-experiments/dataset/april-2019/gson/gson/target/test-classes/com/google/gson/functional/MapTest$38.class
[INFO] Deleting file /tmp/dspot-experiments/dataset/april-2019/gson/gson/target/test-classes/com/google/gson/functional/ObjectTest$Product.class
[INFO] Deleting file /tmp/dspot-experiments/dataset/april-2019/gson/gson/target/test-classes/com/google/gson/functional/MapTest$9.class
[INFO] Deleting file /tmp/dspot-experiments/dataset/april-2019/gson/gson/target/test-classes/com/google/gson/functional/TypeAdapterPrecedenceTest$1.class
[INFO] Deleting file /tmp/dspot-experiments/dataset/april-2019/gson/gson/target/test-classes/com/google/gson/functional/MapAsArrayTypeAdapterTest$PointWithProperty.class
[INFO] Deleting file /tmp/dspot-experiments/dataset/april-2019/gson/gson/target/test-classes/com/google/gson/functional/PrimitiveTest$1.class
[INFO] Deleting file /tmp/dspot-experiments/dataset/april-2019/gson/gson/target/test-classes/com/google/gson/functional/VersioningTest$Version1.class
[INFO] Deleting file /tmp/dspot-experiments/dataset/april-2019/gson/gson/target/test-classes/com/google/gson/functional/StreamingTypeAdaptersTest.class
[INFO] Deleting file /tmp/dspot-experiments/dataset/april-2019/gson/gson/target/test-classes/com/google/gson/functional/CollectionTest$13.class
[INFO] Deleting file /tmp/dspot-experiments/dataset/april-2019/gson/gson/target/test-classes/com/google/gson/functional/CustomDeserializerTest$2.class
[INFO] Deleting file /tmp/dspot-experiments/dataset/april-2019/gson/gson/target/test-classes/com/google/gson/functional/TypeHierarchyAdapterTest$Manager.class
[INFO] Deleting file /tmp/dspot-experiments/dataset/april-2019/gson/gson/target/test-classes/com/google/gson/functional/ObjectTest$HasObjectMap.class
[INFO] Deleting file /tmp/dspot-experiments/dataset/april-2019/gson/gson/target/test-classes/com/google/gson/functional/CustomDeserializerTest$MyBase.class
[INFO] Deleting file /tmp/dspot-experiments/dataset/april-2019/gson/gson/target/test-classes/com/google/gson/functional/JsonAdapterAnnotationOnFieldsTest$GadgetWithTwoParts.class
[INFO] Deleting file /tmp/dspot-experiments/dataset/april-2019/gson/gson/target/test-classes/com/google/gson/functional/CollectionTest$19.class
[INFO] Deleting file /tmp/dspot-experiments/dataset/april-2019/gson/gson/target/test-classes/com/google/gson/functional/RuntimeTypeAdapterFactoryFunctionalTest$ShapeType.class
[INFO] Deleting file /tmp/dspot-experiments/dataset/april-2019/gson/gson/target/test-classes/com/google/gson/functional/JsonTreeTest$SubTypeOfBagOfPrimitives.class
[INFO] Deleting file /tmp/dspot-experiments/dataset/april-2019/gson/gson/target/test-classes/com/google/gson/functional/EnumTest$Roshambo$1.class
[INFO] Deleting file /tmp/dspot-experiments/dataset/april-2019/gson/gson/target/test-classes/com/google/gson/functional/TypeAdapterPrecedenceTest$2.class
[INFO] Deleting file /tmp/dspot-experiments/dataset/april-2019/gson/gson/target/test-classes/com/google/gson/functional/ParameterizedTypesTest$3.class
[INFO] Deleting file /tmp/dspot-experiments/dataset/april-2019/gson/gson/target/test-classes/com/google/gson/functional/MapTest$12.class
[INFO] Deleting file /tmp/dspot-experiments/dataset/april-2019/gson/gson/target/test-classes/com/google/gson/functional/ObjectTest$ClassWithPrivateNoArgsConstructor.class
[INFO] Deleting file /tmp/dspot-experiments/dataset/april-2019/gson/gson/target/test-classes/com/google/gson/functional/CircularReferenceTest.class
[INFO] Deleting file /tmp/dspot-experiments/dataset/april-2019/gson/gson/target/test-classes/com/google/gson/functional/JsonAdapterSerializerDeserializerTest$UserSerializerDeserializer2.class
[INFO] Deleting file /tmp/dspot-experiments/dataset/april-2019/gson/gson/target/test-classes/com/google/gson/functional/MapTest$17.class
[INFO] Deleting file /tmp/dspot-experiments/dataset/april-2019/gson/gson/target/test-classes/com/google/gson/functional/ParameterizedTypesTest.class
[INFO] Deleting file /tmp/dspot-experiments/dataset/april-2019/gson/gson/target/test-classes/com/google/gson/functional/TreeTypeAdaptersTest$Id.class
[INFO] Deleting file /tmp/dspot-experiments/dataset/april-2019/gson/gson/target/test-classes/com/google/gson/functional/MapTest$8.class
[INFO] Deleting file /tmp/dspot-experiments/dataset/april-2019/gson/gson/target/test-classes/com/google/gson/functional/RuntimeTypeAdapterFactoryFunctionalTest.class
[INFO] Deleting file /tmp/dspot-experiments/dataset/april-2019/gson/gson/target/test-classes/com/google/gson/functional/CollectionTest$HasArrayListField.class
[INFO] Deleting file /tmp/dspot-experiments/dataset/april-2019/gson/gson/target/test-classes/com/google/gson/functional/UncategorizedTest$OperationType.class
[INFO] Deleting file /tmp/dspot-experiments/dataset/april-2019/gson/gson/target/test-classes/com/google/gson/functional/TypeHierarchyAdapterTest$Employee.class
[INFO] Deleting file /tmp/dspot-experiments/dataset/april-2019/gson/gson/target/test-classes/com/google/gson/functional/CollectionTest$18.class
[INFO] Deleting file /tmp/dspot-experiments/dataset/april-2019/gson/gson/target/test-classes/com/google/gson/functional/InheritanceTest$ClassWithSubInterfacesOfCollection.class
[INFO] Deleting file /tmp/dspot-experiments/dataset/april-2019/gson/gson/target/test-classes/com/google/gson/functional/CollectionTest$10.class
[INFO] Deleting file /tmp/dspot-experiments/dataset/april-2019/gson/gson/target/test-classes/com/google/gson/functional/MoreSpecificTypeSerializationTest$ParameterizedSub.class
[INFO] Deleting file /tmp/dspot-experiments/dataset/april-2019/gson/gson/target/test-classes/com/google/gson/functional/MapAsArrayTypeAdapterTest$5.class
[INFO] Deleting file /tmp/dspot-experiments/dataset/april-2019/gson/gson/target/test-classes/com/google/gson/functional/ParameterizedTypesTest$13.class
[INFO] Deleting file /tmp/dspot-experiments/dataset/april-2019/gson/gson/target/test-classes/com/google/gson/functional/JsonAdapterSerializerDeserializerTest$UserSerializer.class
[INFO] Deleting file /tmp/dspot-experiments/dataset/april-2019/gson/gson/target/test-classes/com/google/gson/functional/CustomTypeAdaptersTest$DataHolderSerializer.class
[INFO] Deleting file /tmp/dspot-experiments/dataset/april-2019/gson/gson/target/test-classes/com/google/gson/functional/JsonAdapterSerializerDeserializerTest.class
[INFO] Deleting file /tmp/dspot-experiments/dataset/april-2019/gson/gson/target/test-classes/com/google/gson/functional/DefaultTypeAdaptersTest$ClassWithBigDecimal.class
[INFO] Deleting file /tmp/dspot-experiments/dataset/april-2019/gson/gson/target/test-classes/com/google/gson/functional/JsonAdapterAnnotationOnFieldsTest$LongToStringTypeAdapterFactory$1.class
[INFO] Deleting file /tmp/dspot-experiments/dataset/april-2019/gson/gson/target/test-classes/com/google/gson/functional/JsonAdapterAnnotationOnFieldsTest$Gadget.class
[INFO] Deleting file /tmp/dspot-experiments/dataset/april-2019/gson/gson/target/test-classes/com/google/gson/functional/ExposeFieldsTest$1.class
[INFO] Deleting file /tmp/dspot-experiments/dataset/april-2019/gson/gson/target/test-classes/com/google/gson/functional/ParameterizedTypesTest$Field.class
[INFO] Deleting file /tmp/dspot-experiments/dataset/april-2019/gson/gson/target/test-classes/com/google/gson/functional/EnumTest$MyEnum.class
[INFO] Deleting file /tmp/dspot-experiments/dataset/april-2019/gson/gson/target/test-classes/com/google/gson/functional/NullObjectAndFieldTest$1.class
[INFO] Deleting file /tmp/dspot-experiments/dataset/april-2019/gson/gson/target/test-classes/com/google/gson/functional/RawSerializationTest$Foo.class
[INFO] Deleting file /tmp/dspot-experiments/dataset/april-2019/gson/gson/target/test-classes/com/google/gson/functional/UncategorizedTest$Derived2.class
[INFO] Deleting file /tmp/dspot-experiments/dataset/april-2019/gson/gson/target/test-classes/com/google/gson/functional/ObjectTest$ClassWithObjectField.class
[INFO] Deleting file /tmp/dspot-experiments/dataset/april-2019/gson/gson/target/test-classes/com/google/gson/functional/JavaUtilTest.class
[INFO] Deleting file /tmp/dspot-experiments/dataset/april-2019/gson/gson/target/test-classes/com/google/gson/functional/ParameterizedTypesTest$2.class
[INFO] Deleting file /tmp/dspot-experiments/dataset/april-2019/gson/gson/target/test-classes/com/google/gson/functional/PrettyPrintingTest$1.class
[INFO] Deleting file /tmp/dspot-experiments/dataset/april-2019/gson/gson/target/test-classes/com/google/gson/functional/ExposeFieldsTest$SomeInterfaceInstanceCreator.class
[INFO] Deleting file /tmp/dspot-experiments/dataset/april-2019/gson/gson/target/test-classes/com/google/gson/functional/DelegateTypeAdapterTest$1.class
[INFO] Deleting file /tmp/dspot-experiments/dataset/april-2019/gson/gson/target/test-classes/com/google/gson/functional/ParameterizedTypesTest$4.class
[INFO] Deleting file /tmp/dspot-experiments/dataset/april-2019/gson/gson/target/test-classes/com/google/gson/functional/ObjectTest$ArrayOfArrays.class
[INFO] Deleting file /tmp/dspot-experiments/dataset/april-2019/gson/gson/target/test-classes/com/google/gson/functional/SecurityTest.class
[INFO] Deleting file /tmp/dspot-experiments/dataset/april-2019/gson/gson/target/test-classes/com/google/gson/functional/ExposeFieldsTest$SomeObject.class
[INFO] Deleting file /tmp/dspot-experiments/dataset/april-2019/gson/gson/target/test-classes/com/google/gson/functional/JsonAdapterSerializerDeserializerTest$UserDeserializer.class
[INFO] Deleting file /tmp/dspot-experiments/dataset/april-2019/gson/gson/target/test-classes/com/google/gson/functional/JsonAdapterAnnotationOnFieldsTest$UserClassAnnotationAdapter.class
[INFO] Deleting file /tmp/dspot-experiments/dataset/april-2019/gson/gson/target/test-classes/com/google/gson/functional/ParameterizedTypesTest$18.class
[INFO] Deleting file /tmp/dspot-experiments/dataset/april-2019/gson/gson/target/test-classes/com/google/gson/functional/ThrowableFunctionalTest.class
[INFO] Deleting file /tmp/dspot-experiments/dataset/april-2019/gson/gson/target/test-classes/com/google/gson/functional/CustomTypeAdaptersTest$4.class
[INFO] Deleting file /tmp/dspot-experiments/dataset/april-2019/gson/gson/target/test-classes/com/google/gson/functional/EnumTest$Roshambo$3.class
[INFO] Deleting file /tmp/dspot-experiments/dataset/april-2019/gson/gson/target/test-classes/com/google/gson/functional/MapTest$36.class
[INFO] Deleting file /tmp/dspot-experiments/dataset/april-2019/gson/gson/target/test-classes/com/google/gson/functional/DelegateTypeAdapterTest$StatsTypeAdapterFactory.class
[INFO] Deleting file /tmp/dspot-experiments/dataset/april-2019/gson/gson/target/test-classes/com/google/gson/functional/MapTest$37.class
[INFO] Deleting file /tmp/dspot-experiments/dataset/april-2019/gson/gson/target/test-classes/com/google/gson/functional/InstanceCreatorTest.class
[INFO] Deleting file /tmp/dspot-experiments/dataset/april-2019/gson/gson/target/test-classes/com/google/gson/functional/ParameterizedTypesTest$10.class
[INFO] Deleting file /tmp/dspot-experiments/dataset/april-2019/gson/gson/target/test-classes/com/google/gson/functional/MapTest$22.class
[INFO] Deleting file /tmp/dspot-experiments/dataset/april-2019/gson/gson/target/test-classes/com/google/gson/functional/MapAsArrayTypeAdapterTest$Point.class
[INFO] Deleting file /tmp/dspot-experiments/dataset/april-2019/gson/gson/target/test-classes/com/google/gson/functional/CustomTypeAdaptersTest$10.class
[INFO] Deleting file /tmp/dspot-experiments/dataset/april-2019/gson/gson/target/test-classes/com/google/gson/functional/ParameterizedTypesTest$7.class
[INFO] Deleting file /tmp/dspot-experiments/dataset/april-2019/gson/gson/target/test-classes/com/google/gson/functional/TreeTypeAdaptersTest$1.class
[INFO] Deleting file /tmp/dspot-experiments/dataset/april-2019/gson/gson/target/test-classes/com/google/gson/functional/ExclusionStrategyFunctionalTest$Foo.class
[INFO] Deleting file /tmp/dspot-experiments/dataset/april-2019/gson/gson/target/test-classes/com/google/gson/functional/CustomTypeAdaptersTest$StringHolderTypeAdapter.class
[INFO] Deleting file /tmp/dspot-experiments/dataset/april-2019/gson/gson/target/test-classes/com/google/gson/functional/FieldNamingTest.class
[INFO] Deleting file /tmp/dspot-experiments/dataset/april-2019/gson/gson/target/test-classes/com/google/gson/functional/JsonArrayTest.class
[INFO] Deleting file /tmp/dspot-experiments/dataset/april-2019/gson/gson/target/test-classes/com/google/gson/functional/CustomTypeAdaptersTest$Base.class
[INFO] Deleting file /tmp/dspot-experiments/dataset/april-2019/gson/gson/target/test-classes/com/google/gson/functional/MapTest$15.class
[INFO] Deleting file /tmp/dspot-experiments/dataset/april-2019/gson/gson/target/test-classes/com/google/gson/functional/NullObjectAndFieldTest$ClassWithObjectsSerializer.class
[INFO] Deleting file /tmp/dspot-experiments/dataset/april-2019/gson/gson/target/test-classes/com/google/gson/functional/CustomTypeAdaptersTest$12.class
[INFO] Deleting file /tmp/dspot-experiments/dataset/april-2019/gson/gson/target/test-classes/com/google/gson/functional/JsonAdapterAnnotationOnFieldsTest$GadgetWithPrimitivePart.class
[INFO] Deleting file /tmp/dspot-experiments/dataset/april-2019/gson/gson/target/test-classes/com/google/gson/functional/TypeVariableTest$Bar.class
[INFO] Deleting file /tmp/dspot-experiments/dataset/april-2019/gson/gson/target/test-classes/com/google/gson/functional/MoreSpecificTypeSerializationTest$ClassWithBaseFields.class
[INFO] Deleting file /tmp/dspot-experiments/dataset/april-2019/gson/gson/target/test-classes/com/google/gson/functional/NullObjectAndFieldTest$2.class
[INFO] Deleting file /tmp/dspot-experiments/dataset/april-2019/gson/gson/target/test-classes/com/google/gson/functional/StreamingTypeAdaptersTest$Node.class
[INFO] Deleting file /tmp/dspot-experiments/dataset/april-2019/gson/gson/target/test-classes/com/google/gson/functional/MapTest$24.class
[INFO] Deleting file /tmp/dspot-experiments/dataset/april-2019/gson/gson/target/test-classes/com/google/gson/functional/CollectionTest$11.class
[INFO] Deleting file /tmp/dspot-experiments/dataset/april-2019/gson/gson/target/test-classes/com/google/gson/functional/InstanceCreatorTest$5.class
[INFO] Deleting file /tmp/dspot-experiments/dataset/april-2019/gson/gson/target/test-classes/com/google/gson/functional/JsonAdapterAnnotationOnClassesTest$B.class
[INFO] Deleting file /tmp/dspot-experiments/dataset/april-2019/gson/gson/target/test-classes/com/google/gson/functional/LeniencyTest.class
[INFO] Deleting file /tmp/dspot-experiments/dataset/april-2019/gson/gson/target/test-classes/com/google/gson/functional/CustomTypeAdaptersTest$7.class
[INFO] Deleting file /tmp/dspot-experiments/dataset/april-2019/gson/gson/target/test-classes/com/google/gson/functional/JsonAdapterSerializerDeserializerTest$Container.class
[INFO] Deleting file /tmp/dspot-experiments/dataset/april-2019/gson/gson/target/test-classes/com/google/gson/functional/CollectionTest$7.class
[INFO] Deleting file /tmp/dspot-experiments/dataset/april-2019/gson/gson/target/test-classes/com/google/gson/functional/ArrayTest.class
[INFO] Deleting file /tmp/dspot-experiments/dataset/april-2019/gson/gson/target/test-classes/com/google/gson/functional/CollectionTest$12.class
[INFO] Deleting file /tmp/dspot-experiments/dataset/april-2019/gson/gson/target/test-classes/com/google/gson/functional/DefaultTypeAdaptersTest$ClassWithBigInteger.class
[INFO] Deleting file /tmp/dspot-experiments/dataset/april-2019/gson/gson/target/test-classes/com/google/gson/functional/ObjectTest$1.class
[INFO] Deleting file /tmp/dspot-experiments/dataset/april-2019/gson/gson/target/test-classes/com/google/gson/functional/CollectionTest$ObjectWithWildcardCollection.class
[INFO] Deleting file /tmp/dspot-experiments/dataset/april-2019/gson/gson/target/test-classes/com/google/gson/functional/MapAsArrayTypeAdapterTest$1.class
[INFO] Deleting file /tmp/dspot-experiments/dataset/april-2019/gson/gson/target/test-classes/com/google/gson/functional/CustomTypeAdaptersTest$Foo.class
[INFO] Deleting file /tmp/dspot-experiments/dataset/april-2019/gson/gson/target/test-classes/com/google/gson/functional/JsonAdapterSerializerDeserializerTest$Computer2.class
[INFO] Deleting file /tmp/dspot-experiments/dataset/april-2019/gson/gson/target/test-classes/com/google/gson/functional/CustomTypeAdaptersTest$DataHolderDeserializer.class
[INFO] Deleting file /tmp/dspot-experiments/dataset/april-2019/gson/gson/target/test-classes/com/google/gson/functional/JsonAdapterAnnotationOnFieldsTest$PartJsonFieldAnnotationAdapter.class
[INFO] Deleting file /tmp/dspot-experiments/dataset/april-2019/gson/gson/target/test-classes/com/google/gson/functional/StreamingTypeAdaptersTest$4.class
[INFO] Deleting file /tmp/dspot-experiments/dataset/april-2019/gson/gson/target/test-classes/com/google/gson/functional/PrimitiveCharacterTest.class
[INFO] Deleting file /tmp/dspot-experiments/dataset/april-2019/gson/gson/target/test-classes/com/google/gson/functional/RuntimeTypeAdapterFactoryFunctionalTest$Square.class
[INFO] Deleting directory /tmp/dspot-experiments/dataset/april-2019/gson/gson/target/test-classes/com/google/gson/functional
[INFO] Deleting file /tmp/dspot-experiments/dataset/april-2019/gson/gson/target/test-classes/com/google/gson/DefaultMapJsonSerializerTest$1.class
[INFO] Deleting file /tmp/dspot-experiments/dataset/april-2019/gson/gson/target/test-classes/com/google/gson/JavaSerializationTest$3.class
[INFO] Deleting file /tmp/dspot-experiments/dataset/april-2019/gson/gson/target/test-classes/com/google/gson/GsonTypeAdapterTest$1.class
[INFO] Deleting file /tmp/dspot-experiments/dataset/april-2019/gson/gson/target/test-classes/com/google/gson/GenericArrayTypeTest.class
[INFO] Deleting file /tmp/dspot-experiments/dataset/april-2019/gson/gson/target/test-classes/com/google/gson/ParameterizedTypeTest.class
[INFO] Deleting file /tmp/dspot-experiments/dataset/april-2019/gson/gson/target/test-classes/com/google/gson/CommentsTest$1.class
[INFO] Deleting file /tmp/dspot-experiments/dataset/april-2019/gson/gson/target/test-classes/com/google/gson/CommentsTest.class
[INFO] Deleting file /tmp/dspot-experiments/dataset/april-2019/gson/gson/target/test-classes/com/google/gson/ExposeAnnotationExclusionStrategyTest$MockObject.class
[INFO] Deleting file /tmp/dspot-experiments/dataset/april-2019/gson/gson/target/test-classes/com/google/gson/ExposeAnnotationExclusionStrategyTest.class
[INFO] Deleting file /tmp/dspot-experiments/dataset/april-2019/gson/gson/target/test-classes/com/google/gson/FieldAttributesTest$Foo.class
[INFO] Deleting file /tmp/dspot-experiments/dataset/april-2019/gson/gson/target/test-classes/com/google/gson/GsonTypeAdapterTest$Concrete.class
[INFO] Deleting file /tmp/dspot-experiments/dataset/april-2019/gson/gson/target/test-classes/com/google/gson/InnerClassExclusionStrategyTest$StaticNestedClass.class
[INFO] Deleting file /tmp/dspot-experiments/dataset/april-2019/gson/gson/target/test-classes/com/google/gson/GsonBuilderTest.class
[INFO] Deleting file /tmp/dspot-experiments/dataset/april-2019/gson/gson/target/test-classes/com/google/gson/FieldAttributesTest.class
[INFO] Deleting file /tmp/dspot-experiments/dataset/april-2019/gson/gson/target/test-classes/com/google/gson/GenericArrayTypeTest$3.class
[INFO] Deleting file /tmp/dspot-experiments/dataset/april-2019/gson/gson/target/test-classes/com/google/gson/stream/JsonReaderTest.class
[INFO] Deleting file /tmp/dspot-experiments/dataset/april-2019/gson/gson/target/test-classes/com/google/gson/stream/JsonWriterTest.class
[INFO] Deleting file /tmp/dspot-experiments/dataset/april-2019/gson/gson/target/test-classes/com/google/gson/stream/JsonReaderPathTest$Factory$2.class
[INFO] Deleting file /tmp/dspot-experiments/dataset/april-2019/gson/gson/target/test-classes/com/google/gson/stream/JsonReaderPathTest$Factory$1.class
[INFO] Deleting file /tmp/dspot-experiments/dataset/april-2019/gson/gson/target/test-classes/com/google/gson/stream/JsonReaderPathTest$1.class
[INFO] Deleting file /tmp/dspot-experiments/dataset/april-2019/gson/gson/target/test-classes/com/google/gson/stream/JsonReaderPathTest$Factory.class
[INFO] Deleting file /tmp/dspot-experiments/dataset/april-2019/gson/gson/target/test-classes/com/google/gson/stream/JsonReaderPathTest.class
[INFO] Deleting directory /tmp/dspot-experiments/dataset/april-2019/gson/gson/target/test-classes/com/google/gson/stream
[INFO] Deleting file /tmp/dspot-experiments/dataset/april-2019/gson/gson/target/test-classes/com/google/gson/GsonBuilderTest$1.class
[INFO] Deleting file /tmp/dspot-experiments/dataset/april-2019/gson/gson/target/test-classes/com/google/gson/GsonTypeAdapterTest$ExceptionTypeAdapter.class
[INFO] Deleting file /tmp/dspot-experiments/dataset/april-2019/gson/gson/target/test-classes/com/google/gson/MixedStreamTest$1.class
[INFO] Deleting file /tmp/dspot-experiments/dataset/april-2019/gson/gson/target/test-classes/com/google/gson/GsonBuilderTest$HasTransients.class
[INFO] Deleting file /tmp/dspot-experiments/dataset/april-2019/gson/gson/target/test-classes/com/google/gson/ParameterizedTypeFixtures$MyParameterizedTypeInstanceCreator.class
[INFO] Deleting file /tmp/dspot-experiments/dataset/april-2019/gson/gson/target/test-classes/com/google/gson/GsonBuilderTest$HasModifiers.class
[INFO] Deleting file /tmp/dspot-experiments/dataset/april-2019/gson/gson/target/test-classes/com/google/gson/ParameterizedTypeFixtures$MyParameterizedType.class
[INFO] Deleting file /tmp/dspot-experiments/dataset/april-2019/gson/gson/target/test-classes/com/google/gson/GsonTypeAdapterTest$AtomicIntegerTypeAdapter.class
[INFO] Deleting file /tmp/dspot-experiments/dataset/april-2019/gson/gson/target/test-classes/com/google/gson/ObjectTypeAdapterTest.class
[INFO] Deleting file /tmp/dspot-experiments/dataset/april-2019/gson/gson/target/test-classes/com/google/gson/FieldAttributesTest$1.class
[INFO] Deleting file /tmp/dspot-experiments/dataset/april-2019/gson/gson/target/test-classes/com/google/gson/OverrideCoreTypeAdaptersTest.class
[INFO] Deleting file /tmp/dspot-experiments/dataset/april-2019/gson/gson/target/test-classes/com/google/gson/MixedStreamTest.class
[INFO] Deleting file /tmp/dspot-experiments/dataset/april-2019/gson/gson/target/test-classes/com/google/gson/JsonNullTest.class
[INFO] Deleting file /tmp/dspot-experiments/dataset/april-2019/gson/gson/target/test-classes/com/google/gson/DefaultMapJsonSerializerTest$2.class
[INFO] Deleting file /tmp/dspot-experiments/dataset/april-2019/gson/gson/target/test-classes/com/google/gson/JavaSerializationTest$1.class
[INFO] Deleting file /tmp/dspot-experiments/dataset/april-2019/gson/gson/target/test-classes/com/google/gson/metrics/PerformanceTest$ClassWithExposedField.class
[INFO] Deleting file /tmp/dspot-experiments/dataset/april-2019/gson/gson/target/test-classes/com/google/gson/metrics/PerformanceTest$ClassWithList.class
[INFO] Deleting file /tmp/dspot-experiments/dataset/april-2019/gson/gson/target/test-classes/com/google/gson/metrics/PerformanceTest$1.class
[INFO] Deleting file /tmp/dspot-experiments/dataset/april-2019/gson/gson/target/test-classes/com/google/gson/metrics/PerformanceTest$ClassWithListOfObjects.class
[INFO] Deleting file /tmp/dspot-experiments/dataset/april-2019/gson/gson/target/test-classes/com/google/gson/metrics/PerformanceTest$ExceptionHolder.class
[INFO] Deleting file /tmp/dspot-experiments/dataset/april-2019/gson/gson/target/test-classes/com/google/gson/metrics/PerformanceTest$ClassWithField.class
[INFO] Deleting file /tmp/dspot-experiments/dataset/april-2019/gson/gson/target/test-classes/com/google/gson/metrics/PerformanceTest.class
[INFO] Deleting file /tmp/dspot-experiments/dataset/april-2019/gson/gson/target/test-classes/com/google/gson/metrics/PerformanceTest$3.class
[INFO] Deleting file /tmp/dspot-experiments/dataset/april-2019/gson/gson/target/test-classes/com/google/gson/metrics/PerformanceTest$CollectionEntry.class
[INFO] Deleting file /tmp/dspot-experiments/dataset/april-2019/gson/gson/target/test-classes/com/google/gson/metrics/PerformanceTest$2.class
[INFO] Deleting directory /tmp/dspot-experiments/dataset/april-2019/gson/gson/target/test-classes/com/google/gson/metrics
[INFO] Deleting file /tmp/dspot-experiments/dataset/april-2019/gson/gson/target/test-classes/com/google/gson/VersionExclusionStrategyTest$MockObject.class
[INFO] Deleting file /tmp/dspot-experiments/dataset/april-2019/gson/gson/target/test-classes/com/google/gson/DefaultDateTypeAdapterTest.class
[INFO] Deleting file /tmp/dspot-experiments/dataset/april-2019/gson/gson/target/test-classes/com/google/gson/ObjectTypeAdapterTest$RuntimeType.class
[INFO] Deleting file /tmp/dspot-experiments/dataset/april-2019/gson/gson/target/test-classes/com/google/gson/MixedStreamTest$3.class
[INFO] Deleting file /tmp/dspot-experiments/dataset/april-2019/gson/gson/target/test-classes/com/google/gson/GsonTest$1.class
[INFO] Deleting file /tmp/dspot-experiments/dataset/april-2019/gson/gson/target/test-classes/com/google/gson/ParameterizedTypeTest$1.class
[INFO] Deleting file /tmp/dspot-experiments/dataset/april-2019/gson/gson/target/test-classes/com/google/gson/common/TestTypes$BagOfPrimitives.class
[INFO] Deleting file /tmp/dspot-experiments/dataset/april-2019/gson/gson/target/test-classes/com/google/gson/common/TestTypes$StringWrapper.class
[INFO] Deleting file /tmp/dspot-experiments/dataset/april-2019/gson/gson/target/test-classes/com/google/gson/common/TestTypes$ClassOverridingEquals.class
[INFO] Deleting file /tmp/dspot-experiments/dataset/april-2019/gson/gson/target/test-classes/com/google/gson/common/TestTypes$BagOfPrimitiveWrappers.class
[INFO] Deleting file /tmp/dspot-experiments/dataset/april-2019/gson/gson/target/test-classes/com/google/gson/common/TestTypes$ClassWithSerializedNameFields.class
[INFO] Deleting file /tmp/dspot-experiments/dataset/april-2019/gson/gson/target/test-classes/com/google/gson/common/TestTypes$CrazyLongTypeAdapter.class
[INFO] Deleting file /tmp/dspot-experiments/dataset/april-2019/gson/gson/target/test-classes/com/google/gson/common/TestTypes.class
[INFO] Deleting file /tmp/dspot-experiments/dataset/april-2019/gson/gson/target/test-classes/com/google/gson/common/TestTypes$ClassWithBaseField.class
[INFO] Deleting file /tmp/dspot-experiments/dataset/april-2019/gson/gson/target/test-classes/com/google/gson/common/TestTypes$Base.class
[INFO] Deleting file /tmp/dspot-experiments/dataset/april-2019/gson/gson/target/test-classes/com/google/gson/common/TestTypes$ClassWithArray.class
[INFO] Deleting file /tmp/dspot-experiments/dataset/april-2019/gson/gson/target/test-classes/com/google/gson/common/TestTypes$PrimitiveArray.class
[INFO] Deleting file /tmp/dspot-experiments/dataset/april-2019/gson/gson/target/test-classes/com/google/gson/common/TestTypes$ClassWithNoFields.class
[INFO] Deleting file /tmp/dspot-experiments/dataset/april-2019/gson/gson/target/test-classes/com/google/gson/common/TestTypes$BaseSerializer.class
[INFO] Deleting file /tmp/dspot-experiments/dataset/april-2019/gson/gson/target/test-classes/com/google/gson/common/TestTypes$SubSerializer.class
[INFO] Deleting file /tmp/dspot-experiments/dataset/april-2019/gson/gson/target/test-classes/com/google/gson/common/TestTypes$ArrayOfObjects.class
[INFO] Deleting file /tmp/dspot-experiments/dataset/april-2019/gson/gson/target/test-classes/com/google/gson/common/TestTypes$ClassWithTransientFields.class
[INFO] Deleting file /tmp/dspot-experiments/dataset/april-2019/gson/gson/target/test-classes/com/google/gson/common/TestTypes$ClassWithCustomTypeConverter.class
[INFO] Deleting file /tmp/dspot-experiments/dataset/april-2019/gson/gson/target/test-classes/com/google/gson/common/TestTypes$ClassWithObjects.class
[INFO] Deleting file /tmp/dspot-experiments/dataset/april-2019/gson/gson/target/test-classes/com/google/gson/common/TestTypes$ClassWithBaseCollectionField.class
[INFO] Deleting file /tmp/dspot-experiments/dataset/april-2019/gson/gson/target/test-classes/com/google/gson/common/MoreAsserts.class
[INFO] Deleting file /tmp/dspot-experiments/dataset/april-2019/gson/gson/target/test-classes/com/google/gson/common/TestTypes$ClassWithBaseArrayField.class
[INFO] Deleting file /tmp/dspot-experiments/dataset/april-2019/gson/gson/target/test-classes/com/google/gson/common/TestTypes$Nested.class
[INFO] Deleting file /tmp/dspot-experiments/dataset/april-2019/gson/gson/target/test-classes/com/google/gson/common/TestTypes$Sub.class
[INFO] Deleting directory /tmp/dspot-experiments/dataset/april-2019/gson/gson/target/test-classes/com/google/gson/common
[INFO] Deleting file /tmp/dspot-experiments/dataset/april-2019/gson/gson/target/test-classes/com/google/gson/JsonParserTest.class
[INFO] Deleting file /tmp/dspot-experiments/dataset/april-2019/gson/gson/target/test-classes/com/google/gson/reflect/TypeTokenTest$5.class
[INFO] Deleting file /tmp/dspot-experiments/dataset/april-2019/gson/gson/target/test-classes/com/google/gson/reflect/TypeTokenTest.class
[INFO] Deleting file /tmp/dspot-experiments/dataset/april-2019/gson/gson/target/test-classes/com/google/gson/reflect/TypeTokenTest$3.class
[INFO] Deleting file /tmp/dspot-experiments/dataset/april-2019/gson/gson/target/test-classes/com/google/gson/reflect/TypeTokenTest$2.class
[INFO] Deleting file /tmp/dspot-experiments/dataset/april-2019/gson/gson/target/test-classes/com/google/gson/reflect/TypeTokenTest$6.class
[INFO] Deleting file /tmp/dspot-experiments/dataset/april-2019/gson/gson/target/test-classes/com/google/gson/reflect/TypeTokenTest$1.class
[INFO] Deleting file /tmp/dspot-experiments/dataset/april-2019/gson/gson/target/test-classes/com/google/gson/reflect/TypeTokenTest$4.class
[INFO] Deleting directory /tmp/dspot-experiments/dataset/april-2019/gson/gson/target/test-classes/com/google/gson/reflect
[INFO] Deleting file /tmp/dspot-experiments/dataset/april-2019/gson/gson/target/test-classes/com/google/gson/PrimitiveTypeAdapter.class
[INFO] Deleting file /tmp/dspot-experiments/dataset/april-2019/gson/gson/target/test-classes/com/google/gson/GsonTypeAdapterTest$Abstract.class
[INFO] Deleting file /tmp/dspot-experiments/dataset/april-2019/gson/gson/target/test-classes/com/google/gson/OverrideCoreTypeAdaptersTest$2.class
[INFO] Deleting file /tmp/dspot-experiments/dataset/april-2019/gson/gson/target/test-classes/com/google/gson/MixedStreamTest$Car.class
[INFO] Deleting file /tmp/dspot-experiments/dataset/april-2019/gson/gson/target/test-classes/com/google/gson/GsonTest.class
[INFO] Deleting file /tmp/dspot-experiments/dataset/april-2019/gson/gson/target/test-classes/com/google/gson/DefaultMapJsonSerializerTest.class
[INFO] Deleting file /tmp/dspot-experiments/dataset/april-2019/gson/gson/target/test-classes/com/google/gson/GsonTypeAdapterTest.class
[INFO] Deleting file /tmp/dspot-experiments/dataset/april-2019/gson/gson/target/test-classes/com/google/gson/VersionExclusionStrategyTest.class
[INFO] Deleting file /tmp/dspot-experiments/dataset/april-2019/gson/gson/target/test-classes/com/google/gson/JsonPrimitiveTest.class
[INFO] Deleting file /tmp/dspot-experiments/dataset/april-2019/gson/gson/target/test-classes/com/google/gson/internal/GsonTypesTest$1D.class
[INFO] Deleting file /tmp/dspot-experiments/dataset/april-2019/gson/gson/target/test-classes/com/google/gson/internal/GsonTypesTest$C.class
[INFO] Deleting file /tmp/dspot-experiments/dataset/april-2019/gson/gson/target/test-classes/com/google/gson/internal/UnsafeAllocatorInstantiationTest$AbstractClass.class
[INFO] Deleting file /tmp/dspot-experiments/dataset/april-2019/gson/gson/target/test-classes/com/google/gson/internal/UnsafeAllocatorInstantiationTest.class
[INFO] Deleting file /tmp/dspot-experiments/dataset/april-2019/gson/gson/target/test-classes/com/google/gson/internal/bind/JsonTreeReaderTest.class
[INFO] Deleting file /tmp/dspot-experiments/dataset/april-2019/gson/gson/target/test-classes/com/google/gson/internal/bind/JsonElementReaderTest.class
[INFO] Deleting file /tmp/dspot-experiments/dataset/april-2019/gson/gson/target/test-classes/com/google/gson/internal/bind/JsonTreeWriterTest.class
[INFO] Deleting directory /tmp/dspot-experiments/dataset/april-2019/gson/gson/target/test-classes/com/google/gson/internal/bind
[INFO] Deleting file /tmp/dspot-experiments/dataset/april-2019/gson/gson/target/test-classes/com/google/gson/internal/UnsafeAllocatorInstantiationTest$ConcreteClass.class
[INFO] Deleting file /tmp/dspot-experiments/dataset/april-2019/gson/gson/target/test-classes/com/google/gson/internal/LinkedHashTreeMapTest.class
[INFO] Deleting file /tmp/dspot-experiments/dataset/april-2019/gson/gson/target/test-classes/com/google/gson/internal/GsonTypesTest$B.class
[INFO] Deleting file /tmp/dspot-experiments/dataset/april-2019/gson/gson/target/test-classes/com/google/gson/internal/GsonTypesTest.class
[INFO] Deleting file /tmp/dspot-experiments/dataset/april-2019/gson/gson/target/test-classes/com/google/gson/internal/LinkedTreeMapTest.class
[INFO] Deleting file /tmp/dspot-experiments/dataset/april-2019/gson/gson/target/test-classes/com/google/gson/internal/GsonTypesTest$A.class
[INFO] Deleting file /tmp/dspot-experiments/dataset/april-2019/gson/gson/target/test-classes/com/google/gson/internal/UnsafeAllocatorInstantiationTest$Interface.class
[INFO] Deleting file /tmp/dspot-experiments/dataset/april-2019/gson/gson/target/test-classes/com/google/gson/internal/LazilyParsedNumberTest.class
[INFO] Deleting directory /tmp/dspot-experiments/dataset/april-2019/gson/gson/target/test-classes/com/google/gson/internal
[INFO] Deleting file /tmp/dspot-experiments/dataset/april-2019/gson/gson/target/test-classes/com/google/gson/InnerClassExclusionStrategyTest.class
[INFO] Deleting file /tmp/dspot-experiments/dataset/april-2019/gson/gson/target/test-classes/com/google/gson/DefaultInetAddressTypeAdapterTest.class
[INFO] Deleting file /tmp/dspot-experiments/dataset/april-2019/gson/gson/target/test-classes/com/google/gson/ObjectTypeAdapterTest$1.class
[INFO] Deleting file /tmp/dspot-experiments/dataset/april-2019/gson/gson/target/test-classes/com/google/gson/MixedStreamTest$2.class
[INFO] Deleting file /tmp/dspot-experiments/dataset/april-2019/gson/gson/target/test-classes/com/google/gson/regression/JsonAdapterNullSafeTest$Device$JsonAdapterFactory.class
[INFO] Deleting file /tmp/dspot-experiments/dataset/april-2019/gson/gson/target/test-classes/com/google/gson/regression/JsonAdapterNullSafeTest.class
[INFO] Deleting file /tmp/dspot-experiments/dataset/april-2019/gson/gson/target/test-classes/com/google/gson/regression/JsonAdapterNullSafeTest$Device.class
[INFO] Deleting directory /tmp/dspot-experiments/dataset/april-2019/gson/gson/target/test-classes/com/google/gson/regression
[INFO] Deleting file /tmp/dspot-experiments/dataset/april-2019/gson/gson/target/test-classes/com/google/gson/LongSerializationPolicyTest.class
[INFO] Deleting file /tmp/dspot-experiments/dataset/april-2019/gson/gson/target/test-classes/com/google/gson/ParameterizedTypeTest$2.class
[INFO] Deleting file /tmp/dspot-experiments/dataset/april-2019/gson/gson/target/test-classes/com/google/gson/JavaSerializationTest.class
[INFO] Deleting file /tmp/dspot-experiments/dataset/april-2019/gson/gson/target/test-classes/com/google/gson/ParameterizedTypeFixtures$MyParameterizedTypeAdapter.class
[INFO] Deleting file /tmp/dspot-experiments/dataset/april-2019/gson/gson/target/test-classes/com/google/gson/JsonObjectTest.class
[INFO] Deleting file /tmp/dspot-experiments/dataset/april-2019/gson/gson/target/test-classes/com/google/gson/JsonArrayTest.class
[INFO] Deleting file /tmp/dspot-experiments/dataset/april-2019/gson/gson/target/test-classes/com/google/gson/JsonStreamParserTest.class
[INFO] Deleting file /tmp/dspot-experiments/dataset/april-2019/gson/gson/target/test-classes/com/google/gson/ParameterizedTypeFixtures.class
[INFO] Deleting file /tmp/dspot-experiments/dataset/april-2019/gson/gson/target/test-classes/com/google/gson/OverrideCoreTypeAdaptersTest$1.class
[INFO] Deleting file /tmp/dspot-experiments/dataset/april-2019/gson/gson/target/test-classes/com/google/gson/JavaSerializationTest$2.class
[INFO] Deleting file /tmp/dspot-experiments/dataset/april-2019/gson/gson/target/test-classes/com/google/gson/GenericArrayTypeTest$1.class
[INFO] Deleting file /tmp/dspot-experiments/dataset/april-2019/gson/gson/target/test-classes/com/google/gson/InnerClassExclusionStrategyTest$InnerClass.class
[INFO] Deleting directory /tmp/dspot-experiments/dataset/april-2019/gson/gson/target/test-classes/com/google/gson
[INFO] Deleting directory /tmp/dspot-experiments/dataset/april-2019/gson/gson/target/test-classes/com/google
[INFO] Deleting directory /tmp/dspot-experiments/dataset/april-2019/gson/gson/target/test-classes/com
[INFO] Deleting directory /tmp/dspot-experiments/dataset/april-2019/gson/gson/target/test-classes
[INFO] Deleting file /tmp/dspot-experiments/dataset/april-2019/gson/gson/target/maven-status/maven-compiler-plugin/testCompile/default-testCompile/createdFiles.lst
[INFO] Deleting directory /tmp/dspot-experiments/dataset/april-2019/gson/gson/target/maven-status/maven-compiler-plugin/testCompile/default-testCompile
[INFO] Deleting directory /tmp/dspot-experiments/dataset/april-2019/gson/gson/target/maven-status/maven-compiler-plugin/testCompile
[INFO] Deleting file /tmp/dspot-experiments/dataset/april-2019/gson/gson/target/maven-status/maven-compiler-plugin/compile/default-compile/createdFiles.lst
[INFO] Deleting directory /tmp/dspot-experiments/dataset/april-2019/gson/gson/target/maven-status/maven-compiler-plugin/compile/default-compile
[INFO] Deleting directory /tmp/dspot-experiments/dataset/april-2019/gson/gson/target/maven-status/maven-compiler-plugin/compile
[INFO] Deleting directory /tmp/dspot-experiments/dataset/april-2019/gson/gson/target/maven-status/maven-compiler-plugin
[INFO] Deleting directory /tmp/dspot-experiments/dataset/april-2019/gson/gson/target/maven-status
[INFO] Deleting directory /tmp/dspot-experiments/dataset/april-2019/gson/gson/target
[DEBUG] Skipping non-existing directory /tmp/dspot-experiments/dataset/april-2019/gson/gson/target/classes
[DEBUG] Skipping non-existing directory /tmp/dspot-experiments/dataset/april-2019/gson/gson/target/test-classes
[DEBUG] Skipping non-existing directory /tmp/dspot-experiments/dataset/april-2019/gson/gson/target/site
[INFO] 
[INFO] --- dspot-diff-test-selection:2.0.1-SNAPSHOT:list (default-cli) @ gson ---
[DEBUG] Could not find metadata org.eclipse.platform:org.eclipse.core.resources/maven-metadata.xml in local (/home/spirals/danglot/.m2/repository)
[DEBUG] Skipped remote request for org.eclipse.platform:org.eclipse.core.resources/maven-metadata.xml, locally cached metadata up-to-date.
[DEBUG] Failure to find org.eclipse.platform:org.eclipse.core.resources/maven-metadata.xml in https://repo.gradle.org/gradle/libs-releases-local/ was cached in the local repository, resolution will not be reattempted until the update interval of gradle-repo has elapsed or updates are forced
[DEBUG] Failure to find org.eclipse.platform:org.eclipse.core.resources/maven-metadata.xml in https://oss.sonatype.org/content/repositories/snapshots was cached in the local repository, resolution will not be reattempted until the update interval of sonatype-nexus-snapshots has elapsed or updates are forced
[DEBUG] Failure to find org.eclipse.platform:org.eclipse.core.resources/maven-metadata.xml in http://maven.inria.fr/artifactory/spoon-public-snapshot/ was cached in the local repository, resolution will not be reattempted until the update interval of gforge.inria.fr-release has elapsed or updates are forced
[DEBUG] Failure to find org.eclipse.platform:org.eclipse.core.resources/maven-metadata.xml in http://maven.inria.fr/artifactory/spoon-public-snapshot was cached in the local repository, resolution will not be reattempted until the update interval of maven.inria.fr-snapshot has elapsed or updates are forced
[DEBUG] Could not find metadata org.eclipse.platform:org.eclipse.core.expressions/maven-metadata.xml in local (/home/spirals/danglot/.m2/repository)
[DEBUG] Skipped remote request for org.eclipse.platform:org.eclipse.core.expressions/maven-metadata.xml, locally cached metadata up-to-date.
[DEBUG] Failure to find org.eclipse.platform:org.eclipse.core.expressions/maven-metadata.xml in https://repo.gradle.org/gradle/libs-releases-local/ was cached in the local repository, resolution will not be reattempted until the update interval of gradle-repo has elapsed or updates are forced
[DEBUG] Failure to find org.eclipse.platform:org.eclipse.core.expressions/maven-metadata.xml in https://oss.sonatype.org/content/repositories/snapshots was cached in the local repository, resolution will not be reattempted until the update interval of sonatype-nexus-snapshots has elapsed or updates are forced
[DEBUG] Failure to find org.eclipse.platform:org.eclipse.core.expressions/maven-metadata.xml in http://maven.inria.fr/artifactory/spoon-public-snapshot/ was cached in the local repository, resolution will not be reattempted until the update interval of gforge.inria.fr-release has elapsed or updates are forced
[DEBUG] Failure to find org.eclipse.platform:org.eclipse.core.expressions/maven-metadata.xml in http://maven.inria.fr/artifactory/spoon-public-snapshot was cached in the local repository, resolution will not be reattempted until the update interval of maven.inria.fr-snapshot has elapsed or updates are forced
[DEBUG] Could not find metadata org.eclipse.platform:org.eclipse.core.runtime/maven-metadata.xml in local (/home/spirals/danglot/.m2/repository)
[DEBUG] Skipped remote request for org.eclipse.platform:org.eclipse.core.runtime/maven-metadata.xml, locally cached metadata up-to-date.
[DEBUG] Failure to find org.eclipse.platform:org.eclipse.core.runtime/maven-metadata.xml in https://repo.gradle.org/gradle/libs-releases-local/ was cached in the local repository, resolution will not be reattempted until the update interval of gradle-repo has elapsed or updates are forced
[DEBUG] Failure to find org.eclipse.platform:org.eclipse.core.runtime/maven-metadata.xml in https://oss.sonatype.org/content/repositories/snapshots was cached in the local repository, resolution will not be reattempted until the update interval of sonatype-nexus-snapshots has elapsed or updates are forced
[DEBUG] Failure to find org.eclipse.platform:org.eclipse.core.runtime/maven-metadata.xml in http://maven.inria.fr/artifactory/spoon-public-snapshot/ was cached in the local repository, resolution will not be reattempted until the update interval of gforge.inria.fr-release has elapsed or updates are forced
[DEBUG] Failure to find org.eclipse.platform:org.eclipse.core.runtime/maven-metadata.xml in http://maven.inria.fr/artifactory/spoon-public-snapshot was cached in the local repository, resolution will not be reattempted until the update interval of maven.inria.fr-snapshot has elapsed or updates are forced
[DEBUG] Could not find metadata org.eclipse.platform:org.eclipse.osgi/maven-metadata.xml in local (/home/spirals/danglot/.m2/repository)
[DEBUG] Skipped remote request for org.eclipse.platform:org.eclipse.osgi/maven-metadata.xml, locally cached metadata up-to-date.
[DEBUG] Failure to find org.eclipse.platform:org.eclipse.osgi/maven-metadata.xml in https://repo.gradle.org/gradle/libs-releases-local/ was cached in the local repository, resolution will not be reattempted until the update interval of gradle-repo has elapsed or updates are forced
[DEBUG] Failure to find org.eclipse.platform:org.eclipse.osgi/maven-metadata.xml in https://oss.sonatype.org/content/repositories/snapshots was cached in the local repository, resolution will not be reattempted until the update interval of sonatype-nexus-snapshots has elapsed or updates are forced
[DEBUG] Failure to find org.eclipse.platform:org.eclipse.osgi/maven-metadata.xml in http://maven.inria.fr/artifactory/spoon-public-snapshot/ was cached in the local repository, resolution will not be reattempted until the update interval of gforge.inria.fr-release has elapsed or updates are forced
[DEBUG] Failure to find org.eclipse.platform:org.eclipse.osgi/maven-metadata.xml in http://maven.inria.fr/artifactory/spoon-public-snapshot was cached in the local repository, resolution will not be reattempted until the update interval of maven.inria.fr-snapshot has elapsed or updates are forced
[DEBUG] Could not find metadata org.eclipse.platform:org.eclipse.equinox.common/maven-metadata.xml in local (/home/spirals/danglot/.m2/repository)
[DEBUG] Skipped remote request for org.eclipse.platform:org.eclipse.equinox.common/maven-metadata.xml, locally cached metadata up-to-date.
[DEBUG] Failure to find org.eclipse.platform:org.eclipse.equinox.common/maven-metadata.xml in https://repo.gradle.org/gradle/libs-releases-local/ was cached in the local repository, resolution will not be reattempted until the update interval of gradle-repo has elapsed or updates are forced
[DEBUG] Failure to find org.eclipse.platform:org.eclipse.equinox.common/maven-metadata.xml in https://oss.sonatype.org/content/repositories/snapshots was cached in the local repository, resolution will not be reattempted until the update interval of sonatype-nexus-snapshots has elapsed or updates are forced
[DEBUG] Failure to find org.eclipse.platform:org.eclipse.equinox.common/maven-metadata.xml in http://maven.inria.fr/artifactory/spoon-public-snapshot/ was cached in the local repository, resolution will not be reattempted until the update interval of gforge.inria.fr-release has elapsed or updates are forced
[DEBUG] Failure to find org.eclipse.platform:org.eclipse.equinox.common/maven-metadata.xml in http://maven.inria.fr/artifactory/spoon-public-snapshot was cached in the local repository, resolution will not be reattempted until the update interval of maven.inria.fr-snapshot has elapsed or updates are forced
[DEBUG] Could not find metadata org.eclipse.platform:org.eclipse.core.jobs/maven-metadata.xml in local (/home/spirals/danglot/.m2/repository)
[DEBUG] Skipped remote request for org.eclipse.platform:org.eclipse.core.jobs/maven-metadata.xml, locally cached metadata up-to-date.
[DEBUG] Failure to find org.eclipse.platform:org.eclipse.core.jobs/maven-metadata.xml in https://repo.gradle.org/gradle/libs-releases-local/ was cached in the local repository, resolution will not be reattempted until the update interval of gradle-repo has elapsed or updates are forced
[DEBUG] Failure to find org.eclipse.platform:org.eclipse.core.jobs/maven-metadata.xml in https://oss.sonatype.org/content/repositories/snapshots was cached in the local repository, resolution will not be reattempted until the update interval of sonatype-nexus-snapshots has elapsed or updates are forced
[DEBUG] Failure to find org.eclipse.platform:org.eclipse.core.jobs/maven-metadata.xml in http://maven.inria.fr/artifactory/spoon-public-snapshot/ was cached in the local repository, resolution will not be reattempted until the update interval of gforge.inria.fr-release has elapsed or updates are forced
[DEBUG] Failure to find org.eclipse.platform:org.eclipse.core.jobs/maven-metadata.xml in http://maven.inria.fr/artifactory/spoon-public-snapshot was cached in the local repository, resolution will not be reattempted until the update interval of maven.inria.fr-snapshot has elapsed or updates are forced
[DEBUG] Could not find metadata org.eclipse.platform:org.eclipse.equinox.registry/maven-metadata.xml in local (/home/spirals/danglot/.m2/repository)
[DEBUG] Skipped remote request for org.eclipse.platform:org.eclipse.equinox.registry/maven-metadata.xml, locally cached metadata up-to-date.
[DEBUG] Failure to find org.eclipse.platform:org.eclipse.equinox.registry/maven-metadata.xml in https://repo.gradle.org/gradle/libs-releases-local/ was cached in the local repository, resolution will not be reattempted until the update interval of gradle-repo has elapsed or updates are forced
[DEBUG] Failure to find org.eclipse.platform:org.eclipse.equinox.registry/maven-metadata.xml in https://oss.sonatype.org/content/repositories/snapshots was cached in the local repository, resolution will not be reattempted until the update interval of sonatype-nexus-snapshots has elapsed or updates are forced
[DEBUG] Failure to find org.eclipse.platform:org.eclipse.equinox.registry/maven-metadata.xml in http://maven.inria.fr/artifactory/spoon-public-snapshot/ was cached in the local repository, resolution will not be reattempted until the update interval of gforge.inria.fr-release has elapsed or updates are forced
[DEBUG] Failure to find org.eclipse.platform:org.eclipse.equinox.registry/maven-metadata.xml in http://maven.inria.fr/artifactory/spoon-public-snapshot was cached in the local repository, resolution will not be reattempted until the update interval of maven.inria.fr-snapshot has elapsed or updates are forced
[DEBUG] Could not find metadata org.eclipse.platform:org.eclipse.equinox.common/maven-metadata.xml in local (/home/spirals/danglot/.m2/repository)
[DEBUG] Skipped remote request for org.eclipse.platform:org.eclipse.equinox.common/maven-metadata.xml, locally cached metadata up-to-date.
[DEBUG] Failure to find org.eclipse.platform:org.eclipse.equinox.common/maven-metadata.xml in https://repo.gradle.org/gradle/libs-releases-local/ was cached in the local repository, resolution will not be reattempted until the update interval of gradle-repo has elapsed or updates are forced
[DEBUG] Failure to find org.eclipse.platform:org.eclipse.equinox.common/maven-metadata.xml in https://oss.sonatype.org/content/repositories/snapshots was cached in the local repository, resolution will not be reattempted until the update interval of sonatype-nexus-snapshots has elapsed or updates are forced
[DEBUG] Failure to find org.eclipse.platform:org.eclipse.equinox.common/maven-metadata.xml in http://maven.inria.fr/artifactory/spoon-public-snapshot/ was cached in the local repository, resolution will not be reattempted until the update interval of gforge.inria.fr-release has elapsed or updates are forced
[DEBUG] Failure to find org.eclipse.platform:org.eclipse.equinox.common/maven-metadata.xml in http://maven.inria.fr/artifactory/spoon-public-snapshot was cached in the local repository, resolution will not be reattempted until the update interval of maven.inria.fr-snapshot has elapsed or updates are forced
[DEBUG] Could not find metadata org.eclipse.platform:org.eclipse.equinox.preferences/maven-metadata.xml in local (/home/spirals/danglot/.m2/repository)
[DEBUG] Skipped remote request for org.eclipse.platform:org.eclipse.equinox.preferences/maven-metadata.xml, locally cached metadata up-to-date.
[DEBUG] Failure to find org.eclipse.platform:org.eclipse.equinox.preferences/maven-metadata.xml in https://repo.gradle.org/gradle/libs-releases-local/ was cached in the local repository, resolution will not be reattempted until the update interval of gradle-repo has elapsed or updates are forced
[DEBUG] Failure to find org.eclipse.platform:org.eclipse.equinox.preferences/maven-metadata.xml in https://oss.sonatype.org/content/repositories/snapshots was cached in the local repository, resolution will not be reattempted until the update interval of sonatype-nexus-snapshots has elapsed or updates are forced
[DEBUG] Failure to find org.eclipse.platform:org.eclipse.equinox.preferences/maven-metadata.xml in http://maven.inria.fr/artifactory/spoon-public-snapshot/ was cached in the local repository, resolution will not be reattempted until the update interval of gforge.inria.fr-release has elapsed or updates are forced
[DEBUG] Failure to find org.eclipse.platform:org.eclipse.equinox.preferences/maven-metadata.xml in http://maven.inria.fr/artifactory/spoon-public-snapshot was cached in the local repository, resolution will not be reattempted until the update interval of maven.inria.fr-snapshot has elapsed or updates are forced
[DEBUG] Could not find metadata org.eclipse.platform:org.eclipse.equinox.common/maven-metadata.xml in local (/home/spirals/danglot/.m2/repository)
[DEBUG] Skipped remote request for org.eclipse.platform:org.eclipse.equinox.common/maven-metadata.xml, locally cached metadata up-to-date.
[DEBUG] Failure to find org.eclipse.platform:org.eclipse.equinox.common/maven-metadata.xml in https://repo.gradle.org/gradle/libs-releases-local/ was cached in the local repository, resolution will not be reattempted until the update interval of gradle-repo has elapsed or updates are forced
[DEBUG] Failure to find org.eclipse.platform:org.eclipse.equinox.common/maven-metadata.xml in https://oss.sonatype.org/content/repositories/snapshots was cached in the local repository, resolution will not be reattempted until the update interval of sonatype-nexus-snapshots has elapsed or updates are forced
[DEBUG] Failure to find org.eclipse.platform:org.eclipse.equinox.common/maven-metadata.xml in http://maven.inria.fr/artifactory/spoon-public-snapshot/ was cached in the local repository, resolution will not be reattempted until the update interval of gforge.inria.fr-release has elapsed or updates are forced
[DEBUG] Failure to find org.eclipse.platform:org.eclipse.equinox.common/maven-metadata.xml in http://maven.inria.fr/artifactory/spoon-public-snapshot was cached in the local repository, resolution will not be reattempted until the update interval of maven.inria.fr-snapshot has elapsed or updates are forced
[DEBUG] Could not find metadata org.eclipse.platform:org.eclipse.core.contenttype/maven-metadata.xml in local (/home/spirals/danglot/.m2/repository)
[DEBUG] Skipped remote request for org.eclipse.platform:org.eclipse.core.contenttype/maven-metadata.xml, locally cached metadata up-to-date.
[DEBUG] Failure to find org.eclipse.platform:org.eclipse.core.contenttype/maven-metadata.xml in https://repo.gradle.org/gradle/libs-releases-local/ was cached in the local repository, resolution will not be reattempted until the update interval of gradle-repo has elapsed or updates are forced
[DEBUG] Failure to find org.eclipse.platform:org.eclipse.core.contenttype/maven-metadata.xml in https://oss.sonatype.org/content/repositories/snapshots was cached in the local repository, resolution will not be reattempted until the update interval of sonatype-nexus-snapshots has elapsed or updates are forced
[DEBUG] Failure to find org.eclipse.platform:org.eclipse.core.contenttype/maven-metadata.xml in http://maven.inria.fr/artifactory/spoon-public-snapshot/ was cached in the local repository, resolution will not be reattempted until the update interval of gforge.inria.fr-release has elapsed or updates are forced
[DEBUG] Failure to find org.eclipse.platform:org.eclipse.core.contenttype/maven-metadata.xml in http://maven.inria.fr/artifactory/spoon-public-snapshot was cached in the local repository, resolution will not be reattempted until the update interval of maven.inria.fr-snapshot has elapsed or updates are forced
[DEBUG] Could not find metadata org.eclipse.platform:org.eclipse.equinox.preferences/maven-metadata.xml in local (/home/spirals/danglot/.m2/repository)
[DEBUG] Skipped remote request for org.eclipse.platform:org.eclipse.equinox.preferences/maven-metadata.xml, locally cached metadata up-to-date.
[DEBUG] Failure to find org.eclipse.platform:org.eclipse.equinox.preferences/maven-metadata.xml in https://repo.gradle.org/gradle/libs-releases-local/ was cached in the local repository, resolution will not be reattempted until the update interval of gradle-repo has elapsed or updates are forced
[DEBUG] Failure to find org.eclipse.platform:org.eclipse.equinox.preferences/maven-metadata.xml in https://oss.sonatype.org/content/repositories/snapshots was cached in the local repository, resolution will not be reattempted until the update interval of sonatype-nexus-snapshots has elapsed or updates are forced
[DEBUG] Failure to find org.eclipse.platform:org.eclipse.equinox.preferences/maven-metadata.xml in http://maven.inria.fr/artifactory/spoon-public-snapshot/ was cached in the local repository, resolution will not be reattempted until the update interval of gforge.inria.fr-release has elapsed or updates are forced
[DEBUG] Failure to find org.eclipse.platform:org.eclipse.equinox.preferences/maven-metadata.xml in http://maven.inria.fr/artifactory/spoon-public-snapshot was cached in the local repository, resolution will not be reattempted until the update interval of maven.inria.fr-snapshot has elapsed or updates are forced
[DEBUG] Could not find metadata org.eclipse.platform:org.eclipse.equinox.registry/maven-metadata.xml in local (/home/spirals/danglot/.m2/repository)
[DEBUG] Skipped remote request for org.eclipse.platform:org.eclipse.equinox.registry/maven-metadata.xml, locally cached metadata up-to-date.
[DEBUG] Failure to find org.eclipse.platform:org.eclipse.equinox.registry/maven-metadata.xml in https://repo.gradle.org/gradle/libs-releases-local/ was cached in the local repository, resolution will not be reattempted until the update interval of gradle-repo has elapsed or updates are forced
[DEBUG] Failure to find org.eclipse.platform:org.eclipse.equinox.registry/maven-metadata.xml in https://oss.sonatype.org/content/repositories/snapshots was cached in the local repository, resolution will not be reattempted until the update interval of sonatype-nexus-snapshots has elapsed or updates are forced
[DEBUG] Failure to find org.eclipse.platform:org.eclipse.equinox.registry/maven-metadata.xml in http://maven.inria.fr/artifactory/spoon-public-snapshot/ was cached in the local repository, resolution will not be reattempted until the update interval of gforge.inria.fr-release has elapsed or updates are forced
[DEBUG] Failure to find org.eclipse.platform:org.eclipse.equinox.registry/maven-metadata.xml in http://maven.inria.fr/artifactory/spoon-public-snapshot was cached in the local repository, resolution will not be reattempted until the update interval of maven.inria.fr-snapshot has elapsed or updates are forced
[DEBUG] Could not find metadata org.eclipse.platform:org.eclipse.equinox.app/maven-metadata.xml in local (/home/spirals/danglot/.m2/repository)
[DEBUG] Skipped remote request for org.eclipse.platform:org.eclipse.equinox.app/maven-metadata.xml, locally cached metadata up-to-date.
[DEBUG] Failure to find org.eclipse.platform:org.eclipse.equinox.app/maven-metadata.xml in https://repo.gradle.org/gradle/libs-releases-local/ was cached in the local repository, resolution will not be reattempted until the update interval of gradle-repo has elapsed or updates are forced
[DEBUG] Failure to find org.eclipse.platform:org.eclipse.equinox.app/maven-metadata.xml in https://oss.sonatype.org/content/repositories/snapshots was cached in the local repository, resolution will not be reattempted until the update interval of sonatype-nexus-snapshots has elapsed or updates are forced
[DEBUG] Failure to find org.eclipse.platform:org.eclipse.equinox.app/maven-metadata.xml in http://maven.inria.fr/artifactory/spoon-public-snapshot/ was cached in the local repository, resolution will not be reattempted until the update interval of gforge.inria.fr-release has elapsed or updates are forced
[DEBUG] Failure to find org.eclipse.platform:org.eclipse.equinox.app/maven-metadata.xml in http://maven.inria.fr/artifactory/spoon-public-snapshot was cached in the local repository, resolution will not be reattempted until the update interval of maven.inria.fr-snapshot has elapsed or updates are forced
[DEBUG] Could not find metadata org.eclipse.platform:org.eclipse.equinox.registry/maven-metadata.xml in local (/home/spirals/danglot/.m2/repository)
[DEBUG] Skipped remote request for org.eclipse.platform:org.eclipse.equinox.registry/maven-metadata.xml, locally cached metadata up-to-date.
[DEBUG] Failure to find org.eclipse.platform:org.eclipse.equinox.registry/maven-metadata.xml in https://repo.gradle.org/gradle/libs-releases-local/ was cached in the local repository, resolution will not be reattempted until the update interval of gradle-repo has elapsed or updates are forced
[DEBUG] Failure to find org.eclipse.platform:org.eclipse.equinox.registry/maven-metadata.xml in https://oss.sonatype.org/content/repositories/snapshots was cached in the local repository, resolution will not be reattempted until the update interval of sonatype-nexus-snapshots has elapsed or updates are forced
[DEBUG] Failure to find org.eclipse.platform:org.eclipse.equinox.registry/maven-metadata.xml in http://maven.inria.fr/artifactory/spoon-public-snapshot/ was cached in the local repository, resolution will not be reattempted until the update interval of gforge.inria.fr-release has elapsed or updates are forced
[DEBUG] Failure to find org.eclipse.platform:org.eclipse.equinox.registry/maven-metadata.xml in http://maven.inria.fr/artifactory/spoon-public-snapshot was cached in the local repository, resolution will not be reattempted until the update interval of maven.inria.fr-snapshot has elapsed or updates are forced
[DEBUG] Could not find metadata org.eclipse.platform:org.eclipse.osgi/maven-metadata.xml in local (/home/spirals/danglot/.m2/repository)
[DEBUG] Skipped remote request for org.eclipse.platform:org.eclipse.osgi/maven-metadata.xml, locally cached metadata up-to-date.
[DEBUG] Failure to find org.eclipse.platform:org.eclipse.osgi/maven-metadata.xml in https://repo.gradle.org/gradle/libs-releases-local/ was cached in the local repository, resolution will not be reattempted until the update interval of gradle-repo has elapsed or updates are forced
[DEBUG] Failure to find org.eclipse.platform:org.eclipse.osgi/maven-metadata.xml in https://oss.sonatype.org/content/repositories/snapshots was cached in the local repository, resolution will not be reattempted until the update interval of sonatype-nexus-snapshots has elapsed or updates are forced
[DEBUG] Failure to find org.eclipse.platform:org.eclipse.osgi/maven-metadata.xml in http://maven.inria.fr/artifactory/spoon-public-snapshot/ was cached in the local repository, resolution will not be reattempted until the update interval of gforge.inria.fr-release has elapsed or updates are forced
[DEBUG] Failure to find org.eclipse.platform:org.eclipse.osgi/maven-metadata.xml in http://maven.inria.fr/artifactory/spoon-public-snapshot was cached in the local repository, resolution will not be reattempted until the update interval of maven.inria.fr-snapshot has elapsed or updates are forced
[DEBUG] Could not find metadata org.eclipse.platform:org.eclipse.equinox.common/maven-metadata.xml in local (/home/spirals/danglot/.m2/repository)
[DEBUG] Skipped remote request for org.eclipse.platform:org.eclipse.equinox.common/maven-metadata.xml, locally cached metadata up-to-date.
[DEBUG] Failure to find org.eclipse.platform:org.eclipse.equinox.common/maven-metadata.xml in https://repo.gradle.org/gradle/libs-releases-local/ was cached in the local repository, resolution will not be reattempted until the update interval of gradle-repo has elapsed or updates are forced
[DEBUG] Failure to find org.eclipse.platform:org.eclipse.equinox.common/maven-metadata.xml in https://oss.sonatype.org/content/repositories/snapshots was cached in the local repository, resolution will not be reattempted until the update interval of sonatype-nexus-snapshots has elapsed or updates are forced
[DEBUG] Failure to find org.eclipse.platform:org.eclipse.equinox.common/maven-metadata.xml in http://maven.inria.fr/artifactory/spoon-public-snapshot/ was cached in the local repository, resolution will not be reattempted until the update interval of gforge.inria.fr-release has elapsed or updates are forced
[DEBUG] Failure to find org.eclipse.platform:org.eclipse.equinox.common/maven-metadata.xml in http://maven.inria.fr/artifactory/spoon-public-snapshot was cached in the local repository, resolution will not be reattempted until the update interval of maven.inria.fr-snapshot has elapsed or updates are forced
[DEBUG] Could not find metadata org.eclipse.platform:org.eclipse.core.jobs/maven-metadata.xml in local (/home/spirals/danglot/.m2/repository)
[DEBUG] Skipped remote request for org.eclipse.platform:org.eclipse.core.jobs/maven-metadata.xml, locally cached metadata up-to-date.
[DEBUG] Failure to find org.eclipse.platform:org.eclipse.core.jobs/maven-metadata.xml in https://repo.gradle.org/gradle/libs-releases-local/ was cached in the local repository, resolution will not be reattempted until the update interval of gradle-repo has elapsed or updates are forced
[DEBUG] Failure to find org.eclipse.platform:org.eclipse.core.jobs/maven-metadata.xml in https://oss.sonatype.org/content/repositories/snapshots was cached in the local repository, resolution will not be reattempted until the update interval of sonatype-nexus-snapshots has elapsed or updates are forced
[DEBUG] Failure to find org.eclipse.platform:org.eclipse.core.jobs/maven-metadata.xml in http://maven.inria.fr/artifactory/spoon-public-snapshot/ was cached in the local repository, resolution will not be reattempted until the update interval of gforge.inria.fr-release has elapsed or updates are forced
[DEBUG] Failure to find org.eclipse.platform:org.eclipse.core.jobs/maven-metadata.xml in http://maven.inria.fr/artifactory/spoon-public-snapshot was cached in the local repository, resolution will not be reattempted until the update interval of maven.inria.fr-snapshot has elapsed or updates are forced
[DEBUG] Could not find metadata org.eclipse.platform:org.eclipse.equinox.preferences/maven-metadata.xml in local (/home/spirals/danglot/.m2/repository)
[DEBUG] Skipped remote request for org.eclipse.platform:org.eclipse.equinox.preferences/maven-metadata.xml, locally cached metadata up-to-date.
[DEBUG] Failure to find org.eclipse.platform:org.eclipse.equinox.preferences/maven-metadata.xml in https://repo.gradle.org/gradle/libs-releases-local/ was cached in the local repository, resolution will not be reattempted until the update interval of gradle-repo has elapsed or updates are forced
[DEBUG] Failure to find org.eclipse.platform:org.eclipse.equinox.preferences/maven-metadata.xml in https://oss.sonatype.org/content/repositories/snapshots was cached in the local repository, resolution will not be reattempted until the update interval of sonatype-nexus-snapshots has elapsed or updates are forced
[DEBUG] Failure to find org.eclipse.platform:org.eclipse.equinox.preferences/maven-metadata.xml in http://maven.inria.fr/artifactory/spoon-public-snapshot/ was cached in the local repository, resolution will not be reattempted until the update interval of gforge.inria.fr-release has elapsed or updates are forced
[DEBUG] Failure to find org.eclipse.platform:org.eclipse.equinox.preferences/maven-metadata.xml in http://maven.inria.fr/artifactory/spoon-public-snapshot was cached in the local repository, resolution will not be reattempted until the update interval of maven.inria.fr-snapshot has elapsed or updates are forced
[DEBUG] Could not find metadata org.eclipse.platform:org.eclipse.core.contenttype/maven-metadata.xml in local (/home/spirals/danglot/.m2/repository)
[DEBUG] Skipped remote request for org.eclipse.platform:org.eclipse.core.contenttype/maven-metadata.xml, locally cached metadata up-to-date.
[DEBUG] Failure to find org.eclipse.platform:org.eclipse.core.contenttype/maven-metadata.xml in https://repo.gradle.org/gradle/libs-releases-local/ was cached in the local repository, resolution will not be reattempted until the update interval of gradle-repo has elapsed or updates are forced
[DEBUG] Failure to find org.eclipse.platform:org.eclipse.core.contenttype/maven-metadata.xml in https://oss.sonatype.org/content/repositories/snapshots was cached in the local repository, resolution will not be reattempted until the update interval of sonatype-nexus-snapshots has elapsed or updates are forced
[DEBUG] Failure to find org.eclipse.platform:org.eclipse.core.contenttype/maven-metadata.xml in http://maven.inria.fr/artifactory/spoon-public-snapshot/ was cached in the local repository, resolution will not be reattempted until the update interval of gforge.inria.fr-release has elapsed or updates are forced
[DEBUG] Failure to find org.eclipse.platform:org.eclipse.core.contenttype/maven-metadata.xml in http://maven.inria.fr/artifactory/spoon-public-snapshot was cached in the local repository, resolution will not be reattempted until the update interval of maven.inria.fr-snapshot has elapsed or updates are forced
[DEBUG] Could not find metadata org.eclipse.platform:org.eclipse.equinox.app/maven-metadata.xml in local (/home/spirals/danglot/.m2/repository)
[DEBUG] Skipped remote request for org.eclipse.platform:org.eclipse.equinox.app/maven-metadata.xml, locally cached metadata up-to-date.
[DEBUG] Failure to find org.eclipse.platform:org.eclipse.equinox.app/maven-metadata.xml in https://repo.gradle.org/gradle/libs-releases-local/ was cached in the local repository, resolution will not be reattempted until the update interval of gradle-repo has elapsed or updates are forced
[DEBUG] Failure to find org.eclipse.platform:org.eclipse.equinox.app/maven-metadata.xml in https://oss.sonatype.org/content/repositories/snapshots was cached in the local repository, resolution will not be reattempted until the update interval of sonatype-nexus-snapshots has elapsed or updates are forced
[DEBUG] Failure to find org.eclipse.platform:org.eclipse.equinox.app/maven-metadata.xml in http://maven.inria.fr/artifactory/spoon-public-snapshot/ was cached in the local repository, resolution will not be reattempted until the update interval of gforge.inria.fr-release has elapsed or updates are forced
[DEBUG] Failure to find org.eclipse.platform:org.eclipse.equinox.app/maven-metadata.xml in http://maven.inria.fr/artifactory/spoon-public-snapshot was cached in the local repository, resolution will not be reattempted until the update interval of maven.inria.fr-snapshot has elapsed or updates are forced
[DEBUG] Could not find metadata org.eclipse.platform:org.eclipse.core.filesystem/maven-metadata.xml in local (/home/spirals/danglot/.m2/repository)
[DEBUG] Skipped remote request for org.eclipse.platform:org.eclipse.core.filesystem/maven-metadata.xml, locally cached metadata up-to-date.
[DEBUG] Failure to find org.eclipse.platform:org.eclipse.core.filesystem/maven-metadata.xml in https://repo.gradle.org/gradle/libs-releases-local/ was cached in the local repository, resolution will not be reattempted until the update interval of gradle-repo has elapsed or updates are forced
[DEBUG] Failure to find org.eclipse.platform:org.eclipse.core.filesystem/maven-metadata.xml in https://oss.sonatype.org/content/repositories/snapshots was cached in the local repository, resolution will not be reattempted until the update interval of sonatype-nexus-snapshots has elapsed or updates are forced
[DEBUG] Failure to find org.eclipse.platform:org.eclipse.core.filesystem/maven-metadata.xml in http://maven.inria.fr/artifactory/spoon-public-snapshot/ was cached in the local repository, resolution will not be reattempted until the update interval of gforge.inria.fr-release has elapsed or updates are forced
[DEBUG] Failure to find org.eclipse.platform:org.eclipse.core.filesystem/maven-metadata.xml in http://maven.inria.fr/artifactory/spoon-public-snapshot was cached in the local repository, resolution will not be reattempted until the update interval of maven.inria.fr-snapshot has elapsed or updates are forced
[DEBUG] Could not find metadata org.eclipse.platform:org.eclipse.osgi/maven-metadata.xml in local (/home/spirals/danglot/.m2/repository)
[DEBUG] Skipped remote request for org.eclipse.platform:org.eclipse.osgi/maven-metadata.xml, locally cached metadata up-to-date.
[DEBUG] Failure to find org.eclipse.platform:org.eclipse.osgi/maven-metadata.xml in https://repo.gradle.org/gradle/libs-releases-local/ was cached in the local repository, resolution will not be reattempted until the update interval of gradle-repo has elapsed or updates are forced
[DEBUG] Failure to find org.eclipse.platform:org.eclipse.osgi/maven-metadata.xml in https://oss.sonatype.org/content/repositories/snapshots was cached in the local repository, resolution will not be reattempted until the update interval of sonatype-nexus-snapshots has elapsed or updates are forced
[DEBUG] Failure to find org.eclipse.platform:org.eclipse.osgi/maven-metadata.xml in http://maven.inria.fr/artifactory/spoon-public-snapshot/ was cached in the local repository, resolution will not be reattempted until the update interval of gforge.inria.fr-release has elapsed or updates are forced
[DEBUG] Failure to find org.eclipse.platform:org.eclipse.osgi/maven-metadata.xml in http://maven.inria.fr/artifactory/spoon-public-snapshot was cached in the local repository, resolution will not be reattempted until the update interval of maven.inria.fr-snapshot has elapsed or updates are forced
[DEBUG] Could not find metadata org.eclipse.platform:org.eclipse.core.runtime/maven-metadata.xml in local (/home/spirals/danglot/.m2/repository)
[DEBUG] Skipped remote request for org.eclipse.platform:org.eclipse.core.runtime/maven-metadata.xml, locally cached metadata up-to-date.
[DEBUG] Failure to find org.eclipse.platform:org.eclipse.core.runtime/maven-metadata.xml in https://repo.gradle.org/gradle/libs-releases-local/ was cached in the local repository, resolution will not be reattempted until the update interval of gradle-repo has elapsed or updates are forced
[DEBUG] Failure to find org.eclipse.platform:org.eclipse.core.runtime/maven-metadata.xml in https://oss.sonatype.org/content/repositories/snapshots was cached in the local repository, resolution will not be reattempted until the update interval of sonatype-nexus-snapshots has elapsed or updates are forced
[DEBUG] Failure to find org.eclipse.platform:org.eclipse.core.runtime/maven-metadata.xml in http://maven.inria.fr/artifactory/spoon-public-snapshot/ was cached in the local repository, resolution will not be reattempted until the update interval of gforge.inria.fr-release has elapsed or updates are forced
[DEBUG] Failure to find org.eclipse.platform:org.eclipse.core.runtime/maven-metadata.xml in http://maven.inria.fr/artifactory/spoon-public-snapshot was cached in the local repository, resolution will not be reattempted until the update interval of maven.inria.fr-snapshot has elapsed or updates are forced
[DEBUG] Could not find metadata org.eclipse.platform:org.eclipse.core.runtime/maven-metadata.xml in local (/home/spirals/danglot/.m2/repository)
[DEBUG] Skipped remote request for org.eclipse.platform:org.eclipse.core.runtime/maven-metadata.xml, locally cached metadata up-to-date.
[DEBUG] Failure to find org.eclipse.platform:org.eclipse.core.runtime/maven-metadata.xml in https://repo.gradle.org/gradle/libs-releases-local/ was cached in the local repository, resolution will not be reattempted until the update interval of gradle-repo has elapsed or updates are forced
[DEBUG] Failure to find org.eclipse.platform:org.eclipse.core.runtime/maven-metadata.xml in https://oss.sonatype.org/content/repositories/snapshots was cached in the local repository, resolution will not be reattempted until the update interval of sonatype-nexus-snapshots has elapsed or updates are forced
[DEBUG] Failure to find org.eclipse.platform:org.eclipse.core.runtime/maven-metadata.xml in http://maven.inria.fr/artifactory/spoon-public-snapshot/ was cached in the local repository, resolution will not be reattempted until the update interval of gforge.inria.fr-release has elapsed or updates are forced
[DEBUG] Failure to find org.eclipse.platform:org.eclipse.core.runtime/maven-metadata.xml in http://maven.inria.fr/artifactory/spoon-public-snapshot was cached in the local repository, resolution will not be reattempted until the update interval of maven.inria.fr-snapshot has elapsed or updates are forced
[DEBUG] Could not find metadata org.eclipse.platform:org.eclipse.core.filesystem/maven-metadata.xml in local (/home/spirals/danglot/.m2/repository)
[DEBUG] Skipped remote request for org.eclipse.platform:org.eclipse.core.filesystem/maven-metadata.xml, locally cached metadata up-to-date.
[DEBUG] Failure to find org.eclipse.platform:org.eclipse.core.filesystem/maven-metadata.xml in https://repo.gradle.org/gradle/libs-releases-local/ was cached in the local repository, resolution will not be reattempted until the update interval of gradle-repo has elapsed or updates are forced
[DEBUG] Failure to find org.eclipse.platform:org.eclipse.core.filesystem/maven-metadata.xml in https://oss.sonatype.org/content/repositories/snapshots was cached in the local repository, resolution will not be reattempted until the update interval of sonatype-nexus-snapshots has elapsed or updates are forced
[DEBUG] Failure to find org.eclipse.platform:org.eclipse.core.filesystem/maven-metadata.xml in http://maven.inria.fr/artifactory/spoon-public-snapshot/ was cached in the local repository, resolution will not be reattempted until the update interval of gforge.inria.fr-release has elapsed or updates are forced
[DEBUG] Failure to find org.eclipse.platform:org.eclipse.core.filesystem/maven-metadata.xml in http://maven.inria.fr/artifactory/spoon-public-snapshot was cached in the local repository, resolution will not be reattempted until the update interval of maven.inria.fr-snapshot has elapsed or updates are forced
[DEBUG] Could not find metadata org.eclipse.platform:org.eclipse.text/maven-metadata.xml in local (/home/spirals/danglot/.m2/repository)
[DEBUG] Skipped remote request for org.eclipse.platform:org.eclipse.text/maven-metadata.xml, locally cached metadata up-to-date.
[DEBUG] Failure to find org.eclipse.platform:org.eclipse.text/maven-metadata.xml in https://repo.gradle.org/gradle/libs-releases-local/ was cached in the local repository, resolution will not be reattempted until the update interval of gradle-repo has elapsed or updates are forced
[DEBUG] Failure to find org.eclipse.platform:org.eclipse.text/maven-metadata.xml in https://oss.sonatype.org/content/repositories/snapshots was cached in the local repository, resolution will not be reattempted until the update interval of sonatype-nexus-snapshots has elapsed or updates are forced
[DEBUG] Failure to find org.eclipse.platform:org.eclipse.text/maven-metadata.xml in http://maven.inria.fr/artifactory/spoon-public-snapshot/ was cached in the local repository, resolution will not be reattempted until the update interval of gforge.inria.fr-release has elapsed or updates are forced
[DEBUG] Failure to find org.eclipse.platform:org.eclipse.text/maven-metadata.xml in http://maven.inria.fr/artifactory/spoon-public-snapshot was cached in the local repository, resolution will not be reattempted until the update interval of maven.inria.fr-snapshot has elapsed or updates are forced
[DEBUG] Could not find metadata org.eclipse.platform:org.eclipse.core.commands/maven-metadata.xml in local (/home/spirals/danglot/.m2/repository)
[DEBUG] Skipped remote request for org.eclipse.platform:org.eclipse.core.commands/maven-metadata.xml, locally cached metadata up-to-date.
[DEBUG] Failure to find org.eclipse.platform:org.eclipse.core.commands/maven-metadata.xml in https://repo.gradle.org/gradle/libs-releases-local/ was cached in the local repository, resolution will not be reattempted until the update interval of gradle-repo has elapsed or updates are forced
[DEBUG] Failure to find org.eclipse.platform:org.eclipse.core.commands/maven-metadata.xml in https://oss.sonatype.org/content/repositories/snapshots was cached in the local repository, resolution will not be reattempted until the update interval of sonatype-nexus-snapshots has elapsed or updates are forced
[DEBUG] Failure to find org.eclipse.platform:org.eclipse.core.commands/maven-metadata.xml in http://maven.inria.fr/artifactory/spoon-public-snapshot/ was cached in the local repository, resolution will not be reattempted until the update interval of gforge.inria.fr-release has elapsed or updates are forced
[DEBUG] Failure to find org.eclipse.platform:org.eclipse.core.commands/maven-metadata.xml in http://maven.inria.fr/artifactory/spoon-public-snapshot was cached in the local repository, resolution will not be reattempted until the update interval of maven.inria.fr-snapshot has elapsed or updates are forced
[DEBUG] Could not find metadata org.eclipse.platform:org.eclipse.equinox.common/maven-metadata.xml in local (/home/spirals/danglot/.m2/repository)
[DEBUG] Skipped remote request for org.eclipse.platform:org.eclipse.equinox.common/maven-metadata.xml, locally cached metadata up-to-date.
[DEBUG] Failure to find org.eclipse.platform:org.eclipse.equinox.common/maven-metadata.xml in https://repo.gradle.org/gradle/libs-releases-local/ was cached in the local repository, resolution will not be reattempted until the update interval of gradle-repo has elapsed or updates are forced
[DEBUG] Failure to find org.eclipse.platform:org.eclipse.equinox.common/maven-metadata.xml in https://oss.sonatype.org/content/repositories/snapshots was cached in the local repository, resolution will not be reattempted until the update interval of sonatype-nexus-snapshots has elapsed or updates are forced
[DEBUG] Failure to find org.eclipse.platform:org.eclipse.equinox.common/maven-metadata.xml in http://maven.inria.fr/artifactory/spoon-public-snapshot/ was cached in the local repository, resolution will not be reattempted until the update interval of gforge.inria.fr-release has elapsed or updates are forced
[DEBUG] Failure to find org.eclipse.platform:org.eclipse.equinox.common/maven-metadata.xml in http://maven.inria.fr/artifactory/spoon-public-snapshot was cached in the local repository, resolution will not be reattempted until the update interval of maven.inria.fr-snapshot has elapsed or updates are forced
[DEBUG] Could not find metadata org.eclipse.platform:org.eclipse.core.runtime/maven-metadata.xml in local (/home/spirals/danglot/.m2/repository)
[DEBUG] Skipped remote request for org.eclipse.platform:org.eclipse.core.runtime/maven-metadata.xml, locally cached metadata up-to-date.
[DEBUG] Failure to find org.eclipse.platform:org.eclipse.core.runtime/maven-metadata.xml in https://repo.gradle.org/gradle/libs-releases-local/ was cached in the local repository, resolution will not be reattempted until the update interval of gradle-repo has elapsed or updates are forced
[DEBUG] Failure to find org.eclipse.platform:org.eclipse.core.runtime/maven-metadata.xml in https://oss.sonatype.org/content/repositories/snapshots was cached in the local repository, resolution will not be reattempted until the update interval of sonatype-nexus-snapshots has elapsed or updates are forced
[DEBUG] Failure to find org.eclipse.platform:org.eclipse.core.runtime/maven-metadata.xml in http://maven.inria.fr/artifactory/spoon-public-snapshot/ was cached in the local repository, resolution will not be reattempted until the update interval of gforge.inria.fr-release has elapsed or updates are forced
[DEBUG] Failure to find org.eclipse.platform:org.eclipse.core.runtime/maven-metadata.xml in http://maven.inria.fr/artifactory/spoon-public-snapshot was cached in the local repository, resolution will not be reattempted until the update interval of maven.inria.fr-snapshot has elapsed or updates are forced
[DEBUG] Dependency collection stats: {ConflictMarker.analyzeTime=5252079, ConflictMarker.markTime=1257330, ConflictMarker.nodeCount=990, ConflictIdSorter.graphTime=4647626, ConflictIdSorter.topsortTime=123246, ConflictIdSorter.conflictIdCount=70, ConflictIdSorter.conflictIdCycleCount=0, ConflictResolver.totalTime=10006960, ConflictResolver.conflictItemCount=274, DefaultDependencyCollector.collectTime=1294232358, DefaultDependencyCollector.transformTime=21325774}
[DEBUG] eu.stamp-project:dspot-diff-test-selection:jar:2.0.1-SNAPSHOT:
[DEBUG]    org.slf4j:slf4j-api:jar:1.7.25:compile
[DEBUG]    org.slf4j:slf4j-log4j12:jar:1.7.25:compile
[DEBUG]       log4j:log4j:jar:1.2.17:compile
[DEBUG]    org.apache.maven.shared:maven-invoker:jar:3.0.0:compile
[DEBUG]       org.codehaus.plexus:plexus-utils:jar:3.0.24:compile
[DEBUG]       org.codehaus.plexus:plexus-component-annotations:jar:1.7:compile
[DEBUG]    org.openclover:clover:jar:4.2.1:compile
[DEBUG]    org.apache.maven:maven-plugin-api:jar:3.5.4:compile
[DEBUG]       org.apache.maven:maven-model:jar:3.5.4:compile
[DEBUG]       org.apache.maven:maven-artifact:jar:3.5.4:compile
[DEBUG]       org.eclipse.sisu:org.eclipse.sisu.plexus:jar:0.3.3:compile
[DEBUG]          javax.enterprise:cdi-api:jar:1.0:compile
[DEBUG]             javax.annotation:jsr250-api:jar:1.0:compile
[DEBUG]       org.codehaus.plexus:plexus-classworlds:jar:2.5.2:compile
[DEBUG]    org.apache.maven:maven-core:jar:3.5.4:compile
[DEBUG]       org.apache.maven:maven-settings:jar:3.5.4:compile
[DEBUG]       org.apache.maven:maven-settings-builder:jar:3.5.4:compile
[DEBUG]          org.codehaus.plexus:plexus-interpolation:jar:1.24:compile
[DEBUG]          org.sonatype.plexus:plexus-sec-dispatcher:jar:1.4:compile
[DEBUG]             org.sonatype.plexus:plexus-cipher:jar:1.4:compile
[DEBUG]       org.apache.maven:maven-builder-support:jar:3.5.4:compile
[DEBUG]       org.apache.maven:maven-repository-metadata:jar:3.5.4:compile
[DEBUG]       org.apache.maven:maven-model-builder:jar:3.5.4:compile
[DEBUG]       org.apache.maven:maven-resolver-provider:jar:3.5.4:compile
[DEBUG]       org.apache.maven.resolver:maven-resolver-impl:jar:1.1.1:compile
[DEBUG]       org.apache.maven.resolver:maven-resolver-api:jar:1.1.1:compile
[DEBUG]       org.apache.maven.resolver:maven-resolver-spi:jar:1.1.1:compile
[DEBUG]       org.apache.maven.resolver:maven-resolver-util:jar:1.1.1:compile
[DEBUG]       org.apache.maven.shared:maven-shared-utils:jar:3.2.1:compile
[DEBUG]          commons-io:commons-io:jar:2.5:compile
[DEBUG]       org.eclipse.sisu:org.eclipse.sisu.inject:jar:0.3.3:compile
[DEBUG]       com.google.inject:guice:jar:no_aop:4.2.0:compile
[DEBUG]          aopalliance:aopalliance:jar:1.0:compile
[DEBUG]       com.google.guava:guava:jar:20.0:compile
[DEBUG]       javax.inject:javax.inject:jar:1:compile
[DEBUG]       org.apache.commons:commons-lang3:jar:3.5:compile
[DEBUG]    fr.inria.gforge.spoon.labs:gumtree-spoon-ast-diff:jar:1.5:compile
[DEBUG]       fr.inria.gforge.spoon:spoon-core:jar:7.0.0:compile
[DEBUG]          org.eclipse.jdt:org.eclipse.jdt.core:jar:3.13.102:compile
[DEBUG]             org.eclipse.platform:org.eclipse.core.resources:jar:3.13.300:compile
[DEBUG]                org.eclipse.platform:org.eclipse.core.expressions:jar:3.6.300:compile
[DEBUG]             org.eclipse.platform:org.eclipse.core.runtime:jar:3.15.200:compile
[DEBUG]                org.eclipse.platform:org.eclipse.osgi:jar:3.13.300:compile
[DEBUG]                org.eclipse.platform:org.eclipse.equinox.common:jar:3.10.300:compile
[DEBUG]                org.eclipse.platform:org.eclipse.core.jobs:jar:3.10.300:compile
[DEBUG]                org.eclipse.platform:org.eclipse.equinox.registry:jar:3.8.300:compile
[DEBUG]                org.eclipse.platform:org.eclipse.equinox.preferences:jar:3.7.300:compile
[DEBUG]                org.eclipse.platform:org.eclipse.core.contenttype:jar:3.7.300:compile
[DEBUG]                org.eclipse.platform:org.eclipse.equinox.app:jar:1.4.100:compile
[DEBUG]             org.eclipse.platform:org.eclipse.core.filesystem:jar:1.7.300:compile
[DEBUG]             org.eclipse.platform:org.eclipse.text:jar:3.8.100:compile
[DEBUG]                org.eclipse.platform:org.eclipse.core.commands:jar:3.9.300:compile
[DEBUG]          com.martiansoftware:jsap:jar:2.1:compile
[DEBUG]          com.fasterxml.jackson.core:jackson-databind:jar:2.9.2:compile
[DEBUG]             com.fasterxml.jackson.core:jackson-annotations:jar:2.9.0:compile
[DEBUG]             com.fasterxml.jackson.core:jackson-core:jar:2.9.2:compile
[DEBUG]       com.github.gumtreediff:core:jar:2.1.0:compile
[DEBUG]          com.github.mpkorstanje:simmetrics-core:jar:3.2.3:compile
[DEBUG]             commons-codec:commons-codec:jar:1.10:compile
[DEBUG]          net.sf.trove4j:trove4j:jar:3.0.3:compile
[DEBUG]          com.google.code.gson:gson:jar:2.8.2:compile
[DEBUG]          org.jgrapht:jgrapht-core:jar:1.0.1:compile
[DEBUG]    io.github.java-diff-utils:java-diff-utils:jar:4.0:compile
[DEBUG]       org.eclipse.jgit:org.eclipse.jgit:jar:4.4.1.201607150455-r:compile
[DEBUG] Created new class realm plugin>eu.stamp-project:dspot-diff-test-selection:2.0.1-SNAPSHOT
[DEBUG] Importing foreign packages into class realm plugin>eu.stamp-project:dspot-diff-test-selection:2.0.1-SNAPSHOT
[DEBUG]   Imported:  < maven.api
[DEBUG] Populating class realm plugin>eu.stamp-project:dspot-diff-test-selection:2.0.1-SNAPSHOT
[DEBUG]   Included: eu.stamp-project:dspot-diff-test-selection:jar:2.0.1-SNAPSHOT
[DEBUG]   Included: org.slf4j:slf4j-log4j12:jar:1.7.25
[DEBUG]   Included: log4j:log4j:jar:1.2.17
[DEBUG]   Included: org.apache.maven.shared:maven-invoker:jar:3.0.0
[DEBUG]   Included: org.codehaus.plexus:plexus-utils:jar:3.0.24
[DEBUG]   Included: org.codehaus.plexus:plexus-component-annotations:jar:1.7
[DEBUG]   Included: org.openclover:clover:jar:4.2.1
[DEBUG]   Included: javax.enterprise:cdi-api:jar:1.0
[DEBUG]   Included: org.codehaus.plexus:plexus-interpolation:jar:1.24
[DEBUG]   Included: org.sonatype.plexus:plexus-sec-dispatcher:jar:1.4
[DEBUG]   Included: org.sonatype.plexus:plexus-cipher:jar:1.4
[DEBUG]   Included: org.apache.maven:maven-builder-support:jar:3.5.4
[DEBUG]   Included: org.apache.maven.resolver:maven-resolver-util:jar:1.1.1
[DEBUG]   Included: org.apache.maven.shared:maven-shared-utils:jar:3.2.1
[DEBUG]   Included: commons-io:commons-io:jar:2.5
[DEBUG]   Included: org.eclipse.sisu:org.eclipse.sisu.inject:jar:0.3.3
[DEBUG]   Included: com.google.inject:guice:jar:no_aop:4.2.0
[DEBUG]   Included: aopalliance:aopalliance:jar:1.0
[DEBUG]   Included: com.google.guava:guava:jar:20.0
[DEBUG]   Included: org.apache.commons:commons-lang3:jar:3.5
[DEBUG]   Included: fr.inria.gforge.spoon.labs:gumtree-spoon-ast-diff:jar:1.5
[DEBUG]   Included: fr.inria.gforge.spoon:spoon-core:jar:7.0.0
[DEBUG]   Included: org.eclipse.jdt:org.eclipse.jdt.core:jar:3.13.102
[DEBUG]   Included: org.eclipse.platform:org.eclipse.core.resources:jar:3.13.300
[DEBUG]   Included: org.eclipse.platform:org.eclipse.core.expressions:jar:3.6.300
[DEBUG]   Included: org.eclipse.platform:org.eclipse.core.runtime:jar:3.15.200
[DEBUG]   Included: org.eclipse.platform:org.eclipse.osgi:jar:3.13.300
[DEBUG]   Included: org.eclipse.platform:org.eclipse.equinox.common:jar:3.10.300
[DEBUG]   Included: org.eclipse.platform:org.eclipse.core.jobs:jar:3.10.300
[DEBUG]   Included: org.eclipse.platform:org.eclipse.equinox.registry:jar:3.8.300
[DEBUG]   Included: org.eclipse.platform:org.eclipse.equinox.preferences:jar:3.7.300
[DEBUG]   Included: org.eclipse.platform:org.eclipse.core.contenttype:jar:3.7.300
[DEBUG]   Included: org.eclipse.platform:org.eclipse.equinox.app:jar:1.4.100
[DEBUG]   Included: org.eclipse.platform:org.eclipse.core.filesystem:jar:1.7.300
[DEBUG]   Included: org.eclipse.platform:org.eclipse.text:jar:3.8.100
[DEBUG]   Included: org.eclipse.platform:org.eclipse.core.commands:jar:3.9.300
[DEBUG]   Included: com.martiansoftware:jsap:jar:2.1
[DEBUG]   Included: com.fasterxml.jackson.core:jackson-databind:jar:2.9.2
[DEBUG]   Included: com.fasterxml.jackson.core:jackson-annotations:jar:2.9.0
[DEBUG]   Included: com.fasterxml.jackson.core:jackson-core:jar:2.9.2
[DEBUG]   Included: com.github.gumtreediff:core:jar:2.1.0
[DEBUG]   Included: com.github.mpkorstanje:simmetrics-core:jar:3.2.3
[DEBUG]   Included: commons-codec:commons-codec:jar:1.10
[DEBUG]   Included: net.sf.trove4j:trove4j:jar:3.0.3
[DEBUG]   Included: com.google.code.gson:gson:jar:2.8.2
[DEBUG]   Included: org.jgrapht:jgrapht-core:jar:1.0.1
[DEBUG]   Included: io.github.java-diff-utils:java-diff-utils:jar:4.0
[DEBUG]   Included: org.eclipse.jgit:org.eclipse.jgit:jar:4.4.1.201607150455-r
[DEBUG] Configuring mojo eu.stamp-project:dspot-diff-test-selection:2.0.1-SNAPSHOT:list from plugin realm ClassRealm[plugin>eu.stamp-project:dspot-diff-test-selection:2.0.1-SNAPSHOT, parent: sun.misc.Launcher$AppClassLoader@55f96302]
[DEBUG] Configuring mojo 'eu.stamp-project:dspot-diff-test-selection:2.0.1-SNAPSHOT:list' with basic configurator -->
[DEBUG]   (f) module = gson/
[DEBUG]   (f) outputFormat = CSV
[DEBUG]   (f) outputPath = /tmp/dspot-experiments/results/april-2019/gson/commit_7_9e6f2ba/commit_coverage_testsThatExecuteTheChanges.csv
[DEBUG]   (f) pathDirSecondVersion = /tmp/dspot-experiments/dataset/april-2019/gson_parent/gson
[DEBUG]   (f) project = MavenProject: com.google.code.gson:gson:2.8.1-SNAPSHOT @ /tmp/dspot-experiments/dataset/april-2019/gson/gson/pom.xml
[DEBUG] -- end configuration --
[WARNING] No path to diff file has been specified.
[WARNING] I'll compute a diff file using the UNIX diff command
[WARNING] You may encounter troubles.
[WARNING] If so, please specify a path to a correct diff file
[WARNING] or implement a new way to compute a diff file.
[INFO] Computing the diff with diff commnd line
[INFO] The diff will be computed between:
[INFO] /tmp/dspot-experiments/dataset/april-2019/gson/gson and 
[INFO] /tmp/dspot-experiments/dataset/april-2019/gson_parent/gson
[INFO] Executing: diff -ru /tmp/dspot-experiments/dataset/april-2019/gson/gson /tmp/dspot-experiments/dataset/april-2019/gson_parent/gson > patch.diff from /tmp/dspot-experiments/dataset/april-2019/gson/gson
[INFO] Computing coverage for /tmp/dspot-experiments/dataset/april-2019/gson/gson
[WARN] Maven will be executed in interactive mode, but no input stream has been configured for this MavenInvoker instance.
[INFO] Scanning for projects...
[WARNING] 
[WARNING] Some problems were encountered while building the effective model for com.google.code.gson:gson:jar:2.8.1-SNAPSHOT
[WARNING] 'build.plugins.plugin.version' for org.apache.maven.plugins:maven-jar-plugin is missing. @ com.google.code.gson:gson:[unknown-version], /tmp/dspot-experiments/dataset/april-2019/gson/gson/pom.xml, line 46, column 15
[WARNING] 
[WARNING] It is highly recommended to fix these problems because they threaten the stability of your build.
[WARNING] 
[WARNING] For this reason, future Maven versions might no longer support building such malformed projects.
[WARNING] 
[INFO] 
[INFO] ---------------------< com.google.code.gson:gson >----------------------
[INFO] Building Gson 2.8.1-SNAPSHOT
[INFO] --------------------------------[ jar ]---------------------------------
[INFO] 
[INFO] --- maven-clean-plugin:2.5:clean (default-clean) @ gson ---
[INFO] 
[INFO] --- clover-maven-plugin:4.2.0:setup (default-cli) @ gson ---
[INFO] No 'maven.clover.licenseLocation' configured. Using default license.
[INFO] OpenClover Version 4.2.0, built on April 30 2017 (build-1000)
[INFO] Loaded from: /home/spirals/danglot/.m2/repository/org/openclover/clover/4.2.0/clover-4.2.0.jar
[INFO] Clover free edition.
[INFO] Creating new database at '/tmp/dspot-experiments/dataset/april-2019/gson/gson/target/clover/clover.db'.
[INFO] Processing files at 1.8 source level.
[INFO] Clover all over. Instrumented 67 files (7 packages).
[INFO] Elapsed time = 2.025 secs. (33.086 files/sec, 7,057.778 srclines/sec)
[INFO] OpenClover Version 4.2.0, built on April 30 2017 (build-1000)
[INFO] Loaded from: /home/spirals/danglot/.m2/repository/org/openclover/clover/4.2.0/clover-4.2.0.jar
[INFO] Clover free edition.
[INFO] Updating existing database at '/tmp/dspot-experiments/dataset/april-2019/gson/gson/target/clover/clover.db'.
[INFO] Processing files at 1.8 source level.
[INFO] Clover all over. Instrumented 96 files (9 packages).
[INFO] 1008 test methods detected.
[INFO] Elapsed time = 2.462 secs. (38.993 files/sec, 7,404.955 srclines/sec)
[INFO] 
[INFO] --- maven-enforcer-plugin:1.0:enforce (enforce-maven) @ gson ---
[INFO] Skipping Rule Enforcement.
[INFO] 
[INFO] --- maven-resources-plugin:2.6:resources (default-resources) @ gson ---
[INFO] Using 'UTF-8' encoding to copy filtered resources.
[INFO] skip non existing resourceDirectory /tmp/dspot-experiments/dataset/april-2019/gson/gson/src/main/resources
[INFO] Copying 1 resource
[INFO] 
[INFO] --- maven-compiler-plugin:3.0:compile (default-compile) @ gson ---
[INFO] Changes detected - recompiling the module!
[INFO] Compiling 67 source files to /tmp/dspot-experiments/dataset/april-2019/gson/gson/target/classes
[INFO] 
[INFO] --- bnd-maven-plugin:3.1.0:bnd-process (default) @ gson ---
[WARNING] Export com.google.gson,  has 1,  private references [com.google.gson.internal], 
[INFO] 
[INFO] --- maven-resources-plugin:2.6:testResources (default-testResources) @ gson ---
[INFO] Using 'UTF-8' encoding to copy filtered resources.
[INFO] skip non existing resourceDirectory /tmp/dspot-experiments/dataset/april-2019/gson/gson/src/test/resources
[INFO] 
[INFO] --- maven-compiler-plugin:3.0:testCompile (default-testCompile) @ gson ---
[INFO] Changes detected - recompiling the module!
[INFO] Compiling 96 source files to /tmp/dspot-experiments/dataset/april-2019/gson/gson/target/test-classes
[WARNING] /tmp/dspot-experiments/dataset/april-2019/gson/gson/target/clover/src-test-instrumented/com/google/gson/stream/JsonReaderPathTest.java: Some input files use or override a deprecated API.
[WARNING] /tmp/dspot-experiments/dataset/april-2019/gson/gson/target/clover/src-test-instrumented/com/google/gson/stream/JsonReaderPathTest.java: Recompile with -Xlint:deprecation for details.
[WARNING] /tmp/dspot-experiments/dataset/april-2019/gson/gson/target/clover/src-test-instrumented/com/google/gson/functional/MapTest.java: Some input files use unchecked or unsafe operations.
[WARNING] /tmp/dspot-experiments/dataset/april-2019/gson/gson/target/clover/src-test-instrumented/com/google/gson/functional/MapTest.java: Recompile with -Xlint:unchecked for details.
[INFO] 
[INFO] --- maven-surefire-plugin:2.12.4:test (default-test) @ gson ---
[INFO] Surefire report directory: /tmp/dspot-experiments/dataset/april-2019/gson/gson/target/surefire-reports

-------------------------------------------------------
 T E S T S
-------------------------------------------------------
Running com.google.gson.JsonStreamParserTest
Tests run: 4, Failures: 0, Errors: 0, Skipped: 0, Time elapsed: 0.124 sec
Running com.google.gson.JsonArrayTest
Tests run: 5, Failures: 0, Errors: 0, Skipped: 0, Time elapsed: 0.006 sec
Running com.google.gson.JsonObjectTest
Tests run: 14, Failures: 0, Errors: 0, Skipped: 0, Time elapsed: 0.051 sec
Running com.google.gson.JavaSerializationTest
Tests run: 3, Failures: 0, Errors: 0, Skipped: 0, Time elapsed: 0.104 sec
Running com.google.gson.LongSerializationPolicyTest
Tests run: 4, Failures: 0, Errors: 0, Skipped: 0, Time elapsed: 0.009 sec
Running com.google.gson.regression.JsonAdapterNullSafeTest
Tests run: 2, Failures: 0, Errors: 0, Skipped: 0, Time elapsed: 0.012 sec
Running com.google.gson.DefaultInetAddressTypeAdapterTest
Tests run: 1, Failures: 0, Errors: 0, Skipped: 0, Time elapsed: 0.005 sec
Running com.google.gson.InnerClassExclusionStrategyTest
Tests run: 4, Failures: 0, Errors: 0, Skipped: 0, Time elapsed: 0.004 sec
Running com.google.gson.internal.LazilyParsedNumberTest
Tests run: 2, Failures: 0, Errors: 0, Skipped: 0, Time elapsed: 0.002 sec
Running com.google.gson.internal.LinkedTreeMapTest
Tests run: 11, Failures: 0, Errors: 0, Skipped: 0, Time elapsed: 0.033 sec
Running com.google.gson.internal.GsonTypesTest
Tests run: 2, Failures: 0, Errors: 0, Skipped: 0, Time elapsed: 0.003 sec
Running com.google.gson.internal.LinkedHashTreeMapTest
Tests run: 15, Failures: 0, Errors: 0, Skipped: 0, Time elapsed: 0.044 sec
Running com.google.gson.internal.bind.JsonTreeWriterTest
Tests run: 12, Failures: 0, Errors: 0, Skipped: 0, Time elapsed: 0.014 sec
Running com.google.gson.internal.bind.JsonElementReaderTest
Tests run: 17, Failures: 0, Errors: 0, Skipped: 0, Time elapsed: 0.022 sec
Running com.google.gson.internal.bind.JsonTreeReaderTest
Tests run: 2, Failures: 0, Errors: 0, Skipped: 0, Time elapsed: 0.002 sec
Running com.google.gson.internal.UnsafeAllocatorInstantiationTest
Tests run: 3, Failures: 0, Errors: 0, Skipped: 0, Time elapsed: 0.004 sec
Running com.google.gson.JsonPrimitiveTest
Tests run: 24, Failures: 0, Errors: 0, Skipped: 0, Time elapsed: 0.054 sec
Running com.google.gson.VersionExclusionStrategyTest
Tests run: 3, Failures: 0, Errors: 0, Skipped: 0, Time elapsed: 0.006 sec
Running com.google.gson.GsonTypeAdapterTest
Tests run: 5, Failures: 0, Errors: 0, Skipped: 0, Time elapsed: 0.013 sec
Running com.google.gson.DefaultMapJsonSerializerTest
Tests run: 3, Failures: 0, Errors: 0, Skipped: 0, Time elapsed: 0.004 sec
Running com.google.gson.GsonTest
Tests run: 1, Failures: 0, Errors: 0, Skipped: 0, Time elapsed: 0.001 sec
Running com.google.gson.reflect.TypeTokenTest
Tests run: 6, Failures: 0, Errors: 0, Skipped: 0, Time elapsed: 0.033 sec
Running com.google.gson.JsonParserTest
Tests run: 10, Failures: 0, Errors: 0, Skipped: 0, Time elapsed: 0.016 sec
Running com.google.gson.DefaultDateTypeAdapterTest
Tests run: 9, Failures: 0, Errors: 0, Skipped: 0, Time elapsed: 0.087 sec
Running com.google.gson.metrics.PerformanceTest
Tests run: 1, Failures: 0, Errors: 0, Skipped: 0, Time elapsed: 0.002 sec
Running com.google.gson.JsonNullTest
Tests run: 2, Failures: 0, Errors: 0, Skipped: 0, Time elapsed: 0.002 sec
Running com.google.gson.MixedStreamTest
Tests run: 12, Failures: 0, Errors: 0, Skipped: 0, Time elapsed: 0.017 sec
Running com.google.gson.OverrideCoreTypeAdaptersTest
Tests run: 3, Failures: 0, Errors: 0, Skipped: 0, Time elapsed: 0.005 sec
Running com.google.gson.ObjectTypeAdapterTest
Tests run: 5, Failures: 0, Errors: 0, Skipped: 0, Time elapsed: 0.008 sec
Running com.google.gson.stream.JsonReaderPathTest
Tests run: 20, Failures: 0, Errors: 0, Skipped: 1, Time elapsed: 0.062 sec
Running com.google.gson.stream.JsonWriterTest
Tests run: 37, Failures: 0, Errors: 0, Skipped: 0, Time elapsed: 0.03 sec
Running com.google.gson.stream.JsonReaderTest
Tests run: 119, Failures: 0, Errors: 0, Skipped: 0, Time elapsed: 0.134 sec
Running com.google.gson.FieldAttributesTest
Tests run: 6, Failures: 0, Errors: 0, Skipped: 0, Time elapsed: 0.005 sec
Running com.google.gson.GsonBuilderTest
Tests run: 4, Failures: 0, Errors: 0, Skipped: 0, Time elapsed: 0.004 sec
Running com.google.gson.ExposeAnnotationExclusionStrategyTest
Tests run: 6, Failures: 0, Errors: 0, Skipped: 0, Time elapsed: 0.026 sec
Running com.google.gson.CommentsTest
Tests run: 1, Failures: 0, Errors: 0, Skipped: 0, Time elapsed: 0.004 sec
Running com.google.gson.ParameterizedTypeTest
Tests run: 2, Failures: 0, Errors: 0, Skipped: 0, Time elapsed: 0.002 sec
Running com.google.gson.GenericArrayTypeTest
Tests run: 2, Failures: 0, Errors: 0, Skipped: 0, Time elapsed: 0.003 sec
Running com.google.gson.functional.PrimitiveCharacterTest
Tests run: 2, Failures: 0, Errors: 0, Skipped: 0, Time elapsed: 0.003 sec
Running com.google.gson.functional.ArrayTest
Tests run: 26, Failures: 0, Errors: 0, Skipped: 0, Time elapsed: 0.035 sec
Running com.google.gson.functional.LeniencyTest
Tests run: 1, Failures: 0, Errors: 0, Skipped: 0, Time elapsed: 0.002 sec
Running com.google.gson.functional.JsonArrayTest
Tests run: 8, Failures: 0, Errors: 0, Skipped: 0, Time elapsed: 0.007 sec
Running com.google.gson.functional.FieldNamingTest
Tests run: 5, Failures: 0, Errors: 0, Skipped: 0, Time elapsed: 0.011 sec
Running com.google.gson.functional.InstanceCreatorTest
Tests run: 5, Failures: 0, Errors: 0, Skipped: 0, Time elapsed: 0.013 sec
Running com.google.gson.functional.ThrowableFunctionalTest
Tests run: 5, Failures: 0, Errors: 0, Skipped: 0, Time elapsed: 0.013 sec
Running com.google.gson.functional.SecurityTest
Tests run: 5, Failures: 0, Errors: 0, Skipped: 0, Time elapsed: 0.007 sec
Running com.google.gson.functional.JavaUtilTest
Tests run: 2, Failures: 0, Errors: 0, Skipped: 0, Time elapsed: 0.001 sec
Running com.google.gson.functional.JsonAdapterSerializerDeserializerTest
Tests run: 3, Failures: 0, Errors: 0, Skipped: 0, Time elapsed: 0.008 sec
Running com.google.gson.functional.RuntimeTypeAdapterFactoryFunctionalTest
Tests run: 1, Failures: 0, Errors: 0, Skipped: 0, Time elapsed: 0.006 sec
Running com.google.gson.functional.ParameterizedTypesTest
Tests run: 17, Failures: 0, Errors: 0, Skipped: 0, Time elapsed: 0.043 sec
Running com.google.gson.functional.CircularReferenceTest
Tests run: 6, Failures: 0, Errors: 0, Skipped: 0, Time elapsed: 0.057 sec
Running com.google.gson.functional.StreamingTypeAdaptersTest
Tests run: 17, Failures: 0, Errors: 0, Skipped: 0, Time elapsed: 0.029 sec
Running com.google.gson.functional.NamingPolicyTest
Tests run: 14, Failures: 0, Errors: 0, Skipped: 0, Time elapsed: 0.016 sec
Running com.google.gson.functional.SerializedNameTest
Tests run: 3, Failures: 0, Errors: 0, Skipped: 0, Time elapsed: 0.003 sec
Running com.google.gson.functional.StringTest
Tests run: 18, Failures: 0, Errors: 0, Skipped: 0, Time elapsed: 0.014 sec
Running com.google.gson.functional.TypeHierarchyAdapterTest
Tests run: 3, Failures: 0, Errors: 0, Skipped: 0, Time elapsed: 0.01 sec
Running com.google.gson.functional.JsonParserTest
Tests run: 8, Failures: 0, Errors: 0, Skipped: 0, Time elapsed: 0.011 sec
Running com.google.gson.functional.MapTest
Tests run: 48, Failures: 0, Errors: 0, Skipped: 0, Time elapsed: 0.068 sec
Running com.google.gson.functional.NullObjectAndFieldTest
Tests run: 16, Failures: 0, Errors: 0, Skipped: 0, Time elapsed: 0.021 sec
Running com.google.gson.functional.CustomTypeAdaptersTest
Tests run: 19, Failures: 0, Errors: 0, Skipped: 0, Time elapsed: 0.027 sec
Running com.google.gson.functional.MapAsArrayTypeAdapterTest
Tests run: 5, Failures: 0, Errors: 0, Skipped: 0, Time elapsed: 0.01 sec
Running com.google.gson.functional.ExclusionStrategyFunctionalTest
Tests run: 9, Failures: 0, Errors: 0, Skipped: 0, Time elapsed: 0.012 sec
Running com.google.gson.functional.TreeTypeAdaptersTest
Tests run: 2, Failures: 0, Errors: 0, Skipped: 0, Time elapsed: 0.007 sec
Running com.google.gson.functional.InheritanceTest
Tests run: 13, Failures: 0, Errors: 0, Skipped: 0, Time elapsed: 0.018 sec
Running com.google.gson.functional.PrettyPrintingTest
Tests run: 8, Failures: 0, Errors: 0, Skipped: 0, Time elapsed: 0.011 sec
Running com.google.gson.functional.CustomDeserializerTest
Tests run: 7, Failures: 0, Errors: 0, Skipped: 0, Time elapsed: 0.01 sec
Running com.google.gson.functional.JavaUtilConcurrentAtomicTest
Tests run: 7, Failures: 0, Errors: 0, Skipped: 0, Time elapsed: 0.007 sec
Running com.google.gson.functional.JsonAdapterAnnotationOnFieldsTest
Tests run: 10, Failures: 0, Errors: 0, Skipped: 0, Time elapsed: 0.018 sec
Running com.google.gson.functional.JsonAdapterAnnotationOnClassesTest
Tests run: 8, Failures: 0, Errors: 0, Skipped: 0, Time elapsed: 0.013 sec
Running com.google.gson.functional.MoreSpecificTypeSerializationTest
Tests run: 6, Failures: 0, Errors: 0, Skipped: 0, Time elapsed: 0.01 sec
Running com.google.gson.functional.CollectionTest
Tests run: 28, Failures: 0, Errors: 0, Skipped: 0, Time elapsed: 0.04 sec
Running com.google.gson.functional.UncategorizedTest
Tests run: 6, Failures: 0, Errors: 0, Skipped: 0, Time elapsed: 0.009 sec
Running com.google.gson.functional.ReadersWritersTest
Tests run: 10, Failures: 0, Errors: 0, Skipped: 0, Time elapsed: 0.013 sec
Running com.google.gson.functional.ObjectTest
Tests run: 44, Failures: 0, Errors: 0, Skipped: 0, Time elapsed: 0.058 sec
Running com.google.gson.functional.DefaultTypeAdaptersTest
Tests run: 65, Failures: 0, Errors: 0, Skipped: 0, Time elapsed: 0.072 sec
Running com.google.gson.functional.ExposeFieldsTest
Tests run: 8, Failures: 0, Errors: 0, Skipped: 0, Time elapsed: 0.012 sec
Running com.google.gson.functional.FieldExclusionTest
Tests run: 3, Failures: 0, Errors: 0, Skipped: 0, Time elapsed: 0.004 sec
Running com.google.gson.functional.RawSerializationTest
Tests run: 5, Failures: 0, Errors: 0, Skipped: 0, Time elapsed: 0.008 sec
Running com.google.gson.functional.CustomSerializerTest
Tests run: 5, Failures: 0, Errors: 0, Skipped: 0, Time elapsed: 0.006 sec
Running com.google.gson.functional.PrimitiveTest
Tests run: 99, Failures: 0, Errors: 0, Skipped: 0, Time elapsed: 0.105 sec
Running com.google.gson.functional.EnumTest
Tests run: 11, Failures: 0, Errors: 0, Skipped: 0, Time elapsed: 0.015 sec
Running com.google.gson.functional.DelegateTypeAdapterTest
Tests run: 2, Failures: 0, Errors: 0, Skipped: 0, Time elapsed: 0.005 sec
Running com.google.gson.functional.EscapingTest
Tests run: 5, Failures: 0, Errors: 0, Skipped: 0, Time elapsed: 0.005 sec
Running com.google.gson.functional.TypeAdapterPrecedenceTest
Tests run: 8, Failures: 0, Errors: 0, Skipped: 0, Time elapsed: 0.008 sec
Running com.google.gson.functional.PrintFormattingTest
Tests run: 3, Failures: 0, Errors: 0, Skipped: 0, Time elapsed: 0.004 sec
Running com.google.gson.functional.InternationalizationTest
Tests run: 4, Failures: 0, Errors: 0, Skipped: 0, Time elapsed: 0.003 sec
Running com.google.gson.functional.ConcurrencyTest
Tests run: 4, Failures: 0, Errors: 0, Skipped: 0, Time elapsed: 0.031 sec
Running com.google.gson.functional.TypeVariableTest
Tests run: 3, Failures: 0, Errors: 0, Skipped: 0, Time elapsed: 0.005 sec
Running com.google.gson.functional.JsonTreeTest
Tests run: 4, Failures: 0, Errors: 0, Skipped: 0, Time elapsed: 0.005 sec
Running com.google.gson.functional.InterfaceTest
Tests run: 2, Failures: 0, Errors: 0, Skipped: 0, Time elapsed: 0.002 sec
Running com.google.gson.functional.VersioningTest
Tests run: 10, Failures: 0, Errors: 0, Skipped: 0, Time elapsed: 0.012 sec

Results :

Tests run: 1018, Failures: 0, Errors: 0, Skipped: 1

[INFO] ------------------------------------------------------------------------
[INFO] BUILD SUCCESS
[INFO] ------------------------------------------------------------------------
[INFO] Total time: 16.852 s
[INFO] Finished at: 2019-04-18T15:24:43+02:00
[INFO] ------------------------------------------------------------------------
Writing HTML report to '/tmp/dspot-experiments/dataset/april-2019/gson/gson/target/clover/report'
Done. Processed 11 packages in 6364ms (578ms per package).
[INFO] /tmp/dspot-experiments/dataset/april-2019/gson/gson/src/main/java/com/google/gson/internal/bind/JsonTreeReader.java
[INFO] /tmp/dspot-experiments/dataset/april-2019/gson_parent/gson/src/main/java/com/google/gson/internal/bind/JsonTreeReader.java
[INFO] com.google.gson.internal.bind.JsonTreeReader:262 is modified.
[INFO] com.google.gson.internal.bind.JsonTreeReader:266 is modified.
[INFO] com.google.gson.internal.bind.JsonTreeReader:262 covered.
[INFO] com.google.gson.internal.bind.JsonTreeReader:266 covered.
[WARNING] Could not match /gson/src/test/java/com/google/gson/internal/bind/JsonTreeReaderTest.java and -0,0
[INFO] Saving result in /tmp/dspot-experiments/results/april-2019/gson/commit_7_9e6f2ba/commit_coverage_testsThatExecuteTheChanges.csv ...
[INFO] com.google.gson.functional.CustomDeserializerTest;testJsonTypeFieldBasedDeserialization
com.google.gson.functional.ExclusionStrategyFunctionalTest;testExclusionStrategyWithMode;testExclusionStrategyDeserialization
com.google.gson.functional.JsonParserTest;testBadFieldTypeForDeserializingCustomTree
com.google.gson.stream.JsonReaderPathTest;skipObjectNames;skipNestedStructures;skipArrayElements;skipObjectValues
com.google.gson.internal.bind.JsonElementReaderTest;testSkipValue
com.google.gson.internal.bind.JsonTreeReaderTest;testSkipValue_filledJsonObject;testSkipValue_emptyJsonObject
[INFO] Writing Coverage in /tmp/dspot-experiments/results/april-2019/gson/commit_7_9e6f2ba/commit_coverage_testsThatExecuteTheChanges_coverage.csv
[INFO] com.google.gson.internal.bind.JsonTreeReader;2;2

[INFO] total;2;2

[INFO] ------------------------------------------------------------------------
[INFO] BUILD SUCCESS
[INFO] ------------------------------------------------------------------------
[INFO] Total time: 29.947 s
[INFO] Finished at: 2019-04-18T15:24:52+02:00
[INFO] ------------------------------------------------------------------------
[INFO] 2019-04-18 15:24:52 RepositoriesSetter - {/tmp/dspot-experiments/dataset/april-2019/gson} Cleaning local repository...
[INFO] 2019-04-18 15:24:53 RepositoriesSetter - Checkout 44cad04a639b3a53f4205f93acda37b3f7d10871 revision...
[INFO] 2019-04-18 15:24:53 RepositoriesSetter - {/tmp/dspot-experiments/dataset/april-2019/gson_parent} Cleaning local repository...
[INFO] 2019-04-18 15:24:53 RepositoriesSetter - Checkout 791236ac79e535146b07a7dd5c85ab168554f5ff revision...
