Apache Maven 3.5.4 (1edded0938998edf8bf061f1ceb3cfdeccf443fe; 2018-06-17T20:33:14+02:00)
Maven home: /home/spirals/danglot/apache-maven-3.5.4
Java version: 1.8.0_121, vendor: Oracle Corporation, runtime: /home/spirals/danglot/jdk1.8.0_121/jre
Default locale: en_US, platform encoding: ANSI_X3.4-1968
OS name: "linux", version: "3.16.0-4-amd64", arch: "amd64", family: "unix"
[DEBUG] Created new class realm maven.api
[DEBUG] Importing foreign packages into class realm maven.api
[DEBUG]   Imported: javax.annotation.* < plexus.core
[DEBUG]   Imported: javax.annotation.security.* < plexus.core
[DEBUG]   Imported: javax.enterprise.inject.* < plexus.core
[DEBUG]   Imported: javax.enterprise.util.* < plexus.core
[DEBUG]   Imported: javax.inject.* < plexus.core
[DEBUG]   Imported: org.apache.maven.* < plexus.core
[DEBUG]   Imported: org.apache.maven.artifact < plexus.core
[DEBUG]   Imported: org.apache.maven.classrealm < plexus.core
[DEBUG]   Imported: org.apache.maven.cli < plexus.core
[DEBUG]   Imported: org.apache.maven.configuration < plexus.core
[DEBUG]   Imported: org.apache.maven.exception < plexus.core
[DEBUG]   Imported: org.apache.maven.execution < plexus.core
[DEBUG]   Imported: org.apache.maven.execution.scope < plexus.core
[DEBUG]   Imported: org.apache.maven.lifecycle < plexus.core
[DEBUG]   Imported: org.apache.maven.model < plexus.core
[DEBUG]   Imported: org.apache.maven.monitor < plexus.core
[DEBUG]   Imported: org.apache.maven.plugin < plexus.core
[DEBUG]   Imported: org.apache.maven.profiles < plexus.core
[DEBUG]   Imported: org.apache.maven.project < plexus.core
[DEBUG]   Imported: org.apache.maven.reporting < plexus.core
[DEBUG]   Imported: org.apache.maven.repository < plexus.core
[DEBUG]   Imported: org.apache.maven.rtinfo < plexus.core
[DEBUG]   Imported: org.apache.maven.settings < plexus.core
[DEBUG]   Imported: org.apache.maven.toolchain < plexus.core
[DEBUG]   Imported: org.apache.maven.usability < plexus.core
[DEBUG]   Imported: org.apache.maven.wagon.* < plexus.core
[DEBUG]   Imported: org.apache.maven.wagon.authentication < plexus.core
[DEBUG]   Imported: org.apache.maven.wagon.authorization < plexus.core
[DEBUG]   Imported: org.apache.maven.wagon.events < plexus.core
[DEBUG]   Imported: org.apache.maven.wagon.observers < plexus.core
[DEBUG]   Imported: org.apache.maven.wagon.proxy < plexus.core
[DEBUG]   Imported: org.apache.maven.wagon.repository < plexus.core
[DEBUG]   Imported: org.apache.maven.wagon.resource < plexus.core
[DEBUG]   Imported: org.codehaus.classworlds < plexus.core
[DEBUG]   Imported: org.codehaus.plexus.* < plexus.core
[DEBUG]   Imported: org.codehaus.plexus.classworlds < plexus.core
[DEBUG]   Imported: org.codehaus.plexus.component < plexus.core
[DEBUG]   Imported: org.codehaus.plexus.configuration < plexus.core
[DEBUG]   Imported: org.codehaus.plexus.container < plexus.core
[DEBUG]   Imported: org.codehaus.plexus.context < plexus.core
[DEBUG]   Imported: org.codehaus.plexus.lifecycle < plexus.core
[DEBUG]   Imported: org.codehaus.plexus.logging < plexus.core
[DEBUG]   Imported: org.codehaus.plexus.personality < plexus.core
[DEBUG]   Imported: org.codehaus.plexus.util.xml.Xpp3Dom < plexus.core
[DEBUG]   Imported: org.codehaus.plexus.util.xml.pull.XmlPullParser < plexus.core
[DEBUG]   Imported: org.codehaus.plexus.util.xml.pull.XmlPullParserException < plexus.core
[DEBUG]   Imported: org.codehaus.plexus.util.xml.pull.XmlSerializer < plexus.core
[DEBUG]   Imported: org.eclipse.aether.* < plexus.core
[DEBUG]   Imported: org.eclipse.aether.artifact < plexus.core
[DEBUG]   Imported: org.eclipse.aether.collection < plexus.core
[DEBUG]   Imported: org.eclipse.aether.deployment < plexus.core
[DEBUG]   Imported: org.eclipse.aether.graph < plexus.core
[DEBUG]   Imported: org.eclipse.aether.impl < plexus.core
[DEBUG]   Imported: org.eclipse.aether.installation < plexus.core
[DEBUG]   Imported: org.eclipse.aether.internal.impl < plexus.core
[DEBUG]   Imported: org.eclipse.aether.metadata < plexus.core
[DEBUG]   Imported: org.eclipse.aether.repository < plexus.core
[DEBUG]   Imported: org.eclipse.aether.resolution < plexus.core
[DEBUG]   Imported: org.eclipse.aether.spi < plexus.core
[DEBUG]   Imported: org.eclipse.aether.transfer < plexus.core
[DEBUG]   Imported: org.eclipse.aether.version < plexus.core
[DEBUG]   Imported: org.fusesource.jansi.* < plexus.core
[DEBUG]   Imported: org.slf4j.* < plexus.core
[DEBUG]   Imported: org.slf4j.helpers.* < plexus.core
[DEBUG]   Imported: org.slf4j.spi.* < plexus.core
[DEBUG] Populating class realm maven.api
[INFO] Error stacktraces are turned on.
[DEBUG] Message scheme: color
[DEBUG] Message styles: debug info warning error success failure strong mojo project
[DEBUG] Reading global settings from /home/spirals/danglot/apache-maven-3.5.4/conf/settings.xml
[DEBUG] Reading user settings from /home/spirals/danglot/.m2/settings.xml
[DEBUG] Reading global toolchains from /home/spirals/danglot/apache-maven-3.5.4/conf/toolchains.xml
[DEBUG] Reading user toolchains from /home/spirals/danglot/.m2/toolchains.xml
[DEBUG] Using local repository at /home/spirals/danglot/.m2/repository
[DEBUG] Using manager EnhancedLocalRepositoryManager with priority 10.0 for /home/spirals/danglot/.m2/repository
[INFO] Scanning for projects...
[DEBUG] Extension realms for project org.xwiki.commons:xwiki-commons-component-api:jar:9.12-SNAPSHOT: (none)
[DEBUG] Looking up lifecycle mappings for packaging jar from ClassRealm[plexus.core, parent: null]
[DEBUG] Extension realms for project org.xwiki.commons:xwiki-commons-component:pom:9.12-SNAPSHOT: (none)
[DEBUG] Looking up lifecycle mappings for packaging pom from ClassRealm[plexus.core, parent: null]
[DEBUG] Extension realms for project org.xwiki.commons:xwiki-commons-core:pom:9.12-SNAPSHOT: (none)
[DEBUG] Looking up lifecycle mappings for packaging pom from ClassRealm[plexus.core, parent: null]
[DEBUG] Extension realms for project org.xwiki.commons:xwiki-commons-pom:pom:9.12-SNAPSHOT: (none)
[DEBUG] Looking up lifecycle mappings for packaging pom from ClassRealm[plexus.core, parent: null]
[DEBUG] Extension realms for project org.xwiki.commons:xwiki-commons:pom:9.12-SNAPSHOT: (none)
[DEBUG] Looking up lifecycle mappings for packaging pom from ClassRealm[plexus.core, parent: null]
[WARNING] 
[WARNING] Some problems were encountered while building the effective model for org.xwiki.commons:xwiki-commons-component-api:jar:9.12-SNAPSHOT
[WARNING] Reporting configuration should be done in <reporting> section, not in maven-site-plugin <configuration> as reportPlugins parameter.
[WARNING] 
[WARNING] It is highly recommended to fix these problems because they threaten the stability of your build.
[WARNING] 
[WARNING] For this reason, future Maven versions might no longer support building such malformed projects.
[WARNING] 
[DEBUG] === REACTOR BUILD PLAN ================================================
[DEBUG] Project: org.xwiki.commons:xwiki-commons-component-api:jar:9.12-SNAPSHOT
[DEBUG] Tasks:   [clean, eu.stamp-project:dspot-diff-test-selection:2.0.1-SNAPSHOT:list]
[DEBUG] Style:   Regular
[DEBUG] =======================================================================
[INFO] 
[INFO] -----------< org.xwiki.commons:xwiki-commons-component-api >------------
[INFO] Building XWiki Commons - Component - API 9.12-SNAPSHOT
[INFO] --------------------------------[ jar ]---------------------------------
[DEBUG] Lifecycle default -> [validate, initialize, generate-sources, process-sources, generate-resources, process-resources, compile, process-classes, generate-test-sources, process-test-sources, generate-test-resources, process-test-resources, test-compile, process-test-classes, test, prepare-package, package, pre-integration-test, integration-test, post-integration-test, verify, install, deploy]
[DEBUG] Lifecycle clean -> [pre-clean, clean, post-clean]
[DEBUG] Lifecycle site -> [pre-site, site, post-site, site-deploy]
[DEBUG] Lifecycle default -> [validate, initialize, generate-sources, process-sources, generate-resources, process-resources, compile, process-classes, generate-test-sources, process-test-sources, generate-test-resources, process-test-resources, test-compile, process-test-classes, test, prepare-package, package, pre-integration-test, integration-test, post-integration-test, verify, install, deploy]
[DEBUG] Lifecycle clean -> [pre-clean, clean, post-clean]
[DEBUG] Lifecycle site -> [pre-site, site, post-site, site-deploy]
[DEBUG] Lifecycle default -> [validate, initialize, generate-sources, process-sources, generate-resources, process-resources, compile, process-classes, generate-test-sources, process-test-sources, generate-test-resources, process-test-resources, test-compile, process-test-classes, test, prepare-package, package, pre-integration-test, integration-test, post-integration-test, verify, install, deploy]
[DEBUG] Lifecycle clean -> [pre-clean, clean, post-clean]
[DEBUG] Lifecycle site -> [pre-site, site, post-site, site-deploy]
[DEBUG] === PROJECT BUILD PLAN ================================================
[DEBUG] Project:       org.xwiki.commons:xwiki-commons-component-api:9.12-SNAPSHOT
[DEBUG] Dependencies (collect): []
[DEBUG] Dependencies (resolve): []
[DEBUG] Repositories (dependencies): [central (https://repo.maven.apache.org/maven2, default, releases)]
[DEBUG] Repositories (plugins)     : [central (https://repo.maven.apache.org/maven2, default, releases)]
[DEBUG] -----------------------------------------------------------------------
[DEBUG] Goal:          org.apache.maven.plugins:maven-clean-plugin:3.0.0:clean (default-clean)
[DEBUG] Style:         Regular
[DEBUG] Configuration: <?xml version="1.0" encoding="UTF-8"?>
<configuration>
  <directory default-value="${project.build.directory}"/>
  <excludeDefaultDirectories default-value="false">${maven.clean.excludeDefaultDirectories}</excludeDefaultDirectories>
  <failOnError default-value="true">${maven.clean.failOnError}</failOnError>
  <followSymLinks default-value="false">${maven.clean.followSymLinks}</followSymLinks>
  <outputDirectory default-value="${project.build.outputDirectory}"/>
  <reportDirectory default-value="${project.build.outputDirectory}"/>
  <retryOnError default-value="true">${maven.clean.retryOnError}</retryOnError>
  <skip default-value="false">${maven.clean.skip}</skip>
  <testOutputDirectory default-value="${project.build.testOutputDirectory}"/>
  <verbose>${maven.clean.verbose}</verbose>
</configuration>
[DEBUG] -----------------------------------------------------------------------
[DEBUG] Goal:          eu.stamp-project:dspot-diff-test-selection:2.0.1-SNAPSHOT:list (default-cli)
[DEBUG] Style:         Regular
[DEBUG] Configuration: <?xml version="1.0" encoding="UTF-8"?>
<configuration>
  <module default-value="">${module}</module>
  <outputFormat default-value="CSV">${output-format}</outputFormat>
  <outputPath default-value="">${output-path}</outputPath>
  <pathDirSecondVersion>${path-dir-second-version}</pathDirSecondVersion>
  <pathToDiff default-value="">${path-to-diff}</pathToDiff>
  <project default-value="${project}"/>
</configuration>
[DEBUG] =======================================================================
[INFO] 
[INFO] --- maven-clean-plugin:3.0.0:clean (default-clean) @ xwiki-commons-component-api ---
[DEBUG] Dependency collection stats: {ConflictMarker.analyzeTime=858731, ConflictMarker.markTime=526920, ConflictMarker.nodeCount=15, ConflictIdSorter.graphTime=449542, ConflictIdSorter.topsortTime=380181, ConflictIdSorter.conflictIdCount=13, ConflictIdSorter.conflictIdCycleCount=0, ConflictResolver.totalTime=3998625, ConflictResolver.conflictItemCount=15, DefaultDependencyCollector.collectTime=130500609, DefaultDependencyCollector.transformTime=8686438}
[DEBUG] org.apache.maven.plugins:maven-clean-plugin:jar:3.0.0:
[DEBUG]    org.apache.maven:maven-plugin-api:jar:3.0:compile
[DEBUG]       org.apache.maven:maven-model:jar:3.0:compile
[DEBUG]          org.codehaus.plexus:plexus-utils:jar:2.0.4:compile
[DEBUG]       org.apache.maven:maven-artifact:jar:3.0:compile
[DEBUG]       org.sonatype.sisu:sisu-inject-plexus:jar:1.4.2:compile
[DEBUG]          org.codehaus.plexus:plexus-component-annotations:jar:1.5.5:compile
[DEBUG]          org.codehaus.plexus:plexus-classworlds:jar:2.2.3:compile
[DEBUG]          org.sonatype.sisu:sisu-inject-bean:jar:1.4.2:compile
[DEBUG]             org.sonatype.sisu:sisu-guice:jar:noaop:2.1.7:compile
[DEBUG]    org.apache.maven.shared:maven-shared-utils:jar:3.0.0:compile
[DEBUG]       commons-io:commons-io:jar:2.4:compile
[DEBUG]       com.google.code.findbugs:jsr305:jar:2.0.1:compile
[DEBUG] Created new class realm plugin>org.apache.maven.plugins:maven-clean-plugin:3.0.0
[DEBUG] Importing foreign packages into class realm plugin>org.apache.maven.plugins:maven-clean-plugin:3.0.0
[DEBUG]   Imported:  < maven.api
[DEBUG] Populating class realm plugin>org.apache.maven.plugins:maven-clean-plugin:3.0.0
[DEBUG]   Included: org.apache.maven.plugins:maven-clean-plugin:jar:3.0.0
[DEBUG]   Included: org.codehaus.plexus:plexus-utils:jar:2.0.4
[DEBUG]   Included: org.codehaus.plexus:plexus-component-annotations:jar:1.5.5
[DEBUG]   Included: org.sonatype.sisu:sisu-inject-bean:jar:1.4.2
[DEBUG]   Included: org.sonatype.sisu:sisu-guice:jar:noaop:2.1.7
[DEBUG]   Included: org.apache.maven.shared:maven-shared-utils:jar:3.0.0
[DEBUG]   Included: commons-io:commons-io:jar:2.4
[DEBUG]   Included: com.google.code.findbugs:jsr305:jar:2.0.1
[DEBUG] Configuring mojo org.apache.maven.plugins:maven-clean-plugin:3.0.0:clean from plugin realm ClassRealm[plugin>org.apache.maven.plugins:maven-clean-plugin:3.0.0, parent: sun.misc.Launcher$AppClassLoader@55f96302]
[DEBUG] Configuring mojo 'org.apache.maven.plugins:maven-clean-plugin:3.0.0:clean' with basic configurator -->
[DEBUG]   (f) directory = /tmp/dspot-experiments/dataset/april-2019/xwiki-commons/xwiki-commons-core/xwiki-commons-component/xwiki-commons-component-api/target
[DEBUG]   (f) excludeDefaultDirectories = false
[DEBUG]   (f) failOnError = true
[DEBUG]   (f) followSymLinks = false
[DEBUG]   (f) outputDirectory = /tmp/dspot-experiments/dataset/april-2019/xwiki-commons/xwiki-commons-core/xwiki-commons-component/xwiki-commons-component-api/target/classes
[DEBUG]   (f) reportDirectory = /tmp/dspot-experiments/dataset/april-2019/xwiki-commons/xwiki-commons-core/xwiki-commons-component/xwiki-commons-component-api/target/classes
[DEBUG]   (f) retryOnError = true
[DEBUG]   (f) skip = false
[DEBUG]   (f) testOutputDirectory = /tmp/dspot-experiments/dataset/april-2019/xwiki-commons/xwiki-commons-core/xwiki-commons-component/xwiki-commons-component-api/target/test-classes
[DEBUG] -- end configuration --
[INFO] Deleting /tmp/dspot-experiments/dataset/april-2019/xwiki-commons/xwiki-commons-core/xwiki-commons-component/xwiki-commons-component-api/target
[INFO] Deleting file /tmp/dspot-experiments/dataset/april-2019/xwiki-commons/xwiki-commons-core/xwiki-commons-component/xwiki-commons-component-api/target/.plxarc
[INFO] Deleting file /tmp/dspot-experiments/dataset/april-2019/xwiki-commons/xwiki-commons-core/xwiki-commons-component/xwiki-commons-component-api/target/maven-archiver/pom.properties
[INFO] Deleting directory /tmp/dspot-experiments/dataset/april-2019/xwiki-commons/xwiki-commons-core/xwiki-commons-component/xwiki-commons-component-api/target/maven-archiver
[INFO] Deleting file /tmp/dspot-experiments/dataset/april-2019/xwiki-commons/xwiki-commons-core/xwiki-commons-component/xwiki-commons-component-api/target/spoon-maven-plugin/result-spoon-1555595519473.xml
[INFO] Deleting directory /tmp/dspot-experiments/dataset/april-2019/xwiki-commons/xwiki-commons-core/xwiki-commons-component/xwiki-commons-component-api/target/spoon-maven-plugin
[INFO] Deleting file /tmp/dspot-experiments/dataset/april-2019/xwiki-commons/xwiki-commons-core/xwiki-commons-component/xwiki-commons-component-api/target/maven-shared-archive-resources/META-INF/NOTICE
[INFO] Deleting file /tmp/dspot-experiments/dataset/april-2019/xwiki-commons/xwiki-commons-core/xwiki-commons-component/xwiki-commons-component-api/target/maven-shared-archive-resources/META-INF/LICENSE
[INFO] Deleting directory /tmp/dspot-experiments/dataset/april-2019/xwiki-commons/xwiki-commons-core/xwiki-commons-component/xwiki-commons-component-api/target/maven-shared-archive-resources/META-INF
[INFO] Deleting directory /tmp/dspot-experiments/dataset/april-2019/xwiki-commons/xwiki-commons-core/xwiki-commons-component/xwiki-commons-component-api/target/maven-shared-archive-resources
[INFO] Deleting directory /tmp/dspot-experiments/dataset/april-2019/xwiki-commons/xwiki-commons-core/xwiki-commons-component/xwiki-commons-component-api/target/generated-test-sources/test-annotations
[INFO] Deleting directory /tmp/dspot-experiments/dataset/april-2019/xwiki-commons/xwiki-commons-core/xwiki-commons-component/xwiki-commons-component-api/target/generated-test-sources
[INFO] Deleting file /tmp/dspot-experiments/dataset/april-2019/xwiki-commons/xwiki-commons-core/xwiki-commons-component/xwiki-commons-component-api/target/maven-status/maven-compiler-plugin/compile/default-compile/createdFiles.lst
[INFO] Deleting file /tmp/dspot-experiments/dataset/april-2019/xwiki-commons/xwiki-commons-core/xwiki-commons-component/xwiki-commons-component-api/target/maven-status/maven-compiler-plugin/compile/default-compile/inputFiles.lst
[INFO] Deleting directory /tmp/dspot-experiments/dataset/april-2019/xwiki-commons/xwiki-commons-core/xwiki-commons-component/xwiki-commons-component-api/target/maven-status/maven-compiler-plugin/compile/default-compile
[INFO] Deleting directory /tmp/dspot-experiments/dataset/april-2019/xwiki-commons/xwiki-commons-core/xwiki-commons-component/xwiki-commons-component-api/target/maven-status/maven-compiler-plugin/compile
[INFO] Deleting file /tmp/dspot-experiments/dataset/april-2019/xwiki-commons/xwiki-commons-core/xwiki-commons-component/xwiki-commons-component-api/target/maven-status/maven-compiler-plugin/testCompile/default-testCompile/createdFiles.lst
[INFO] Deleting file /tmp/dspot-experiments/dataset/april-2019/xwiki-commons/xwiki-commons-core/xwiki-commons-component/xwiki-commons-component-api/target/maven-status/maven-compiler-plugin/testCompile/default-testCompile/inputFiles.lst
[INFO] Deleting directory /tmp/dspot-experiments/dataset/april-2019/xwiki-commons/xwiki-commons-core/xwiki-commons-component/xwiki-commons-component-api/target/maven-status/maven-compiler-plugin/testCompile/default-testCompile
[INFO] Deleting directory /tmp/dspot-experiments/dataset/april-2019/xwiki-commons/xwiki-commons-core/xwiki-commons-component/xwiki-commons-component-api/target/maven-status/maven-compiler-plugin/testCompile
[INFO] Deleting directory /tmp/dspot-experiments/dataset/april-2019/xwiki-commons/xwiki-commons-core/xwiki-commons-component/xwiki-commons-component-api/target/maven-status/maven-compiler-plugin
[INFO] Deleting directory /tmp/dspot-experiments/dataset/april-2019/xwiki-commons/xwiki-commons-core/xwiki-commons-component/xwiki-commons-component-api/target/maven-status
[INFO] Deleting file /tmp/dspot-experiments/dataset/april-2019/xwiki-commons/xwiki-commons-core/xwiki-commons-component/xwiki-commons-component-api/target/test-classes/META-INF/NOTICE
[INFO] Deleting file /tmp/dspot-experiments/dataset/april-2019/xwiki-commons/xwiki-commons-core/xwiki-commons-component/xwiki-commons-component-api/target/test-classes/META-INF/LICENSE
[INFO] Deleting directory /tmp/dspot-experiments/dataset/april-2019/xwiki-commons/xwiki-commons-core/xwiki-commons-component/xwiki-commons-component-api/target/test-classes/META-INF
[INFO] Deleting file /tmp/dspot-experiments/dataset/april-2019/xwiki-commons/xwiki-commons-core/xwiki-commons-component/xwiki-commons-component-api/target/test-classes/org/xwiki/component/test/TestImplementation.class
[INFO] Deleting file /tmp/dspot-experiments/dataset/april-2019/xwiki-commons/xwiki-commons-core/xwiki-commons-component/xwiki-commons-component-api/target/test-classes/org/xwiki/component/test/TestInterface.class
[INFO] Deleting file /tmp/dspot-experiments/dataset/april-2019/xwiki-commons/xwiki-commons-core/xwiki-commons-component/xwiki-commons-component-api/target/test-classes/org/xwiki/component/test/TestInheritedAnnotation.class
[INFO] Deleting directory /tmp/dspot-experiments/dataset/april-2019/xwiki-commons/xwiki-commons-core/xwiki-commons-component/xwiki-commons-component-api/target/test-classes/org/xwiki/component/test
[INFO] Deleting file /tmp/dspot-experiments/dataset/april-2019/xwiki-commons/xwiki-commons-core/xwiki-commons-component/xwiki-commons-component-api/target/test-classes/org/xwiki/component/internal/namespace/DefaultNamespaceValidatorTest.class
[INFO] Deleting file /tmp/dspot-experiments/dataset/april-2019/xwiki-commons/xwiki-commons-core/xwiki-commons-component/xwiki-commons-component-api/target/test-classes/org/xwiki/component/internal/namespace/NamespaceUtilsTest.class
[INFO] Deleting directory /tmp/dspot-experiments/dataset/april-2019/xwiki-commons/xwiki-commons-core/xwiki-commons-component/xwiki-commons-component-api/target/test-classes/org/xwiki/component/internal/namespace
[INFO] Deleting directory /tmp/dspot-experiments/dataset/april-2019/xwiki-commons/xwiki-commons-core/xwiki-commons-component/xwiki-commons-component-api/target/test-classes/org/xwiki/component/internal
[INFO] Deleting file /tmp/dspot-experiments/dataset/april-2019/xwiki-commons/xwiki-commons-core/xwiki-commons-component/xwiki-commons-component-api/target/test-classes/org/xwiki/component/descriptor/DefaultComponentDescriptorTest.class
[INFO] Deleting file /tmp/dspot-experiments/dataset/april-2019/xwiki-commons/xwiki-commons-core/xwiki-commons-component/xwiki-commons-component-api/target/test-classes/org/xwiki/component/descriptor/DefaultComponentDescriptorTest$ImplRole.class
[INFO] Deleting file /tmp/dspot-experiments/dataset/april-2019/xwiki-commons/xwiki-commons-core/xwiki-commons-component/xwiki-commons-component-api/target/test-classes/org/xwiki/component/descriptor/DefaultComponentRoleTest.class
[INFO] Deleting file /tmp/dspot-experiments/dataset/april-2019/xwiki-commons/xwiki-commons-core/xwiki-commons-component/xwiki-commons-component-api/target/test-classes/org/xwiki/component/descriptor/DefaultComponentDescriptorTest$Role.class
[INFO] Deleting file /tmp/dspot-experiments/dataset/april-2019/xwiki-commons/xwiki-commons-core/xwiki-commons-component/xwiki-commons-component-api/target/test-classes/org/xwiki/component/descriptor/DefaultComponentDescriptorTest$OtherRole.class
[INFO] Deleting file /tmp/dspot-experiments/dataset/april-2019/xwiki-commons/xwiki-commons-core/xwiki-commons-component/xwiki-commons-component-api/target/test-classes/org/xwiki/component/descriptor/DefaultComponentRoleTest$OtherRole.class
[INFO] Deleting file /tmp/dspot-experiments/dataset/april-2019/xwiki-commons/xwiki-commons-core/xwiki-commons-component/xwiki-commons-component-api/target/test-classes/org/xwiki/component/descriptor/DefaultComponentDescriptorTest$ImplOtherRole.class
[INFO] Deleting file /tmp/dspot-experiments/dataset/april-2019/xwiki-commons/xwiki-commons-core/xwiki-commons-component/xwiki-commons-component-api/target/test-classes/org/xwiki/component/descriptor/DefaultComponentRoleTest$Role.class
[INFO] Deleting directory /tmp/dspot-experiments/dataset/april-2019/xwiki-commons/xwiki-commons-core/xwiki-commons-component/xwiki-commons-component-api/target/test-classes/org/xwiki/component/descriptor
[INFO] Deleting file /tmp/dspot-experiments/dataset/april-2019/xwiki-commons/xwiki-commons-core/xwiki-commons-component/xwiki-commons-component-api/target/test-classes/org/xwiki/component/util/ReflectionUtilsTest$TestFieldClass.class
[INFO] Deleting file /tmp/dspot-experiments/dataset/april-2019/xwiki-commons/xwiki-commons-core/xwiki-commons-component/xwiki-commons-component-api/target/test-classes/org/xwiki/component/util/ReflectionUtilsTest$TestClass2.class
[INFO] Deleting file /tmp/dspot-experiments/dataset/april-2019/xwiki-commons/xwiki-commons-core/xwiki-commons-component/xwiki-commons-component-api/target/test-classes/org/xwiki/component/util/ReflectionUtilsTest.class
[INFO] Deleting file /tmp/dspot-experiments/dataset/april-2019/xwiki-commons/xwiki-commons-core/xwiki-commons-component/xwiki-commons-component-api/target/test-classes/org/xwiki/component/util/ReflectionUtilsTest$1.class
[INFO] Deleting file /tmp/dspot-experiments/dataset/april-2019/xwiki-commons/xwiki-commons-core/xwiki-commons-component/xwiki-commons-component-api/target/test-classes/org/xwiki/component/util/ReflectionMethodUtilsTest.class
[INFO] Deleting file /tmp/dspot-experiments/dataset/april-2019/xwiki-commons/xwiki-commons-core/xwiki-commons-component/xwiki-commons-component-api/target/test-classes/org/xwiki/component/util/ReflectionUtilsTest$TestInterface2.class
[INFO] Deleting file /tmp/dspot-experiments/dataset/april-2019/xwiki-commons/xwiki-commons-core/xwiki-commons-component/xwiki-commons-component-api/target/test-classes/org/xwiki/component/util/ReflectionUtilsTest$TestInterfaceSimple.class
[INFO] Deleting file /tmp/dspot-experiments/dataset/april-2019/xwiki-commons/xwiki-commons-core/xwiki-commons-component/xwiki-commons-component-api/target/test-classes/org/xwiki/component/util/ReflectionUtilsTest$TestClass.class
[INFO] Deleting file /tmp/dspot-experiments/dataset/april-2019/xwiki-commons/xwiki-commons-core/xwiki-commons-component/xwiki-commons-component-api/target/test-classes/org/xwiki/component/util/ReflectionUtilsTest$TestClass4.class
[INFO] Deleting file /tmp/dspot-experiments/dataset/april-2019/xwiki-commons/xwiki-commons-core/xwiki-commons-component/xwiki-commons-component-api/target/test-classes/org/xwiki/component/util/ReflectionUtilsTest$AbstractTestFieldClass.class
[INFO] Deleting file /tmp/dspot-experiments/dataset/april-2019/xwiki-commons/xwiki-commons-core/xwiki-commons-component/xwiki-commons-component-api/target/test-classes/org/xwiki/component/util/ReflectionUtilsTest$TestClass3.class
[INFO] Deleting file /tmp/dspot-experiments/dataset/april-2019/xwiki-commons/xwiki-commons-core/xwiki-commons-component/xwiki-commons-component-api/target/test-classes/org/xwiki/component/util/ReflectionUtilsTest$TestInterface.class
[INFO] Deleting directory /tmp/dspot-experiments/dataset/april-2019/xwiki-commons/xwiki-commons-core/xwiki-commons-component/xwiki-commons-component-api/target/test-classes/org/xwiki/component/util
[INFO] Deleting directory /tmp/dspot-experiments/dataset/april-2019/xwiki-commons/xwiki-commons-core/xwiki-commons-component/xwiki-commons-component-api/target/test-classes/org/xwiki/component
[INFO] Deleting directory /tmp/dspot-experiments/dataset/april-2019/xwiki-commons/xwiki-commons-core/xwiki-commons-component/xwiki-commons-component-api/target/test-classes/org/xwiki
[INFO] Deleting directory /tmp/dspot-experiments/dataset/april-2019/xwiki-commons/xwiki-commons-core/xwiki-commons-component/xwiki-commons-component-api/target/test-classes/org
[INFO] Deleting directory /tmp/dspot-experiments/dataset/april-2019/xwiki-commons/xwiki-commons-core/xwiki-commons-component/xwiki-commons-component-api/target/test-classes
[INFO] Deleting file /tmp/dspot-experiments/dataset/april-2019/xwiki-commons/xwiki-commons-core/xwiki-commons-component/xwiki-commons-component-api/target/checkstyle-checker.xml
[INFO] Deleting directory /tmp/dspot-experiments/dataset/april-2019/xwiki-commons/xwiki-commons-core/xwiki-commons-component/xwiki-commons-component-api/target/generated-sources/annotations
[INFO] Deleting file /tmp/dspot-experiments/dataset/april-2019/xwiki-commons/xwiki-commons-core/xwiki-commons-component/xwiki-commons-component-api/target/generated-sources/spoon/org/xwiki/component/annotation/InstantiationStrategy.java
[INFO] Deleting file /tmp/dspot-experiments/dataset/april-2019/xwiki-commons/xwiki-commons-core/xwiki-commons-component/xwiki-commons-component-api/target/generated-sources/spoon/org/xwiki/component/annotation/ComponentRole.java
[INFO] Deleting file /tmp/dspot-experiments/dataset/april-2019/xwiki-commons/xwiki-commons-core/xwiki-commons-component/xwiki-commons-component-api/target/generated-sources/spoon/org/xwiki/component/annotation/DisposePriority.java
[INFO] Deleting file /tmp/dspot-experiments/dataset/april-2019/xwiki-commons/xwiki-commons-core/xwiki-commons-component/xwiki-commons-component-api/target/generated-sources/spoon/org/xwiki/component/annotation/Component.java
[INFO] Deleting file /tmp/dspot-experiments/dataset/april-2019/xwiki-commons/xwiki-commons-core/xwiki-commons-component/xwiki-commons-component-api/target/generated-sources/spoon/org/xwiki/component/annotation/Role.java
[INFO] Deleting directory /tmp/dspot-experiments/dataset/april-2019/xwiki-commons/xwiki-commons-core/xwiki-commons-component/xwiki-commons-component-api/target/generated-sources/spoon/org/xwiki/component/annotation
[INFO] Deleting file /tmp/dspot-experiments/dataset/april-2019/xwiki-commons/xwiki-commons-core/xwiki-commons-component/xwiki-commons-component-api/target/generated-sources/spoon/org/xwiki/component/manager/ComponentManagerInitializer.java
[INFO] Deleting file /tmp/dspot-experiments/dataset/april-2019/xwiki-commons/xwiki-commons-core/xwiki-commons-component/xwiki-commons-component-api/target/generated-sources/spoon/org/xwiki/component/manager/ProviderLookupException.java
[INFO] Deleting file /tmp/dspot-experiments/dataset/april-2019/xwiki-commons/xwiki-commons-core/xwiki-commons-component/xwiki-commons-component-api/target/generated-sources/spoon/org/xwiki/component/manager/ComponentEventManager.java
[INFO] Deleting file /tmp/dspot-experiments/dataset/april-2019/xwiki-commons/xwiki-commons-core/xwiki-commons-component/xwiki-commons-component-api/target/generated-sources/spoon/org/xwiki/component/manager/NamespacedComponentManager.java
[INFO] Deleting file /tmp/dspot-experiments/dataset/april-2019/xwiki-commons/xwiki-commons-core/xwiki-commons-component/xwiki-commons-component-api/target/generated-sources/spoon/org/xwiki/component/manager/ComponentLifecycleException.java
[INFO] Deleting file /tmp/dspot-experiments/dataset/april-2019/xwiki-commons/xwiki-commons-core/xwiki-commons-component/xwiki-commons-component-api/target/generated-sources/spoon/org/xwiki/component/manager/ComponentManager.java
[INFO] Deleting file /tmp/dspot-experiments/dataset/april-2019/xwiki-commons/xwiki-commons-core/xwiki-commons-component/xwiki-commons-component-api/target/generated-sources/spoon/org/xwiki/component/manager/ComponentLookupException.java
[INFO] Deleting file /tmp/dspot-experiments/dataset/april-2019/xwiki-commons/xwiki-commons-core/xwiki-commons-component/xwiki-commons-component-api/target/generated-sources/spoon/org/xwiki/component/manager/ComponentRepositoryException.java
[INFO] Deleting directory /tmp/dspot-experiments/dataset/april-2019/xwiki-commons/xwiki-commons-core/xwiki-commons-component/xwiki-commons-component-api/target/generated-sources/spoon/org/xwiki/component/manager
[INFO] Deleting file /tmp/dspot-experiments/dataset/april-2019/xwiki-commons/xwiki-commons-core/xwiki-commons-component/xwiki-commons-component-api/target/generated-sources/spoon/org/xwiki/component/internal/namespace/DefaultNamespaceValidator.java
[INFO] Deleting directory /tmp/dspot-experiments/dataset/april-2019/xwiki-commons/xwiki-commons-core/xwiki-commons-component/xwiki-commons-component-api/target/generated-sources/spoon/org/xwiki/component/internal/namespace
[INFO] Deleting file /tmp/dspot-experiments/dataset/april-2019/xwiki-commons/xwiki-commons-core/xwiki-commons-component/xwiki-commons-component-api/target/generated-sources/spoon/org/xwiki/component/internal/multi/DefaultComponentManagerManager.java
[INFO] Deleting file /tmp/dspot-experiments/dataset/april-2019/xwiki-commons/xwiki-commons-core/xwiki-commons-component/xwiki-commons-component-api/target/generated-sources/spoon/org/xwiki/component/internal/multi/AbstractGenericComponentManager.java
[INFO] Deleting file /tmp/dspot-experiments/dataset/april-2019/xwiki-commons/xwiki-commons-core/xwiki-commons-component/xwiki-commons-component-api/target/generated-sources/spoon/org/xwiki/component/internal/multi/ComponentManagerFactory.java
[INFO] Deleting file /tmp/dspot-experiments/dataset/april-2019/xwiki-commons/xwiki-commons-core/xwiki-commons-component/xwiki-commons-component-api/target/generated-sources/spoon/org/xwiki/component/internal/multi/DelegateComponentManager.java
[INFO] Deleting file /tmp/dspot-experiments/dataset/april-2019/xwiki-commons/xwiki-commons-core/xwiki-commons-component/xwiki-commons-component-api/target/generated-sources/spoon/org/xwiki/component/internal/multi/ComponentManagerManager.java
[INFO] Deleting directory /tmp/dspot-experiments/dataset/april-2019/xwiki-commons/xwiki-commons-core/xwiki-commons-component/xwiki-commons-component-api/target/generated-sources/spoon/org/xwiki/component/internal/multi
[INFO] Deleting directory /tmp/dspot-experiments/dataset/april-2019/xwiki-commons/xwiki-commons-core/xwiki-commons-component/xwiki-commons-component-api/target/generated-sources/spoon/org/xwiki/component/internal
[INFO] Deleting file /tmp/dspot-experiments/dataset/april-2019/xwiki-commons/xwiki-commons-core/xwiki-commons-component/xwiki-commons-component-api/target/generated-sources/spoon/org/xwiki/component/namespace/NamespaceUtils.java
[INFO] Deleting file /tmp/dspot-experiments/dataset/april-2019/xwiki-commons/xwiki-commons-core/xwiki-commons-component/xwiki-commons-component-api/target/generated-sources/spoon/org/xwiki/component/namespace/NamespaceValidator.java
[INFO] Deleting file /tmp/dspot-experiments/dataset/april-2019/xwiki-commons/xwiki-commons-core/xwiki-commons-component/xwiki-commons-component-api/target/generated-sources/spoon/org/xwiki/component/namespace/NamespaceNotAllowedException.java
[INFO] Deleting file /tmp/dspot-experiments/dataset/april-2019/xwiki-commons/xwiki-commons-core/xwiki-commons-component/xwiki-commons-component-api/target/generated-sources/spoon/org/xwiki/component/namespace/Namespace.java
[INFO] Deleting directory /tmp/dspot-experiments/dataset/april-2019/xwiki-commons/xwiki-commons-core/xwiki-commons-component/xwiki-commons-component-api/target/generated-sources/spoon/org/xwiki/component/namespace
[INFO] Deleting file /tmp/dspot-experiments/dataset/april-2019/xwiki-commons/xwiki-commons-core/xwiki-commons-component/xwiki-commons-component-api/target/generated-sources/spoon/org/xwiki/component/phase/InitializationException.java
[INFO] Deleting file /tmp/dspot-experiments/dataset/april-2019/xwiki-commons/xwiki-commons-core/xwiki-commons-component/xwiki-commons-component-api/target/generated-sources/spoon/org/xwiki/component/phase/Disposable.java
[INFO] Deleting file /tmp/dspot-experiments/dataset/april-2019/xwiki-commons/xwiki-commons-core/xwiki-commons-component/xwiki-commons-component-api/target/generated-sources/spoon/org/xwiki/component/phase/Initializable.java
[INFO] Deleting directory /tmp/dspot-experiments/dataset/april-2019/xwiki-commons/xwiki-commons-core/xwiki-commons-component/xwiki-commons-component-api/target/generated-sources/spoon/org/xwiki/component/phase
[INFO] Deleting file /tmp/dspot-experiments/dataset/april-2019/xwiki-commons/xwiki-commons-core/xwiki-commons-component/xwiki-commons-component-api/target/generated-sources/spoon/org/xwiki/component/descriptor/DefaultComponentRole.java
[INFO] Deleting file /tmp/dspot-experiments/dataset/april-2019/xwiki-commons/xwiki-commons-core/xwiki-commons-component/xwiki-commons-component-api/target/generated-sources/spoon/org/xwiki/component/descriptor/DefaultComponentDependency.java
[INFO] Deleting file /tmp/dspot-experiments/dataset/april-2019/xwiki-commons/xwiki-commons-core/xwiki-commons-component/xwiki-commons-component-api/target/generated-sources/spoon/org/xwiki/component/descriptor/ComponentRole.java
[INFO] Deleting file /tmp/dspot-experiments/dataset/april-2019/xwiki-commons/xwiki-commons-core/xwiki-commons-component/xwiki-commons-component-api/target/generated-sources/spoon/org/xwiki/component/descriptor/ComponentDescriptor.java
[INFO] Deleting file /tmp/dspot-experiments/dataset/april-2019/xwiki-commons/xwiki-commons-core/xwiki-commons-component/xwiki-commons-component-api/target/generated-sources/spoon/org/xwiki/component/descriptor/ComponentDependency.java
[INFO] Deleting file /tmp/dspot-experiments/dataset/april-2019/xwiki-commons/xwiki-commons-core/xwiki-commons-component/xwiki-commons-component-api/target/generated-sources/spoon/org/xwiki/component/descriptor/ComponentInstantiationStrategy.java
[INFO] Deleting file /tmp/dspot-experiments/dataset/april-2019/xwiki-commons/xwiki-commons-core/xwiki-commons-component/xwiki-commons-component-api/target/generated-sources/spoon/org/xwiki/component/descriptor/DefaultComponentDescriptor.java
[INFO] Deleting directory /tmp/dspot-experiments/dataset/april-2019/xwiki-commons/xwiki-commons-core/xwiki-commons-component/xwiki-commons-component-api/target/generated-sources/spoon/org/xwiki/component/descriptor
[INFO] Deleting file /tmp/dspot-experiments/dataset/april-2019/xwiki-commons/xwiki-commons-core/xwiki-commons-component/xwiki-commons-component-api/target/generated-sources/spoon/org/xwiki/component/util/ObjectUtils.java
[INFO] Deleting file /tmp/dspot-experiments/dataset/april-2019/xwiki-commons/xwiki-commons-core/xwiki-commons-component/xwiki-commons-component-api/target/generated-sources/spoon/org/xwiki/component/util/DefaultParameterizedType.java
[INFO] Deleting file /tmp/dspot-experiments/dataset/april-2019/xwiki-commons/xwiki-commons-core/xwiki-commons-component/xwiki-commons-component-api/target/generated-sources/spoon/org/xwiki/component/util/ReflectionUtils.java
[INFO] Deleting file /tmp/dspot-experiments/dataset/april-2019/xwiki-commons/xwiki-commons-core/xwiki-commons-component/xwiki-commons-component-api/target/generated-sources/spoon/org/xwiki/component/util/ReflectionMethodUtils.java
[INFO] Deleting directory /tmp/dspot-experiments/dataset/april-2019/xwiki-commons/xwiki-commons-core/xwiki-commons-component/xwiki-commons-component-api/target/generated-sources/spoon/org/xwiki/component/util
[INFO] Deleting directory /tmp/dspot-experiments/dataset/april-2019/xwiki-commons/xwiki-commons-core/xwiki-commons-component/xwiki-commons-component-api/target/generated-sources/spoon/org/xwiki/component
[INFO] Deleting directory /tmp/dspot-experiments/dataset/april-2019/xwiki-commons/xwiki-commons-core/xwiki-commons-component/xwiki-commons-component-api/target/generated-sources/spoon/org/xwiki
[INFO] Deleting directory /tmp/dspot-experiments/dataset/april-2019/xwiki-commons/xwiki-commons-core/xwiki-commons-component/xwiki-commons-component-api/target/generated-sources/spoon/org
[INFO] Deleting directory /tmp/dspot-experiments/dataset/april-2019/xwiki-commons/xwiki-commons-core/xwiki-commons-component/xwiki-commons-component-api/target/generated-sources/spoon
[INFO] Deleting directory /tmp/dspot-experiments/dataset/april-2019/xwiki-commons/xwiki-commons-core/xwiki-commons-component/xwiki-commons-component-api/target/generated-sources
[INFO] Deleting file /tmp/dspot-experiments/dataset/april-2019/xwiki-commons/xwiki-commons-core/xwiki-commons-component/xwiki-commons-component-api/target/xwiki-commons-component-api-9.12-SNAPSHOT.jar
[INFO] Deleting file /tmp/dspot-experiments/dataset/april-2019/xwiki-commons/xwiki-commons-core/xwiki-commons-component/xwiki-commons-component-api/target/classes/META-INF/components.txt
[INFO] Deleting file /tmp/dspot-experiments/dataset/april-2019/xwiki-commons/xwiki-commons-core/xwiki-commons-component/xwiki-commons-component-api/target/classes/META-INF/MANIFEST.MF
[INFO] Deleting file /tmp/dspot-experiments/dataset/april-2019/xwiki-commons/xwiki-commons-core/xwiki-commons-component/xwiki-commons-component-api/target/classes/META-INF/NOTICE
[INFO] Deleting file /tmp/dspot-experiments/dataset/april-2019/xwiki-commons/xwiki-commons-core/xwiki-commons-component/xwiki-commons-component-api/target/classes/META-INF/LICENSE
[INFO] Deleting directory /tmp/dspot-experiments/dataset/april-2019/xwiki-commons/xwiki-commons-core/xwiki-commons-component/xwiki-commons-component-api/target/classes/META-INF
[INFO] Deleting file /tmp/dspot-experiments/dataset/april-2019/xwiki-commons/xwiki-commons-core/xwiki-commons-component/xwiki-commons-component-api/target/classes/org/xwiki/component/annotation/DisposePriority.class
[INFO] Deleting file /tmp/dspot-experiments/dataset/april-2019/xwiki-commons/xwiki-commons-core/xwiki-commons-component/xwiki-commons-component-api/target/classes/org/xwiki/component/annotation/Component.class
[INFO] Deleting file /tmp/dspot-experiments/dataset/april-2019/xwiki-commons/xwiki-commons-core/xwiki-commons-component/xwiki-commons-component-api/target/classes/org/xwiki/component/annotation/Role.class
[INFO] Deleting file /tmp/dspot-experiments/dataset/april-2019/xwiki-commons/xwiki-commons-core/xwiki-commons-component/xwiki-commons-component-api/target/classes/org/xwiki/component/annotation/InstantiationStrategy.class
[INFO] Deleting file /tmp/dspot-experiments/dataset/april-2019/xwiki-commons/xwiki-commons-core/xwiki-commons-component/xwiki-commons-component-api/target/classes/org/xwiki/component/annotation/ComponentRole.class
[INFO] Deleting directory /tmp/dspot-experiments/dataset/april-2019/xwiki-commons/xwiki-commons-core/xwiki-commons-component/xwiki-commons-component-api/target/classes/org/xwiki/component/annotation
[INFO] Deleting file /tmp/dspot-experiments/dataset/april-2019/xwiki-commons/xwiki-commons-core/xwiki-commons-component/xwiki-commons-component-api/target/classes/org/xwiki/component/manager/ComponentEventManager.class
[INFO] Deleting file /tmp/dspot-experiments/dataset/april-2019/xwiki-commons/xwiki-commons-core/xwiki-commons-component/xwiki-commons-component-api/target/classes/org/xwiki/component/manager/ComponentLifecycleException.class
[INFO] Deleting file /tmp/dspot-experiments/dataset/april-2019/xwiki-commons/xwiki-commons-core/xwiki-commons-component/xwiki-commons-component-api/target/classes/org/xwiki/component/manager/ComponentRepositoryException.class
[INFO] Deleting file /tmp/dspot-experiments/dataset/april-2019/xwiki-commons/xwiki-commons-core/xwiki-commons-component/xwiki-commons-component-api/target/classes/org/xwiki/component/manager/ComponentManagerInitializer.class
[INFO] Deleting file /tmp/dspot-experiments/dataset/april-2019/xwiki-commons/xwiki-commons-core/xwiki-commons-component/xwiki-commons-component-api/target/classes/org/xwiki/component/manager/ComponentManager.class
[INFO] Deleting file /tmp/dspot-experiments/dataset/april-2019/xwiki-commons/xwiki-commons-core/xwiki-commons-component/xwiki-commons-component-api/target/classes/org/xwiki/component/manager/ComponentLookupException.class
[INFO] Deleting file /tmp/dspot-experiments/dataset/april-2019/xwiki-commons/xwiki-commons-core/xwiki-commons-component/xwiki-commons-component-api/target/classes/org/xwiki/component/manager/NamespacedComponentManager.class
[INFO] Deleting file /tmp/dspot-experiments/dataset/april-2019/xwiki-commons/xwiki-commons-core/xwiki-commons-component/xwiki-commons-component-api/target/classes/org/xwiki/component/manager/ProviderLookupException.class
[INFO] Deleting directory /tmp/dspot-experiments/dataset/april-2019/xwiki-commons/xwiki-commons-core/xwiki-commons-component/xwiki-commons-component-api/target/classes/org/xwiki/component/manager
[INFO] Deleting file /tmp/dspot-experiments/dataset/april-2019/xwiki-commons/xwiki-commons-core/xwiki-commons-component/xwiki-commons-component-api/target/classes/org/xwiki/component/internal/namespace/DefaultNamespaceValidator.class
[INFO] Deleting directory /tmp/dspot-experiments/dataset/april-2019/xwiki-commons/xwiki-commons-core/xwiki-commons-component/xwiki-commons-component-api/target/classes/org/xwiki/component/internal/namespace
[INFO] Deleting file /tmp/dspot-experiments/dataset/april-2019/xwiki-commons/xwiki-commons-core/xwiki-commons-component/xwiki-commons-component-api/target/classes/org/xwiki/component/internal/multi/DelegateComponentManager.class
[INFO] Deleting file /tmp/dspot-experiments/dataset/april-2019/xwiki-commons/xwiki-commons-core/xwiki-commons-component/xwiki-commons-component-api/target/classes/org/xwiki/component/internal/multi/ComponentManagerFactory.class
[INFO] Deleting file /tmp/dspot-experiments/dataset/april-2019/xwiki-commons/xwiki-commons-core/xwiki-commons-component/xwiki-commons-component-api/target/classes/org/xwiki/component/internal/multi/DefaultComponentManagerManager.class
[INFO] Deleting file /tmp/dspot-experiments/dataset/april-2019/xwiki-commons/xwiki-commons-core/xwiki-commons-component/xwiki-commons-component-api/target/classes/org/xwiki/component/internal/multi/AbstractGenericComponentManager.class
[INFO] Deleting file /tmp/dspot-experiments/dataset/april-2019/xwiki-commons/xwiki-commons-core/xwiki-commons-component/xwiki-commons-component-api/target/classes/org/xwiki/component/internal/multi/ComponentManagerManager.class
[INFO] Deleting directory /tmp/dspot-experiments/dataset/april-2019/xwiki-commons/xwiki-commons-core/xwiki-commons-component/xwiki-commons-component-api/target/classes/org/xwiki/component/internal/multi
[INFO] Deleting directory /tmp/dspot-experiments/dataset/april-2019/xwiki-commons/xwiki-commons-core/xwiki-commons-component/xwiki-commons-component-api/target/classes/org/xwiki/component/internal
[INFO] Deleting file /tmp/dspot-experiments/dataset/april-2019/xwiki-commons/xwiki-commons-core/xwiki-commons-component/xwiki-commons-component-api/target/classes/org/xwiki/component/namespace/Namespace.class
[INFO] Deleting file /tmp/dspot-experiments/dataset/april-2019/xwiki-commons/xwiki-commons-core/xwiki-commons-component/xwiki-commons-component-api/target/classes/org/xwiki/component/namespace/NamespaceValidator.class
[INFO] Deleting file /tmp/dspot-experiments/dataset/april-2019/xwiki-commons/xwiki-commons-core/xwiki-commons-component/xwiki-commons-component-api/target/classes/org/xwiki/component/namespace/NamespaceNotAllowedException.class
[INFO] Deleting file /tmp/dspot-experiments/dataset/april-2019/xwiki-commons/xwiki-commons-core/xwiki-commons-component/xwiki-commons-component-api/target/classes/org/xwiki/component/namespace/NamespaceUtils.class
[INFO] Deleting directory /tmp/dspot-experiments/dataset/april-2019/xwiki-commons/xwiki-commons-core/xwiki-commons-component/xwiki-commons-component-api/target/classes/org/xwiki/component/namespace
[INFO] Deleting file /tmp/dspot-experiments/dataset/april-2019/xwiki-commons/xwiki-commons-core/xwiki-commons-component/xwiki-commons-component-api/target/classes/org/xwiki/component/phase/InitializationException.class
[INFO] Deleting file /tmp/dspot-experiments/dataset/april-2019/xwiki-commons/xwiki-commons-core/xwiki-commons-component/xwiki-commons-component-api/target/classes/org/xwiki/component/phase/Disposable.class
[INFO] Deleting file /tmp/dspot-experiments/dataset/april-2019/xwiki-commons/xwiki-commons-core/xwiki-commons-component/xwiki-commons-component-api/target/classes/org/xwiki/component/phase/Initializable.class
[INFO] Deleting directory /tmp/dspot-experiments/dataset/april-2019/xwiki-commons/xwiki-commons-core/xwiki-commons-component/xwiki-commons-component-api/target/classes/org/xwiki/component/phase
[INFO] Deleting file /tmp/dspot-experiments/dataset/april-2019/xwiki-commons/xwiki-commons-core/xwiki-commons-component/xwiki-commons-component-api/target/classes/org/xwiki/component/descriptor/ComponentInstantiationStrategy.class
[INFO] Deleting file /tmp/dspot-experiments/dataset/april-2019/xwiki-commons/xwiki-commons-core/xwiki-commons-component/xwiki-commons-component-api/target/classes/org/xwiki/component/descriptor/DefaultComponentDescriptor.class
[INFO] Deleting file /tmp/dspot-experiments/dataset/april-2019/xwiki-commons/xwiki-commons-core/xwiki-commons-component/xwiki-commons-component-api/target/classes/org/xwiki/component/descriptor/DefaultComponentRole.class
[INFO] Deleting file /tmp/dspot-experiments/dataset/april-2019/xwiki-commons/xwiki-commons-core/xwiki-commons-component/xwiki-commons-component-api/target/classes/org/xwiki/component/descriptor/ComponentDescriptor.class
[INFO] Deleting file /tmp/dspot-experiments/dataset/april-2019/xwiki-commons/xwiki-commons-core/xwiki-commons-component/xwiki-commons-component-api/target/classes/org/xwiki/component/descriptor/ComponentDependency.class
[INFO] Deleting file /tmp/dspot-experiments/dataset/april-2019/xwiki-commons/xwiki-commons-core/xwiki-commons-component/xwiki-commons-component-api/target/classes/org/xwiki/component/descriptor/ComponentRole.class
[INFO] Deleting file /tmp/dspot-experiments/dataset/april-2019/xwiki-commons/xwiki-commons-core/xwiki-commons-component/xwiki-commons-component-api/target/classes/org/xwiki/component/descriptor/DefaultComponentDependency.class
[INFO] Deleting directory /tmp/dspot-experiments/dataset/april-2019/xwiki-commons/xwiki-commons-core/xwiki-commons-component/xwiki-commons-component-api/target/classes/org/xwiki/component/descriptor
[INFO] Deleting file /tmp/dspot-experiments/dataset/april-2019/xwiki-commons/xwiki-commons-core/xwiki-commons-component/xwiki-commons-component-api/target/classes/org/xwiki/component/util/DefaultParameterizedType.class
[INFO] Deleting file /tmp/dspot-experiments/dataset/april-2019/xwiki-commons/xwiki-commons-core/xwiki-commons-component/xwiki-commons-component-api/target/classes/org/xwiki/component/util/ObjectUtils.class
[INFO] Deleting file /tmp/dspot-experiments/dataset/april-2019/xwiki-commons/xwiki-commons-core/xwiki-commons-component/xwiki-commons-component-api/target/classes/org/xwiki/component/util/ReflectionMethodUtils.class
[INFO] Deleting file /tmp/dspot-experiments/dataset/april-2019/xwiki-commons/xwiki-commons-core/xwiki-commons-component/xwiki-commons-component-api/target/classes/org/xwiki/component/util/ReflectionUtils.class
[INFO] Deleting directory /tmp/dspot-experiments/dataset/april-2019/xwiki-commons/xwiki-commons-core/xwiki-commons-component/xwiki-commons-component-api/target/classes/org/xwiki/component/util
[INFO] Deleting directory /tmp/dspot-experiments/dataset/april-2019/xwiki-commons/xwiki-commons-core/xwiki-commons-component/xwiki-commons-component-api/target/classes/org/xwiki/component
[INFO] Deleting directory /tmp/dspot-experiments/dataset/april-2019/xwiki-commons/xwiki-commons-core/xwiki-commons-component/xwiki-commons-component-api/target/classes/org/xwiki
[INFO] Deleting directory /tmp/dspot-experiments/dataset/april-2019/xwiki-commons/xwiki-commons-core/xwiki-commons-component/xwiki-commons-component-api/target/classes/org
[INFO] Deleting directory /tmp/dspot-experiments/dataset/april-2019/xwiki-commons/xwiki-commons-core/xwiki-commons-component/xwiki-commons-component-api/target/classes
[INFO] Deleting file /tmp/dspot-experiments/dataset/april-2019/xwiki-commons/xwiki-commons-core/xwiki-commons-component/xwiki-commons-component-api/target/checkstyle-result.xml
[INFO] Deleting directory /tmp/dspot-experiments/dataset/april-2019/xwiki-commons/xwiki-commons-core/xwiki-commons-component/xwiki-commons-component-api/target
[DEBUG] Skipping non-existing directory /tmp/dspot-experiments/dataset/april-2019/xwiki-commons/xwiki-commons-core/xwiki-commons-component/xwiki-commons-component-api/target/classes
[DEBUG] Skipping non-existing directory /tmp/dspot-experiments/dataset/april-2019/xwiki-commons/xwiki-commons-core/xwiki-commons-component/xwiki-commons-component-api/target/test-classes
[DEBUG] Skipping non-existing directory /tmp/dspot-experiments/dataset/april-2019/xwiki-commons/xwiki-commons-core/xwiki-commons-component/xwiki-commons-component-api/target/classes
[INFO] 
[INFO] --- dspot-diff-test-selection:2.0.1-SNAPSHOT:list (default-cli) @ xwiki-commons-component-api ---
[DEBUG] Could not find metadata org.eclipse.platform:org.eclipse.core.resources/maven-metadata.xml in local (/home/spirals/danglot/.m2/repository)
[DEBUG] Skipped remote request for org.eclipse.platform:org.eclipse.core.resources/maven-metadata.xml, locally cached metadata up-to-date.
[DEBUG] Failure to find org.eclipse.platform:org.eclipse.core.resources/maven-metadata.xml in https://repo.gradle.org/gradle/libs-releases-local/ was cached in the local repository, resolution will not be reattempted until the update interval of gradle-repo has elapsed or updates are forced
[DEBUG] Failure to find org.eclipse.platform:org.eclipse.core.resources/maven-metadata.xml in https://oss.sonatype.org/content/repositories/snapshots was cached in the local repository, resolution will not be reattempted until the update interval of sonatype-nexus-snapshots has elapsed or updates are forced
[DEBUG] Failure to find org.eclipse.platform:org.eclipse.core.resources/maven-metadata.xml in http://maven.inria.fr/artifactory/spoon-public-snapshot/ was cached in the local repository, resolution will not be reattempted until the update interval of gforge.inria.fr-release has elapsed or updates are forced
[DEBUG] Failure to find org.eclipse.platform:org.eclipse.core.resources/maven-metadata.xml in http://maven.inria.fr/artifactory/spoon-public-snapshot was cached in the local repository, resolution will not be reattempted until the update interval of maven.inria.fr-snapshot has elapsed or updates are forced
[DEBUG] Could not find metadata org.eclipse.platform:org.eclipse.core.expressions/maven-metadata.xml in local (/home/spirals/danglot/.m2/repository)
[DEBUG] Skipped remote request for org.eclipse.platform:org.eclipse.core.expressions/maven-metadata.xml, locally cached metadata up-to-date.
[DEBUG] Failure to find org.eclipse.platform:org.eclipse.core.expressions/maven-metadata.xml in https://repo.gradle.org/gradle/libs-releases-local/ was cached in the local repository, resolution will not be reattempted until the update interval of gradle-repo has elapsed or updates are forced
[DEBUG] Failure to find org.eclipse.platform:org.eclipse.core.expressions/maven-metadata.xml in https://oss.sonatype.org/content/repositories/snapshots was cached in the local repository, resolution will not be reattempted until the update interval of sonatype-nexus-snapshots has elapsed or updates are forced
[DEBUG] Failure to find org.eclipse.platform:org.eclipse.core.expressions/maven-metadata.xml in http://maven.inria.fr/artifactory/spoon-public-snapshot/ was cached in the local repository, resolution will not be reattempted until the update interval of gforge.inria.fr-release has elapsed or updates are forced
[DEBUG] Failure to find org.eclipse.platform:org.eclipse.core.expressions/maven-metadata.xml in http://maven.inria.fr/artifactory/spoon-public-snapshot was cached in the local repository, resolution will not be reattempted until the update interval of maven.inria.fr-snapshot has elapsed or updates are forced
[DEBUG] Could not find metadata org.eclipse.platform:org.eclipse.core.runtime/maven-metadata.xml in local (/home/spirals/danglot/.m2/repository)
[DEBUG] Skipped remote request for org.eclipse.platform:org.eclipse.core.runtime/maven-metadata.xml, locally cached metadata up-to-date.
[DEBUG] Failure to find org.eclipse.platform:org.eclipse.core.runtime/maven-metadata.xml in https://repo.gradle.org/gradle/libs-releases-local/ was cached in the local repository, resolution will not be reattempted until the update interval of gradle-repo has elapsed or updates are forced
[DEBUG] Failure to find org.eclipse.platform:org.eclipse.core.runtime/maven-metadata.xml in https://oss.sonatype.org/content/repositories/snapshots was cached in the local repository, resolution will not be reattempted until the update interval of sonatype-nexus-snapshots has elapsed or updates are forced
[DEBUG] Failure to find org.eclipse.platform:org.eclipse.core.runtime/maven-metadata.xml in http://maven.inria.fr/artifactory/spoon-public-snapshot/ was cached in the local repository, resolution will not be reattempted until the update interval of gforge.inria.fr-release has elapsed or updates are forced
[DEBUG] Failure to find org.eclipse.platform:org.eclipse.core.runtime/maven-metadata.xml in http://maven.inria.fr/artifactory/spoon-public-snapshot was cached in the local repository, resolution will not be reattempted until the update interval of maven.inria.fr-snapshot has elapsed or updates are forced
[DEBUG] Could not find metadata org.eclipse.platform:org.eclipse.osgi/maven-metadata.xml in local (/home/spirals/danglot/.m2/repository)
[DEBUG] Skipped remote request for org.eclipse.platform:org.eclipse.osgi/maven-metadata.xml, locally cached metadata up-to-date.
[DEBUG] Failure to find org.eclipse.platform:org.eclipse.osgi/maven-metadata.xml in https://repo.gradle.org/gradle/libs-releases-local/ was cached in the local repository, resolution will not be reattempted until the update interval of gradle-repo has elapsed or updates are forced
[DEBUG] Failure to find org.eclipse.platform:org.eclipse.osgi/maven-metadata.xml in https://oss.sonatype.org/content/repositories/snapshots was cached in the local repository, resolution will not be reattempted until the update interval of sonatype-nexus-snapshots has elapsed or updates are forced
[DEBUG] Failure to find org.eclipse.platform:org.eclipse.osgi/maven-metadata.xml in http://maven.inria.fr/artifactory/spoon-public-snapshot/ was cached in the local repository, resolution will not be reattempted until the update interval of gforge.inria.fr-release has elapsed or updates are forced
[DEBUG] Failure to find org.eclipse.platform:org.eclipse.osgi/maven-metadata.xml in http://maven.inria.fr/artifactory/spoon-public-snapshot was cached in the local repository, resolution will not be reattempted until the update interval of maven.inria.fr-snapshot has elapsed or updates are forced
[DEBUG] Could not find metadata org.eclipse.platform:org.eclipse.equinox.common/maven-metadata.xml in local (/home/spirals/danglot/.m2/repository)
[DEBUG] Skipped remote request for org.eclipse.platform:org.eclipse.equinox.common/maven-metadata.xml, locally cached metadata up-to-date.
[DEBUG] Failure to find org.eclipse.platform:org.eclipse.equinox.common/maven-metadata.xml in https://repo.gradle.org/gradle/libs-releases-local/ was cached in the local repository, resolution will not be reattempted until the update interval of gradle-repo has elapsed or updates are forced
[DEBUG] Failure to find org.eclipse.platform:org.eclipse.equinox.common/maven-metadata.xml in https://oss.sonatype.org/content/repositories/snapshots was cached in the local repository, resolution will not be reattempted until the update interval of sonatype-nexus-snapshots has elapsed or updates are forced
[DEBUG] Failure to find org.eclipse.platform:org.eclipse.equinox.common/maven-metadata.xml in http://maven.inria.fr/artifactory/spoon-public-snapshot/ was cached in the local repository, resolution will not be reattempted until the update interval of gforge.inria.fr-release has elapsed or updates are forced
[DEBUG] Failure to find org.eclipse.platform:org.eclipse.equinox.common/maven-metadata.xml in http://maven.inria.fr/artifactory/spoon-public-snapshot was cached in the local repository, resolution will not be reattempted until the update interval of maven.inria.fr-snapshot has elapsed or updates are forced
[DEBUG] Could not find metadata org.eclipse.platform:org.eclipse.core.jobs/maven-metadata.xml in local (/home/spirals/danglot/.m2/repository)
[DEBUG] Skipped remote request for org.eclipse.platform:org.eclipse.core.jobs/maven-metadata.xml, locally cached metadata up-to-date.
[DEBUG] Failure to find org.eclipse.platform:org.eclipse.core.jobs/maven-metadata.xml in https://repo.gradle.org/gradle/libs-releases-local/ was cached in the local repository, resolution will not be reattempted until the update interval of gradle-repo has elapsed or updates are forced
[DEBUG] Failure to find org.eclipse.platform:org.eclipse.core.jobs/maven-metadata.xml in https://oss.sonatype.org/content/repositories/snapshots was cached in the local repository, resolution will not be reattempted until the update interval of sonatype-nexus-snapshots has elapsed or updates are forced
[DEBUG] Failure to find org.eclipse.platform:org.eclipse.core.jobs/maven-metadata.xml in http://maven.inria.fr/artifactory/spoon-public-snapshot/ was cached in the local repository, resolution will not be reattempted until the update interval of gforge.inria.fr-release has elapsed or updates are forced
[DEBUG] Failure to find org.eclipse.platform:org.eclipse.core.jobs/maven-metadata.xml in http://maven.inria.fr/artifactory/spoon-public-snapshot was cached in the local repository, resolution will not be reattempted until the update interval of maven.inria.fr-snapshot has elapsed or updates are forced
[DEBUG] Could not find metadata org.eclipse.platform:org.eclipse.equinox.registry/maven-metadata.xml in local (/home/spirals/danglot/.m2/repository)
[DEBUG] Skipped remote request for org.eclipse.platform:org.eclipse.equinox.registry/maven-metadata.xml, locally cached metadata up-to-date.
[DEBUG] Failure to find org.eclipse.platform:org.eclipse.equinox.registry/maven-metadata.xml in https://repo.gradle.org/gradle/libs-releases-local/ was cached in the local repository, resolution will not be reattempted until the update interval of gradle-repo has elapsed or updates are forced
[DEBUG] Failure to find org.eclipse.platform:org.eclipse.equinox.registry/maven-metadata.xml in https://oss.sonatype.org/content/repositories/snapshots was cached in the local repository, resolution will not be reattempted until the update interval of sonatype-nexus-snapshots has elapsed or updates are forced
[DEBUG] Failure to find org.eclipse.platform:org.eclipse.equinox.registry/maven-metadata.xml in http://maven.inria.fr/artifactory/spoon-public-snapshot/ was cached in the local repository, resolution will not be reattempted until the update interval of gforge.inria.fr-release has elapsed or updates are forced
[DEBUG] Failure to find org.eclipse.platform:org.eclipse.equinox.registry/maven-metadata.xml in http://maven.inria.fr/artifactory/spoon-public-snapshot was cached in the local repository, resolution will not be reattempted until the update interval of maven.inria.fr-snapshot has elapsed or updates are forced
[DEBUG] Could not find metadata org.eclipse.platform:org.eclipse.equinox.common/maven-metadata.xml in local (/home/spirals/danglot/.m2/repository)
[DEBUG] Skipped remote request for org.eclipse.platform:org.eclipse.equinox.common/maven-metadata.xml, locally cached metadata up-to-date.
[DEBUG] Failure to find org.eclipse.platform:org.eclipse.equinox.common/maven-metadata.xml in https://repo.gradle.org/gradle/libs-releases-local/ was cached in the local repository, resolution will not be reattempted until the update interval of gradle-repo has elapsed or updates are forced
[DEBUG] Failure to find org.eclipse.platform:org.eclipse.equinox.common/maven-metadata.xml in https://oss.sonatype.org/content/repositories/snapshots was cached in the local repository, resolution will not be reattempted until the update interval of sonatype-nexus-snapshots has elapsed or updates are forced
[DEBUG] Failure to find org.eclipse.platform:org.eclipse.equinox.common/maven-metadata.xml in http://maven.inria.fr/artifactory/spoon-public-snapshot/ was cached in the local repository, resolution will not be reattempted until the update interval of gforge.inria.fr-release has elapsed or updates are forced
[DEBUG] Failure to find org.eclipse.platform:org.eclipse.equinox.common/maven-metadata.xml in http://maven.inria.fr/artifactory/spoon-public-snapshot was cached in the local repository, resolution will not be reattempted until the update interval of maven.inria.fr-snapshot has elapsed or updates are forced
[DEBUG] Could not find metadata org.eclipse.platform:org.eclipse.equinox.preferences/maven-metadata.xml in local (/home/spirals/danglot/.m2/repository)
[DEBUG] Skipped remote request for org.eclipse.platform:org.eclipse.equinox.preferences/maven-metadata.xml, locally cached metadata up-to-date.
[DEBUG] Failure to find org.eclipse.platform:org.eclipse.equinox.preferences/maven-metadata.xml in https://repo.gradle.org/gradle/libs-releases-local/ was cached in the local repository, resolution will not be reattempted until the update interval of gradle-repo has elapsed or updates are forced
[DEBUG] Failure to find org.eclipse.platform:org.eclipse.equinox.preferences/maven-metadata.xml in https://oss.sonatype.org/content/repositories/snapshots was cached in the local repository, resolution will not be reattempted until the update interval of sonatype-nexus-snapshots has elapsed or updates are forced
[DEBUG] Failure to find org.eclipse.platform:org.eclipse.equinox.preferences/maven-metadata.xml in http://maven.inria.fr/artifactory/spoon-public-snapshot/ was cached in the local repository, resolution will not be reattempted until the update interval of gforge.inria.fr-release has elapsed or updates are forced
[DEBUG] Failure to find org.eclipse.platform:org.eclipse.equinox.preferences/maven-metadata.xml in http://maven.inria.fr/artifactory/spoon-public-snapshot was cached in the local repository, resolution will not be reattempted until the update interval of maven.inria.fr-snapshot has elapsed or updates are forced
[DEBUG] Could not find metadata org.eclipse.platform:org.eclipse.equinox.common/maven-metadata.xml in local (/home/spirals/danglot/.m2/repository)
[DEBUG] Skipped remote request for org.eclipse.platform:org.eclipse.equinox.common/maven-metadata.xml, locally cached metadata up-to-date.
[DEBUG] Failure to find org.eclipse.platform:org.eclipse.equinox.common/maven-metadata.xml in https://repo.gradle.org/gradle/libs-releases-local/ was cached in the local repository, resolution will not be reattempted until the update interval of gradle-repo has elapsed or updates are forced
[DEBUG] Failure to find org.eclipse.platform:org.eclipse.equinox.common/maven-metadata.xml in https://oss.sonatype.org/content/repositories/snapshots was cached in the local repository, resolution will not be reattempted until the update interval of sonatype-nexus-snapshots has elapsed or updates are forced
[DEBUG] Failure to find org.eclipse.platform:org.eclipse.equinox.common/maven-metadata.xml in http://maven.inria.fr/artifactory/spoon-public-snapshot/ was cached in the local repository, resolution will not be reattempted until the update interval of gforge.inria.fr-release has elapsed or updates are forced
[DEBUG] Failure to find org.eclipse.platform:org.eclipse.equinox.common/maven-metadata.xml in http://maven.inria.fr/artifactory/spoon-public-snapshot was cached in the local repository, resolution will not be reattempted until the update interval of maven.inria.fr-snapshot has elapsed or updates are forced
[DEBUG] Could not find metadata org.eclipse.platform:org.eclipse.core.contenttype/maven-metadata.xml in local (/home/spirals/danglot/.m2/repository)
[DEBUG] Skipped remote request for org.eclipse.platform:org.eclipse.core.contenttype/maven-metadata.xml, locally cached metadata up-to-date.
[DEBUG] Failure to find org.eclipse.platform:org.eclipse.core.contenttype/maven-metadata.xml in https://repo.gradle.org/gradle/libs-releases-local/ was cached in the local repository, resolution will not be reattempted until the update interval of gradle-repo has elapsed or updates are forced
[DEBUG] Failure to find org.eclipse.platform:org.eclipse.core.contenttype/maven-metadata.xml in https://oss.sonatype.org/content/repositories/snapshots was cached in the local repository, resolution will not be reattempted until the update interval of sonatype-nexus-snapshots has elapsed or updates are forced
[DEBUG] Failure to find org.eclipse.platform:org.eclipse.core.contenttype/maven-metadata.xml in http://maven.inria.fr/artifactory/spoon-public-snapshot/ was cached in the local repository, resolution will not be reattempted until the update interval of gforge.inria.fr-release has elapsed or updates are forced
[DEBUG] Failure to find org.eclipse.platform:org.eclipse.core.contenttype/maven-metadata.xml in http://maven.inria.fr/artifactory/spoon-public-snapshot was cached in the local repository, resolution will not be reattempted until the update interval of maven.inria.fr-snapshot has elapsed or updates are forced
[DEBUG] Could not find metadata org.eclipse.platform:org.eclipse.equinox.preferences/maven-metadata.xml in local (/home/spirals/danglot/.m2/repository)
[DEBUG] Skipped remote request for org.eclipse.platform:org.eclipse.equinox.preferences/maven-metadata.xml, locally cached metadata up-to-date.
[DEBUG] Failure to find org.eclipse.platform:org.eclipse.equinox.preferences/maven-metadata.xml in https://repo.gradle.org/gradle/libs-releases-local/ was cached in the local repository, resolution will not be reattempted until the update interval of gradle-repo has elapsed or updates are forced
[DEBUG] Failure to find org.eclipse.platform:org.eclipse.equinox.preferences/maven-metadata.xml in https://oss.sonatype.org/content/repositories/snapshots was cached in the local repository, resolution will not be reattempted until the update interval of sonatype-nexus-snapshots has elapsed or updates are forced
[DEBUG] Failure to find org.eclipse.platform:org.eclipse.equinox.preferences/maven-metadata.xml in http://maven.inria.fr/artifactory/spoon-public-snapshot/ was cached in the local repository, resolution will not be reattempted until the update interval of gforge.inria.fr-release has elapsed or updates are forced
[DEBUG] Failure to find org.eclipse.platform:org.eclipse.equinox.preferences/maven-metadata.xml in http://maven.inria.fr/artifactory/spoon-public-snapshot was cached in the local repository, resolution will not be reattempted until the update interval of maven.inria.fr-snapshot has elapsed or updates are forced
[DEBUG] Could not find metadata org.eclipse.platform:org.eclipse.equinox.registry/maven-metadata.xml in local (/home/spirals/danglot/.m2/repository)
[DEBUG] Skipped remote request for org.eclipse.platform:org.eclipse.equinox.registry/maven-metadata.xml, locally cached metadata up-to-date.
[DEBUG] Failure to find org.eclipse.platform:org.eclipse.equinox.registry/maven-metadata.xml in https://repo.gradle.org/gradle/libs-releases-local/ was cached in the local repository, resolution will not be reattempted until the update interval of gradle-repo has elapsed or updates are forced
[DEBUG] Failure to find org.eclipse.platform:org.eclipse.equinox.registry/maven-metadata.xml in https://oss.sonatype.org/content/repositories/snapshots was cached in the local repository, resolution will not be reattempted until the update interval of sonatype-nexus-snapshots has elapsed or updates are forced
[DEBUG] Failure to find org.eclipse.platform:org.eclipse.equinox.registry/maven-metadata.xml in http://maven.inria.fr/artifactory/spoon-public-snapshot/ was cached in the local repository, resolution will not be reattempted until the update interval of gforge.inria.fr-release has elapsed or updates are forced
[DEBUG] Failure to find org.eclipse.platform:org.eclipse.equinox.registry/maven-metadata.xml in http://maven.inria.fr/artifactory/spoon-public-snapshot was cached in the local repository, resolution will not be reattempted until the update interval of maven.inria.fr-snapshot has elapsed or updates are forced
[DEBUG] Could not find metadata org.eclipse.platform:org.eclipse.equinox.app/maven-metadata.xml in local (/home/spirals/danglot/.m2/repository)
[DEBUG] Skipped remote request for org.eclipse.platform:org.eclipse.equinox.app/maven-metadata.xml, locally cached metadata up-to-date.
[DEBUG] Failure to find org.eclipse.platform:org.eclipse.equinox.app/maven-metadata.xml in https://repo.gradle.org/gradle/libs-releases-local/ was cached in the local repository, resolution will not be reattempted until the update interval of gradle-repo has elapsed or updates are forced
[DEBUG] Failure to find org.eclipse.platform:org.eclipse.equinox.app/maven-metadata.xml in https://oss.sonatype.org/content/repositories/snapshots was cached in the local repository, resolution will not be reattempted until the update interval of sonatype-nexus-snapshots has elapsed or updates are forced
[DEBUG] Failure to find org.eclipse.platform:org.eclipse.equinox.app/maven-metadata.xml in http://maven.inria.fr/artifactory/spoon-public-snapshot/ was cached in the local repository, resolution will not be reattempted until the update interval of gforge.inria.fr-release has elapsed or updates are forced
[DEBUG] Failure to find org.eclipse.platform:org.eclipse.equinox.app/maven-metadata.xml in http://maven.inria.fr/artifactory/spoon-public-snapshot was cached in the local repository, resolution will not be reattempted until the update interval of maven.inria.fr-snapshot has elapsed or updates are forced
[DEBUG] Could not find metadata org.eclipse.platform:org.eclipse.equinox.registry/maven-metadata.xml in local (/home/spirals/danglot/.m2/repository)
[DEBUG] Skipped remote request for org.eclipse.platform:org.eclipse.equinox.registry/maven-metadata.xml, locally cached metadata up-to-date.
[DEBUG] Failure to find org.eclipse.platform:org.eclipse.equinox.registry/maven-metadata.xml in https://repo.gradle.org/gradle/libs-releases-local/ was cached in the local repository, resolution will not be reattempted until the update interval of gradle-repo has elapsed or updates are forced
[DEBUG] Failure to find org.eclipse.platform:org.eclipse.equinox.registry/maven-metadata.xml in https://oss.sonatype.org/content/repositories/snapshots was cached in the local repository, resolution will not be reattempted until the update interval of sonatype-nexus-snapshots has elapsed or updates are forced
[DEBUG] Failure to find org.eclipse.platform:org.eclipse.equinox.registry/maven-metadata.xml in http://maven.inria.fr/artifactory/spoon-public-snapshot/ was cached in the local repository, resolution will not be reattempted until the update interval of gforge.inria.fr-release has elapsed or updates are forced
[DEBUG] Failure to find org.eclipse.platform:org.eclipse.equinox.registry/maven-metadata.xml in http://maven.inria.fr/artifactory/spoon-public-snapshot was cached in the local repository, resolution will not be reattempted until the update interval of maven.inria.fr-snapshot has elapsed or updates are forced
[DEBUG] Could not find metadata org.eclipse.platform:org.eclipse.osgi/maven-metadata.xml in local (/home/spirals/danglot/.m2/repository)
[DEBUG] Skipped remote request for org.eclipse.platform:org.eclipse.osgi/maven-metadata.xml, locally cached metadata up-to-date.
[DEBUG] Failure to find org.eclipse.platform:org.eclipse.osgi/maven-metadata.xml in https://repo.gradle.org/gradle/libs-releases-local/ was cached in the local repository, resolution will not be reattempted until the update interval of gradle-repo has elapsed or updates are forced
[DEBUG] Failure to find org.eclipse.platform:org.eclipse.osgi/maven-metadata.xml in https://oss.sonatype.org/content/repositories/snapshots was cached in the local repository, resolution will not be reattempted until the update interval of sonatype-nexus-snapshots has elapsed or updates are forced
[DEBUG] Failure to find org.eclipse.platform:org.eclipse.osgi/maven-metadata.xml in http://maven.inria.fr/artifactory/spoon-public-snapshot/ was cached in the local repository, resolution will not be reattempted until the update interval of gforge.inria.fr-release has elapsed or updates are forced
[DEBUG] Failure to find org.eclipse.platform:org.eclipse.osgi/maven-metadata.xml in http://maven.inria.fr/artifactory/spoon-public-snapshot was cached in the local repository, resolution will not be reattempted until the update interval of maven.inria.fr-snapshot has elapsed or updates are forced
[DEBUG] Could not find metadata org.eclipse.platform:org.eclipse.equinox.common/maven-metadata.xml in local (/home/spirals/danglot/.m2/repository)
[DEBUG] Skipped remote request for org.eclipse.platform:org.eclipse.equinox.common/maven-metadata.xml, locally cached metadata up-to-date.
[DEBUG] Failure to find org.eclipse.platform:org.eclipse.equinox.common/maven-metadata.xml in https://repo.gradle.org/gradle/libs-releases-local/ was cached in the local repository, resolution will not be reattempted until the update interval of gradle-repo has elapsed or updates are forced
[DEBUG] Failure to find org.eclipse.platform:org.eclipse.equinox.common/maven-metadata.xml in https://oss.sonatype.org/content/repositories/snapshots was cached in the local repository, resolution will not be reattempted until the update interval of sonatype-nexus-snapshots has elapsed or updates are forced
[DEBUG] Failure to find org.eclipse.platform:org.eclipse.equinox.common/maven-metadata.xml in http://maven.inria.fr/artifactory/spoon-public-snapshot/ was cached in the local repository, resolution will not be reattempted until the update interval of gforge.inria.fr-release has elapsed or updates are forced
[DEBUG] Failure to find org.eclipse.platform:org.eclipse.equinox.common/maven-metadata.xml in http://maven.inria.fr/artifactory/spoon-public-snapshot was cached in the local repository, resolution will not be reattempted until the update interval of maven.inria.fr-snapshot has elapsed or updates are forced
[DEBUG] Could not find metadata org.eclipse.platform:org.eclipse.core.jobs/maven-metadata.xml in local (/home/spirals/danglot/.m2/repository)
[DEBUG] Skipped remote request for org.eclipse.platform:org.eclipse.core.jobs/maven-metadata.xml, locally cached metadata up-to-date.
[DEBUG] Failure to find org.eclipse.platform:org.eclipse.core.jobs/maven-metadata.xml in https://repo.gradle.org/gradle/libs-releases-local/ was cached in the local repository, resolution will not be reattempted until the update interval of gradle-repo has elapsed or updates are forced
[DEBUG] Failure to find org.eclipse.platform:org.eclipse.core.jobs/maven-metadata.xml in https://oss.sonatype.org/content/repositories/snapshots was cached in the local repository, resolution will not be reattempted until the update interval of sonatype-nexus-snapshots has elapsed or updates are forced
[DEBUG] Failure to find org.eclipse.platform:org.eclipse.core.jobs/maven-metadata.xml in http://maven.inria.fr/artifactory/spoon-public-snapshot/ was cached in the local repository, resolution will not be reattempted until the update interval of gforge.inria.fr-release has elapsed or updates are forced
[DEBUG] Failure to find org.eclipse.platform:org.eclipse.core.jobs/maven-metadata.xml in http://maven.inria.fr/artifactory/spoon-public-snapshot was cached in the local repository, resolution will not be reattempted until the update interval of maven.inria.fr-snapshot has elapsed or updates are forced
[DEBUG] Could not find metadata org.eclipse.platform:org.eclipse.equinox.preferences/maven-metadata.xml in local (/home/spirals/danglot/.m2/repository)
[DEBUG] Skipped remote request for org.eclipse.platform:org.eclipse.equinox.preferences/maven-metadata.xml, locally cached metadata up-to-date.
[DEBUG] Failure to find org.eclipse.platform:org.eclipse.equinox.preferences/maven-metadata.xml in https://repo.gradle.org/gradle/libs-releases-local/ was cached in the local repository, resolution will not be reattempted until the update interval of gradle-repo has elapsed or updates are forced
[DEBUG] Failure to find org.eclipse.platform:org.eclipse.equinox.preferences/maven-metadata.xml in https://oss.sonatype.org/content/repositories/snapshots was cached in the local repository, resolution will not be reattempted until the update interval of sonatype-nexus-snapshots has elapsed or updates are forced
[DEBUG] Failure to find org.eclipse.platform:org.eclipse.equinox.preferences/maven-metadata.xml in http://maven.inria.fr/artifactory/spoon-public-snapshot/ was cached in the local repository, resolution will not be reattempted until the update interval of gforge.inria.fr-release has elapsed or updates are forced
[DEBUG] Failure to find org.eclipse.platform:org.eclipse.equinox.preferences/maven-metadata.xml in http://maven.inria.fr/artifactory/spoon-public-snapshot was cached in the local repository, resolution will not be reattempted until the update interval of maven.inria.fr-snapshot has elapsed or updates are forced
[DEBUG] Could not find metadata org.eclipse.platform:org.eclipse.core.contenttype/maven-metadata.xml in local (/home/spirals/danglot/.m2/repository)
[DEBUG] Skipped remote request for org.eclipse.platform:org.eclipse.core.contenttype/maven-metadata.xml, locally cached metadata up-to-date.
[DEBUG] Failure to find org.eclipse.platform:org.eclipse.core.contenttype/maven-metadata.xml in https://repo.gradle.org/gradle/libs-releases-local/ was cached in the local repository, resolution will not be reattempted until the update interval of gradle-repo has elapsed or updates are forced
[DEBUG] Failure to find org.eclipse.platform:org.eclipse.core.contenttype/maven-metadata.xml in https://oss.sonatype.org/content/repositories/snapshots was cached in the local repository, resolution will not be reattempted until the update interval of sonatype-nexus-snapshots has elapsed or updates are forced
[DEBUG] Failure to find org.eclipse.platform:org.eclipse.core.contenttype/maven-metadata.xml in http://maven.inria.fr/artifactory/spoon-public-snapshot/ was cached in the local repository, resolution will not be reattempted until the update interval of gforge.inria.fr-release has elapsed or updates are forced
[DEBUG] Failure to find org.eclipse.platform:org.eclipse.core.contenttype/maven-metadata.xml in http://maven.inria.fr/artifactory/spoon-public-snapshot was cached in the local repository, resolution will not be reattempted until the update interval of maven.inria.fr-snapshot has elapsed or updates are forced
[DEBUG] Could not find metadata org.eclipse.platform:org.eclipse.equinox.app/maven-metadata.xml in local (/home/spirals/danglot/.m2/repository)
[DEBUG] Skipped remote request for org.eclipse.platform:org.eclipse.equinox.app/maven-metadata.xml, locally cached metadata up-to-date.
[DEBUG] Failure to find org.eclipse.platform:org.eclipse.equinox.app/maven-metadata.xml in https://repo.gradle.org/gradle/libs-releases-local/ was cached in the local repository, resolution will not be reattempted until the update interval of gradle-repo has elapsed or updates are forced
[DEBUG] Failure to find org.eclipse.platform:org.eclipse.equinox.app/maven-metadata.xml in https://oss.sonatype.org/content/repositories/snapshots was cached in the local repository, resolution will not be reattempted until the update interval of sonatype-nexus-snapshots has elapsed or updates are forced
[DEBUG] Failure to find org.eclipse.platform:org.eclipse.equinox.app/maven-metadata.xml in http://maven.inria.fr/artifactory/spoon-public-snapshot/ was cached in the local repository, resolution will not be reattempted until the update interval of gforge.inria.fr-release has elapsed or updates are forced
[DEBUG] Failure to find org.eclipse.platform:org.eclipse.equinox.app/maven-metadata.xml in http://maven.inria.fr/artifactory/spoon-public-snapshot was cached in the local repository, resolution will not be reattempted until the update interval of maven.inria.fr-snapshot has elapsed or updates are forced
[DEBUG] Could not find metadata org.eclipse.platform:org.eclipse.core.filesystem/maven-metadata.xml in local (/home/spirals/danglot/.m2/repository)
[DEBUG] Skipped remote request for org.eclipse.platform:org.eclipse.core.filesystem/maven-metadata.xml, locally cached metadata up-to-date.
[DEBUG] Failure to find org.eclipse.platform:org.eclipse.core.filesystem/maven-metadata.xml in https://repo.gradle.org/gradle/libs-releases-local/ was cached in the local repository, resolution will not be reattempted until the update interval of gradle-repo has elapsed or updates are forced
[DEBUG] Failure to find org.eclipse.platform:org.eclipse.core.filesystem/maven-metadata.xml in https://oss.sonatype.org/content/repositories/snapshots was cached in the local repository, resolution will not be reattempted until the update interval of sonatype-nexus-snapshots has elapsed or updates are forced
[DEBUG] Failure to find org.eclipse.platform:org.eclipse.core.filesystem/maven-metadata.xml in http://maven.inria.fr/artifactory/spoon-public-snapshot/ was cached in the local repository, resolution will not be reattempted until the update interval of gforge.inria.fr-release has elapsed or updates are forced
[DEBUG] Failure to find org.eclipse.platform:org.eclipse.core.filesystem/maven-metadata.xml in http://maven.inria.fr/artifactory/spoon-public-snapshot was cached in the local repository, resolution will not be reattempted until the update interval of maven.inria.fr-snapshot has elapsed or updates are forced
[DEBUG] Could not find metadata org.eclipse.platform:org.eclipse.osgi/maven-metadata.xml in local (/home/spirals/danglot/.m2/repository)
[DEBUG] Skipped remote request for org.eclipse.platform:org.eclipse.osgi/maven-metadata.xml, locally cached metadata up-to-date.
[DEBUG] Failure to find org.eclipse.platform:org.eclipse.osgi/maven-metadata.xml in https://repo.gradle.org/gradle/libs-releases-local/ was cached in the local repository, resolution will not be reattempted until the update interval of gradle-repo has elapsed or updates are forced
[DEBUG] Failure to find org.eclipse.platform:org.eclipse.osgi/maven-metadata.xml in https://oss.sonatype.org/content/repositories/snapshots was cached in the local repository, resolution will not be reattempted until the update interval of sonatype-nexus-snapshots has elapsed or updates are forced
[DEBUG] Failure to find org.eclipse.platform:org.eclipse.osgi/maven-metadata.xml in http://maven.inria.fr/artifactory/spoon-public-snapshot/ was cached in the local repository, resolution will not be reattempted until the update interval of gforge.inria.fr-release has elapsed or updates are forced
[DEBUG] Failure to find org.eclipse.platform:org.eclipse.osgi/maven-metadata.xml in http://maven.inria.fr/artifactory/spoon-public-snapshot was cached in the local repository, resolution will not be reattempted until the update interval of maven.inria.fr-snapshot has elapsed or updates are forced
[DEBUG] Could not find metadata org.eclipse.platform:org.eclipse.core.runtime/maven-metadata.xml in local (/home/spirals/danglot/.m2/repository)
[DEBUG] Skipped remote request for org.eclipse.platform:org.eclipse.core.runtime/maven-metadata.xml, locally cached metadata up-to-date.
[DEBUG] Failure to find org.eclipse.platform:org.eclipse.core.runtime/maven-metadata.xml in https://repo.gradle.org/gradle/libs-releases-local/ was cached in the local repository, resolution will not be reattempted until the update interval of gradle-repo has elapsed or updates are forced
[DEBUG] Failure to find org.eclipse.platform:org.eclipse.core.runtime/maven-metadata.xml in https://oss.sonatype.org/content/repositories/snapshots was cached in the local repository, resolution will not be reattempted until the update interval of sonatype-nexus-snapshots has elapsed or updates are forced
[DEBUG] Failure to find org.eclipse.platform:org.eclipse.core.runtime/maven-metadata.xml in http://maven.inria.fr/artifactory/spoon-public-snapshot/ was cached in the local repository, resolution will not be reattempted until the update interval of gforge.inria.fr-release has elapsed or updates are forced
[DEBUG] Failure to find org.eclipse.platform:org.eclipse.core.runtime/maven-metadata.xml in http://maven.inria.fr/artifactory/spoon-public-snapshot was cached in the local repository, resolution will not be reattempted until the update interval of maven.inria.fr-snapshot has elapsed or updates are forced
[DEBUG] Could not find metadata org.eclipse.platform:org.eclipse.core.runtime/maven-metadata.xml in local (/home/spirals/danglot/.m2/repository)
[DEBUG] Skipped remote request for org.eclipse.platform:org.eclipse.core.runtime/maven-metadata.xml, locally cached metadata up-to-date.
[DEBUG] Failure to find org.eclipse.platform:org.eclipse.core.runtime/maven-metadata.xml in https://repo.gradle.org/gradle/libs-releases-local/ was cached in the local repository, resolution will not be reattempted until the update interval of gradle-repo has elapsed or updates are forced
[DEBUG] Failure to find org.eclipse.platform:org.eclipse.core.runtime/maven-metadata.xml in https://oss.sonatype.org/content/repositories/snapshots was cached in the local repository, resolution will not be reattempted until the update interval of sonatype-nexus-snapshots has elapsed or updates are forced
[DEBUG] Failure to find org.eclipse.platform:org.eclipse.core.runtime/maven-metadata.xml in http://maven.inria.fr/artifactory/spoon-public-snapshot/ was cached in the local repository, resolution will not be reattempted until the update interval of gforge.inria.fr-release has elapsed or updates are forced
[DEBUG] Failure to find org.eclipse.platform:org.eclipse.core.runtime/maven-metadata.xml in http://maven.inria.fr/artifactory/spoon-public-snapshot was cached in the local repository, resolution will not be reattempted until the update interval of maven.inria.fr-snapshot has elapsed or updates are forced
[DEBUG] Could not find metadata org.eclipse.platform:org.eclipse.core.filesystem/maven-metadata.xml in local (/home/spirals/danglot/.m2/repository)
[DEBUG] Skipped remote request for org.eclipse.platform:org.eclipse.core.filesystem/maven-metadata.xml, locally cached metadata up-to-date.
[DEBUG] Failure to find org.eclipse.platform:org.eclipse.core.filesystem/maven-metadata.xml in https://repo.gradle.org/gradle/libs-releases-local/ was cached in the local repository, resolution will not be reattempted until the update interval of gradle-repo has elapsed or updates are forced
[DEBUG] Failure to find org.eclipse.platform:org.eclipse.core.filesystem/maven-metadata.xml in https://oss.sonatype.org/content/repositories/snapshots was cached in the local repository, resolution will not be reattempted until the update interval of sonatype-nexus-snapshots has elapsed or updates are forced
[DEBUG] Failure to find org.eclipse.platform:org.eclipse.core.filesystem/maven-metadata.xml in http://maven.inria.fr/artifactory/spoon-public-snapshot/ was cached in the local repository, resolution will not be reattempted until the update interval of gforge.inria.fr-release has elapsed or updates are forced
[DEBUG] Failure to find org.eclipse.platform:org.eclipse.core.filesystem/maven-metadata.xml in http://maven.inria.fr/artifactory/spoon-public-snapshot was cached in the local repository, resolution will not be reattempted until the update interval of maven.inria.fr-snapshot has elapsed or updates are forced
[DEBUG] Could not find metadata org.eclipse.platform:org.eclipse.text/maven-metadata.xml in local (/home/spirals/danglot/.m2/repository)
[DEBUG] Skipped remote request for org.eclipse.platform:org.eclipse.text/maven-metadata.xml, locally cached metadata up-to-date.
[DEBUG] Failure to find org.eclipse.platform:org.eclipse.text/maven-metadata.xml in https://repo.gradle.org/gradle/libs-releases-local/ was cached in the local repository, resolution will not be reattempted until the update interval of gradle-repo has elapsed or updates are forced
[DEBUG] Failure to find org.eclipse.platform:org.eclipse.text/maven-metadata.xml in https://oss.sonatype.org/content/repositories/snapshots was cached in the local repository, resolution will not be reattempted until the update interval of sonatype-nexus-snapshots has elapsed or updates are forced
[DEBUG] Failure to find org.eclipse.platform:org.eclipse.text/maven-metadata.xml in http://maven.inria.fr/artifactory/spoon-public-snapshot/ was cached in the local repository, resolution will not be reattempted until the update interval of gforge.inria.fr-release has elapsed or updates are forced
[DEBUG] Failure to find org.eclipse.platform:org.eclipse.text/maven-metadata.xml in http://maven.inria.fr/artifactory/spoon-public-snapshot was cached in the local repository, resolution will not be reattempted until the update interval of maven.inria.fr-snapshot has elapsed or updates are forced
[DEBUG] Could not find metadata org.eclipse.platform:org.eclipse.core.commands/maven-metadata.xml in local (/home/spirals/danglot/.m2/repository)
[DEBUG] Skipped remote request for org.eclipse.platform:org.eclipse.core.commands/maven-metadata.xml, locally cached metadata up-to-date.
[DEBUG] Failure to find org.eclipse.platform:org.eclipse.core.commands/maven-metadata.xml in https://repo.gradle.org/gradle/libs-releases-local/ was cached in the local repository, resolution will not be reattempted until the update interval of gradle-repo has elapsed or updates are forced
[DEBUG] Failure to find org.eclipse.platform:org.eclipse.core.commands/maven-metadata.xml in https://oss.sonatype.org/content/repositories/snapshots was cached in the local repository, resolution will not be reattempted until the update interval of sonatype-nexus-snapshots has elapsed or updates are forced
[DEBUG] Failure to find org.eclipse.platform:org.eclipse.core.commands/maven-metadata.xml in http://maven.inria.fr/artifactory/spoon-public-snapshot/ was cached in the local repository, resolution will not be reattempted until the update interval of gforge.inria.fr-release has elapsed or updates are forced
[DEBUG] Failure to find org.eclipse.platform:org.eclipse.core.commands/maven-metadata.xml in http://maven.inria.fr/artifactory/spoon-public-snapshot was cached in the local repository, resolution will not be reattempted until the update interval of maven.inria.fr-snapshot has elapsed or updates are forced
[DEBUG] Could not find metadata org.eclipse.platform:org.eclipse.equinox.common/maven-metadata.xml in local (/home/spirals/danglot/.m2/repository)
[DEBUG] Skipped remote request for org.eclipse.platform:org.eclipse.equinox.common/maven-metadata.xml, locally cached metadata up-to-date.
[DEBUG] Failure to find org.eclipse.platform:org.eclipse.equinox.common/maven-metadata.xml in https://repo.gradle.org/gradle/libs-releases-local/ was cached in the local repository, resolution will not be reattempted until the update interval of gradle-repo has elapsed or updates are forced
[DEBUG] Failure to find org.eclipse.platform:org.eclipse.equinox.common/maven-metadata.xml in https://oss.sonatype.org/content/repositories/snapshots was cached in the local repository, resolution will not be reattempted until the update interval of sonatype-nexus-snapshots has elapsed or updates are forced
[DEBUG] Failure to find org.eclipse.platform:org.eclipse.equinox.common/maven-metadata.xml in http://maven.inria.fr/artifactory/spoon-public-snapshot/ was cached in the local repository, resolution will not be reattempted until the update interval of gforge.inria.fr-release has elapsed or updates are forced
[DEBUG] Failure to find org.eclipse.platform:org.eclipse.equinox.common/maven-metadata.xml in http://maven.inria.fr/artifactory/spoon-public-snapshot was cached in the local repository, resolution will not be reattempted until the update interval of maven.inria.fr-snapshot has elapsed or updates are forced
[DEBUG] Could not find metadata org.eclipse.platform:org.eclipse.core.runtime/maven-metadata.xml in local (/home/spirals/danglot/.m2/repository)
[DEBUG] Skipped remote request for org.eclipse.platform:org.eclipse.core.runtime/maven-metadata.xml, locally cached metadata up-to-date.
[DEBUG] Failure to find org.eclipse.platform:org.eclipse.core.runtime/maven-metadata.xml in https://repo.gradle.org/gradle/libs-releases-local/ was cached in the local repository, resolution will not be reattempted until the update interval of gradle-repo has elapsed or updates are forced
[DEBUG] Failure to find org.eclipse.platform:org.eclipse.core.runtime/maven-metadata.xml in https://oss.sonatype.org/content/repositories/snapshots was cached in the local repository, resolution will not be reattempted until the update interval of sonatype-nexus-snapshots has elapsed or updates are forced
[DEBUG] Failure to find org.eclipse.platform:org.eclipse.core.runtime/maven-metadata.xml in http://maven.inria.fr/artifactory/spoon-public-snapshot/ was cached in the local repository, resolution will not be reattempted until the update interval of gforge.inria.fr-release has elapsed or updates are forced
[DEBUG] Failure to find org.eclipse.platform:org.eclipse.core.runtime/maven-metadata.xml in http://maven.inria.fr/artifactory/spoon-public-snapshot was cached in the local repository, resolution will not be reattempted until the update interval of maven.inria.fr-snapshot has elapsed or updates are forced
[DEBUG] Dependency collection stats: {ConflictMarker.analyzeTime=7369448, ConflictMarker.markTime=2733285, ConflictMarker.nodeCount=990, ConflictIdSorter.graphTime=5036037, ConflictIdSorter.topsortTime=104657, ConflictIdSorter.conflictIdCount=70, ConflictIdSorter.conflictIdCycleCount=0, ConflictResolver.totalTime=11339796, ConflictResolver.conflictItemCount=274, DefaultDependencyCollector.collectTime=1047102783, DefaultDependencyCollector.transformTime=26611600}
[DEBUG] eu.stamp-project:dspot-diff-test-selection:jar:2.0.1-SNAPSHOT:
[DEBUG]    org.slf4j:slf4j-api:jar:1.7.25:compile
[DEBUG]    org.slf4j:slf4j-log4j12:jar:1.7.25:compile
[DEBUG]       log4j:log4j:jar:1.2.17:compile
[DEBUG]    org.apache.maven.shared:maven-invoker:jar:3.0.0:compile
[DEBUG]       org.codehaus.plexus:plexus-utils:jar:3.0.24:compile
[DEBUG]       org.codehaus.plexus:plexus-component-annotations:jar:1.7:compile
[DEBUG]    org.openclover:clover:jar:4.2.1:compile
[DEBUG]    org.apache.maven:maven-plugin-api:jar:3.5.4:compile
[DEBUG]       org.apache.maven:maven-model:jar:3.5.4:compile
[DEBUG]       org.apache.maven:maven-artifact:jar:3.5.4:compile
[DEBUG]       org.eclipse.sisu:org.eclipse.sisu.plexus:jar:0.3.3:compile
[DEBUG]          javax.enterprise:cdi-api:jar:1.0:compile
[DEBUG]             javax.annotation:jsr250-api:jar:1.0:compile
[DEBUG]       org.codehaus.plexus:plexus-classworlds:jar:2.5.2:compile
[DEBUG]    org.apache.maven:maven-core:jar:3.5.4:compile
[DEBUG]       org.apache.maven:maven-settings:jar:3.5.4:compile
[DEBUG]       org.apache.maven:maven-settings-builder:jar:3.5.4:compile
[DEBUG]          org.codehaus.plexus:plexus-interpolation:jar:1.24:compile
[DEBUG]          org.sonatype.plexus:plexus-sec-dispatcher:jar:1.4:compile
[DEBUG]             org.sonatype.plexus:plexus-cipher:jar:1.4:compile
[DEBUG]       org.apache.maven:maven-builder-support:jar:3.5.4:compile
[DEBUG]       org.apache.maven:maven-repository-metadata:jar:3.5.4:compile
[DEBUG]       org.apache.maven:maven-model-builder:jar:3.5.4:compile
[DEBUG]       org.apache.maven:maven-resolver-provider:jar:3.5.4:compile
[DEBUG]       org.apache.maven.resolver:maven-resolver-impl:jar:1.1.1:compile
[DEBUG]       org.apache.maven.resolver:maven-resolver-api:jar:1.1.1:compile
[DEBUG]       org.apache.maven.resolver:maven-resolver-spi:jar:1.1.1:compile
[DEBUG]       org.apache.maven.resolver:maven-resolver-util:jar:1.1.1:compile
[DEBUG]       org.apache.maven.shared:maven-shared-utils:jar:3.2.1:compile
[DEBUG]          commons-io:commons-io:jar:2.5:compile
[DEBUG]       org.eclipse.sisu:org.eclipse.sisu.inject:jar:0.3.3:compile
[DEBUG]       com.google.inject:guice:jar:no_aop:4.2.0:compile
[DEBUG]          aopalliance:aopalliance:jar:1.0:compile
[DEBUG]       com.google.guava:guava:jar:20.0:compile
[DEBUG]       javax.inject:javax.inject:jar:1:compile
[DEBUG]       org.apache.commons:commons-lang3:jar:3.5:compile
[DEBUG]    fr.inria.gforge.spoon.labs:gumtree-spoon-ast-diff:jar:1.5:compile
[DEBUG]       fr.inria.gforge.spoon:spoon-core:jar:7.0.0:compile
[DEBUG]          org.eclipse.jdt:org.eclipse.jdt.core:jar:3.13.102:compile
[DEBUG]             org.eclipse.platform:org.eclipse.core.resources:jar:3.13.300:compile
[DEBUG]                org.eclipse.platform:org.eclipse.core.expressions:jar:3.6.300:compile
[DEBUG]             org.eclipse.platform:org.eclipse.core.runtime:jar:3.15.200:compile
[DEBUG]                org.eclipse.platform:org.eclipse.osgi:jar:3.13.300:compile
[DEBUG]                org.eclipse.platform:org.eclipse.equinox.common:jar:3.10.300:compile
[DEBUG]                org.eclipse.platform:org.eclipse.core.jobs:jar:3.10.300:compile
[DEBUG]                org.eclipse.platform:org.eclipse.equinox.registry:jar:3.8.300:compile
[DEBUG]                org.eclipse.platform:org.eclipse.equinox.preferences:jar:3.7.300:compile
[DEBUG]                org.eclipse.platform:org.eclipse.core.contenttype:jar:3.7.300:compile
[DEBUG]                org.eclipse.platform:org.eclipse.equinox.app:jar:1.4.100:compile
[DEBUG]             org.eclipse.platform:org.eclipse.core.filesystem:jar:1.7.300:compile
[DEBUG]             org.eclipse.platform:org.eclipse.text:jar:3.8.100:compile
[DEBUG]                org.eclipse.platform:org.eclipse.core.commands:jar:3.9.300:compile
[DEBUG]          com.martiansoftware:jsap:jar:2.1:compile
[DEBUG]          com.fasterxml.jackson.core:jackson-databind:jar:2.9.2:compile
[DEBUG]             com.fasterxml.jackson.core:jackson-annotations:jar:2.9.0:compile
[DEBUG]             com.fasterxml.jackson.core:jackson-core:jar:2.9.2:compile
[DEBUG]       com.github.gumtreediff:core:jar:2.1.0:compile
[DEBUG]          com.github.mpkorstanje:simmetrics-core:jar:3.2.3:compile
[DEBUG]             commons-codec:commons-codec:jar:1.10:compile
[DEBUG]          net.sf.trove4j:trove4j:jar:3.0.3:compile
[DEBUG]          com.google.code.gson:gson:jar:2.8.2:compile
[DEBUG]          org.jgrapht:jgrapht-core:jar:1.0.1:compile
[DEBUG]    io.github.java-diff-utils:java-diff-utils:jar:4.0:compile
[DEBUG]       org.eclipse.jgit:org.eclipse.jgit:jar:4.4.1.201607150455-r:compile
[DEBUG] Created new class realm plugin>eu.stamp-project:dspot-diff-test-selection:2.0.1-SNAPSHOT
[DEBUG] Importing foreign packages into class realm plugin>eu.stamp-project:dspot-diff-test-selection:2.0.1-SNAPSHOT
[DEBUG]   Imported:  < maven.api
[DEBUG] Populating class realm plugin>eu.stamp-project:dspot-diff-test-selection:2.0.1-SNAPSHOT
[DEBUG]   Included: eu.stamp-project:dspot-diff-test-selection:jar:2.0.1-SNAPSHOT
[DEBUG]   Included: org.slf4j:slf4j-log4j12:jar:1.7.25
[DEBUG]   Included: log4j:log4j:jar:1.2.17
[DEBUG]   Included: org.apache.maven.shared:maven-invoker:jar:3.0.0
[DEBUG]   Included: org.codehaus.plexus:plexus-utils:jar:3.0.24
[DEBUG]   Included: org.codehaus.plexus:plexus-component-annotations:jar:1.7
[DEBUG]   Included: org.openclover:clover:jar:4.2.1
[DEBUG]   Included: javax.enterprise:cdi-api:jar:1.0
[DEBUG]   Included: org.codehaus.plexus:plexus-interpolation:jar:1.24
[DEBUG]   Included: org.sonatype.plexus:plexus-sec-dispatcher:jar:1.4
[DEBUG]   Included: org.sonatype.plexus:plexus-cipher:jar:1.4
[DEBUG]   Included: org.apache.maven:maven-builder-support:jar:3.5.4
[DEBUG]   Included: org.apache.maven.resolver:maven-resolver-util:jar:1.1.1
[DEBUG]   Included: org.apache.maven.shared:maven-shared-utils:jar:3.2.1
[DEBUG]   Included: commons-io:commons-io:jar:2.5
[DEBUG]   Included: org.eclipse.sisu:org.eclipse.sisu.inject:jar:0.3.3
[DEBUG]   Included: com.google.inject:guice:jar:no_aop:4.2.0
[DEBUG]   Included: aopalliance:aopalliance:jar:1.0
[DEBUG]   Included: com.google.guava:guava:jar:20.0
[DEBUG]   Included: org.apache.commons:commons-lang3:jar:3.5
[DEBUG]   Included: fr.inria.gforge.spoon.labs:gumtree-spoon-ast-diff:jar:1.5
[DEBUG]   Included: fr.inria.gforge.spoon:spoon-core:jar:7.0.0
[DEBUG]   Included: org.eclipse.jdt:org.eclipse.jdt.core:jar:3.13.102
[DEBUG]   Included: org.eclipse.platform:org.eclipse.core.resources:jar:3.13.300
[DEBUG]   Included: org.eclipse.platform:org.eclipse.core.expressions:jar:3.6.300
[DEBUG]   Included: org.eclipse.platform:org.eclipse.core.runtime:jar:3.15.200
[DEBUG]   Included: org.eclipse.platform:org.eclipse.osgi:jar:3.13.300
[DEBUG]   Included: org.eclipse.platform:org.eclipse.equinox.common:jar:3.10.300
[DEBUG]   Included: org.eclipse.platform:org.eclipse.core.jobs:jar:3.10.300
[DEBUG]   Included: org.eclipse.platform:org.eclipse.equinox.registry:jar:3.8.300
[DEBUG]   Included: org.eclipse.platform:org.eclipse.equinox.preferences:jar:3.7.300
[DEBUG]   Included: org.eclipse.platform:org.eclipse.core.contenttype:jar:3.7.300
[DEBUG]   Included: org.eclipse.platform:org.eclipse.equinox.app:jar:1.4.100
[DEBUG]   Included: org.eclipse.platform:org.eclipse.core.filesystem:jar:1.7.300
[DEBUG]   Included: org.eclipse.platform:org.eclipse.text:jar:3.8.100
[DEBUG]   Included: org.eclipse.platform:org.eclipse.core.commands:jar:3.9.300
[DEBUG]   Included: com.martiansoftware:jsap:jar:2.1
[DEBUG]   Included: com.fasterxml.jackson.core:jackson-databind:jar:2.9.2
[DEBUG]   Included: com.fasterxml.jackson.core:jackson-annotations:jar:2.9.0
[DEBUG]   Included: com.fasterxml.jackson.core:jackson-core:jar:2.9.2
[DEBUG]   Included: com.github.gumtreediff:core:jar:2.1.0
[DEBUG]   Included: com.github.mpkorstanje:simmetrics-core:jar:3.2.3
[DEBUG]   Included: commons-codec:commons-codec:jar:1.10
[DEBUG]   Included: net.sf.trove4j:trove4j:jar:3.0.3
[DEBUG]   Included: com.google.code.gson:gson:jar:2.8.2
[DEBUG]   Included: org.jgrapht:jgrapht-core:jar:1.0.1
[DEBUG]   Included: io.github.java-diff-utils:java-diff-utils:jar:4.0
[DEBUG]   Included: org.eclipse.jgit:org.eclipse.jgit:jar:4.4.1.201607150455-r
[DEBUG] Configuring mojo eu.stamp-project:dspot-diff-test-selection:2.0.1-SNAPSHOT:list from plugin realm ClassRealm[plugin>eu.stamp-project:dspot-diff-test-selection:2.0.1-SNAPSHOT, parent: sun.misc.Launcher$AppClassLoader@55f96302]
[DEBUG] Configuring mojo 'eu.stamp-project:dspot-diff-test-selection:2.0.1-SNAPSHOT:list' with basic configurator -->
[DEBUG]   (f) module = xwiki-commons-core/xwiki-commons-component/xwiki-commons-component-api/
[DEBUG]   (f) outputFormat = CSV
[DEBUG]   (f) outputPath = /tmp/dspot-experiments/results/april-2019/xwiki-commons/commit_7_78ff099/commit_coverage_testsThatExecuteTheChanges.csv
[DEBUG]   (f) pathDirSecondVersion = /tmp/dspot-experiments/dataset/april-2019/xwiki-commons_parent/xwiki-commons-core/xwiki-commons-component/xwiki-commons-component-api
[DEBUG]   (f) project = MavenProject: org.xwiki.commons:xwiki-commons-component-api:9.12-SNAPSHOT @ /tmp/dspot-experiments/dataset/april-2019/xwiki-commons/xwiki-commons-core/xwiki-commons-component/xwiki-commons-component-api/pom.xml
[DEBUG] -- end configuration --
[WARNING] No path to diff file has been specified.
[WARNING] I'll compute a diff file using the UNIX diff command
[WARNING] You may encounter troubles.
[WARNING] If so, please specify a path to a correct diff file
[WARNING] or implement a new way to compute a diff file.
[INFO] Computing the diff with diff commnd line
[INFO] The diff will be computed between:
[INFO] /tmp/dspot-experiments/dataset/april-2019/xwiki-commons/xwiki-commons-core/xwiki-commons-component/xwiki-commons-component-api and 
[INFO] /tmp/dspot-experiments/dataset/april-2019/xwiki-commons_parent/xwiki-commons-core/xwiki-commons-component/xwiki-commons-component-api
[INFO] Executing: diff -ru /tmp/dspot-experiments/dataset/april-2019/xwiki-commons/xwiki-commons-core/xwiki-commons-component/xwiki-commons-component-api /tmp/dspot-experiments/dataset/april-2019/xwiki-commons_parent/xwiki-commons-core/xwiki-commons-component/xwiki-commons-component-api > patch.diff from /tmp/dspot-experiments/dataset/april-2019/xwiki-commons/xwiki-commons-core/xwiki-commons-component/xwiki-commons-component-api
[INFO] Computing coverage for /tmp/dspot-experiments/dataset/april-2019/xwiki-commons/xwiki-commons-core/xwiki-commons-component/xwiki-commons-component-api
[WARN] Maven will be executed in interactive mode, but no input stream has been configured for this MavenInvoker instance.
[INFO] Scanning for projects...
[WARNING] 
[WARNING] Some problems were encountered while building the effective model for org.xwiki.commons:xwiki-commons-component-api:jar:9.12-SNAPSHOT
[WARNING] Reporting configuration should be done in <reporting> section, not in maven-site-plugin <configuration> as reportPlugins parameter.
[WARNING] 
[WARNING] It is highly recommended to fix these problems because they threaten the stability of your build.
[WARNING] 
[WARNING] For this reason, future Maven versions might no longer support building such malformed projects.
[WARNING] 
[INFO] 
[INFO] -----------< org.xwiki.commons:xwiki-commons-component-api >------------
[INFO] Building XWiki Commons - Component - API 9.12-SNAPSHOT
[INFO] --------------------------------[ jar ]---------------------------------
[INFO] 
[INFO] --- maven-clean-plugin:3.0.0:clean (default-clean) @ xwiki-commons-component-api ---
[INFO] 
[INFO] --- clover-maven-plugin:4.2.0:setup (default-cli) @ xwiki-commons-component-api ---
[INFO] No 'maven.clover.licenseLocation' configured. Using default license.
[INFO] OpenClover Version 4.2.0, built on April 30 2017 (build-1000)
[INFO] Loaded from: /home/spirals/danglot/.m2/repository/org/openclover/clover/4.2.0/clover-4.2.0.jar
[INFO] Clover free edition.
[INFO] Creating new database at '/tmp/dspot-experiments/dataset/april-2019/xwiki-commons/xwiki-commons-core/xwiki-commons-component/xwiki-commons-component-api/target/clover/clover.db'.
[INFO] Processing files at 1.8 source level.
[INFO] Clover all over. Instrumented 37 files (8 packages).
[INFO] Elapsed time = 0.827 secs. (44.74 files/sec, 4,370.012 srclines/sec)
[INFO] OpenClover Version 4.2.0, built on April 30 2017 (build-1000)
[INFO] Loaded from: /home/spirals/danglot/.m2/repository/org/openclover/clover/4.2.0/clover-4.2.0.jar
[INFO] Clover free edition.
[INFO] Updating existing database at '/tmp/dspot-experiments/dataset/april-2019/xwiki-commons/xwiki-commons-core/xwiki-commons-component/xwiki-commons-component-api/target/clover/clover.db'.
[INFO] Processing files at 1.8 source level.
[INFO] Clover all over. Instrumented 9 files (4 packages).
[INFO] 20 test methods detected.
[INFO] Elapsed time = 0.175 secs. (51.429 files/sec, 3,794.286 srclines/sec)
[INFO] 
[INFO] --- maven-enforcer-plugin:1.4.1:enforce (enforce-plugins) @ xwiki-commons-component-api ---
[INFO] Skipping Rule Enforcement.
[INFO] 
[INFO] --- maven-enforcer-plugin:1.4.1:enforce (enforce-jcl-log4j-isolation) @ xwiki-commons-component-api ---
[INFO] Skipping Rule Enforcement.
[INFO] 
[INFO] --- maven-enforcer-plugin:1.4.1:enforce (enforce-glasshfish-jaxb) @ xwiki-commons-component-api ---
[INFO] Skipping Rule Enforcement.
[INFO] 
[INFO] --- maven-enforcer-plugin:1.4.1:enforce (enforce-commons-lang3) @ xwiki-commons-component-api ---
[INFO] Skipping Rule Enforcement.
[INFO] 
[INFO] --- maven-enforcer-plugin:1.4.1:enforce (enforce-commons-configuration2) @ xwiki-commons-component-api ---
[INFO] Skipping Rule Enforcement.
[INFO] 
[INFO] --- maven-enforcer-plugin:1.4.1:enforce (enforce-bouncycastle-ids) @ xwiki-commons-component-api ---
[INFO] Skipping Rule Enforcement.
[INFO] 
[INFO] --- maven-enforcer-plugin:1.4.1:enforce (enforce-javase-dependencies) @ xwiki-commons-component-api ---
[INFO] Skipping Rule Enforcement.
[INFO] 
[INFO] --- maven-enforcer-plugin:1.4.1:enforce (enforce-upper-bounds) @ xwiki-commons-component-api ---
[INFO] Skipping Rule Enforcement.
[INFO] 
[INFO] --- maven-enforcer-plugin:1.4.1:enforce (enforce-no-legacy-dependencies) @ xwiki-commons-component-api ---
[INFO] 
[INFO] --- maven-enforcer-plugin:1.4.1:enforce (enforce-valid-poms) @ xwiki-commons-component-api ---
[INFO] Skipping Rule Enforcement.
[INFO] 
[INFO] --- maven-enforcer-plugin:1.4.1:enforce (enforce-platform-rendering-isolation) @ xwiki-commons-component-api ---
[INFO] Skipping Rule Enforcement.
[INFO] 
[INFO] --- maven-enforcer-plugin:1.4.1:enforce (check-dependency-version) @ xwiki-commons-component-api ---
[INFO] Skipping Rule Enforcement.
[INFO] 
[INFO] --- spoon-maven-plugin:2.5:generate (default) @ xwiki-commons-component-api ---
2019-04-18 15:55:02,153 INFO spoon.Launcher - Spoon version 5.9.0
2019-04-18 15:55:02,154 INFO spoon.Launcher - running Spoon...
2019-04-18 15:55:02,155 INFO spoon.Launcher - start processing...
2019-04-18 15:55:03,627 INFO spoon.Launcher - org.xwiki.tool.spoon.ForbiddenInvocationProcessor
2019-04-18 15:55:03,699 INFO spoon.Launcher - spoon.support.JavaOutputProcessor
2019-04-18 15:55:04,498 INFO spoon.Launcher - end of processing: 
2019-04-18 15:55:04,498 INFO spoon.Launcher - no errors, no warnings
[INFO] 
[INFO] --- maven-remote-resources-plugin:1.5:process (xwiki-license-resources) @ xwiki-commons-component-api ---
[INFO] 
[INFO] --- maven-resources-plugin:3.0.2:resources (default-resources) @ xwiki-commons-component-api ---
[INFO] Using 'UTF-8' encoding to copy filtered resources.
[INFO] Copying 1 resource
[INFO] Copying 1 resource
[INFO] Copying 2 resources
[INFO] 
[INFO] --- maven-compiler-plugin:3.7.0:compile (default-compile) @ xwiki-commons-component-api ---
[INFO] Changes detected - recompiling the module!
[INFO] Compiling 37 source files to /tmp/dspot-experiments/dataset/april-2019/xwiki-commons/xwiki-commons-core/xwiki-commons-component/xwiki-commons-component-api/target/classes
[WARNING] /tmp/dspot-experiments/dataset/april-2019/xwiki-commons/xwiki-commons-core/xwiki-commons-component/xwiki-commons-component-api/target/clover/src-instrumented/org/xwiki/component/util/ReflectionMethodUtils.java:[63,76] unchecked cast
  required: A
  found:    java.lang.annotation.Annotation
[WARNING] /tmp/dspot-experiments/dataset/april-2019/xwiki-commons/xwiki-commons-core/xwiki-commons-component/xwiki-commons-component-api/target/clover/src-instrumented/org/xwiki/component/namespace/NamespaceNotAllowedException.java:[28,8] serializable class org.xwiki.component.namespace.NamespaceNotAllowedException has no definition of serialVersionUID
[WARNING] /tmp/dspot-experiments/dataset/april-2019/xwiki-commons/xwiki-commons-core/xwiki-commons-component/xwiki-commons-component-api/target/clover/src-instrumented/org/xwiki/component/descriptor/DefaultComponentRole.java:[150,78] unchecked conversion
  required: java.lang.Class<T>
  found:    java.lang.Class
[WARNING] /tmp/dspot-experiments/dataset/april-2019/xwiki-commons/xwiki-commons-core/xwiki-commons-component/xwiki-commons-component-api/target/clover/src-instrumented/org/xwiki/component/descriptor/DefaultComponentDescriptor.java:[75,73] found raw type: org.xwiki.component.descriptor.DefaultComponentDependency
  missing type arguments for generic class org.xwiki.component.descriptor.DefaultComponentDependency<T>
[WARNING] /tmp/dspot-experiments/dataset/april-2019/xwiki-commons/xwiki-commons-core/xwiki-commons-component/xwiki-commons-component-api/target/clover/src-instrumented/org/xwiki/component/descriptor/DefaultComponentDescriptor.java:[75,69] unchecked call to DefaultComponentDependency(org.xwiki.component.descriptor.ComponentDependency<T>) as a member of the raw type org.xwiki.component.descriptor.DefaultComponentDependency
[WARNING] /tmp/dspot-experiments/dataset/april-2019/xwiki-commons/xwiki-commons-core/xwiki-commons-component/xwiki-commons-component-api/target/clover/src-instrumented/org/xwiki/component/descriptor/DefaultComponentDescriptor.java:[163,51] found raw type: org.xwiki.component.descriptor.ComponentDescriptor
  missing type arguments for generic class org.xwiki.component.descriptor.ComponentDescriptor<T>
[WARNING] /tmp/dspot-experiments/dataset/april-2019/xwiki-commons/xwiki-commons-core/xwiki-commons-component/xwiki-commons-component-api/target/clover/src-instrumented/org/xwiki/component/descriptor/DefaultComponentDependency.java:[136,28] found raw type: org.xwiki.component.descriptor.ComponentDependency
  missing type arguments for generic class org.xwiki.component.descriptor.ComponentDependency<T>
[WARNING] /tmp/dspot-experiments/dataset/april-2019/xwiki-commons/xwiki-commons-core/xwiki-commons-component/xwiki-commons-component-api/target/clover/src-instrumented/org/xwiki/component/descriptor/DefaultComponentDependency.java:[191,21] getRole() in org.xwiki.component.descriptor.DefaultComponentRole has been deprecated
[WARNING] /tmp/dspot-experiments/dataset/april-2019/xwiki-commons/xwiki-commons-core/xwiki-commons-component/xwiki-commons-component-api/target/clover/src-instrumented/org/xwiki/component/descriptor/DefaultComponentDependency.java:[193,40] found raw type: java.lang.Class
  missing type arguments for generic class java.lang.Class<T>
[WARNING] /tmp/dspot-experiments/dataset/april-2019/xwiki-commons/xwiki-commons-core/xwiki-commons-component/xwiki-commons-component-api/target/clover/src-instrumented/org/xwiki/component/descriptor/DefaultComponentDependency.java:[196,79] unchecked conversion
  required: java.lang.Class<T>
  found:    java.lang.Class
[WARNING] /tmp/dspot-experiments/dataset/april-2019/xwiki-commons/xwiki-commons-core/xwiki-commons-component/xwiki-commons-component-api/target/clover/src-instrumented/org/xwiki/component/descriptor/DefaultComponentDependency.java:[198,51] unchecked conversion
  required: java.lang.Class<T>
  found:    java.lang.Class
[WARNING] /tmp/dspot-experiments/dataset/april-2019/xwiki-commons/xwiki-commons-core/xwiki-commons-component/xwiki-commons-component-api/target/clover/src-instrumented/org/xwiki/component/descriptor/DefaultComponentDependency.java:[203,17] setRole(java.lang.Class<T>) in org.xwiki.component.descriptor.DefaultComponentRole has been deprecated
[WARNING] /tmp/dspot-experiments/dataset/april-2019/xwiki-commons/xwiki-commons-core/xwiki-commons-component/xwiki-commons-component-api/target/clover/src-instrumented/org/xwiki/component/descriptor/DefaultComponentDependency.java:[205,40] found raw type: java.lang.Class
  missing type arguments for generic class java.lang.Class<T>
[WARNING] /tmp/dspot-experiments/dataset/april-2019/xwiki-commons/xwiki-commons-core/xwiki-commons-component/xwiki-commons-component-api/target/clover/src-instrumented/org/xwiki/component/descriptor/DefaultComponentDependency.java:[221,49] setRole(java.lang.Class<T>) in org.xwiki.component.descriptor.DefaultComponentRole has been deprecated
[WARNING] /tmp/dspot-experiments/dataset/april-2019/xwiki-commons/xwiki-commons-core/xwiki-commons-component/xwiki-commons-component-api/target/clover/src-instrumented/org/xwiki/component/util/ReflectionUtils.java:[124,19] found raw type: java.lang.Class
  missing type arguments for generic class java.lang.Class<T>
[WARNING] /tmp/dspot-experiments/dataset/april-2019/xwiki-commons/xwiki-commons-core/xwiki-commons-component/xwiki-commons-component-api/target/clover/src-instrumented/org/xwiki/component/util/ReflectionUtils.java:[126,43] found raw type: java.lang.Class
  missing type arguments for generic class java.lang.Class<T>
[WARNING] /tmp/dspot-experiments/dataset/april-2019/xwiki-commons/xwiki-commons-core/xwiki-commons-component/xwiki-commons-component-api/target/clover/src-instrumented/org/xwiki/component/util/ReflectionUtils.java:[234,52] found raw type: java.lang.Class
  missing type arguments for generic class java.lang.Class<T>
[WARNING] /tmp/dspot-experiments/dataset/april-2019/xwiki-commons/xwiki-commons-core/xwiki-commons-component/xwiki-commons-component-api/target/clover/src-instrumented/org/xwiki/component/util/ReflectionUtils.java:[234,65] found raw type: java.lang.Class
  missing type arguments for generic class java.lang.Class<T>
[WARNING] /tmp/dspot-experiments/dataset/april-2019/xwiki-commons/xwiki-commons-core/xwiki-commons-component/xwiki-commons-component-api/target/clover/src-instrumented/org/xwiki/component/util/ReflectionUtils.java:[240,82] unchecked call to isAssignableFrom(java.lang.Class<?>) as a member of the raw type java.lang.Class
[WARNING] /tmp/dspot-experiments/dataset/april-2019/xwiki-commons/xwiki-commons-core/xwiki-commons-component/xwiki-commons-component-api/target/clover/src-instrumented/org/xwiki/component/util/ReflectionUtils.java:[261,44] found raw type: java.lang.Class
  missing type arguments for generic class java.lang.Class<T>
[WARNING] /tmp/dspot-experiments/dataset/april-2019/xwiki-commons/xwiki-commons-core/xwiki-commons-component/xwiki-commons-component-api/target/clover/src-instrumented/org/xwiki/component/util/ReflectionUtils.java:[261,57] found raw type: java.lang.Class
  missing type arguments for generic class java.lang.Class<T>
[WARNING] /tmp/dspot-experiments/dataset/april-2019/xwiki-commons/xwiki-commons-core/xwiki-commons-component/xwiki-commons-component-api/target/clover/src-instrumented/org/xwiki/component/util/ReflectionUtils.java:[268,86] unchecked call to isAssignableFrom(java.lang.Class<?>) as a member of the raw type java.lang.Class
[WARNING] /tmp/dspot-experiments/dataset/april-2019/xwiki-commons/xwiki-commons-core/xwiki-commons-component/xwiki-commons-component-api/target/clover/src-instrumented/org/xwiki/component/util/ReflectionUtils.java:[302,67] found raw type: java.lang.Class
  missing type arguments for generic class java.lang.Class<T>
[WARNING] /tmp/dspot-experiments/dataset/april-2019/xwiki-commons/xwiki-commons-core/xwiki-commons-component/xwiki-commons-component-api/target/clover/src-instrumented/org/xwiki/component/util/ReflectionUtils.java:[304,47] found raw type: java.lang.reflect.TypeVariable
  missing type arguments for generic class java.lang.reflect.TypeVariable<D>
[WARNING] /tmp/dspot-experiments/dataset/april-2019/xwiki-commons/xwiki-commons-core/xwiki-commons-component/xwiki-commons-component-api/target/clover/src-instrumented/org/xwiki/component/util/ReflectionUtils.java:[306,60] found raw type: java.lang.Class
  missing type arguments for generic class java.lang.Class<T>
[WARNING] /tmp/dspot-experiments/dataset/april-2019/xwiki-commons/xwiki-commons-core/xwiki-commons-component/xwiki-commons-component-api/target/clover/src-instrumented/org/xwiki/component/util/ReflectionUtils.java:[306,123] unchecked conversion
  required: java.lang.reflect.TypeVariable<java.lang.Class>[]
  found:    java.lang.reflect.TypeVariable[]
[WARNING] /tmp/dspot-experiments/dataset/april-2019/xwiki-commons/xwiki-commons-core/xwiki-commons-component/xwiki-commons-component-api/target/clover/src-instrumented/org/xwiki/component/util/ReflectionUtils.java:[308,73] found raw type: java.lang.reflect.TypeVariable
  missing type arguments for generic class java.lang.reflect.TypeVariable<D>
[WARNING] /tmp/dspot-experiments/dataset/april-2019/xwiki-commons/xwiki-commons-core/xwiki-commons-component/xwiki-commons-component-api/target/clover/src-instrumented/org/xwiki/component/util/ReflectionUtils.java:[324,51] found raw type: java.lang.reflect.TypeVariable
  missing type arguments for generic class java.lang.reflect.TypeVariable<D>
[WARNING] /tmp/dspot-experiments/dataset/april-2019/xwiki-commons/xwiki-commons-core/xwiki-commons-component/xwiki-commons-component-api/target/clover/src-instrumented/org/xwiki/component/util/ReflectionUtils.java:[357,58] found raw type: java.lang.reflect.TypeVariable
  missing type arguments for generic class java.lang.reflect.TypeVariable<D>
[WARNING] /tmp/dspot-experiments/dataset/april-2019/xwiki-commons/xwiki-commons-core/xwiki-commons-component/xwiki-commons-component-api/target/clover/src-instrumented/org/xwiki/component/util/ReflectionUtils.java:[557,62] unchecked cast
  required: T
  found:    java.lang.annotation.Annotation
[INFO] 
[INFO] --- maven-bundle-plugin:2.5.3:manifest (bundle-manifest) @ xwiki-commons-component-api ---
[INFO] 
[INFO] --- maven-resources-plugin:3.0.2:testResources (default-testResources) @ xwiki-commons-component-api ---
[INFO] Using 'UTF-8' encoding to copy filtered resources.
[INFO] skip non existing resourceDirectory /tmp/dspot-experiments/dataset/april-2019/xwiki-commons/xwiki-commons-core/xwiki-commons-component/xwiki-commons-component-api/src/test/resources
[INFO] Copying 2 resources
[INFO] 
[INFO] --- maven-compiler-plugin:3.7.0:testCompile (default-testCompile) @ xwiki-commons-component-api ---
[INFO] Changes detected - recompiling the module!
[INFO] Compiling 9 source files to /tmp/dspot-experiments/dataset/april-2019/xwiki-commons/xwiki-commons-core/xwiki-commons-component/xwiki-commons-component-api/target/test-classes
[WARNING] /tmp/dspot-experiments/dataset/april-2019/xwiki-commons/xwiki-commons-core/xwiki-commons-component/xwiki-commons-component-api/target/clover/src-test-instrumented/org/xwiki/component/descriptor/DefaultComponentDescriptorTest.java:[52,43] found raw type: org.xwiki.component.descriptor.DefaultComponentDescriptor
  missing type arguments for generic class org.xwiki.component.descriptor.DefaultComponentDescriptor<T>
[WARNING] /tmp/dspot-experiments/dataset/april-2019/xwiki-commons/xwiki-commons-core/xwiki-commons-component/xwiki-commons-component-api/target/clover/src-test-instrumented/org/xwiki/component/descriptor/DefaultComponentDescriptorTest.java:[52,80] found raw type: org.xwiki.component.descriptor.DefaultComponentDescriptor
  missing type arguments for generic class org.xwiki.component.descriptor.DefaultComponentDescriptor<T>
[WARNING] /tmp/dspot-experiments/dataset/april-2019/xwiki-commons/xwiki-commons-core/xwiki-commons-component/xwiki-commons-component-api/target/clover/src-test-instrumented/org/xwiki/component/descriptor/DefaultComponentDescriptorTest.java:[53,64] unchecked call to setImplementation(java.lang.Class<? extends T>) as a member of the raw type org.xwiki.component.descriptor.DefaultComponentDescriptor
[WARNING] /tmp/dspot-experiments/dataset/april-2019/xwiki-commons/xwiki-commons-core/xwiki-commons-component/xwiki-commons-component-api/target/clover/src-test-instrumented/org/xwiki/component/descriptor/DefaultComponentDescriptorTest.java:[59,43] found raw type: org.xwiki.component.descriptor.DefaultComponentDescriptor
  missing type arguments for generic class org.xwiki.component.descriptor.DefaultComponentDescriptor<T>
[WARNING] /tmp/dspot-experiments/dataset/april-2019/xwiki-commons/xwiki-commons-core/xwiki-commons-component/xwiki-commons-component-api/target/clover/src-test-instrumented/org/xwiki/component/descriptor/DefaultComponentDescriptorTest.java:[59,80] found raw type: org.xwiki.component.descriptor.DefaultComponentDescriptor
  missing type arguments for generic class org.xwiki.component.descriptor.DefaultComponentDescriptor<T>
[WARNING] /tmp/dspot-experiments/dataset/april-2019/xwiki-commons/xwiki-commons-core/xwiki-commons-component/xwiki-commons-component-api/target/clover/src-test-instrumented/org/xwiki/component/descriptor/DefaultComponentDescriptorTest.java:[60,64] unchecked call to setImplementation(java.lang.Class<? extends T>) as a member of the raw type org.xwiki.component.descriptor.DefaultComponentDescriptor
[WARNING] /tmp/dspot-experiments/dataset/april-2019/xwiki-commons/xwiki-commons-core/xwiki-commons-component/xwiki-commons-component-api/target/clover/src-test-instrumented/org/xwiki/component/descriptor/DefaultComponentDescriptorTest.java:[66,43] found raw type: org.xwiki.component.descriptor.DefaultComponentDescriptor
  missing type arguments for generic class org.xwiki.component.descriptor.DefaultComponentDescriptor<T>
[WARNING] /tmp/dspot-experiments/dataset/april-2019/xwiki-commons/xwiki-commons-core/xwiki-commons-component/xwiki-commons-component-api/target/clover/src-test-instrumented/org/xwiki/component/descriptor/DefaultComponentDescriptorTest.java:[66,80] found raw type: org.xwiki.component.descriptor.DefaultComponentDescriptor
  missing type arguments for generic class org.xwiki.component.descriptor.DefaultComponentDescriptor<T>
[WARNING] /tmp/dspot-experiments/dataset/april-2019/xwiki-commons/xwiki-commons-core/xwiki-commons-component/xwiki-commons-component-api/target/clover/src-test-instrumented/org/xwiki/component/descriptor/DefaultComponentDescriptorTest.java:[67,64] unchecked call to setImplementation(java.lang.Class<? extends T>) as a member of the raw type org.xwiki.component.descriptor.DefaultComponentDescriptor
[WARNING] /tmp/dspot-experiments/dataset/april-2019/xwiki-commons/xwiki-commons-core/xwiki-commons-component/xwiki-commons-component-api/target/clover/src-test-instrumented/org/xwiki/component/descriptor/DefaultComponentDescriptorTest.java:[73,43] found raw type: org.xwiki.component.descriptor.DefaultComponentDescriptor
  missing type arguments for generic class org.xwiki.component.descriptor.DefaultComponentDescriptor<T>
[WARNING] /tmp/dspot-experiments/dataset/april-2019/xwiki-commons/xwiki-commons-core/xwiki-commons-component/xwiki-commons-component-api/target/clover/src-test-instrumented/org/xwiki/component/descriptor/DefaultComponentDescriptorTest.java:[73,80] found raw type: org.xwiki.component.descriptor.DefaultComponentDescriptor
  missing type arguments for generic class org.xwiki.component.descriptor.DefaultComponentDescriptor<T>
[WARNING] /tmp/dspot-experiments/dataset/april-2019/xwiki-commons/xwiki-commons-core/xwiki-commons-component/xwiki-commons-component-api/target/clover/src-test-instrumented/org/xwiki/component/descriptor/DefaultComponentDescriptorTest.java:[74,64] unchecked call to setImplementation(java.lang.Class<? extends T>) as a member of the raw type org.xwiki.component.descriptor.DefaultComponentDescriptor
[WARNING] /tmp/dspot-experiments/dataset/april-2019/xwiki-commons/xwiki-commons-core/xwiki-commons-component/xwiki-commons-component-api/target/clover/src-test-instrumented/org/xwiki/component/descriptor/DefaultComponentDescriptorTest.java:[80,43] found raw type: org.xwiki.component.descriptor.DefaultComponentDescriptor
  missing type arguments for generic class org.xwiki.component.descriptor.DefaultComponentDescriptor<T>
[WARNING] /tmp/dspot-experiments/dataset/april-2019/xwiki-commons/xwiki-commons-core/xwiki-commons-component/xwiki-commons-component-api/target/clover/src-test-instrumented/org/xwiki/component/descriptor/DefaultComponentDescriptorTest.java:[80,80] found raw type: org.xwiki.component.descriptor.DefaultComponentDescriptor
  missing type arguments for generic class org.xwiki.component.descriptor.DefaultComponentDescriptor<T>
[WARNING] /tmp/dspot-experiments/dataset/april-2019/xwiki-commons/xwiki-commons-core/xwiki-commons-component/xwiki-commons-component-api/target/clover/src-test-instrumented/org/xwiki/component/descriptor/DefaultComponentDescriptorTest.java:[81,64] unchecked call to setImplementation(java.lang.Class<? extends T>) as a member of the raw type org.xwiki.component.descriptor.DefaultComponentDescriptor
[WARNING] /tmp/dspot-experiments/dataset/april-2019/xwiki-commons/xwiki-commons-core/xwiki-commons-component/xwiki-commons-component-api/target/clover/src-test-instrumented/org/xwiki/component/descriptor/DefaultComponentDescriptorTest.java:[88,43] found raw type: org.xwiki.component.descriptor.DefaultComponentDescriptor
  missing type arguments for generic class org.xwiki.component.descriptor.DefaultComponentDescriptor<T>
[WARNING] /tmp/dspot-experiments/dataset/april-2019/xwiki-commons/xwiki-commons-core/xwiki-commons-component/xwiki-commons-component-api/target/clover/src-test-instrumented/org/xwiki/component/descriptor/DefaultComponentDescriptorTest.java:[88,80] found raw type: org.xwiki.component.descriptor.DefaultComponentDescriptor
  missing type arguments for generic class org.xwiki.component.descriptor.DefaultComponentDescriptor<T>
[WARNING] /tmp/dspot-experiments/dataset/april-2019/xwiki-commons/xwiki-commons-core/xwiki-commons-component/xwiki-commons-component-api/target/clover/src-test-instrumented/org/xwiki/component/descriptor/DefaultComponentDescriptorTest.java:[89,64] unchecked call to setImplementation(java.lang.Class<? extends T>) as a member of the raw type org.xwiki.component.descriptor.DefaultComponentDescriptor
[WARNING] /tmp/dspot-experiments/dataset/april-2019/xwiki-commons/xwiki-commons-core/xwiki-commons-component/xwiki-commons-component-api/target/clover/src-test-instrumented/org/xwiki/component/descriptor/DefaultComponentDescriptorTest.java:[92,43] found raw type: org.xwiki.component.descriptor.DefaultComponentDependency
  missing type arguments for generic class org.xwiki.component.descriptor.DefaultComponentDependency<T>
[WARNING] /tmp/dspot-experiments/dataset/april-2019/xwiki-commons/xwiki-commons-core/xwiki-commons-component/xwiki-commons-component-api/target/clover/src-test-instrumented/org/xwiki/component/descriptor/DefaultComponentDescriptorTest.java:[92,80] found raw type: org.xwiki.component.descriptor.DefaultComponentDependency
  missing type arguments for generic class org.xwiki.component.descriptor.DefaultComponentDependency<T>
[WARNING] /tmp/dspot-experiments/dataset/april-2019/xwiki-commons/xwiki-commons-core/xwiki-commons-component/xwiki-commons-component-api/target/clover/src-test-instrumented/org/xwiki/component/descriptor/DefaultComponentDescriptorTest.java:[94,61] unchecked call to setMappingType(java.lang.Class<?>) as a member of the raw type org.xwiki.component.descriptor.DefaultComponentDependency
[WARNING] /tmp/dspot-experiments/dataset/april-2019/xwiki-commons/xwiki-commons-core/xwiki-commons-component/xwiki-commons-component-api/target/clover/src-test-instrumented/org/xwiki/component/descriptor/DefaultComponentDescriptorTest.java:[94,46] setMappingType(java.lang.Class<?>) in org.xwiki.component.descriptor.DefaultComponentDependency has been deprecated
[WARNING] /tmp/dspot-experiments/dataset/april-2019/xwiki-commons/xwiki-commons-core/xwiki-commons-component/xwiki-commons-component-api/target/clover/src-test-instrumented/org/xwiki/component/descriptor/DefaultComponentDescriptorTest.java:[95,69] unchecked call to addComponentDependency(org.xwiki.component.descriptor.ComponentDependency<?>) as a member of the raw type org.xwiki.component.descriptor.DefaultComponentDescriptor
[WARNING] /tmp/dspot-experiments/dataset/april-2019/xwiki-commons/xwiki-commons-core/xwiki-commons-component/xwiki-commons-component-api/target/clover/src-test-instrumented/org/xwiki/component/descriptor/DefaultComponentDescriptorTest.java:[99,43] found raw type: org.xwiki.component.descriptor.DefaultComponentDescriptor
  missing type arguments for generic class org.xwiki.component.descriptor.DefaultComponentDescriptor<T>
[WARNING] /tmp/dspot-experiments/dataset/april-2019/xwiki-commons/xwiki-commons-core/xwiki-commons-component/xwiki-commons-component-api/target/clover/src-test-instrumented/org/xwiki/component/descriptor/DefaultComponentDescriptorTest.java:[99,80] found raw type: org.xwiki.component.descriptor.DefaultComponentDescriptor
  missing type arguments for generic class org.xwiki.component.descriptor.DefaultComponentDescriptor<T>
[WARNING] /tmp/dspot-experiments/dataset/april-2019/xwiki-commons/xwiki-commons-core/xwiki-commons-component/xwiki-commons-component-api/target/clover/src-test-instrumented/org/xwiki/component/descriptor/DefaultComponentDescriptorTest.java:[100,64] unchecked call to setImplementation(java.lang.Class<? extends T>) as a member of the raw type org.xwiki.component.descriptor.DefaultComponentDescriptor
[WARNING] /tmp/dspot-experiments/dataset/april-2019/xwiki-commons/xwiki-commons-core/xwiki-commons-component/xwiki-commons-component-api/target/clover/src-test-instrumented/org/xwiki/component/descriptor/DefaultComponentDescriptorTest.java:[103,43] found raw type: org.xwiki.component.descriptor.DefaultComponentDependency
  missing type arguments for generic class org.xwiki.component.descriptor.DefaultComponentDependency<T>
[WARNING] /tmp/dspot-experiments/dataset/april-2019/xwiki-commons/xwiki-commons-core/xwiki-commons-component/xwiki-commons-component-api/target/clover/src-test-instrumented/org/xwiki/component/descriptor/DefaultComponentDescriptorTest.java:[103,81] found raw type: org.xwiki.component.descriptor.DefaultComponentDependency
  missing type arguments for generic class org.xwiki.component.descriptor.DefaultComponentDependency<T>
[WARNING] /tmp/dspot-experiments/dataset/april-2019/xwiki-commons/xwiki-commons-core/xwiki-commons-component/xwiki-commons-component-api/target/clover/src-test-instrumented/org/xwiki/component/descriptor/DefaultComponentDescriptorTest.java:[105,62] unchecked call to setMappingType(java.lang.Class<?>) as a member of the raw type org.xwiki.component.descriptor.DefaultComponentDependency
[WARNING] /tmp/dspot-experiments/dataset/april-2019/xwiki-commons/xwiki-commons-core/xwiki-commons-component/xwiki-commons-component-api/target/clover/src-test-instrumented/org/xwiki/component/descriptor/DefaultComponentDescriptorTest.java:[105,47] setMappingType(java.lang.Class<?>) in org.xwiki.component.descriptor.DefaultComponentDependency has been deprecated
[WARNING] /tmp/dspot-experiments/dataset/april-2019/xwiki-commons/xwiki-commons-core/xwiki-commons-component/xwiki-commons-component-api/target/clover/src-test-instrumented/org/xwiki/component/descriptor/DefaultComponentDescriptorTest.java:[106,69] unchecked call to addComponentDependency(org.xwiki.component.descriptor.ComponentDependency<?>) as a member of the raw type org.xwiki.component.descriptor.DefaultComponentDescriptor
[WARNING] /tmp/dspot-experiments/dataset/april-2019/xwiki-commons/xwiki-commons-core/xwiki-commons-component/xwiki-commons-component-api/target/clover/src-test-instrumented/org/xwiki/component/descriptor/DefaultComponentDescriptorTest.java:[110,43] found raw type: org.xwiki.component.descriptor.DefaultComponentDescriptor
  missing type arguments for generic class org.xwiki.component.descriptor.DefaultComponentDescriptor<T>
[WARNING] /tmp/dspot-experiments/dataset/april-2019/xwiki-commons/xwiki-commons-core/xwiki-commons-component/xwiki-commons-component-api/target/clover/src-test-instrumented/org/xwiki/component/descriptor/DefaultComponentDescriptorTest.java:[110,80] found raw type: org.xwiki.component.descriptor.DefaultComponentDescriptor
  missing type arguments for generic class org.xwiki.component.descriptor.DefaultComponentDescriptor<T>
[WARNING] /tmp/dspot-experiments/dataset/april-2019/xwiki-commons/xwiki-commons-core/xwiki-commons-component/xwiki-commons-component-api/target/clover/src-test-instrumented/org/xwiki/component/descriptor/DefaultComponentDescriptorTest.java:[111,64] unchecked call to setImplementation(java.lang.Class<? extends T>) as a member of the raw type org.xwiki.component.descriptor.DefaultComponentDescriptor
[WARNING] /tmp/dspot-experiments/dataset/april-2019/xwiki-commons/xwiki-commons-core/xwiki-commons-component/xwiki-commons-component-api/target/clover/src-test-instrumented/org/xwiki/component/descriptor/DefaultComponentDescriptorTest.java:[114,43] found raw type: org.xwiki.component.descriptor.DefaultComponentDependency
  missing type arguments for generic class org.xwiki.component.descriptor.DefaultComponentDependency<T>
[WARNING] /tmp/dspot-experiments/dataset/april-2019/xwiki-commons/xwiki-commons-core/xwiki-commons-component/xwiki-commons-component-api/target/clover/src-test-instrumented/org/xwiki/component/descriptor/DefaultComponentDescriptorTest.java:[114,81] found raw type: org.xwiki.component.descriptor.DefaultComponentDependency
  missing type arguments for generic class org.xwiki.component.descriptor.DefaultComponentDependency<T>
[WARNING] /tmp/dspot-experiments/dataset/april-2019/xwiki-commons/xwiki-commons-core/xwiki-commons-component/xwiki-commons-component-api/target/clover/src-test-instrumented/org/xwiki/component/descriptor/DefaultComponentDescriptorTest.java:[116,62] unchecked call to setMappingType(java.lang.Class<?>) as a member of the raw type org.xwiki.component.descriptor.DefaultComponentDependency
[WARNING] /tmp/dspot-experiments/dataset/april-2019/xwiki-commons/xwiki-commons-core/xwiki-commons-component/xwiki-commons-component-api/target/clover/src-test-instrumented/org/xwiki/component/descriptor/DefaultComponentDescriptorTest.java:[116,47] setMappingType(java.lang.Class<?>) in org.xwiki.component.descriptor.DefaultComponentDependency has been deprecated
[WARNING] /tmp/dspot-experiments/dataset/april-2019/xwiki-commons/xwiki-commons-core/xwiki-commons-component/xwiki-commons-component-api/target/clover/src-test-instrumented/org/xwiki/component/descriptor/DefaultComponentDescriptorTest.java:[117,69] unchecked call to addComponentDependency(org.xwiki.component.descriptor.ComponentDependency<?>) as a member of the raw type org.xwiki.component.descriptor.DefaultComponentDescriptor
[WARNING] /tmp/dspot-experiments/dataset/april-2019/xwiki-commons/xwiki-commons-core/xwiki-commons-component/xwiki-commons-component-api/target/clover/src-test-instrumented/org/xwiki/component/descriptor/DefaultComponentDescriptorTest.java:[118,69] unchecked call to addComponentDependency(org.xwiki.component.descriptor.ComponentDependency<?>) as a member of the raw type org.xwiki.component.descriptor.DefaultComponentDescriptor
[WARNING] /tmp/dspot-experiments/dataset/april-2019/xwiki-commons/xwiki-commons-core/xwiki-commons-component/xwiki-commons-component-api/target/clover/src-test-instrumented/org/xwiki/component/descriptor/DefaultComponentRoleTest.java:[44,43] found raw type: org.xwiki.component.descriptor.DefaultComponentRole
  missing type arguments for generic class org.xwiki.component.descriptor.DefaultComponentRole<T>
[WARNING] /tmp/dspot-experiments/dataset/april-2019/xwiki-commons/xwiki-commons-core/xwiki-commons-component/xwiki-commons-component-api/target/clover/src-test-instrumented/org/xwiki/component/descriptor/DefaultComponentRoleTest.java:[44,74] found raw type: org.xwiki.component.descriptor.DefaultComponentRole
  missing type arguments for generic class org.xwiki.component.descriptor.DefaultComponentRole<T>
[WARNING] /tmp/dspot-experiments/dataset/april-2019/xwiki-commons/xwiki-commons-core/xwiki-commons-component/xwiki-commons-component-api/target/clover/src-test-instrumented/org/xwiki/component/descriptor/DefaultComponentRoleTest.java:[50,43] found raw type: org.xwiki.component.descriptor.DefaultComponentRole
  missing type arguments for generic class org.xwiki.component.descriptor.DefaultComponentRole<T>
[WARNING] /tmp/dspot-experiments/dataset/april-2019/xwiki-commons/xwiki-commons-core/xwiki-commons-component/xwiki-commons-component-api/target/clover/src-test-instrumented/org/xwiki/component/descriptor/DefaultComponentRoleTest.java:[50,74] found raw type: org.xwiki.component.descriptor.DefaultComponentRole
  missing type arguments for generic class org.xwiki.component.descriptor.DefaultComponentRole<T>
[WARNING] /tmp/dspot-experiments/dataset/april-2019/xwiki-commons/xwiki-commons-core/xwiki-commons-component/xwiki-commons-component-api/target/clover/src-test-instrumented/org/xwiki/component/descriptor/DefaultComponentRoleTest.java:[56,43] found raw type: org.xwiki.component.descriptor.DefaultComponentRole
  missing type arguments for generic class org.xwiki.component.descriptor.DefaultComponentRole<T>
[WARNING] /tmp/dspot-experiments/dataset/april-2019/xwiki-commons/xwiki-commons-core/xwiki-commons-component/xwiki-commons-component-api/target/clover/src-test-instrumented/org/xwiki/component/descriptor/DefaultComponentRoleTest.java:[56,74] found raw type: org.xwiki.component.descriptor.DefaultComponentRole
  missing type arguments for generic class org.xwiki.component.descriptor.DefaultComponentRole<T>
[WARNING] /tmp/dspot-experiments/dataset/april-2019/xwiki-commons/xwiki-commons-core/xwiki-commons-component/xwiki-commons-component-api/target/clover/src-test-instrumented/org/xwiki/component/descriptor/DefaultComponentRoleTest.java:[62,43] found raw type: org.xwiki.component.descriptor.DefaultComponentRole
  missing type arguments for generic class org.xwiki.component.descriptor.DefaultComponentRole<T>
[WARNING] /tmp/dspot-experiments/dataset/april-2019/xwiki-commons/xwiki-commons-core/xwiki-commons-component/xwiki-commons-component-api/target/clover/src-test-instrumented/org/xwiki/component/descriptor/DefaultComponentRoleTest.java:[62,74] found raw type: org.xwiki.component.descriptor.DefaultComponentRole
  missing type arguments for generic class org.xwiki.component.descriptor.DefaultComponentRole<T>
[INFO] 
[INFO] --- maven-surefire-plugin:2.19.1:test (default-test) @ xwiki-commons-component-api ---

-------------------------------------------------------
 T E S T S
-------------------------------------------------------
Running org.xwiki.component.util.ReflectionMethodUtilsTest
Tests run: 1, Failures: 0, Errors: 0, Skipped: 0, Time elapsed: 0.078 sec - in org.xwiki.component.util.ReflectionMethodUtilsTest
Running org.xwiki.component.util.ReflectionUtilsTest
Tests run: 12, Failures: 0, Errors: 0, Skipped: 0, Time elapsed: 0.011 sec - in org.xwiki.component.util.ReflectionUtilsTest
Running org.xwiki.component.descriptor.DefaultComponentRoleTest
Tests run: 1, Failures: 0, Errors: 0, Skipped: 0, Time elapsed: 0.006 sec - in org.xwiki.component.descriptor.DefaultComponentRoleTest
Running org.xwiki.component.descriptor.DefaultComponentDescriptorTest
Tests run: 1, Failures: 0, Errors: 0, Skipped: 0, Time elapsed: 0.006 sec - in org.xwiki.component.descriptor.DefaultComponentDescriptorTest
Running org.xwiki.component.internal.namespace.NamespaceUtilsTest
Tests run: 2, Failures: 0, Errors: 0, Skipped: 0, Time elapsed: 0.012 sec - in org.xwiki.component.internal.namespace.NamespaceUtilsTest
Running org.xwiki.component.internal.namespace.DefaultNamespaceValidatorTest
Tests run: 3, Failures: 0, Errors: 0, Skipped: 0, Time elapsed: 0.007 sec - in org.xwiki.component.internal.namespace.DefaultNamespaceValidatorTest

Results :

Tests run: 20, Failures: 0, Errors: 0, Skipped: 0

[INFO] ------------------------------------------------------------------------
[INFO] BUILD SUCCESS
[INFO] ------------------------------------------------------------------------
[INFO] Total time: 14.708 s
[INFO] Finished at: 2019-04-18T15:55:12+02:00
[INFO] ------------------------------------------------------------------------
Writing HTML report to '/tmp/dspot-experiments/dataset/april-2019/xwiki-commons/xwiki-commons-core/xwiki-commons-component/xwiki-commons-component-api/target/clover/report'
Done. Processed 9 packages in 1447ms (160ms per package).
[INFO] /tmp/dspot-experiments/dataset/april-2019/xwiki-commons/xwiki-commons-core/xwiki-commons-component/xwiki-commons-component-api/src/main/java/org/xwiki/component/namespace/NamespaceUtils.java
[INFO] /tmp/dspot-experiments/dataset/april-2019/xwiki-commons_parent/xwiki-commons-core/xwiki-commons-component/xwiki-commons-component-api/src/main/java/org/xwiki/component/namespace/NamespaceUtils.java
[INFO] org.xwiki.component.namespace.NamespaceUtils:33 is modified.
[INFO] org.xwiki.component.namespace.NamespaceUtils:36 is modified.
[INFO] org.xwiki.component.namespace.NamespaceUtils:37 is modified.
[INFO] org.xwiki.component.namespace.NamespaceUtils:38 is modified.
[INFO] org.xwiki.component.namespace.NamespaceUtils:73 is modified.
[INFO] org.xwiki.component.namespace.NamespaceUtils:73 is modified.
[INFO] org.xwiki.component.namespace.NamespaceUtils:74 is modified.
[INFO] org.xwiki.component.namespace.NamespaceUtils:73 covered.
[INFO] org.xwiki.component.namespace.NamespaceUtils:36 covered.
[INFO] org.xwiki.component.namespace.NamespaceUtils:37 covered.
[INFO] org.xwiki.component.namespace.NamespaceUtils:38 covered.
[INFO] org.xwiki.component.namespace.NamespaceUtils:74 covered.
[INFO] /tmp/dspot-experiments/dataset/april-2019/xwiki-commons/xwiki-commons-core/xwiki-commons-component/xwiki-commons-component-api/src/test/java/org/xwiki/component/internal/namespace/NamespaceUtilsTest.java
[INFO] /tmp/dspot-experiments/dataset/april-2019/xwiki-commons_parent/xwiki-commons-core/xwiki-commons-component/xwiki-commons-component-api/src/test/java/org/xwiki/component/internal/namespace/NamespaceUtilsTest.java
[INFO] org.xwiki.component.internal.namespace.NamespaceUtilsTest:54 is modified.
[INFO] org.xwiki.component.internal.namespace.NamespaceUtilsTest:54 is modified.
[INFO] org.xwiki.component.internal.namespace.NamespaceUtilsTest:54 covered.
[INFO] Saving result in /tmp/dspot-experiments/results/april-2019/xwiki-commons/commit_7_78ff099/commit_coverage_testsThatExecuteTheChanges.csv ...
[INFO] org.xwiki.component.internal.namespace.NamespaceUtilsTest;getPrefix;toNamespace
[INFO] Writing Coverage in /tmp/dspot-experiments/results/april-2019/xwiki-commons/commit_7_78ff099/commit_coverage_testsThatExecuteTheChanges_coverage.csv
[INFO] org.xwiki.component.namespace.NamespaceUtils;5;6

[INFO] org.xwiki.component.internal.namespace.NamespaceUtilsTest;1;1

[INFO] total;6;7

[INFO] ------------------------------------------------------------------------
[INFO] BUILD SUCCESS
[INFO] ------------------------------------------------------------------------
[INFO] Total time: 22.033 s
[INFO] Finished at: 2019-04-18T15:55:15+02:00
[INFO] ------------------------------------------------------------------------
2019-04-18 15:55:16,198 INFO eu.stamp_project.dci.repositories.RepositoriesSetter - {/tmp/dspot-experiments/dataset/april-2019/xwiki-commons} Cleaning local repository...
2019-04-18 15:55:16,759 INFO eu.stamp_project.dci.repositories.RepositoriesSetter - Checkout 1b797142d13fa4c63c5c720fb664b245bbcd445d revision...
2019-04-18 15:55:17,237 INFO eu.stamp_project.dci.repositories.RepositoriesSetter - {/tmp/dspot-experiments/dataset/april-2019/xwiki-commons_parent} Cleaning local repository...
2019-04-18 15:55:17,512 INFO eu.stamp_project.dci.repositories.RepositoriesSetter - Checkout 6b19685416a0250981f06f2922dc6ef0fa7241a3 revision...
