Apache Maven 3.5.4 (1edded0938998edf8bf061f1ceb3cfdeccf443fe; 2018-06-17T20:33:14+02:00)
Maven home: /home/spirals/danglot/apache-maven-3.5.4
Java version: 1.8.0_121, vendor: Oracle Corporation, runtime: /home/spirals/danglot/jdk1.8.0_121/jre
Default locale: en_US, platform encoding: ANSI_X3.4-1968
OS name: "linux", version: "3.16.0-4-amd64", arch: "amd64", family: "unix"
[DEBUG] Created new class realm maven.api
[DEBUG] Importing foreign packages into class realm maven.api
[DEBUG]   Imported: javax.annotation.* < plexus.core
[DEBUG]   Imported: javax.annotation.security.* < plexus.core
[DEBUG]   Imported: javax.enterprise.inject.* < plexus.core
[DEBUG]   Imported: javax.enterprise.util.* < plexus.core
[DEBUG]   Imported: javax.inject.* < plexus.core
[DEBUG]   Imported: org.apache.maven.* < plexus.core
[DEBUG]   Imported: org.apache.maven.artifact < plexus.core
[DEBUG]   Imported: org.apache.maven.classrealm < plexus.core
[DEBUG]   Imported: org.apache.maven.cli < plexus.core
[DEBUG]   Imported: org.apache.maven.configuration < plexus.core
[DEBUG]   Imported: org.apache.maven.exception < plexus.core
[DEBUG]   Imported: org.apache.maven.execution < plexus.core
[DEBUG]   Imported: org.apache.maven.execution.scope < plexus.core
[DEBUG]   Imported: org.apache.maven.lifecycle < plexus.core
[DEBUG]   Imported: org.apache.maven.model < plexus.core
[DEBUG]   Imported: org.apache.maven.monitor < plexus.core
[DEBUG]   Imported: org.apache.maven.plugin < plexus.core
[DEBUG]   Imported: org.apache.maven.profiles < plexus.core
[DEBUG]   Imported: org.apache.maven.project < plexus.core
[DEBUG]   Imported: org.apache.maven.reporting < plexus.core
[DEBUG]   Imported: org.apache.maven.repository < plexus.core
[DEBUG]   Imported: org.apache.maven.rtinfo < plexus.core
[DEBUG]   Imported: org.apache.maven.settings < plexus.core
[DEBUG]   Imported: org.apache.maven.toolchain < plexus.core
[DEBUG]   Imported: org.apache.maven.usability < plexus.core
[DEBUG]   Imported: org.apache.maven.wagon.* < plexus.core
[DEBUG]   Imported: org.apache.maven.wagon.authentication < plexus.core
[DEBUG]   Imported: org.apache.maven.wagon.authorization < plexus.core
[DEBUG]   Imported: org.apache.maven.wagon.events < plexus.core
[DEBUG]   Imported: org.apache.maven.wagon.observers < plexus.core
[DEBUG]   Imported: org.apache.maven.wagon.proxy < plexus.core
[DEBUG]   Imported: org.apache.maven.wagon.repository < plexus.core
[DEBUG]   Imported: org.apache.maven.wagon.resource < plexus.core
[DEBUG]   Imported: org.codehaus.classworlds < plexus.core
[DEBUG]   Imported: org.codehaus.plexus.* < plexus.core
[DEBUG]   Imported: org.codehaus.plexus.classworlds < plexus.core
[DEBUG]   Imported: org.codehaus.plexus.component < plexus.core
[DEBUG]   Imported: org.codehaus.plexus.configuration < plexus.core
[DEBUG]   Imported: org.codehaus.plexus.container < plexus.core
[DEBUG]   Imported: org.codehaus.plexus.context < plexus.core
[DEBUG]   Imported: org.codehaus.plexus.lifecycle < plexus.core
[DEBUG]   Imported: org.codehaus.plexus.logging < plexus.core
[DEBUG]   Imported: org.codehaus.plexus.personality < plexus.core
[DEBUG]   Imported: org.codehaus.plexus.util.xml.Xpp3Dom < plexus.core
[DEBUG]   Imported: org.codehaus.plexus.util.xml.pull.XmlPullParser < plexus.core
[DEBUG]   Imported: org.codehaus.plexus.util.xml.pull.XmlPullParserException < plexus.core
[DEBUG]   Imported: org.codehaus.plexus.util.xml.pull.XmlSerializer < plexus.core
[DEBUG]   Imported: org.eclipse.aether.* < plexus.core
[DEBUG]   Imported: org.eclipse.aether.artifact < plexus.core
[DEBUG]   Imported: org.eclipse.aether.collection < plexus.core
[DEBUG]   Imported: org.eclipse.aether.deployment < plexus.core
[DEBUG]   Imported: org.eclipse.aether.graph < plexus.core
[DEBUG]   Imported: org.eclipse.aether.impl < plexus.core
[DEBUG]   Imported: org.eclipse.aether.installation < plexus.core
[DEBUG]   Imported: org.eclipse.aether.internal.impl < plexus.core
[DEBUG]   Imported: org.eclipse.aether.metadata < plexus.core
[DEBUG]   Imported: org.eclipse.aether.repository < plexus.core
[DEBUG]   Imported: org.eclipse.aether.resolution < plexus.core
[DEBUG]   Imported: org.eclipse.aether.spi < plexus.core
[DEBUG]   Imported: org.eclipse.aether.transfer < plexus.core
[DEBUG]   Imported: org.eclipse.aether.version < plexus.core
[DEBUG]   Imported: org.fusesource.jansi.* < plexus.core
[DEBUG]   Imported: org.slf4j.* < plexus.core
[DEBUG]   Imported: org.slf4j.helpers.* < plexus.core
[DEBUG]   Imported: org.slf4j.spi.* < plexus.core
[DEBUG] Populating class realm maven.api
[INFO] Error stacktraces are turned on.
[DEBUG] Message scheme: color
[DEBUG] Message styles: debug info warning error success failure strong mojo project
[DEBUG] Reading global settings from /home/spirals/danglot/apache-maven-3.5.4/conf/settings.xml
[DEBUG] Reading user settings from /home/spirals/danglot/.m2/settings.xml
[DEBUG] Reading global toolchains from /home/spirals/danglot/apache-maven-3.5.4/conf/toolchains.xml
[DEBUG] Reading user toolchains from /home/spirals/danglot/.m2/toolchains.xml
[DEBUG] Using local repository at /home/spirals/danglot/.m2/repository
[DEBUG] Using manager EnhancedLocalRepositoryManager with priority 10.0 for /home/spirals/danglot/.m2/repository
[INFO] Scanning for projects...
[DEBUG] Extension realms for project org.xwiki.commons:xwiki-commons-component-default:jar:9.10-SNAPSHOT: (none)
[DEBUG] Looking up lifecycle mappings for packaging jar from ClassRealm[plexus.core, parent: null]
[DEBUG] Extension realms for project org.xwiki.commons:xwiki-commons-component:pom:9.10-SNAPSHOT: (none)
[DEBUG] Looking up lifecycle mappings for packaging pom from ClassRealm[plexus.core, parent: null]
[DEBUG] Extension realms for project org.xwiki.commons:xwiki-commons-core:pom:9.10-SNAPSHOT: (none)
[DEBUG] Looking up lifecycle mappings for packaging pom from ClassRealm[plexus.core, parent: null]
[DEBUG] Extension realms for project org.xwiki.commons:xwiki-commons-pom:pom:9.10-SNAPSHOT: (none)
[DEBUG] Looking up lifecycle mappings for packaging pom from ClassRealm[plexus.core, parent: null]
[DEBUG] Extension realms for project org.xwiki.commons:xwiki-commons:pom:9.10-SNAPSHOT: (none)
[DEBUG] Looking up lifecycle mappings for packaging pom from ClassRealm[plexus.core, parent: null]
[WARNING] 
[WARNING] Some problems were encountered while building the effective model for org.xwiki.commons:xwiki-commons-component-default:jar:9.10-SNAPSHOT
[WARNING] Reporting configuration should be done in <reporting> section, not in maven-site-plugin <configuration> as reportPlugins parameter.
[WARNING] 
[WARNING] It is highly recommended to fix these problems because they threaten the stability of your build.
[WARNING] 
[WARNING] For this reason, future Maven versions might no longer support building such malformed projects.
[WARNING] 
[DEBUG] === REACTOR BUILD PLAN ================================================
[DEBUG] Project: org.xwiki.commons:xwiki-commons-component-default:jar:9.10-SNAPSHOT
[DEBUG] Tasks:   [clean, eu.stamp-project:diff-test-selection:0.5-SNAPSHOT:list]
[DEBUG] Style:   Regular
[DEBUG] =======================================================================
[INFO] 
[INFO] ---------< org.xwiki.commons:xwiki-commons-component-default >----------
[INFO] Building XWiki Commons - Component - Default Implementation 9.10-SNAPSHOT
[INFO] --------------------------------[ jar ]---------------------------------
[DEBUG] Lifecycle default -> [validate, initialize, generate-sources, process-sources, generate-resources, process-resources, compile, process-classes, generate-test-sources, process-test-sources, generate-test-resources, process-test-resources, test-compile, process-test-classes, test, prepare-package, package, pre-integration-test, integration-test, post-integration-test, verify, install, deploy]
[DEBUG] Lifecycle clean -> [pre-clean, clean, post-clean]
[DEBUG] Lifecycle site -> [pre-site, site, post-site, site-deploy]
[DEBUG] Lifecycle default -> [validate, initialize, generate-sources, process-sources, generate-resources, process-resources, compile, process-classes, generate-test-sources, process-test-sources, generate-test-resources, process-test-resources, test-compile, process-test-classes, test, prepare-package, package, pre-integration-test, integration-test, post-integration-test, verify, install, deploy]
[DEBUG] Lifecycle clean -> [pre-clean, clean, post-clean]
[DEBUG] Lifecycle site -> [pre-site, site, post-site, site-deploy]
[DEBUG] Lifecycle default -> [validate, initialize, generate-sources, process-sources, generate-resources, process-resources, compile, process-classes, generate-test-sources, process-test-sources, generate-test-resources, process-test-resources, test-compile, process-test-classes, test, prepare-package, package, pre-integration-test, integration-test, post-integration-test, verify, install, deploy]
[DEBUG] Lifecycle clean -> [pre-clean, clean, post-clean]
[DEBUG] Lifecycle site -> [pre-site, site, post-site, site-deploy]
[DEBUG] === PROJECT BUILD PLAN ================================================
[DEBUG] Project:       org.xwiki.commons:xwiki-commons-component-default:9.10-SNAPSHOT
[DEBUG] Dependencies (collect): []
[DEBUG] Dependencies (resolve): []
[DEBUG] Repositories (dependencies): [central (https://repo.maven.apache.org/maven2, default, releases)]
[DEBUG] Repositories (plugins)     : [central (https://repo.maven.apache.org/maven2, default, releases)]
[DEBUG] -----------------------------------------------------------------------
[DEBUG] Goal:          org.apache.maven.plugins:maven-clean-plugin:3.0.0:clean (default-clean)
[DEBUG] Style:         Regular
[DEBUG] Configuration: <?xml version="1.0" encoding="UTF-8"?>
<configuration>
  <directory default-value="${project.build.directory}"/>
  <excludeDefaultDirectories default-value="false">${maven.clean.excludeDefaultDirectories}</excludeDefaultDirectories>
  <failOnError default-value="true">${maven.clean.failOnError}</failOnError>
  <followSymLinks default-value="false">${maven.clean.followSymLinks}</followSymLinks>
  <outputDirectory default-value="${project.build.outputDirectory}"/>
  <reportDirectory default-value="${project.build.outputDirectory}"/>
  <retryOnError default-value="true">${maven.clean.retryOnError}</retryOnError>
  <skip default-value="false">${maven.clean.skip}</skip>
  <testOutputDirectory default-value="${project.build.testOutputDirectory}"/>
  <verbose>${maven.clean.verbose}</verbose>
</configuration>
[DEBUG] -----------------------------------------------------------------------
[DEBUG] Goal:          eu.stamp-project:diff-test-selection:0.5-SNAPSHOT:list (default-cli)
[DEBUG] Style:         Regular
[DEBUG] Configuration: <?xml version="1.0" encoding="UTF-8"?>
<configuration>
  <module default-value="">${module}</module>
  <outputPath default-value="">${outputPath}</outputPath>
  <pathToDiff>${pathToDiff}</pathToDiff>
  <pathToOtherVersion>${pathToOtherVersion}</pathToOtherVersion>
  <project default-value="${project}"/>
  <report default-value="CSV">${report}</report>
  <skipCoverage>${skipCoverage}</skipCoverage>
</configuration>
[DEBUG] =======================================================================
[INFO] 
[INFO] --- maven-clean-plugin:3.0.0:clean (default-clean) @ xwiki-commons-component-default ---
[DEBUG] Dependency collection stats: {ConflictMarker.analyzeTime=1102036, ConflictMarker.markTime=623383, ConflictMarker.nodeCount=15, ConflictIdSorter.graphTime=607697, ConflictIdSorter.topsortTime=497526, ConflictIdSorter.conflictIdCount=13, ConflictIdSorter.conflictIdCycleCount=0, ConflictResolver.totalTime=6187080, ConflictResolver.conflictItemCount=15, DefaultDependencyCollector.collectTime=191865110, DefaultDependencyCollector.transformTime=12103176}
[DEBUG] org.apache.maven.plugins:maven-clean-plugin:jar:3.0.0:
[DEBUG]    org.apache.maven:maven-plugin-api:jar:3.0:compile
[DEBUG]       org.apache.maven:maven-model:jar:3.0:compile
[DEBUG]          org.codehaus.plexus:plexus-utils:jar:2.0.4:compile
[DEBUG]       org.apache.maven:maven-artifact:jar:3.0:compile
[DEBUG]       org.sonatype.sisu:sisu-inject-plexus:jar:1.4.2:compile
[DEBUG]          org.codehaus.plexus:plexus-component-annotations:jar:1.5.5:compile
[DEBUG]          org.codehaus.plexus:plexus-classworlds:jar:2.2.3:compile
[DEBUG]          org.sonatype.sisu:sisu-inject-bean:jar:1.4.2:compile
[DEBUG]             org.sonatype.sisu:sisu-guice:jar:noaop:2.1.7:compile
[DEBUG]    org.apache.maven.shared:maven-shared-utils:jar:3.0.0:compile
[DEBUG]       commons-io:commons-io:jar:2.4:compile
[DEBUG]       com.google.code.findbugs:jsr305:jar:2.0.1:compile
[DEBUG] Created new class realm plugin>org.apache.maven.plugins:maven-clean-plugin:3.0.0
[DEBUG] Importing foreign packages into class realm plugin>org.apache.maven.plugins:maven-clean-plugin:3.0.0
[DEBUG]   Imported:  < maven.api
[DEBUG] Populating class realm plugin>org.apache.maven.plugins:maven-clean-plugin:3.0.0
[DEBUG]   Included: org.apache.maven.plugins:maven-clean-plugin:jar:3.0.0
[DEBUG]   Included: org.codehaus.plexus:plexus-utils:jar:2.0.4
[DEBUG]   Included: org.codehaus.plexus:plexus-component-annotations:jar:1.5.5
[DEBUG]   Included: org.sonatype.sisu:sisu-inject-bean:jar:1.4.2
[DEBUG]   Included: org.sonatype.sisu:sisu-guice:jar:noaop:2.1.7
[DEBUG]   Included: org.apache.maven.shared:maven-shared-utils:jar:3.0.0
[DEBUG]   Included: commons-io:commons-io:jar:2.4
[DEBUG]   Included: com.google.code.findbugs:jsr305:jar:2.0.1
[DEBUG] Configuring mojo org.apache.maven.plugins:maven-clean-plugin:3.0.0:clean from plugin realm ClassRealm[plugin>org.apache.maven.plugins:maven-clean-plugin:3.0.0, parent: sun.misc.Launcher$AppClassLoader@55f96302]
[DEBUG] Configuring mojo 'org.apache.maven.plugins:maven-clean-plugin:3.0.0:clean' with basic configurator -->
[DEBUG]   (f) directory = /tmp/icst-2019/september-2018/dataset/xwiki-commons/xwiki-commons-core/xwiki-commons-component/xwiki-commons-component-default/target
[DEBUG]   (f) excludeDefaultDirectories = false
[DEBUG]   (f) failOnError = true
[DEBUG]   (f) followSymLinks = false
[DEBUG]   (f) outputDirectory = /tmp/icst-2019/september-2018/dataset/xwiki-commons/xwiki-commons-core/xwiki-commons-component/xwiki-commons-component-default/target/classes
[DEBUG]   (f) reportDirectory = /tmp/icst-2019/september-2018/dataset/xwiki-commons/xwiki-commons-core/xwiki-commons-component/xwiki-commons-component-default/target/classes
[DEBUG]   (f) retryOnError = true
[DEBUG]   (f) skip = false
[DEBUG]   (f) testOutputDirectory = /tmp/icst-2019/september-2018/dataset/xwiki-commons/xwiki-commons-core/xwiki-commons-component/xwiki-commons-component-default/target/test-classes
[DEBUG] -- end configuration --
[INFO] Deleting /tmp/icst-2019/september-2018/dataset/xwiki-commons/xwiki-commons-core/xwiki-commons-component/xwiki-commons-component-default/target
[INFO] Deleting file /tmp/icst-2019/september-2018/dataset/xwiki-commons/xwiki-commons-core/xwiki-commons-component/xwiki-commons-component-default/target/classes/org/xwiki/component/internal/Composable.class
[INFO] Deleting file /tmp/icst-2019/september-2018/dataset/xwiki-commons/xwiki-commons-core/xwiki-commons-component/xwiki-commons-component-default/target/classes/org/xwiki/component/internal/embed/EmbeddableComponentManagerFactory.class
[INFO] Deleting directory /tmp/icst-2019/september-2018/dataset/xwiki-commons/xwiki-commons-core/xwiki-commons-component/xwiki-commons-component-default/target/classes/org/xwiki/component/internal/embed
[INFO] Deleting file /tmp/icst-2019/september-2018/dataset/xwiki-commons/xwiki-commons-core/xwiki-commons-component/xwiki-commons-component-default/target/classes/org/xwiki/component/internal/RootComponentManager.class
[INFO] Deleting file /tmp/icst-2019/september-2018/dataset/xwiki-commons/xwiki-commons-core/xwiki-commons-component/xwiki-commons-component-default/target/classes/org/xwiki/component/internal/StackingComponentEventManager$ComponentEventEntry.class
[INFO] Deleting file /tmp/icst-2019/september-2018/dataset/xwiki-commons/xwiki-commons-core/xwiki-commons-component/xwiki-commons-component-default/target/classes/org/xwiki/component/internal/RoleHint.class
[INFO] Deleting file /tmp/icst-2019/september-2018/dataset/xwiki-commons/xwiki-commons-core/xwiki-commons-component/xwiki-commons-component-default/target/classes/org/xwiki/component/internal/StackingComponentEventManager.class
[INFO] Deleting file /tmp/icst-2019/september-2018/dataset/xwiki-commons/xwiki-commons-core/xwiki-commons-component/xwiki-commons-component-default/target/classes/org/xwiki/component/internal/ContextComponentManagerProvider.class
[INFO] Deleting directory /tmp/icst-2019/september-2018/dataset/xwiki-commons/xwiki-commons-core/xwiki-commons-component/xwiki-commons-component-default/target/classes/org/xwiki/component/internal
[INFO] Deleting file /tmp/icst-2019/september-2018/dataset/xwiki-commons/xwiki-commons-core/xwiki-commons-component/xwiki-commons-component-default/target/classes/org/xwiki/component/embed/EmbeddableComponentManager$ComponentEntry.class
[INFO] Deleting file /tmp/icst-2019/september-2018/dataset/xwiki-commons/xwiki-commons-core/xwiki-commons-component/xwiki-commons-component-default/target/classes/org/xwiki/component/embed/EmbeddableComponentManager$1.class
[INFO] Deleting file /tmp/icst-2019/september-2018/dataset/xwiki-commons/xwiki-commons-core/xwiki-commons-component/xwiki-commons-component-default/target/classes/org/xwiki/component/embed/GenericProvider.class
[INFO] Deleting file /tmp/icst-2019/september-2018/dataset/xwiki-commons/xwiki-commons-core/xwiki-commons-component/xwiki-commons-component-default/target/classes/org/xwiki/component/embed/InitializableLifecycleHandler.class
[INFO] Deleting file /tmp/icst-2019/september-2018/dataset/xwiki-commons/xwiki-commons-core/xwiki-commons-component/xwiki-commons-component-default/target/classes/org/xwiki/component/embed/LifecycleHandler.class
[INFO] Deleting file /tmp/icst-2019/september-2018/dataset/xwiki-commons/xwiki-commons-core/xwiki-commons-component/xwiki-commons-component-default/target/classes/org/xwiki/component/embed/EmbeddableComponentManager.class
[INFO] Deleting file /tmp/icst-2019/september-2018/dataset/xwiki-commons/xwiki-commons-core/xwiki-commons-component/xwiki-commons-component-default/target/classes/org/xwiki/component/embed/ComposableLifecycleHandler.class
[INFO] Deleting directory /tmp/icst-2019/september-2018/dataset/xwiki-commons/xwiki-commons-core/xwiki-commons-component/xwiki-commons-component-default/target/classes/org/xwiki/component/embed
[INFO] Deleting file /tmp/icst-2019/september-2018/dataset/xwiki-commons/xwiki-commons-core/xwiki-commons-component/xwiki-commons-component-default/target/classes/org/xwiki/component/annotation/ComponentDependencyFactory.class
[INFO] Deleting file /tmp/icst-2019/september-2018/dataset/xwiki-commons/xwiki-commons-core/xwiki-commons-component/xwiki-commons-component-default/target/classes/org/xwiki/component/annotation/AbstractComponentDependencyFactory.class
[INFO] Deleting file /tmp/icst-2019/september-2018/dataset/xwiki-commons/xwiki-commons-core/xwiki-commons-component/xwiki-commons-component-default/target/classes/org/xwiki/component/annotation/ComponentDeclaration.class
[INFO] Deleting file /tmp/icst-2019/september-2018/dataset/xwiki-commons/xwiki-commons-core/xwiki-commons-component/xwiki-commons-component-default/target/classes/org/xwiki/component/annotation/ComponentAnnotationLoader.class
[INFO] Deleting file /tmp/icst-2019/september-2018/dataset/xwiki-commons/xwiki-commons-core/xwiki-commons-component/xwiki-commons-component-default/target/classes/org/xwiki/component/annotation/ComponentDescriptorFactory.class
[INFO] Deleting file /tmp/icst-2019/september-2018/dataset/xwiki-commons/xwiki-commons-core/xwiki-commons-component/xwiki-commons-component-default/target/classes/org/xwiki/component/annotation/DefaultComponentDependencyFactory.class
[INFO] Deleting directory /tmp/icst-2019/september-2018/dataset/xwiki-commons/xwiki-commons-core/xwiki-commons-component/xwiki-commons-component-default/target/classes/org/xwiki/component/annotation
[INFO] Deleting directory /tmp/icst-2019/september-2018/dataset/xwiki-commons/xwiki-commons-core/xwiki-commons-component/xwiki-commons-component-default/target/classes/org/xwiki/component
[INFO] Deleting directory /tmp/icst-2019/september-2018/dataset/xwiki-commons/xwiki-commons-core/xwiki-commons-component/xwiki-commons-component-default/target/classes/org/xwiki
[INFO] Deleting directory /tmp/icst-2019/september-2018/dataset/xwiki-commons/xwiki-commons-core/xwiki-commons-component/xwiki-commons-component-default/target/classes/org
[INFO] Deleting file /tmp/icst-2019/september-2018/dataset/xwiki-commons/xwiki-commons-core/xwiki-commons-component/xwiki-commons-component-default/target/classes/META-INF/MANIFEST.MF
[INFO] Deleting file /tmp/icst-2019/september-2018/dataset/xwiki-commons/xwiki-commons-core/xwiki-commons-component/xwiki-commons-component-default/target/classes/META-INF/LICENSE
[INFO] Deleting file /tmp/icst-2019/september-2018/dataset/xwiki-commons/xwiki-commons-core/xwiki-commons-component/xwiki-commons-component-default/target/classes/META-INF/NOTICE
[INFO] Deleting file /tmp/icst-2019/september-2018/dataset/xwiki-commons/xwiki-commons-core/xwiki-commons-component/xwiki-commons-component-default/target/classes/META-INF/services/org.xwiki.component.embed.LifecycleHandler
[INFO] Deleting file /tmp/icst-2019/september-2018/dataset/xwiki-commons/xwiki-commons-core/xwiki-commons-component/xwiki-commons-component-default/target/classes/META-INF/services/org.xwiki.component.annotation.ComponentDependencyFactory
[INFO] Deleting directory /tmp/icst-2019/september-2018/dataset/xwiki-commons/xwiki-commons-core/xwiki-commons-component/xwiki-commons-component-default/target/classes/META-INF/services
[INFO] Deleting file /tmp/icst-2019/september-2018/dataset/xwiki-commons/xwiki-commons-core/xwiki-commons-component/xwiki-commons-component-default/target/classes/META-INF/components.txt
[INFO] Deleting directory /tmp/icst-2019/september-2018/dataset/xwiki-commons/xwiki-commons-core/xwiki-commons-component/xwiki-commons-component-default/target/classes/META-INF
[INFO] Deleting directory /tmp/icst-2019/september-2018/dataset/xwiki-commons/xwiki-commons-core/xwiki-commons-component/xwiki-commons-component-default/target/classes
[INFO] Deleting file /tmp/icst-2019/september-2018/dataset/xwiki-commons/xwiki-commons-core/xwiki-commons-component/xwiki-commons-component-default/target/.plxarc
[INFO] Deleting file /tmp/icst-2019/september-2018/dataset/xwiki-commons/xwiki-commons-core/xwiki-commons-component/xwiki-commons-component-default/target/maven-status/maven-compiler-plugin/compile/default-compile/createdFiles.lst
[INFO] Deleting file /tmp/icst-2019/september-2018/dataset/xwiki-commons/xwiki-commons-core/xwiki-commons-component/xwiki-commons-component-default/target/maven-status/maven-compiler-plugin/compile/default-compile/inputFiles.lst
[INFO] Deleting directory /tmp/icst-2019/september-2018/dataset/xwiki-commons/xwiki-commons-core/xwiki-commons-component/xwiki-commons-component-default/target/maven-status/maven-compiler-plugin/compile/default-compile
[INFO] Deleting directory /tmp/icst-2019/september-2018/dataset/xwiki-commons/xwiki-commons-core/xwiki-commons-component/xwiki-commons-component-default/target/maven-status/maven-compiler-plugin/compile
[INFO] Deleting file /tmp/icst-2019/september-2018/dataset/xwiki-commons/xwiki-commons-core/xwiki-commons-component/xwiki-commons-component-default/target/maven-status/maven-compiler-plugin/testCompile/default-testCompile/createdFiles.lst
[INFO] Deleting file /tmp/icst-2019/september-2018/dataset/xwiki-commons/xwiki-commons-core/xwiki-commons-component/xwiki-commons-component-default/target/maven-status/maven-compiler-plugin/testCompile/default-testCompile/inputFiles.lst
[INFO] Deleting directory /tmp/icst-2019/september-2018/dataset/xwiki-commons/xwiki-commons-core/xwiki-commons-component/xwiki-commons-component-default/target/maven-status/maven-compiler-plugin/testCompile/default-testCompile
[INFO] Deleting directory /tmp/icst-2019/september-2018/dataset/xwiki-commons/xwiki-commons-core/xwiki-commons-component/xwiki-commons-component-default/target/maven-status/maven-compiler-plugin/testCompile
[INFO] Deleting directory /tmp/icst-2019/september-2018/dataset/xwiki-commons/xwiki-commons-core/xwiki-commons-component/xwiki-commons-component-default/target/maven-status/maven-compiler-plugin
[INFO] Deleting directory /tmp/icst-2019/september-2018/dataset/xwiki-commons/xwiki-commons-core/xwiki-commons-component/xwiki-commons-component-default/target/maven-status
[INFO] Deleting file /tmp/icst-2019/september-2018/dataset/xwiki-commons/xwiki-commons-core/xwiki-commons-component/xwiki-commons-component-default/target/maven-archiver/pom.properties
[INFO] Deleting directory /tmp/icst-2019/september-2018/dataset/xwiki-commons/xwiki-commons-core/xwiki-commons-component/xwiki-commons-component-default/target/maven-archiver
[INFO] Deleting file /tmp/icst-2019/september-2018/dataset/xwiki-commons/xwiki-commons-core/xwiki-commons-component/xwiki-commons-component-default/target/test-classes/org/xwiki/component/ProviderTest$TestProvider12.class
[INFO] Deleting file /tmp/icst-2019/september-2018/dataset/xwiki-commons/xwiki-commons-core/xwiki-commons-component/xwiki-commons-component-default/target/test-classes/org/xwiki/component/internal/StackingComponentEventManagerTest.class
[INFO] Deleting file /tmp/icst-2019/september-2018/dataset/xwiki-commons/xwiki-commons-core/xwiki-commons-component/xwiki-commons-component-default/target/test-classes/org/xwiki/component/internal/StackingComponentEventManagerTest$1.class
[INFO] Deleting directory /tmp/icst-2019/september-2018/dataset/xwiki-commons/xwiki-commons-core/xwiki-commons-component/xwiki-commons-component-default/target/test-classes/org/xwiki/component/internal
[INFO] Deleting file /tmp/icst-2019/september-2018/dataset/xwiki-commons/xwiki-commons-core/xwiki-commons-component/xwiki-commons-component-default/target/test-classes/org/xwiki/component/ProviderTest$TestComponentRole.class
[INFO] Deleting file /tmp/icst-2019/september-2018/dataset/xwiki-commons/xwiki-commons-core/xwiki-commons-component/xwiki-commons-component-default/target/test-classes/org/xwiki/component/embed/EmbeddableComponentManagerTest.class
[INFO] Deleting file /tmp/icst-2019/september-2018/dataset/xwiki-commons/xwiki-commons-core/xwiki-commons-component/xwiki-commons-component-default/target/test-classes/org/xwiki/component/embed/EmbeddableComponentManagerTest$ComponentDescriptorRoleImpl.class
[INFO] Deleting file /tmp/icst-2019/september-2018/dataset/xwiki-commons/xwiki-commons-core/xwiki-commons-component/xwiki-commons-component-default/target/test-classes/org/xwiki/component/embed/EmbeddableComponentManagerTest$OtherRoleImpl.class
[INFO] Deleting file /tmp/icst-2019/september-2018/dataset/xwiki-commons/xwiki-commons-core/xwiki-commons-component/xwiki-commons-component-default/target/test-classes/org/xwiki/component/embed/EmbeddableComponentManagerTest$Role.class
[INFO] Deleting file /tmp/icst-2019/september-2018/dataset/xwiki-commons/xwiki-commons-core/xwiki-commons-component/xwiki-commons-component-default/target/test-classes/org/xwiki/component/embed/EmbeddableComponentManagerTest$DisposableWithPriorityRoleImpl.class
[INFO] Deleting file /tmp/icst-2019/september-2018/dataset/xwiki-commons/xwiki-commons-core/xwiki-commons-component/xwiki-commons-component-default/target/test-classes/org/xwiki/component/embed/EmbeddableComponentManagerTest$RoleImpl.class
[INFO] Deleting file /tmp/icst-2019/september-2018/dataset/xwiki-commons/xwiki-commons-core/xwiki-commons-component/xwiki-commons-component-default/target/test-classes/org/xwiki/component/embed/EmbeddableComponentManagerTest$DisposableRoleImpl.class
[INFO] Deleting file /tmp/icst-2019/september-2018/dataset/xwiki-commons/xwiki-commons-core/xwiki-commons-component/xwiki-commons-component-default/target/test-classes/org/xwiki/component/embed/EmbeddableComponentManagerTest$InitializableRoleImpl.class
[INFO] Deleting file /tmp/icst-2019/september-2018/dataset/xwiki-commons/xwiki-commons-core/xwiki-commons-component/xwiki-commons-component-default/target/test-classes/org/xwiki/component/embed/EmbeddableComponentManagerTest$LoggingRoleImpl.class
[INFO] Deleting directory /tmp/icst-2019/september-2018/dataset/xwiki-commons/xwiki-commons-core/xwiki-commons-component/xwiki-commons-component-default/target/test-classes/org/xwiki/component/embed
[INFO] Deleting file /tmp/icst-2019/september-2018/dataset/xwiki-commons/xwiki-commons-core/xwiki-commons-component/xwiki-commons-component-default/target/test-classes/org/xwiki/component/ProviderTest$TestComponentWithProviderInException.class
[INFO] Deleting file /tmp/icst-2019/september-2018/dataset/xwiki-commons/xwiki-commons-core/xwiki-commons-component/xwiki-commons-component-default/target/test-classes/org/xwiki/component/annotation/ComponentAnnotationLoaderTest$NonGenericComponent.class
[INFO] Deleting file /tmp/icst-2019/september-2018/dataset/xwiki-commons/xwiki-commons-core/xwiki-commons-component/xwiki-commons-component-default/target/test-classes/org/xwiki/component/annotation/ComponentAnnotationLoaderTest$ExtendingNonGenericComponent.class
[INFO] Deleting file /tmp/icst-2019/september-2018/dataset/xwiki-commons/xwiki-commons-core/xwiki-commons-component/xwiki-commons-component-default/target/test-classes/org/xwiki/component/annotation/ComponentAnnotationLoaderTest$1.class
[INFO] Deleting file /tmp/icst-2019/september-2018/dataset/xwiki-commons/xwiki-commons-core/xwiki-commons-component/xwiki-commons-component-default/target/test-classes/org/xwiki/component/annotation/ComponentDescriptorFactoryTest$FieldroleImpl.class
[INFO] Deleting file /tmp/icst-2019/september-2018/dataset/xwiki-commons/xwiki-commons-core/xwiki-commons-component/xwiki-commons-component-default/target/test-classes/org/xwiki/component/annotation/ComponentAnnotationLoaderTest$ExtendingGenericComponent.class
[INFO] Deleting file /tmp/icst-2019/september-2018/dataset/xwiki-commons/xwiki-commons-core/xwiki-commons-component/xwiki-commons-component-default/target/test-classes/org/xwiki/component/annotation/ComponentAnnotationLoaderTest$GenericComponent.class
[INFO] Deleting file /tmp/icst-2019/september-2018/dataset/xwiki-commons/xwiki-commons-core/xwiki-commons-component/xwiki-commons-component-default/target/test-classes/org/xwiki/component/annotation/ComponentDescriptorFactoryTest$MultipleRolesImpl.class
[INFO] Deleting file /tmp/icst-2019/september-2018/dataset/xwiki-commons/xwiki-commons-core/xwiki-commons-component/xwiki-commons-component-default/target/test-classes/org/xwiki/component/annotation/ComponentDescriptorFactoryTest$NonGenericRole.class
[INFO] Deleting file /tmp/icst-2019/september-2018/dataset/xwiki-commons/xwiki-commons-core/xwiki-commons-component/xwiki-commons-component-default/target/test-classes/org/xwiki/component/annotation/ComponentAnnotationLoaderTest$RoleImpl.class
[INFO] Deleting file /tmp/icst-2019/september-2018/dataset/xwiki-commons/xwiki-commons-core/xwiki-commons-component/xwiki-commons-component-default/target/test-classes/org/xwiki/component/annotation/ComponentAnnotationLoaderTest.class
[INFO] Deleting file /tmp/icst-2019/september-2018/dataset/xwiki-commons/xwiki-commons-core/xwiki-commons-component/xwiki-commons-component-default/target/test-classes/org/xwiki/component/annotation/ComponentAnnotationLoaderTest$ProviderImpl.class
[INFO] Deleting file /tmp/icst-2019/september-2018/dataset/xwiki-commons/xwiki-commons-core/xwiki-commons-component/xwiki-commons-component-default/target/test-classes/org/xwiki/component/annotation/ComponentDescriptorFactoryTest$SuperRoleImpl.class
[INFO] Deleting file /tmp/icst-2019/september-2018/dataset/xwiki-commons/xwiki-commons-core/xwiki-commons-component/xwiki-commons-component-default/target/test-classes/org/xwiki/component/annotation/ComponentAnnotationLoaderTest$OverrideRole.class
[INFO] Deleting file /tmp/icst-2019/september-2018/dataset/xwiki-commons/xwiki-commons-core/xwiki-commons-component/xwiki-commons-component-default/target/test-classes/org/xwiki/component/annotation/ComponentAnnotationLoaderTest$DeprecatedSimpleRole.class
[INFO] Deleting file /tmp/icst-2019/september-2018/dataset/xwiki-commons/xwiki-commons-core/xwiki-commons-component/xwiki-commons-component-default/target/test-classes/org/xwiki/component/annotation/ComponentAnnotationLoaderTest$ExtendedRole.class
[INFO] Deleting file /tmp/icst-2019/september-2018/dataset/xwiki-commons/xwiki-commons-core/xwiki-commons-component/xwiki-commons-component-default/target/test-classes/org/xwiki/component/annotation/ComponentDescriptorFactoryTest$RoleImpl.class
[INFO] Deleting file /tmp/icst-2019/september-2018/dataset/xwiki-commons/xwiki-commons-core/xwiki-commons-component/xwiki-commons-component-default/target/test-classes/org/xwiki/component/annotation/ComponentAnnotationLoaderTest$SuperRoleImpl.class
[INFO] Deleting file /tmp/icst-2019/september-2018/dataset/xwiki-commons/xwiki-commons-core/xwiki-commons-component/xwiki-commons-component-default/target/test-classes/org/xwiki/component/annotation/ComponentAnnotationLoaderTest$TestableComponentAnnotationLoader.class
[INFO] Deleting file /tmp/icst-2019/september-2018/dataset/xwiki-commons/xwiki-commons-core/xwiki-commons-component/xwiki-commons-component-default/target/test-classes/org/xwiki/component/annotation/ComponentAnnotationLoaderTest$NotGenericRole.class
[INFO] Deleting file /tmp/icst-2019/september-2018/dataset/xwiki-commons/xwiki-commons-core/xwiki-commons-component/xwiki-commons-component-default/target/test-classes/org/xwiki/component/annotation/ComponentDescriptorFactoryTest$GenericFieldRole.class
[INFO] Deleting file /tmp/icst-2019/september-2018/dataset/xwiki-commons/xwiki-commons-core/xwiki-commons-component/xwiki-commons-component-default/target/test-classes/org/xwiki/component/annotation/ComponentAnnotationLoaderTest$AbstractGenericComponent.class
[INFO] Deleting file /tmp/icst-2019/september-2018/dataset/xwiki-commons/xwiki-commons-core/xwiki-commons-component/xwiki-commons-component-default/target/test-classes/org/xwiki/component/annotation/ComponentAnnotationLoaderTest$DeprecatedOverrideRole.class
[INFO] Deleting file /tmp/icst-2019/september-2018/dataset/xwiki-commons/xwiki-commons-core/xwiki-commons-component/xwiki-commons-component-default/target/test-classes/org/xwiki/component/annotation/ComponentDescriptorFactoryTest$ExtendedRole.class
[INFO] Deleting file /tmp/icst-2019/september-2018/dataset/xwiki-commons/xwiki-commons-core/xwiki-commons-component/xwiki-commons-component-default/target/test-classes/org/xwiki/component/annotation/ComponentDescriptorFactoryTest$SingletonImpl.class
[INFO] Deleting file /tmp/icst-2019/september-2018/dataset/xwiki-commons/xwiki-commons-core/xwiki-commons-component/xwiki-commons-component-default/target/test-classes/org/xwiki/component/annotation/ComponentDescriptorFactoryTest.class
[INFO] Deleting file /tmp/icst-2019/september-2018/dataset/xwiki-commons/xwiki-commons-core/xwiki-commons-component/xwiki-commons-component-default/target/test-classes/org/xwiki/component/annotation/ComponentDescriptorFactoryTest$NonGenericFieldRole.class
[INFO] Deleting file /tmp/icst-2019/september-2018/dataset/xwiki-commons/xwiki-commons-core/xwiki-commons-component/xwiki-commons-component-default/target/test-classes/org/xwiki/component/annotation/ComponentAnnotationLoaderTest$GenericRole.class
[INFO] Deleting file /tmp/icst-2019/september-2018/dataset/xwiki-commons/xwiki-commons-core/xwiki-commons-component/xwiki-commons-component-default/target/test-classes/org/xwiki/component/annotation/ComponentDescriptorFactoryTest$SpecialFieldRoleImpl.class
[INFO] Deleting file /tmp/icst-2019/september-2018/dataset/xwiki-commons/xwiki-commons-core/xwiki-commons-component/xwiki-commons-component-default/target/test-classes/org/xwiki/component/annotation/ComponentDescriptorFactoryTest$SpecialImpl.class
[INFO] Deleting file /tmp/icst-2019/september-2018/dataset/xwiki-commons/xwiki-commons-core/xwiki-commons-component/xwiki-commons-component-default/target/test-classes/org/xwiki/component/annotation/ComponentAnnotationLoaderTest$SimpleRole.class
[INFO] Deleting directory /tmp/icst-2019/september-2018/dataset/xwiki-commons/xwiki-commons-core/xwiki-commons-component/xwiki-commons-component-default/target/test-classes/org/xwiki/component/annotation
[INFO] Deleting file /tmp/icst-2019/september-2018/dataset/xwiki-commons/xwiki-commons-core/xwiki-commons-component/xwiki-commons-component-default/target/test-classes/org/xwiki/component/ProviderTest$TestProviderWithExceptionInInitialize.class
[INFO] Deleting file /tmp/icst-2019/september-2018/dataset/xwiki-commons/xwiki-commons-core/xwiki-commons-component/xwiki-commons-component-default/target/test-classes/org/xwiki/component/ProviderTest.class
[INFO] Deleting file /tmp/icst-2019/september-2018/dataset/xwiki-commons/xwiki-commons-core/xwiki-commons-component/xwiki-commons-component-default/target/test-classes/org/xwiki/component/guice/GuiceCompatibilityTest$FieldRoleImpl1.class
[INFO] Deleting file /tmp/icst-2019/september-2018/dataset/xwiki-commons/xwiki-commons-core/xwiki-commons-component/xwiki-commons-component-default/target/test-classes/org/xwiki/component/guice/Slf4jInjectionTypeListener.class
[INFO] Deleting file /tmp/icst-2019/september-2018/dataset/xwiki-commons/xwiki-commons-core/xwiki-commons-component/xwiki-commons-component-default/target/test-classes/org/xwiki/component/guice/GuiceCompatibilityTest$RoleImpl.class
[INFO] Deleting file /tmp/icst-2019/september-2018/dataset/xwiki-commons/xwiki-commons-core/xwiki-commons-component/xwiki-commons-component-default/target/test-classes/org/xwiki/component/guice/GuiceCompatibilityTest.class
[INFO] Deleting file /tmp/icst-2019/september-2018/dataset/xwiki-commons/xwiki-commons-core/xwiki-commons-component/xwiki-commons-component-default/target/test-classes/org/xwiki/component/guice/GuiceCompatibilityTest$TestModule$1.class
[INFO] Deleting file /tmp/icst-2019/september-2018/dataset/xwiki-commons/xwiki-commons-core/xwiki-commons-component/xwiki-commons-component-default/target/test-classes/org/xwiki/component/guice/GuiceCompatibilityTest$TestModule.class
[INFO] Deleting file /tmp/icst-2019/september-2018/dataset/xwiki-commons/xwiki-commons-core/xwiki-commons-component/xwiki-commons-component-default/target/test-classes/org/xwiki/component/guice/GuiceCompatibilityTest$GenericFieldRole.class
[INFO] Deleting file /tmp/icst-2019/september-2018/dataset/xwiki-commons/xwiki-commons-core/xwiki-commons-component/xwiki-commons-component-default/target/test-classes/org/xwiki/component/guice/GuiceCompatibilityTest$TestModule$2.class
[INFO] Deleting file /tmp/icst-2019/september-2018/dataset/xwiki-commons/xwiki-commons-core/xwiki-commons-component/xwiki-commons-component-default/target/test-classes/org/xwiki/component/guice/Slf4jInjectionTypeListener$1.class
[INFO] Deleting file /tmp/icst-2019/september-2018/dataset/xwiki-commons/xwiki-commons-core/xwiki-commons-component/xwiki-commons-component-default/target/test-classes/org/xwiki/component/guice/GuiceCompatibilityTest$FieldRole.class
[INFO] Deleting file /tmp/icst-2019/september-2018/dataset/xwiki-commons/xwiki-commons-core/xwiki-commons-component/xwiki-commons-component-default/target/test-classes/org/xwiki/component/guice/GuiceCompatibilityTest$GenericFieldRoleImpl.class
[INFO] Deleting file /tmp/icst-2019/september-2018/dataset/xwiki-commons/xwiki-commons-core/xwiki-commons-component/xwiki-commons-component-default/target/test-classes/org/xwiki/component/guice/GuiceCompatibilityTest$FieldRoleImpl2.class
[INFO] Deleting file /tmp/icst-2019/september-2018/dataset/xwiki-commons/xwiki-commons-core/xwiki-commons-component/xwiki-commons-component-default/target/test-classes/org/xwiki/component/guice/GuiceCompatibilityTest$ProviderImpl.class
[INFO] Deleting file /tmp/icst-2019/september-2018/dataset/xwiki-commons/xwiki-commons-core/xwiki-commons-component/xwiki-commons-component-default/target/test-classes/org/xwiki/component/guice/GuiceCompatibilityTest$RoleClass.class
[INFO] Deleting directory /tmp/icst-2019/september-2018/dataset/xwiki-commons/xwiki-commons-core/xwiki-commons-component/xwiki-commons-component-default/target/test-classes/org/xwiki/component/guice
[INFO] Deleting file /tmp/icst-2019/september-2018/dataset/xwiki-commons/xwiki-commons-core/xwiki-commons-component/xwiki-commons-component-default/target/test-classes/org/xwiki/component/ProviderTest$TestProvider1.class
[INFO] Deleting file /tmp/icst-2019/september-2018/dataset/xwiki-commons/xwiki-commons-core/xwiki-commons-component/xwiki-commons-component-default/target/test-classes/org/xwiki/component/ProviderTest$TestComponentWithProviders.class
[INFO] Deleting file /tmp/icst-2019/september-2018/dataset/xwiki-commons/xwiki-commons-core/xwiki-commons-component/xwiki-commons-component-default/target/test-classes/org/xwiki/component/ProviderTest$TestProvider2.class
[INFO] Deleting directory /tmp/icst-2019/september-2018/dataset/xwiki-commons/xwiki-commons-core/xwiki-commons-component/xwiki-commons-component-default/target/test-classes/org/xwiki/component
[INFO] Deleting directory /tmp/icst-2019/september-2018/dataset/xwiki-commons/xwiki-commons-core/xwiki-commons-component/xwiki-commons-component-default/target/test-classes/org/xwiki
[INFO] Deleting directory /tmp/icst-2019/september-2018/dataset/xwiki-commons/xwiki-commons-core/xwiki-commons-component/xwiki-commons-component-default/target/test-classes/org
[INFO] Deleting file /tmp/icst-2019/september-2018/dataset/xwiki-commons/xwiki-commons-core/xwiki-commons-component/xwiki-commons-component-default/target/test-classes/META-INF/component-overrides.txt
[INFO] Deleting file /tmp/icst-2019/september-2018/dataset/xwiki-commons/xwiki-commons-core/xwiki-commons-component/xwiki-commons-component-default/target/test-classes/META-INF/LICENSE
[INFO] Deleting file /tmp/icst-2019/september-2018/dataset/xwiki-commons/xwiki-commons-core/xwiki-commons-component/xwiki-commons-component-default/target/test-classes/META-INF/NOTICE
[INFO] Deleting file /tmp/icst-2019/september-2018/dataset/xwiki-commons/xwiki-commons-core/xwiki-commons-component/xwiki-commons-component-default/target/test-classes/META-INF/components.txt
[INFO] Deleting directory /tmp/icst-2019/september-2018/dataset/xwiki-commons/xwiki-commons-core/xwiki-commons-component/xwiki-commons-component-default/target/test-classes/META-INF
[INFO] Deleting directory /tmp/icst-2019/september-2018/dataset/xwiki-commons/xwiki-commons-core/xwiki-commons-component/xwiki-commons-component-default/target/test-classes
[INFO] Deleting directory /tmp/icst-2019/september-2018/dataset/xwiki-commons/xwiki-commons-core/xwiki-commons-component/xwiki-commons-component-default/target/generated-sources/annotations
[INFO] Deleting directory /tmp/icst-2019/september-2018/dataset/xwiki-commons/xwiki-commons-core/xwiki-commons-component/xwiki-commons-component-default/target/generated-sources
[INFO] Deleting file /tmp/icst-2019/september-2018/dataset/xwiki-commons/xwiki-commons-core/xwiki-commons-component/xwiki-commons-component-default/target/checkstyle-result.xml
[INFO] Deleting directory /tmp/icst-2019/september-2018/dataset/xwiki-commons/xwiki-commons-core/xwiki-commons-component/xwiki-commons-component-default/target/generated-test-sources/test-annotations
[INFO] Deleting directory /tmp/icst-2019/september-2018/dataset/xwiki-commons/xwiki-commons-core/xwiki-commons-component/xwiki-commons-component-default/target/generated-test-sources
[INFO] Deleting file /tmp/icst-2019/september-2018/dataset/xwiki-commons/xwiki-commons-core/xwiki-commons-component/xwiki-commons-component-default/target/checkstyle-checker.xml
[INFO] Deleting file /tmp/icst-2019/september-2018/dataset/xwiki-commons/xwiki-commons-core/xwiki-commons-component/xwiki-commons-component-default/target/maven-shared-archive-resources/META-INF/LICENSE
[INFO] Deleting file /tmp/icst-2019/september-2018/dataset/xwiki-commons/xwiki-commons-core/xwiki-commons-component/xwiki-commons-component-default/target/maven-shared-archive-resources/META-INF/NOTICE
[INFO] Deleting directory /tmp/icst-2019/september-2018/dataset/xwiki-commons/xwiki-commons-core/xwiki-commons-component/xwiki-commons-component-default/target/maven-shared-archive-resources/META-INF
[INFO] Deleting directory /tmp/icst-2019/september-2018/dataset/xwiki-commons/xwiki-commons-core/xwiki-commons-component/xwiki-commons-component-default/target/maven-shared-archive-resources
[INFO] Deleting file /tmp/icst-2019/september-2018/dataset/xwiki-commons/xwiki-commons-core/xwiki-commons-component/xwiki-commons-component-default/target/xwiki-commons-component-default-9.10-SNAPSHOT.jar
[INFO] Deleting directory /tmp/icst-2019/september-2018/dataset/xwiki-commons/xwiki-commons-core/xwiki-commons-component/xwiki-commons-component-default/target
[DEBUG] Skipping non-existing directory /tmp/icst-2019/september-2018/dataset/xwiki-commons/xwiki-commons-core/xwiki-commons-component/xwiki-commons-component-default/target/classes
[DEBUG] Skipping non-existing directory /tmp/icst-2019/september-2018/dataset/xwiki-commons/xwiki-commons-core/xwiki-commons-component/xwiki-commons-component-default/target/test-classes
[DEBUG] Skipping non-existing directory /tmp/icst-2019/september-2018/dataset/xwiki-commons/xwiki-commons-core/xwiki-commons-component/xwiki-commons-component-default/target/classes
[INFO] 
[INFO] --- diff-test-selection:0.5-SNAPSHOT:list (default-cli) @ xwiki-commons-component-default ---
[DEBUG] Could not find metadata org.eclipse.platform:org.eclipse.core.resources/maven-metadata.xml in local (/home/spirals/danglot/.m2/repository)
[DEBUG] Skipped remote request for org.eclipse.platform:org.eclipse.core.resources/maven-metadata.xml, locally cached metadata up-to-date.
[DEBUG] Failure to find org.eclipse.platform:org.eclipse.core.resources/maven-metadata.xml in https://oss.sonatype.org/content/repositories/snapshots was cached in the local repository, resolution will not be reattempted until the update interval of sonatype-nexus-snapshots has elapsed or updates are forced
[DEBUG] Failure to find org.eclipse.platform:org.eclipse.core.resources/maven-metadata.xml in http://maven.inria.fr/artifactory/spoon-public-snapshot/ was cached in the local repository, resolution will not be reattempted until the update interval of gforge.inria.fr-release has elapsed or updates are forced
[DEBUG] Failure to find org.eclipse.platform:org.eclipse.core.resources/maven-metadata.xml in http://maven.inria.fr/artifactory/spoon-public-snapshot was cached in the local repository, resolution will not be reattempted until the update interval of maven.inria.fr-snapshot has elapsed or updates are forced
[DEBUG] Could not find metadata org.eclipse.platform:org.eclipse.core.expressions/maven-metadata.xml in local (/home/spirals/danglot/.m2/repository)
[DEBUG] Skipped remote request for org.eclipse.platform:org.eclipse.core.expressions/maven-metadata.xml, locally cached metadata up-to-date.
[DEBUG] Failure to find org.eclipse.platform:org.eclipse.core.expressions/maven-metadata.xml in https://oss.sonatype.org/content/repositories/snapshots was cached in the local repository, resolution will not be reattempted until the update interval of sonatype-nexus-snapshots has elapsed or updates are forced
[DEBUG] Failure to find org.eclipse.platform:org.eclipse.core.expressions/maven-metadata.xml in http://maven.inria.fr/artifactory/spoon-public-snapshot/ was cached in the local repository, resolution will not be reattempted until the update interval of gforge.inria.fr-release has elapsed or updates are forced
[DEBUG] Failure to find org.eclipse.platform:org.eclipse.core.expressions/maven-metadata.xml in http://maven.inria.fr/artifactory/spoon-public-snapshot was cached in the local repository, resolution will not be reattempted until the update interval of maven.inria.fr-snapshot has elapsed or updates are forced
[DEBUG] Could not find metadata org.eclipse.platform:org.eclipse.core.runtime/maven-metadata.xml in local (/home/spirals/danglot/.m2/repository)
[DEBUG] Skipped remote request for org.eclipse.platform:org.eclipse.core.runtime/maven-metadata.xml, locally cached metadata up-to-date.
[DEBUG] Failure to find org.eclipse.platform:org.eclipse.core.runtime/maven-metadata.xml in https://oss.sonatype.org/content/repositories/snapshots was cached in the local repository, resolution will not be reattempted until the update interval of sonatype-nexus-snapshots has elapsed or updates are forced
[DEBUG] Failure to find org.eclipse.platform:org.eclipse.core.runtime/maven-metadata.xml in http://maven.inria.fr/artifactory/spoon-public-snapshot/ was cached in the local repository, resolution will not be reattempted until the update interval of gforge.inria.fr-release has elapsed or updates are forced
[DEBUG] Failure to find org.eclipse.platform:org.eclipse.core.runtime/maven-metadata.xml in http://maven.inria.fr/artifactory/spoon-public-snapshot was cached in the local repository, resolution will not be reattempted until the update interval of maven.inria.fr-snapshot has elapsed or updates are forced
[DEBUG] Could not find metadata org.eclipse.platform:org.eclipse.osgi/maven-metadata.xml in local (/home/spirals/danglot/.m2/repository)
[DEBUG] Skipped remote request for org.eclipse.platform:org.eclipse.osgi/maven-metadata.xml, locally cached metadata up-to-date.
[DEBUG] Failure to find org.eclipse.platform:org.eclipse.osgi/maven-metadata.xml in https://oss.sonatype.org/content/repositories/snapshots was cached in the local repository, resolution will not be reattempted until the update interval of sonatype-nexus-snapshots has elapsed or updates are forced
[DEBUG] Failure to find org.eclipse.platform:org.eclipse.osgi/maven-metadata.xml in http://maven.inria.fr/artifactory/spoon-public-snapshot/ was cached in the local repository, resolution will not be reattempted until the update interval of gforge.inria.fr-release has elapsed or updates are forced
[DEBUG] Failure to find org.eclipse.platform:org.eclipse.osgi/maven-metadata.xml in http://maven.inria.fr/artifactory/spoon-public-snapshot was cached in the local repository, resolution will not be reattempted until the update interval of maven.inria.fr-snapshot has elapsed or updates are forced
[DEBUG] Could not find metadata org.eclipse.platform:org.eclipse.equinox.common/maven-metadata.xml in local (/home/spirals/danglot/.m2/repository)
[DEBUG] Skipped remote request for org.eclipse.platform:org.eclipse.equinox.common/maven-metadata.xml, locally cached metadata up-to-date.
[DEBUG] Failure to find org.eclipse.platform:org.eclipse.equinox.common/maven-metadata.xml in https://oss.sonatype.org/content/repositories/snapshots was cached in the local repository, resolution will not be reattempted until the update interval of sonatype-nexus-snapshots has elapsed or updates are forced
[DEBUG] Failure to find org.eclipse.platform:org.eclipse.equinox.common/maven-metadata.xml in http://maven.inria.fr/artifactory/spoon-public-snapshot/ was cached in the local repository, resolution will not be reattempted until the update interval of gforge.inria.fr-release has elapsed or updates are forced
[DEBUG] Failure to find org.eclipse.platform:org.eclipse.equinox.common/maven-metadata.xml in http://maven.inria.fr/artifactory/spoon-public-snapshot was cached in the local repository, resolution will not be reattempted until the update interval of maven.inria.fr-snapshot has elapsed or updates are forced
[DEBUG] Could not find metadata org.eclipse.platform:org.eclipse.core.jobs/maven-metadata.xml in local (/home/spirals/danglot/.m2/repository)
[DEBUG] Skipped remote request for org.eclipse.platform:org.eclipse.core.jobs/maven-metadata.xml, locally cached metadata up-to-date.
[DEBUG] Failure to find org.eclipse.platform:org.eclipse.core.jobs/maven-metadata.xml in https://oss.sonatype.org/content/repositories/snapshots was cached in the local repository, resolution will not be reattempted until the update interval of sonatype-nexus-snapshots has elapsed or updates are forced
[DEBUG] Failure to find org.eclipse.platform:org.eclipse.core.jobs/maven-metadata.xml in http://maven.inria.fr/artifactory/spoon-public-snapshot/ was cached in the local repository, resolution will not be reattempted until the update interval of gforge.inria.fr-release has elapsed or updates are forced
[DEBUG] Failure to find org.eclipse.platform:org.eclipse.core.jobs/maven-metadata.xml in http://maven.inria.fr/artifactory/spoon-public-snapshot was cached in the local repository, resolution will not be reattempted until the update interval of maven.inria.fr-snapshot has elapsed or updates are forced
[DEBUG] Could not find metadata org.eclipse.platform:org.eclipse.equinox.registry/maven-metadata.xml in local (/home/spirals/danglot/.m2/repository)
[DEBUG] Skipped remote request for org.eclipse.platform:org.eclipse.equinox.registry/maven-metadata.xml, locally cached metadata up-to-date.
[DEBUG] Failure to find org.eclipse.platform:org.eclipse.equinox.registry/maven-metadata.xml in https://oss.sonatype.org/content/repositories/snapshots was cached in the local repository, resolution will not be reattempted until the update interval of sonatype-nexus-snapshots has elapsed or updates are forced
[DEBUG] Failure to find org.eclipse.platform:org.eclipse.equinox.registry/maven-metadata.xml in http://maven.inria.fr/artifactory/spoon-public-snapshot/ was cached in the local repository, resolution will not be reattempted until the update interval of gforge.inria.fr-release has elapsed or updates are forced
[DEBUG] Failure to find org.eclipse.platform:org.eclipse.equinox.registry/maven-metadata.xml in http://maven.inria.fr/artifactory/spoon-public-snapshot was cached in the local repository, resolution will not be reattempted until the update interval of maven.inria.fr-snapshot has elapsed or updates are forced
[DEBUG] Could not find metadata org.eclipse.platform:org.eclipse.equinox.common/maven-metadata.xml in local (/home/spirals/danglot/.m2/repository)
[DEBUG] Skipped remote request for org.eclipse.platform:org.eclipse.equinox.common/maven-metadata.xml, locally cached metadata up-to-date.
[DEBUG] Failure to find org.eclipse.platform:org.eclipse.equinox.common/maven-metadata.xml in https://oss.sonatype.org/content/repositories/snapshots was cached in the local repository, resolution will not be reattempted until the update interval of sonatype-nexus-snapshots has elapsed or updates are forced
[DEBUG] Failure to find org.eclipse.platform:org.eclipse.equinox.common/maven-metadata.xml in http://maven.inria.fr/artifactory/spoon-public-snapshot/ was cached in the local repository, resolution will not be reattempted until the update interval of gforge.inria.fr-release has elapsed or updates are forced
[DEBUG] Failure to find org.eclipse.platform:org.eclipse.equinox.common/maven-metadata.xml in http://maven.inria.fr/artifactory/spoon-public-snapshot was cached in the local repository, resolution will not be reattempted until the update interval of maven.inria.fr-snapshot has elapsed or updates are forced
[DEBUG] Could not find metadata org.eclipse.platform:org.eclipse.equinox.preferences/maven-metadata.xml in local (/home/spirals/danglot/.m2/repository)
[DEBUG] Skipped remote request for org.eclipse.platform:org.eclipse.equinox.preferences/maven-metadata.xml, locally cached metadata up-to-date.
[DEBUG] Failure to find org.eclipse.platform:org.eclipse.equinox.preferences/maven-metadata.xml in https://oss.sonatype.org/content/repositories/snapshots was cached in the local repository, resolution will not be reattempted until the update interval of sonatype-nexus-snapshots has elapsed or updates are forced
[DEBUG] Failure to find org.eclipse.platform:org.eclipse.equinox.preferences/maven-metadata.xml in http://maven.inria.fr/artifactory/spoon-public-snapshot/ was cached in the local repository, resolution will not be reattempted until the update interval of gforge.inria.fr-release has elapsed or updates are forced
[DEBUG] Failure to find org.eclipse.platform:org.eclipse.equinox.preferences/maven-metadata.xml in http://maven.inria.fr/artifactory/spoon-public-snapshot was cached in the local repository, resolution will not be reattempted until the update interval of maven.inria.fr-snapshot has elapsed or updates are forced
[DEBUG] Could not find metadata org.eclipse.platform:org.eclipse.equinox.common/maven-metadata.xml in local (/home/spirals/danglot/.m2/repository)
[DEBUG] Skipped remote request for org.eclipse.platform:org.eclipse.equinox.common/maven-metadata.xml, locally cached metadata up-to-date.
[DEBUG] Failure to find org.eclipse.platform:org.eclipse.equinox.common/maven-metadata.xml in https://oss.sonatype.org/content/repositories/snapshots was cached in the local repository, resolution will not be reattempted until the update interval of sonatype-nexus-snapshots has elapsed or updates are forced
[DEBUG] Failure to find org.eclipse.platform:org.eclipse.equinox.common/maven-metadata.xml in http://maven.inria.fr/artifactory/spoon-public-snapshot/ was cached in the local repository, resolution will not be reattempted until the update interval of gforge.inria.fr-release has elapsed or updates are forced
[DEBUG] Failure to find org.eclipse.platform:org.eclipse.equinox.common/maven-metadata.xml in http://maven.inria.fr/artifactory/spoon-public-snapshot was cached in the local repository, resolution will not be reattempted until the update interval of maven.inria.fr-snapshot has elapsed or updates are forced
[DEBUG] Could not find metadata org.eclipse.platform:org.eclipse.core.contenttype/maven-metadata.xml in local (/home/spirals/danglot/.m2/repository)
[DEBUG] Skipped remote request for org.eclipse.platform:org.eclipse.core.contenttype/maven-metadata.xml, locally cached metadata up-to-date.
[DEBUG] Failure to find org.eclipse.platform:org.eclipse.core.contenttype/maven-metadata.xml in https://oss.sonatype.org/content/repositories/snapshots was cached in the local repository, resolution will not be reattempted until the update interval of sonatype-nexus-snapshots has elapsed or updates are forced
[DEBUG] Failure to find org.eclipse.platform:org.eclipse.core.contenttype/maven-metadata.xml in http://maven.inria.fr/artifactory/spoon-public-snapshot/ was cached in the local repository, resolution will not be reattempted until the update interval of gforge.inria.fr-release has elapsed or updates are forced
[DEBUG] Failure to find org.eclipse.platform:org.eclipse.core.contenttype/maven-metadata.xml in http://maven.inria.fr/artifactory/spoon-public-snapshot was cached in the local repository, resolution will not be reattempted until the update interval of maven.inria.fr-snapshot has elapsed or updates are forced
[DEBUG] Could not find metadata org.eclipse.platform:org.eclipse.equinox.preferences/maven-metadata.xml in local (/home/spirals/danglot/.m2/repository)
[DEBUG] Skipped remote request for org.eclipse.platform:org.eclipse.equinox.preferences/maven-metadata.xml, locally cached metadata up-to-date.
[DEBUG] Failure to find org.eclipse.platform:org.eclipse.equinox.preferences/maven-metadata.xml in https://oss.sonatype.org/content/repositories/snapshots was cached in the local repository, resolution will not be reattempted until the update interval of sonatype-nexus-snapshots has elapsed or updates are forced
[DEBUG] Failure to find org.eclipse.platform:org.eclipse.equinox.preferences/maven-metadata.xml in http://maven.inria.fr/artifactory/spoon-public-snapshot/ was cached in the local repository, resolution will not be reattempted until the update interval of gforge.inria.fr-release has elapsed or updates are forced
[DEBUG] Failure to find org.eclipse.platform:org.eclipse.equinox.preferences/maven-metadata.xml in http://maven.inria.fr/artifactory/spoon-public-snapshot was cached in the local repository, resolution will not be reattempted until the update interval of maven.inria.fr-snapshot has elapsed or updates are forced
[DEBUG] Could not find metadata org.eclipse.platform:org.eclipse.equinox.registry/maven-metadata.xml in local (/home/spirals/danglot/.m2/repository)
[DEBUG] Skipped remote request for org.eclipse.platform:org.eclipse.equinox.registry/maven-metadata.xml, locally cached metadata up-to-date.
[DEBUG] Failure to find org.eclipse.platform:org.eclipse.equinox.registry/maven-metadata.xml in https://oss.sonatype.org/content/repositories/snapshots was cached in the local repository, resolution will not be reattempted until the update interval of sonatype-nexus-snapshots has elapsed or updates are forced
[DEBUG] Failure to find org.eclipse.platform:org.eclipse.equinox.registry/maven-metadata.xml in http://maven.inria.fr/artifactory/spoon-public-snapshot/ was cached in the local repository, resolution will not be reattempted until the update interval of gforge.inria.fr-release has elapsed or updates are forced
[DEBUG] Failure to find org.eclipse.platform:org.eclipse.equinox.registry/maven-metadata.xml in http://maven.inria.fr/artifactory/spoon-public-snapshot was cached in the local repository, resolution will not be reattempted until the update interval of maven.inria.fr-snapshot has elapsed or updates are forced
[DEBUG] Could not find metadata org.eclipse.platform:org.eclipse.equinox.app/maven-metadata.xml in local (/home/spirals/danglot/.m2/repository)
[DEBUG] Skipped remote request for org.eclipse.platform:org.eclipse.equinox.app/maven-metadata.xml, locally cached metadata up-to-date.
[DEBUG] Failure to find org.eclipse.platform:org.eclipse.equinox.app/maven-metadata.xml in https://oss.sonatype.org/content/repositories/snapshots was cached in the local repository, resolution will not be reattempted until the update interval of sonatype-nexus-snapshots has elapsed or updates are forced
[DEBUG] Failure to find org.eclipse.platform:org.eclipse.equinox.app/maven-metadata.xml in http://maven.inria.fr/artifactory/spoon-public-snapshot/ was cached in the local repository, resolution will not be reattempted until the update interval of gforge.inria.fr-release has elapsed or updates are forced
[DEBUG] Failure to find org.eclipse.platform:org.eclipse.equinox.app/maven-metadata.xml in http://maven.inria.fr/artifactory/spoon-public-snapshot was cached in the local repository, resolution will not be reattempted until the update interval of maven.inria.fr-snapshot has elapsed or updates are forced
[DEBUG] Could not find metadata org.eclipse.platform:org.eclipse.equinox.registry/maven-metadata.xml in local (/home/spirals/danglot/.m2/repository)
[DEBUG] Skipped remote request for org.eclipse.platform:org.eclipse.equinox.registry/maven-metadata.xml, locally cached metadata up-to-date.
[DEBUG] Failure to find org.eclipse.platform:org.eclipse.equinox.registry/maven-metadata.xml in https://oss.sonatype.org/content/repositories/snapshots was cached in the local repository, resolution will not be reattempted until the update interval of sonatype-nexus-snapshots has elapsed or updates are forced
[DEBUG] Failure to find org.eclipse.platform:org.eclipse.equinox.registry/maven-metadata.xml in http://maven.inria.fr/artifactory/spoon-public-snapshot/ was cached in the local repository, resolution will not be reattempted until the update interval of gforge.inria.fr-release has elapsed or updates are forced
[DEBUG] Failure to find org.eclipse.platform:org.eclipse.equinox.registry/maven-metadata.xml in http://maven.inria.fr/artifactory/spoon-public-snapshot was cached in the local repository, resolution will not be reattempted until the update interval of maven.inria.fr-snapshot has elapsed or updates are forced
[DEBUG] Could not find metadata org.eclipse.platform:org.eclipse.osgi/maven-metadata.xml in local (/home/spirals/danglot/.m2/repository)
[DEBUG] Skipped remote request for org.eclipse.platform:org.eclipse.osgi/maven-metadata.xml, locally cached metadata up-to-date.
[DEBUG] Failure to find org.eclipse.platform:org.eclipse.osgi/maven-metadata.xml in https://oss.sonatype.org/content/repositories/snapshots was cached in the local repository, resolution will not be reattempted until the update interval of sonatype-nexus-snapshots has elapsed or updates are forced
[DEBUG] Failure to find org.eclipse.platform:org.eclipse.osgi/maven-metadata.xml in http://maven.inria.fr/artifactory/spoon-public-snapshot/ was cached in the local repository, resolution will not be reattempted until the update interval of gforge.inria.fr-release has elapsed or updates are forced
[DEBUG] Failure to find org.eclipse.platform:org.eclipse.osgi/maven-metadata.xml in http://maven.inria.fr/artifactory/spoon-public-snapshot was cached in the local repository, resolution will not be reattempted until the update interval of maven.inria.fr-snapshot has elapsed or updates are forced
[DEBUG] Could not find metadata org.eclipse.platform:org.eclipse.equinox.common/maven-metadata.xml in local (/home/spirals/danglot/.m2/repository)
[DEBUG] Skipped remote request for org.eclipse.platform:org.eclipse.equinox.common/maven-metadata.xml, locally cached metadata up-to-date.
[DEBUG] Failure to find org.eclipse.platform:org.eclipse.equinox.common/maven-metadata.xml in https://oss.sonatype.org/content/repositories/snapshots was cached in the local repository, resolution will not be reattempted until the update interval of sonatype-nexus-snapshots has elapsed or updates are forced
[DEBUG] Failure to find org.eclipse.platform:org.eclipse.equinox.common/maven-metadata.xml in http://maven.inria.fr/artifactory/spoon-public-snapshot/ was cached in the local repository, resolution will not be reattempted until the update interval of gforge.inria.fr-release has elapsed or updates are forced
[DEBUG] Failure to find org.eclipse.platform:org.eclipse.equinox.common/maven-metadata.xml in http://maven.inria.fr/artifactory/spoon-public-snapshot was cached in the local repository, resolution will not be reattempted until the update interval of maven.inria.fr-snapshot has elapsed or updates are forced
[DEBUG] Could not find metadata org.eclipse.platform:org.eclipse.core.jobs/maven-metadata.xml in local (/home/spirals/danglot/.m2/repository)
[DEBUG] Skipped remote request for org.eclipse.platform:org.eclipse.core.jobs/maven-metadata.xml, locally cached metadata up-to-date.
[DEBUG] Failure to find org.eclipse.platform:org.eclipse.core.jobs/maven-metadata.xml in https://oss.sonatype.org/content/repositories/snapshots was cached in the local repository, resolution will not be reattempted until the update interval of sonatype-nexus-snapshots has elapsed or updates are forced
[DEBUG] Failure to find org.eclipse.platform:org.eclipse.core.jobs/maven-metadata.xml in http://maven.inria.fr/artifactory/spoon-public-snapshot/ was cached in the local repository, resolution will not be reattempted until the update interval of gforge.inria.fr-release has elapsed or updates are forced
[DEBUG] Failure to find org.eclipse.platform:org.eclipse.core.jobs/maven-metadata.xml in http://maven.inria.fr/artifactory/spoon-public-snapshot was cached in the local repository, resolution will not be reattempted until the update interval of maven.inria.fr-snapshot has elapsed or updates are forced
[DEBUG] Could not find metadata org.eclipse.platform:org.eclipse.equinox.preferences/maven-metadata.xml in local (/home/spirals/danglot/.m2/repository)
[DEBUG] Skipped remote request for org.eclipse.platform:org.eclipse.equinox.preferences/maven-metadata.xml, locally cached metadata up-to-date.
[DEBUG] Failure to find org.eclipse.platform:org.eclipse.equinox.preferences/maven-metadata.xml in https://oss.sonatype.org/content/repositories/snapshots was cached in the local repository, resolution will not be reattempted until the update interval of sonatype-nexus-snapshots has elapsed or updates are forced
[DEBUG] Failure to find org.eclipse.platform:org.eclipse.equinox.preferences/maven-metadata.xml in http://maven.inria.fr/artifactory/spoon-public-snapshot/ was cached in the local repository, resolution will not be reattempted until the update interval of gforge.inria.fr-release has elapsed or updates are forced
[DEBUG] Failure to find org.eclipse.platform:org.eclipse.equinox.preferences/maven-metadata.xml in http://maven.inria.fr/artifactory/spoon-public-snapshot was cached in the local repository, resolution will not be reattempted until the update interval of maven.inria.fr-snapshot has elapsed or updates are forced
[DEBUG] Could not find metadata org.eclipse.platform:org.eclipse.core.contenttype/maven-metadata.xml in local (/home/spirals/danglot/.m2/repository)
[DEBUG] Skipped remote request for org.eclipse.platform:org.eclipse.core.contenttype/maven-metadata.xml, locally cached metadata up-to-date.
[DEBUG] Failure to find org.eclipse.platform:org.eclipse.core.contenttype/maven-metadata.xml in https://oss.sonatype.org/content/repositories/snapshots was cached in the local repository, resolution will not be reattempted until the update interval of sonatype-nexus-snapshots has elapsed or updates are forced
[DEBUG] Failure to find org.eclipse.platform:org.eclipse.core.contenttype/maven-metadata.xml in http://maven.inria.fr/artifactory/spoon-public-snapshot/ was cached in the local repository, resolution will not be reattempted until the update interval of gforge.inria.fr-release has elapsed or updates are forced
[DEBUG] Failure to find org.eclipse.platform:org.eclipse.core.contenttype/maven-metadata.xml in http://maven.inria.fr/artifactory/spoon-public-snapshot was cached in the local repository, resolution will not be reattempted until the update interval of maven.inria.fr-snapshot has elapsed or updates are forced
[DEBUG] Could not find metadata org.eclipse.platform:org.eclipse.equinox.app/maven-metadata.xml in local (/home/spirals/danglot/.m2/repository)
[DEBUG] Skipped remote request for org.eclipse.platform:org.eclipse.equinox.app/maven-metadata.xml, locally cached metadata up-to-date.
[DEBUG] Failure to find org.eclipse.platform:org.eclipse.equinox.app/maven-metadata.xml in https://oss.sonatype.org/content/repositories/snapshots was cached in the local repository, resolution will not be reattempted until the update interval of sonatype-nexus-snapshots has elapsed or updates are forced
[DEBUG] Failure to find org.eclipse.platform:org.eclipse.equinox.app/maven-metadata.xml in http://maven.inria.fr/artifactory/spoon-public-snapshot/ was cached in the local repository, resolution will not be reattempted until the update interval of gforge.inria.fr-release has elapsed or updates are forced
[DEBUG] Failure to find org.eclipse.platform:org.eclipse.equinox.app/maven-metadata.xml in http://maven.inria.fr/artifactory/spoon-public-snapshot was cached in the local repository, resolution will not be reattempted until the update interval of maven.inria.fr-snapshot has elapsed or updates are forced
[DEBUG] Could not find metadata org.eclipse.platform:org.eclipse.core.filesystem/maven-metadata.xml in local (/home/spirals/danglot/.m2/repository)
[DEBUG] Skipped remote request for org.eclipse.platform:org.eclipse.core.filesystem/maven-metadata.xml, locally cached metadata up-to-date.
[DEBUG] Failure to find org.eclipse.platform:org.eclipse.core.filesystem/maven-metadata.xml in https://oss.sonatype.org/content/repositories/snapshots was cached in the local repository, resolution will not be reattempted until the update interval of sonatype-nexus-snapshots has elapsed or updates are forced
[DEBUG] Failure to find org.eclipse.platform:org.eclipse.core.filesystem/maven-metadata.xml in http://maven.inria.fr/artifactory/spoon-public-snapshot/ was cached in the local repository, resolution will not be reattempted until the update interval of gforge.inria.fr-release has elapsed or updates are forced
[DEBUG] Failure to find org.eclipse.platform:org.eclipse.core.filesystem/maven-metadata.xml in http://maven.inria.fr/artifactory/spoon-public-snapshot was cached in the local repository, resolution will not be reattempted until the update interval of maven.inria.fr-snapshot has elapsed or updates are forced
[DEBUG] Could not find metadata org.eclipse.platform:org.eclipse.osgi/maven-metadata.xml in local (/home/spirals/danglot/.m2/repository)
[DEBUG] Skipped remote request for org.eclipse.platform:org.eclipse.osgi/maven-metadata.xml, locally cached metadata up-to-date.
[DEBUG] Failure to find org.eclipse.platform:org.eclipse.osgi/maven-metadata.xml in https://oss.sonatype.org/content/repositories/snapshots was cached in the local repository, resolution will not be reattempted until the update interval of sonatype-nexus-snapshots has elapsed or updates are forced
[DEBUG] Failure to find org.eclipse.platform:org.eclipse.osgi/maven-metadata.xml in http://maven.inria.fr/artifactory/spoon-public-snapshot/ was cached in the local repository, resolution will not be reattempted until the update interval of gforge.inria.fr-release has elapsed or updates are forced
[DEBUG] Failure to find org.eclipse.platform:org.eclipse.osgi/maven-metadata.xml in http://maven.inria.fr/artifactory/spoon-public-snapshot was cached in the local repository, resolution will not be reattempted until the update interval of maven.inria.fr-snapshot has elapsed or updates are forced
[DEBUG] Could not find metadata org.eclipse.platform:org.eclipse.core.runtime/maven-metadata.xml in local (/home/spirals/danglot/.m2/repository)
[DEBUG] Skipped remote request for org.eclipse.platform:org.eclipse.core.runtime/maven-metadata.xml, locally cached metadata up-to-date.
[DEBUG] Failure to find org.eclipse.platform:org.eclipse.core.runtime/maven-metadata.xml in https://oss.sonatype.org/content/repositories/snapshots was cached in the local repository, resolution will not be reattempted until the update interval of sonatype-nexus-snapshots has elapsed or updates are forced
[DEBUG] Failure to find org.eclipse.platform:org.eclipse.core.runtime/maven-metadata.xml in http://maven.inria.fr/artifactory/spoon-public-snapshot/ was cached in the local repository, resolution will not be reattempted until the update interval of gforge.inria.fr-release has elapsed or updates are forced
[DEBUG] Failure to find org.eclipse.platform:org.eclipse.core.runtime/maven-metadata.xml in http://maven.inria.fr/artifactory/spoon-public-snapshot was cached in the local repository, resolution will not be reattempted until the update interval of maven.inria.fr-snapshot has elapsed or updates are forced
[DEBUG] Could not find metadata org.eclipse.platform:org.eclipse.core.runtime/maven-metadata.xml in local (/home/spirals/danglot/.m2/repository)
[DEBUG] Skipped remote request for org.eclipse.platform:org.eclipse.core.runtime/maven-metadata.xml, locally cached metadata up-to-date.
[DEBUG] Failure to find org.eclipse.platform:org.eclipse.core.runtime/maven-metadata.xml in https://oss.sonatype.org/content/repositories/snapshots was cached in the local repository, resolution will not be reattempted until the update interval of sonatype-nexus-snapshots has elapsed or updates are forced
[DEBUG] Failure to find org.eclipse.platform:org.eclipse.core.runtime/maven-metadata.xml in http://maven.inria.fr/artifactory/spoon-public-snapshot/ was cached in the local repository, resolution will not be reattempted until the update interval of gforge.inria.fr-release has elapsed or updates are forced
[DEBUG] Failure to find org.eclipse.platform:org.eclipse.core.runtime/maven-metadata.xml in http://maven.inria.fr/artifactory/spoon-public-snapshot was cached in the local repository, resolution will not be reattempted until the update interval of maven.inria.fr-snapshot has elapsed or updates are forced
[DEBUG] Could not find metadata org.eclipse.platform:org.eclipse.core.filesystem/maven-metadata.xml in local (/home/spirals/danglot/.m2/repository)
[DEBUG] Skipped remote request for org.eclipse.platform:org.eclipse.core.filesystem/maven-metadata.xml, locally cached metadata up-to-date.
[DEBUG] Failure to find org.eclipse.platform:org.eclipse.core.filesystem/maven-metadata.xml in https://oss.sonatype.org/content/repositories/snapshots was cached in the local repository, resolution will not be reattempted until the update interval of sonatype-nexus-snapshots has elapsed or updates are forced
[DEBUG] Failure to find org.eclipse.platform:org.eclipse.core.filesystem/maven-metadata.xml in http://maven.inria.fr/artifactory/spoon-public-snapshot/ was cached in the local repository, resolution will not be reattempted until the update interval of gforge.inria.fr-release has elapsed or updates are forced
[DEBUG] Failure to find org.eclipse.platform:org.eclipse.core.filesystem/maven-metadata.xml in http://maven.inria.fr/artifactory/spoon-public-snapshot was cached in the local repository, resolution will not be reattempted until the update interval of maven.inria.fr-snapshot has elapsed or updates are forced
[DEBUG] Could not find metadata org.eclipse.platform:org.eclipse.text/maven-metadata.xml in local (/home/spirals/danglot/.m2/repository)
[DEBUG] Skipped remote request for org.eclipse.platform:org.eclipse.text/maven-metadata.xml, locally cached metadata up-to-date.
[DEBUG] Failure to find org.eclipse.platform:org.eclipse.text/maven-metadata.xml in https://oss.sonatype.org/content/repositories/snapshots was cached in the local repository, resolution will not be reattempted until the update interval of sonatype-nexus-snapshots has elapsed or updates are forced
[DEBUG] Failure to find org.eclipse.platform:org.eclipse.text/maven-metadata.xml in http://maven.inria.fr/artifactory/spoon-public-snapshot/ was cached in the local repository, resolution will not be reattempted until the update interval of gforge.inria.fr-release has elapsed or updates are forced
[DEBUG] Failure to find org.eclipse.platform:org.eclipse.text/maven-metadata.xml in http://maven.inria.fr/artifactory/spoon-public-snapshot was cached in the local repository, resolution will not be reattempted until the update interval of maven.inria.fr-snapshot has elapsed or updates are forced
[DEBUG] Could not find metadata org.eclipse.platform:org.eclipse.core.commands/maven-metadata.xml in local (/home/spirals/danglot/.m2/repository)
[DEBUG] Skipped remote request for org.eclipse.platform:org.eclipse.core.commands/maven-metadata.xml, locally cached metadata up-to-date.
[DEBUG] Failure to find org.eclipse.platform:org.eclipse.core.commands/maven-metadata.xml in https://oss.sonatype.org/content/repositories/snapshots was cached in the local repository, resolution will not be reattempted until the update interval of sonatype-nexus-snapshots has elapsed or updates are forced
[DEBUG] Failure to find org.eclipse.platform:org.eclipse.core.commands/maven-metadata.xml in http://maven.inria.fr/artifactory/spoon-public-snapshot/ was cached in the local repository, resolution will not be reattempted until the update interval of gforge.inria.fr-release has elapsed or updates are forced
[DEBUG] Failure to find org.eclipse.platform:org.eclipse.core.commands/maven-metadata.xml in http://maven.inria.fr/artifactory/spoon-public-snapshot was cached in the local repository, resolution will not be reattempted until the update interval of maven.inria.fr-snapshot has elapsed or updates are forced
[DEBUG] Could not find metadata org.eclipse.platform:org.eclipse.equinox.common/maven-metadata.xml in local (/home/spirals/danglot/.m2/repository)
[DEBUG] Skipped remote request for org.eclipse.platform:org.eclipse.equinox.common/maven-metadata.xml, locally cached metadata up-to-date.
[DEBUG] Failure to find org.eclipse.platform:org.eclipse.equinox.common/maven-metadata.xml in https://oss.sonatype.org/content/repositories/snapshots was cached in the local repository, resolution will not be reattempted until the update interval of sonatype-nexus-snapshots has elapsed or updates are forced
[DEBUG] Failure to find org.eclipse.platform:org.eclipse.equinox.common/maven-metadata.xml in http://maven.inria.fr/artifactory/spoon-public-snapshot/ was cached in the local repository, resolution will not be reattempted until the update interval of gforge.inria.fr-release has elapsed or updates are forced
[DEBUG] Failure to find org.eclipse.platform:org.eclipse.equinox.common/maven-metadata.xml in http://maven.inria.fr/artifactory/spoon-public-snapshot was cached in the local repository, resolution will not be reattempted until the update interval of maven.inria.fr-snapshot has elapsed or updates are forced
[DEBUG] Could not find metadata org.eclipse.platform:org.eclipse.core.runtime/maven-metadata.xml in local (/home/spirals/danglot/.m2/repository)
[DEBUG] Skipped remote request for org.eclipse.platform:org.eclipse.core.runtime/maven-metadata.xml, locally cached metadata up-to-date.
[DEBUG] Failure to find org.eclipse.platform:org.eclipse.core.runtime/maven-metadata.xml in https://oss.sonatype.org/content/repositories/snapshots was cached in the local repository, resolution will not be reattempted until the update interval of sonatype-nexus-snapshots has elapsed or updates are forced
[DEBUG] Failure to find org.eclipse.platform:org.eclipse.core.runtime/maven-metadata.xml in http://maven.inria.fr/artifactory/spoon-public-snapshot/ was cached in the local repository, resolution will not be reattempted until the update interval of gforge.inria.fr-release has elapsed or updates are forced
[DEBUG] Failure to find org.eclipse.platform:org.eclipse.core.runtime/maven-metadata.xml in http://maven.inria.fr/artifactory/spoon-public-snapshot was cached in the local repository, resolution will not be reattempted until the update interval of maven.inria.fr-snapshot has elapsed or updates are forced
[DEBUG] Dependency collection stats: {ConflictMarker.analyzeTime=4328475, ConflictMarker.markTime=1061960, ConflictMarker.nodeCount=553, ConflictIdSorter.graphTime=3806250, ConflictIdSorter.topsortTime=141166, ConflictIdSorter.conflictIdCount=69, ConflictIdSorter.conflictIdCycleCount=0, ConflictResolver.totalTime=12439875, ConflictResolver.conflictItemCount=214, DefaultDependencyCollector.collectTime=1342228413, DefaultDependencyCollector.transformTime=21812933}
[DEBUG] eu.stamp-project:diff-test-selection:jar:0.5-SNAPSHOT:
[DEBUG]    org.apache.maven.shared:maven-invoker:jar:3.0.0:compile
[DEBUG]       org.codehaus.plexus:plexus-utils:jar:3.0.24:compile
[DEBUG]       org.codehaus.plexus:plexus-component-annotations:jar:1.7:compile
[DEBUG]    org.openclover:clover:jar:4.2.1:compile
[DEBUG]    org.apache.maven:maven-plugin-api:jar:3.0:compile
[DEBUG]       org.apache.maven:maven-model:jar:3.0:compile
[DEBUG]       org.apache.maven:maven-artifact:jar:3.0:compile
[DEBUG]       org.sonatype.sisu:sisu-inject-plexus:jar:1.4.2:compile
[DEBUG]          org.sonatype.sisu:sisu-inject-bean:jar:1.4.2:compile
[DEBUG]             org.sonatype.sisu:sisu-guice:jar:noaop:2.1.7:compile
[DEBUG]    org.apache.maven:maven-core:jar:3.5.4:compile
[DEBUG]       org.apache.maven:maven-settings:jar:3.5.4:compile
[DEBUG]       org.apache.maven:maven-settings-builder:jar:3.5.4:compile
[DEBUG]          org.codehaus.plexus:plexus-interpolation:jar:1.24:compile
[DEBUG]          org.sonatype.plexus:plexus-sec-dispatcher:jar:1.4:compile
[DEBUG]             org.sonatype.plexus:plexus-cipher:jar:1.4:compile
[DEBUG]       org.apache.maven:maven-builder-support:jar:3.5.4:compile
[DEBUG]       org.apache.maven:maven-repository-metadata:jar:3.5.4:compile
[DEBUG]       org.apache.maven:maven-model-builder:jar:3.5.4:compile
[DEBUG]       org.apache.maven:maven-resolver-provider:jar:3.5.4:compile
[DEBUG]       org.apache.maven.resolver:maven-resolver-impl:jar:1.1.1:compile
[DEBUG]       org.apache.maven.resolver:maven-resolver-api:jar:1.1.1:compile
[DEBUG]       org.apache.maven.resolver:maven-resolver-spi:jar:1.1.1:compile
[DEBUG]       org.apache.maven.resolver:maven-resolver-util:jar:1.1.1:compile
[DEBUG]       org.apache.maven.shared:maven-shared-utils:jar:3.2.1:compile
[DEBUG]          commons-io:commons-io:jar:2.5:compile
[DEBUG]       org.eclipse.sisu:org.eclipse.sisu.plexus:jar:0.3.3:compile
[DEBUG]          javax.enterprise:cdi-api:jar:1.0:compile
[DEBUG]             javax.annotation:jsr250-api:jar:1.0:compile
[DEBUG]       org.eclipse.sisu:org.eclipse.sisu.inject:jar:0.3.3:compile
[DEBUG]       com.google.inject:guice:jar:no_aop:4.2.0:compile
[DEBUG]          aopalliance:aopalliance:jar:1.0:compile
[DEBUG]       com.google.guava:guava:jar:20.0:compile
[DEBUG]       javax.inject:javax.inject:jar:1:compile
[DEBUG]       org.codehaus.plexus:plexus-classworlds:jar:2.5.2:compile
[DEBUG]       org.apache.commons:commons-lang3:jar:3.5:compile
[DEBUG]    fr.inria.gforge.spoon.labs:gumtree-spoon-ast-diff:jar:1.5:compile
[DEBUG]       fr.inria.gforge.spoon:spoon-core:jar:7.0.0:compile
[DEBUG]          org.eclipse.jdt:org.eclipse.jdt.core:jar:3.13.102:compile
[DEBUG]             org.eclipse.platform:org.eclipse.core.resources:jar:3.13.100:compile
[DEBUG]                org.eclipse.platform:org.eclipse.core.expressions:jar:3.6.200:compile
[DEBUG]             org.eclipse.platform:org.eclipse.core.runtime:jar:3.15.0:compile
[DEBUG]                org.eclipse.platform:org.eclipse.osgi:jar:3.13.100:compile
[DEBUG]                org.eclipse.platform:org.eclipse.equinox.common:jar:3.10.100:compile
[DEBUG]                org.eclipse.platform:org.eclipse.core.jobs:jar:3.10.100:compile
[DEBUG]                org.eclipse.platform:org.eclipse.equinox.registry:jar:3.8.100:compile
[DEBUG]                org.eclipse.platform:org.eclipse.equinox.preferences:jar:3.7.200:compile
[DEBUG]                org.eclipse.platform:org.eclipse.core.contenttype:jar:3.7.100:compile
[DEBUG]                org.eclipse.platform:org.eclipse.equinox.app:jar:1.3.600:compile
[DEBUG]             org.eclipse.platform:org.eclipse.core.filesystem:jar:1.7.200:compile
[DEBUG]             org.eclipse.platform:org.eclipse.text:jar:3.7.0:compile
[DEBUG]                org.eclipse.platform:org.eclipse.core.commands:jar:3.9.200:compile
[DEBUG]          com.martiansoftware:jsap:jar:2.1:compile
[DEBUG]          log4j:log4j:jar:1.2.17:compile
[DEBUG]          com.fasterxml.jackson.core:jackson-databind:jar:2.9.2:compile
[DEBUG]             com.fasterxml.jackson.core:jackson-annotations:jar:2.9.0:compile
[DEBUG]             com.fasterxml.jackson.core:jackson-core:jar:2.9.2:compile
[DEBUG]       com.github.gumtreediff:core:jar:2.1.0:compile
[DEBUG]          com.github.mpkorstanje:simmetrics-core:jar:3.2.3:compile
[DEBUG]             commons-codec:commons-codec:jar:1.10:compile
[DEBUG]          net.sf.trove4j:trove4j:jar:3.0.3:compile
[DEBUG]          com.google.code.gson:gson:jar:2.8.2:compile
[DEBUG]          org.jgrapht:jgrapht-core:jar:1.0.1:compile
[DEBUG] Created new class realm plugin>eu.stamp-project:diff-test-selection:0.5-SNAPSHOT
[DEBUG] Importing foreign packages into class realm plugin>eu.stamp-project:diff-test-selection:0.5-SNAPSHOT
[DEBUG]   Imported:  < maven.api
[DEBUG] Populating class realm plugin>eu.stamp-project:diff-test-selection:0.5-SNAPSHOT
[DEBUG]   Included: eu.stamp-project:diff-test-selection:jar:0.5-SNAPSHOT
[DEBUG]   Included: org.apache.maven.shared:maven-invoker:jar:3.0.0
[DEBUG]   Included: org.codehaus.plexus:plexus-utils:jar:3.0.24
[DEBUG]   Included: org.codehaus.plexus:plexus-component-annotations:jar:1.7
[DEBUG]   Included: org.openclover:clover:jar:4.2.1
[DEBUG]   Included: org.sonatype.sisu:sisu-inject-bean:jar:1.4.2
[DEBUG]   Included: org.sonatype.sisu:sisu-guice:jar:noaop:2.1.7
[DEBUG]   Included: org.codehaus.plexus:plexus-interpolation:jar:1.24
[DEBUG]   Included: org.sonatype.plexus:plexus-sec-dispatcher:jar:1.4
[DEBUG]   Included: org.sonatype.plexus:plexus-cipher:jar:1.4
[DEBUG]   Included: org.apache.maven:maven-builder-support:jar:3.5.4
[DEBUG]   Included: org.apache.maven.resolver:maven-resolver-util:jar:1.1.1
[DEBUG]   Included: org.apache.maven.shared:maven-shared-utils:jar:3.2.1
[DEBUG]   Included: commons-io:commons-io:jar:2.5
[DEBUG]   Included: javax.enterprise:cdi-api:jar:1.0
[DEBUG]   Included: org.eclipse.sisu:org.eclipse.sisu.inject:jar:0.3.3
[DEBUG]   Included: com.google.inject:guice:jar:no_aop:4.2.0
[DEBUG]   Included: aopalliance:aopalliance:jar:1.0
[DEBUG]   Included: com.google.guava:guava:jar:20.0
[DEBUG]   Included: org.apache.commons:commons-lang3:jar:3.5
[DEBUG]   Included: fr.inria.gforge.spoon.labs:gumtree-spoon-ast-diff:jar:1.5
[DEBUG]   Included: fr.inria.gforge.spoon:spoon-core:jar:7.0.0
[DEBUG]   Included: org.eclipse.jdt:org.eclipse.jdt.core:jar:3.13.102
[DEBUG]   Included: org.eclipse.platform:org.eclipse.core.resources:jar:3.13.100
[DEBUG]   Included: org.eclipse.platform:org.eclipse.core.expressions:jar:3.6.200
[DEBUG]   Included: org.eclipse.platform:org.eclipse.core.runtime:jar:3.15.0
[DEBUG]   Included: org.eclipse.platform:org.eclipse.osgi:jar:3.13.100
[DEBUG]   Included: org.eclipse.platform:org.eclipse.equinox.common:jar:3.10.100
[DEBUG]   Included: org.eclipse.platform:org.eclipse.core.jobs:jar:3.10.100
[DEBUG]   Included: org.eclipse.platform:org.eclipse.equinox.registry:jar:3.8.100
[DEBUG]   Included: org.eclipse.platform:org.eclipse.equinox.preferences:jar:3.7.200
[DEBUG]   Included: org.eclipse.platform:org.eclipse.core.contenttype:jar:3.7.100
[DEBUG]   Included: org.eclipse.platform:org.eclipse.equinox.app:jar:1.3.600
[DEBUG]   Included: org.eclipse.platform:org.eclipse.core.filesystem:jar:1.7.200
[DEBUG]   Included: org.eclipse.platform:org.eclipse.text:jar:3.7.0
[DEBUG]   Included: org.eclipse.platform:org.eclipse.core.commands:jar:3.9.200
[DEBUG]   Included: com.martiansoftware:jsap:jar:2.1
[DEBUG]   Included: log4j:log4j:jar:1.2.17
[DEBUG]   Included: com.fasterxml.jackson.core:jackson-databind:jar:2.9.2
[DEBUG]   Included: com.fasterxml.jackson.core:jackson-annotations:jar:2.9.0
[DEBUG]   Included: com.fasterxml.jackson.core:jackson-core:jar:2.9.2
[DEBUG]   Included: com.github.gumtreediff:core:jar:2.1.0
[DEBUG]   Included: com.github.mpkorstanje:simmetrics-core:jar:3.2.3
[DEBUG]   Included: commons-codec:commons-codec:jar:1.10
[DEBUG]   Included: net.sf.trove4j:trove4j:jar:3.0.3
[DEBUG]   Included: com.google.code.gson:gson:jar:2.8.2
[DEBUG]   Included: org.jgrapht:jgrapht-core:jar:1.0.1
[DEBUG] Configuring mojo eu.stamp-project:diff-test-selection:0.5-SNAPSHOT:list from plugin realm ClassRealm[plugin>eu.stamp-project:diff-test-selection:0.5-SNAPSHOT, parent: sun.misc.Launcher$AppClassLoader@55f96302]
[DEBUG] Configuring mojo 'eu.stamp-project:diff-test-selection:0.5-SNAPSHOT:list' with basic configurator -->
[DEBUG]   (f) module = xwiki-commons-core/xwiki-commons-component/xwiki-commons-component-default/
[DEBUG]   (f) outputPath = /tmp/icst-2019/september-2018/result/xwiki-commons/commit_11_8f82e34/commit_coverage_testsThatExecuteTheChanges.csv
[DEBUG]   (f) pathToDiff = patch.diff
[DEBUG]   (f) pathToOtherVersion = /tmp/icst-2019/september-2018/dataset/xwiki-commons_parent/xwiki-commons-core/xwiki-commons-component/xwiki-commons-component-default
[DEBUG]   (f) project = MavenProject: org.xwiki.commons:xwiki-commons-component-default:9.10-SNAPSHOT @ /tmp/icst-2019/september-2018/dataset/xwiki-commons/xwiki-commons-core/xwiki-commons-component/xwiki-commons-component-default/pom.xml
[DEBUG]   (f) report = CSV
[DEBUG] -- end configuration --
[INFO] Computing coverage for /tmp/icst-2019/september-2018/dataset/xwiki-commons/xwiki-commons-core/xwiki-commons-component/xwiki-commons-component-default
[WARN] Maven will be executed in interactive mode, but no input stream has been configured for this MavenInvoker instance.
[INFO] Scanning for projects...
[WARNING] 
[WARNING] Some problems were encountered while building the effective model for org.xwiki.commons:xwiki-commons-component-default:jar:9.10-SNAPSHOT
[WARNING] Reporting configuration should be done in <reporting> section, not in maven-site-plugin <configuration> as reportPlugins parameter.
[WARNING] 
[WARNING] It is highly recommended to fix these problems because they threaten the stability of your build.
[WARNING] 
[WARNING] For this reason, future Maven versions might no longer support building such malformed projects.
[WARNING] 
[INFO] 
[INFO] ---------< org.xwiki.commons:xwiki-commons-component-default >----------
[INFO] Building XWiki Commons - Component - Default Implementation 9.10-SNAPSHOT
[INFO] --------------------------------[ jar ]---------------------------------
[INFO] 
[INFO] --- maven-clean-plugin:3.0.0:clean (default-clean) @ xwiki-commons-component-default ---
[INFO] 
[INFO] --- clover-maven-plugin:4.2.0:setup (default-cli) @ xwiki-commons-component-default ---
[INFO] No 'maven.clover.licenseLocation' configured. Using default license.
[INFO] OpenClover Version 4.2.0, built on April 30 2017 (build-1000)
[INFO] Loaded from: /home/spirals/danglot/.m2/repository/org/openclover/clover/4.2.0/clover-4.2.0.jar
[INFO] Clover free edition.
[INFO] Creating new database at '/tmp/icst-2019/september-2018/dataset/xwiki-commons/xwiki-commons-core/xwiki-commons-component/xwiki-commons-component-default/target/clover/clover.db'.
[INFO] Processing files at 1.8 source level.
[INFO] Clover all over. Instrumented 17 files (4 packages).
[INFO] Elapsed time = 0.632 secs. (26.899 files/sec, 4,015.823 srclines/sec)
[INFO] OpenClover Version 4.2.0, built on April 30 2017 (build-1000)
[INFO] Loaded from: /home/spirals/danglot/.m2/repository/org/openclover/clover/4.2.0/clover-4.2.0.jar
[INFO] Clover free edition.
[INFO] Updating existing database at '/tmp/icst-2019/september-2018/dataset/xwiki-commons/xwiki-commons-core/xwiki-commons-component/xwiki-commons-component-default/target/clover/clover.db'.
[INFO] Processing files at 1.8 source level.
[INFO] Clover all over. Instrumented 7 files (5 packages).
[INFO] 41 test methods detected.
[INFO] Elapsed time = 0.314 secs. (22.293 files/sec, 5,570.064 srclines/sec)
[INFO] 
[INFO] --- maven-enforcer-plugin:1.4.1:enforce (enforce-plugins) @ xwiki-commons-component-default ---
[INFO] Skipping Rule Enforcement.
[INFO] 
[INFO] --- maven-enforcer-plugin:1.4.1:enforce (enforce-jcl-log4j-isolation) @ xwiki-commons-component-default ---
[INFO] Skipping Rule Enforcement.
[INFO] 
[INFO] --- maven-enforcer-plugin:1.4.1:enforce (enforce-glasshfish-jaxb) @ xwiki-commons-component-default ---
[INFO] Skipping Rule Enforcement.
[INFO] 
[INFO] --- maven-enforcer-plugin:1.4.1:enforce (enforce-commons-lang3) @ xwiki-commons-component-default ---
[INFO] Skipping Rule Enforcement.
[INFO] 
[INFO] --- maven-enforcer-plugin:1.4.1:enforce (enforce-commons-configuration2) @ xwiki-commons-component-default ---
[INFO] Skipping Rule Enforcement.
[INFO] 
[INFO] --- maven-enforcer-plugin:1.4.1:enforce (enforce-bouncycastle-ids) @ xwiki-commons-component-default ---
[INFO] Skipping Rule Enforcement.
[INFO] 
[INFO] --- maven-enforcer-plugin:1.4.1:enforce (enforce-javase-dependencies) @ xwiki-commons-component-default ---
[INFO] Skipping Rule Enforcement.
[INFO] 
[INFO] --- maven-enforcer-plugin:1.4.1:enforce (enforce-upper-bounds) @ xwiki-commons-component-default ---
[INFO] Skipping Rule Enforcement.
[INFO] 
[INFO] --- maven-enforcer-plugin:1.4.1:enforce (enforce-no-legacy-dependencies) @ xwiki-commons-component-default ---
[INFO] 
[INFO] --- maven-enforcer-plugin:1.4.1:enforce (enforce-valid-poms) @ xwiki-commons-component-default ---
[INFO] Skipping Rule Enforcement.
[INFO] 
[INFO] --- maven-enforcer-plugin:1.4.1:enforce (enforce-platform-rendering-isolation) @ xwiki-commons-component-default ---
[INFO] Skipping Rule Enforcement.
[INFO] 
[INFO] --- maven-enforcer-plugin:1.4.1:enforce (check-dependency-version) @ xwiki-commons-component-default ---
[INFO] Skipping Rule Enforcement.
[INFO] 
[INFO] --- maven-remote-resources-plugin:1.5:process (xwiki-license-resources) @ xwiki-commons-component-default ---
[INFO] 
[INFO] --- maven-resources-plugin:3.0.2:resources (default-resources) @ xwiki-commons-component-default ---
[INFO] Using 'UTF-8' encoding to copy filtered resources.
[INFO] Copying 3 resources
[INFO] Copying 1 resource
[INFO] Copying 2 resources
[INFO] 
[INFO] --- maven-compiler-plugin:3.7.0:compile (default-compile) @ xwiki-commons-component-default ---
[INFO] Changes detected - recompiling the module!
[INFO] Compiling 17 source files to /tmp/icst-2019/september-2018/dataset/xwiki-commons/xwiki-commons-core/xwiki-commons-component/xwiki-commons-component-default/target/classes
[WARNING] /tmp/icst-2019/september-2018/dataset/xwiki-commons/xwiki-commons-core/xwiki-commons-component/xwiki-commons-component-default/target/clover/src-instrumented/org/xwiki/component/embed/GenericProvider.java:[28,38] org.xwiki.component.annotation.ComponentRole in org.xwiki.component.annotation has been deprecated
[WARNING] /tmp/icst-2019/september-2018/dataset/xwiki-commons/xwiki-commons-core/xwiki-commons-component/xwiki-commons-component-default/target/clover/src-instrumented/org/xwiki/component/embed/GenericProvider.java:[95,99] org.xwiki.component.annotation.ComponentRole in org.xwiki.component.annotation has been deprecated
[WARNING] /tmp/icst-2019/september-2018/dataset/xwiki-commons/xwiki-commons-core/xwiki-commons-component/xwiki-commons-component-default/target/clover/src-instrumented/org/xwiki/component/annotation/ComponentDependencyFactory.java:[43,5] found raw type: org.xwiki.component.descriptor.ComponentDependency
  missing type arguments for generic class org.xwiki.component.descriptor.ComponentDependency<T>
[WARNING] /tmp/icst-2019/september-2018/dataset/xwiki-commons/xwiki-commons-core/xwiki-commons-component/xwiki-commons-component-default/target/clover/src-instrumented/org/xwiki/component/annotation/DefaultComponentDependencyFactory.java:[40,12] found raw type: org.xwiki.component.descriptor.ComponentDependency
  missing type arguments for generic class org.xwiki.component.descriptor.ComponentDependency<T>
[WARNING] /tmp/icst-2019/september-2018/dataset/xwiki-commons/xwiki-commons-core/xwiki-commons-component/xwiki-commons-component-default/target/clover/src-instrumented/org/xwiki/component/annotation/DefaultComponentDependencyFactory.java:[42,43] found raw type: org.xwiki.component.descriptor.DefaultComponentDependency
  missing type arguments for generic class org.xwiki.component.descriptor.DefaultComponentDependency<T>
[WARNING] /tmp/icst-2019/september-2018/dataset/xwiki-commons/xwiki-commons-core/xwiki-commons-component/xwiki-commons-component-default/target/clover/src-instrumented/org/xwiki/component/annotation/DefaultComponentDependencyFactory.java:[46,64] found raw type: org.xwiki.component.descriptor.DefaultComponentDependency
  missing type arguments for generic class org.xwiki.component.descriptor.DefaultComponentDependency<T>
[WARNING] /tmp/icst-2019/september-2018/dataset/xwiki-commons/xwiki-commons-core/xwiki-commons-component/xwiki-commons-component-default/target/clover/src-instrumented/org/xwiki/component/annotation/DefaultComponentDependencyFactory.java:[49,90] org.xwiki.component.annotation.ComponentRole in org.xwiki.component.annotation has been deprecated
[WARNING] /tmp/icst-2019/september-2018/dataset/xwiki-commons/xwiki-commons-core/xwiki-commons-component/xwiki-commons-component-default/target/clover/src-instrumented/org/xwiki/component/annotation/ComponentAnnotationLoader.java:[173,33] found raw type: org.xwiki.component.internal.RoleHint
  missing type arguments for generic class org.xwiki.component.internal.RoleHint<T>
[WARNING] /tmp/icst-2019/september-2018/dataset/xwiki-commons/xwiki-commons-core/xwiki-commons-component/xwiki-commons-component-default/target/clover/src-instrumented/org/xwiki/component/annotation/ComponentAnnotationLoader.java:[253,56] found raw type: java.lang.Class
  missing type arguments for generic class java.lang.Class<T>
[WARNING] /tmp/icst-2019/september-2018/dataset/xwiki-commons/xwiki-commons-core/xwiki-commons-component/xwiki-commons-component-default/target/clover/src-instrumented/org/xwiki/component/annotation/ComponentAnnotationLoader.java:[256,33] found raw type: org.xwiki.component.descriptor.DefaultComponentDescriptor
  missing type arguments for generic class org.xwiki.component.descriptor.DefaultComponentDescriptor<T>
[WARNING] /tmp/icst-2019/september-2018/dataset/xwiki-commons/xwiki-commons-core/xwiki-commons-component/xwiki-commons-component-default/target/clover/src-instrumented/org/xwiki/component/annotation/ComponentAnnotationLoader.java:[256,29] unchecked call to DefaultComponentDescriptor(org.xwiki.component.descriptor.ComponentDescriptor<T>) as a member of the raw type org.xwiki.component.descriptor.DefaultComponentDescriptor
[WARNING] /tmp/icst-2019/september-2018/dataset/xwiki-commons/xwiki-commons-core/xwiki-commons-component/xwiki-commons-component-default/target/clover/src-instrumented/org/xwiki/component/annotation/ComponentAnnotationLoader.java:[266,17] found raw type: org.xwiki.component.descriptor.ComponentDescriptor
  missing type arguments for generic class org.xwiki.component.descriptor.ComponentDescriptor<T>
[WARNING] /tmp/icst-2019/september-2018/dataset/xwiki-commons/xwiki-commons-core/xwiki-commons-component/xwiki-commons-component-default/target/clover/src-instrumented/org/xwiki/component/annotation/ComponentAnnotationLoader.java:[268,45] found raw type: org.xwiki.component.descriptor.ComponentDescriptor
  missing type arguments for generic class org.xwiki.component.descriptor.ComponentDescriptor<T>
[WARNING] /tmp/icst-2019/september-2018/dataset/xwiki-commons/xwiki-commons-core/xwiki-commons-component/xwiki-commons-component-default/target/clover/src-instrumented/org/xwiki/component/annotation/ComponentAnnotationLoader.java:[268,94] found raw type: org.xwiki.component.descriptor.ComponentDescriptor
  missing type arguments for generic class org.xwiki.component.descriptor.ComponentDescriptor<T>
[WARNING] /tmp/icst-2019/september-2018/dataset/xwiki-commons/xwiki-commons-core/xwiki-commons-component/xwiki-commons-component-default/target/clover/src-instrumented/org/xwiki/component/annotation/ComponentAnnotationLoader.java:[337,93] org.xwiki.component.annotation.ComponentRole in org.xwiki.component.annotation has been deprecated
[WARNING] /tmp/icst-2019/september-2018/dataset/xwiki-commons/xwiki-commons-core/xwiki-commons-component/xwiki-commons-component-default/target/clover/src-instrumented/org/xwiki/component/annotation/ComponentDescriptorFactory.java:[64,17] found raw type: org.xwiki.component.descriptor.ComponentDescriptor
  missing type arguments for generic class org.xwiki.component.descriptor.ComponentDescriptor<T>
[WARNING] /tmp/icst-2019/september-2018/dataset/xwiki-commons/xwiki-commons-core/xwiki-commons-component/xwiki-commons-component-default/target/clover/src-instrumented/org/xwiki/component/annotation/ComponentDescriptorFactory.java:[79,17] found raw type: org.xwiki.component.descriptor.ComponentDescriptor
  missing type arguments for generic class org.xwiki.component.descriptor.ComponentDescriptor<T>
[WARNING] /tmp/icst-2019/september-2018/dataset/xwiki-commons/xwiki-commons-core/xwiki-commons-component/xwiki-commons-component-default/target/clover/src-instrumented/org/xwiki/component/annotation/ComponentDescriptorFactory.java:[81,48] found raw type: org.xwiki.component.descriptor.ComponentDescriptor
  missing type arguments for generic class org.xwiki.component.descriptor.ComponentDescriptor<T>
[WARNING] /tmp/icst-2019/september-2018/dataset/xwiki-commons/xwiki-commons-core/xwiki-commons-component/xwiki-commons-component-default/target/clover/src-instrumented/org/xwiki/component/annotation/ComponentDescriptorFactory.java:[81,97] found raw type: org.xwiki.component.descriptor.ComponentDescriptor
  missing type arguments for generic class org.xwiki.component.descriptor.ComponentDescriptor<T>
[WARNING] /tmp/icst-2019/september-2018/dataset/xwiki-commons/xwiki-commons-core/xwiki-commons-component/xwiki-commons-component-default/target/clover/src-instrumented/org/xwiki/component/annotation/ComponentDescriptorFactory.java:[95,88] value() in org.xwiki.component.annotation.Component has been deprecated
[WARNING] /tmp/icst-2019/september-2018/dataset/xwiki-commons/xwiki-commons-core/xwiki-commons-component/xwiki-commons-component-default/target/clover/src-instrumented/org/xwiki/component/annotation/ComponentDescriptorFactory.java:[96,86] value() in org.xwiki.component.annotation.Component has been deprecated
[WARNING] /tmp/icst-2019/september-2018/dataset/xwiki-commons/xwiki-commons-core/xwiki-commons-component/xwiki-commons-component-default/target/clover/src-instrumented/org/xwiki/component/annotation/ComponentDescriptorFactory.java:[119,13] found raw type: org.xwiki.component.descriptor.ComponentDescriptor
  missing type arguments for generic class org.xwiki.component.descriptor.ComponentDescriptor<T>
[WARNING] /tmp/icst-2019/september-2018/dataset/xwiki-commons/xwiki-commons-core/xwiki-commons-component/xwiki-commons-component-default/target/clover/src-instrumented/org/xwiki/component/annotation/ComponentDescriptorFactory.java:[122,43] found raw type: org.xwiki.component.descriptor.DefaultComponentDescriptor
  missing type arguments for generic class org.xwiki.component.descriptor.DefaultComponentDescriptor<T>
[WARNING] /tmp/icst-2019/september-2018/dataset/xwiki-commons/xwiki-commons-core/xwiki-commons-component/xwiki-commons-component-default/target/clover/src-instrumented/org/xwiki/component/annotation/ComponentDescriptorFactory.java:[122,87] found raw type: org.xwiki.component.descriptor.DefaultComponentDescriptor
  missing type arguments for generic class org.xwiki.component.descriptor.DefaultComponentDescriptor<T>
[WARNING] /tmp/icst-2019/september-2018/dataset/xwiki-commons/xwiki-commons-core/xwiki-commons-component/xwiki-commons-component-default/target/clover/src-instrumented/org/xwiki/component/annotation/ComponentDescriptorFactory.java:[124,71] unchecked call to setImplementation(java.lang.Class<? extends T>) as a member of the raw type org.xwiki.component.descriptor.DefaultComponentDescriptor
[WARNING] /tmp/icst-2019/september-2018/dataset/xwiki-commons/xwiki-commons-core/xwiki-commons-component/xwiki-commons-component-default/target/clover/src-instrumented/org/xwiki/component/annotation/ComponentDescriptorFactory.java:[133,47] found raw type: org.xwiki.component.descriptor.ComponentDependency
  missing type arguments for generic class org.xwiki.component.descriptor.ComponentDependency<T>
[WARNING] /tmp/icst-2019/september-2018/dataset/xwiki-commons/xwiki-commons-core/xwiki-commons-component/xwiki-commons-component-default/target/clover/src-instrumented/org/xwiki/component/annotation/ComponentDescriptorFactory.java:[135,84] unchecked call to addComponentDependency(org.xwiki.component.descriptor.ComponentDependency<?>) as a member of the raw type org.xwiki.component.descriptor.DefaultComponentDescriptor
[WARNING] /tmp/icst-2019/september-2018/dataset/xwiki-commons/xwiki-commons-core/xwiki-commons-component/xwiki-commons-component-default/target/clover/src-instrumented/org/xwiki/component/annotation/ComponentDescriptorFactory.java:[173,13] found raw type: org.xwiki.component.descriptor.ComponentDependency
  missing type arguments for generic class org.xwiki.component.descriptor.ComponentDependency<T>
[WARNING] /tmp/icst-2019/september-2018/dataset/xwiki-commons/xwiki-commons-core/xwiki-commons-component/xwiki-commons-component-default/target/clover/src-instrumented/org/xwiki/component/annotation/ComponentDescriptorFactory.java:[175,43] found raw type: org.xwiki.component.descriptor.ComponentDependency
  missing type arguments for generic class org.xwiki.component.descriptor.ComponentDependency<T>
[WARNING] /tmp/icst-2019/september-2018/dataset/xwiki-commons/xwiki-commons-core/xwiki-commons-component/xwiki-commons-component-default/target/clover/src-instrumented/org/xwiki/component/embed/EmbeddableComponentManager.java:[192,115] unchecked cast
  required: org.xwiki.component.embed.EmbeddableComponentManager.ComponentEntry<T>
  found:    org.xwiki.component.embed.EmbeddableComponentManager.ComponentEntry<capture#1 of ?>
[WARNING] /tmp/icst-2019/september-2018/dataset/xwiki-commons/xwiki-commons-core/xwiki-commons-component/xwiki-commons-component-default/target/clover/src-instrumented/org/xwiki/component/internal/StackingComponentEventManager.java:[72,17] notifyComponentUnregistered(org.xwiki.component.descriptor.ComponentDescriptor<?>) in org.xwiki.component.manager.ComponentEventManager has been deprecated
[WARNING] /tmp/icst-2019/september-2018/dataset/xwiki-commons/xwiki-commons-core/xwiki-commons-component/xwiki-commons-component-default/target/clover/src-instrumented/org/xwiki/component/internal/StackingComponentEventManager.java:[58,17] notifyComponentRegistered(org.xwiki.component.descriptor.ComponentDescriptor<?>) in org.xwiki.component.manager.ComponentEventManager has been deprecated
[INFO] 
[INFO] --- maven-bundle-plugin:2.5.3:manifest (bundle-manifest) @ xwiki-commons-component-default ---
[WARNING] Manifest org.xwiki.commons:xwiki-commons-component-default:jar:9.10-SNAPSHOT : Export org.xwiki.component.embed,  has 1,  private references [org.xwiki.component.internal], 
[INFO] 
[INFO] --- maven-resources-plugin:3.0.2:testResources (default-testResources) @ xwiki-commons-component-default ---
[INFO] Using 'UTF-8' encoding to copy filtered resources.
[INFO] Copying 2 resources
[INFO] Copying 2 resources
[INFO] 
[INFO] --- maven-compiler-plugin:3.7.0:testCompile (default-testCompile) @ xwiki-commons-component-default ---
[INFO] Changes detected - recompiling the module!
[INFO] Compiling 7 source files to /tmp/icst-2019/september-2018/dataset/xwiki-commons/xwiki-commons-core/xwiki-commons-component/xwiki-commons-component-default/target/test-classes
[WARNING] /tmp/icst-2019/september-2018/dataset/xwiki-commons/xwiki-commons-core/xwiki-commons-component/xwiki-commons-component-default/target/clover/src-test-instrumented/org/xwiki/component/annotation/ComponentAnnotationLoaderTest.java:[45,28] org.xwiki.test.jmock.JMockRule in org.xwiki.test.jmock has been deprecated
[WARNING] /tmp/icst-2019/september-2018/dataset/xwiki-commons/xwiki-commons-core/xwiki-commons-component/xwiki-commons-component-default/target/clover/src-test-instrumented/org/xwiki/component/ProviderTest.java:[33,38] org.xwiki.component.annotation.ComponentRole in org.xwiki.component.annotation has been deprecated
[WARNING] /tmp/icst-2019/september-2018/dataset/xwiki-commons/xwiki-commons-core/xwiki-commons-component/xwiki-commons-component-default/target/clover/src-test-instrumented/org/xwiki/component/annotation/ComponentDescriptorFactoryTest.java:[46,6] org.xwiki.component.annotation.ComponentRole in org.xwiki.component.annotation has been deprecated
[WARNING] /tmp/icst-2019/september-2018/dataset/xwiki-commons/xwiki-commons-core/xwiki-commons-component/xwiki-commons-component-default/target/clover/src-test-instrumented/org/xwiki/component/annotation/ComponentDescriptorFactoryTest.java:[68,6] org.xwiki.component.annotation.ComponentRole in org.xwiki.component.annotation has been deprecated
[WARNING] /tmp/icst-2019/september-2018/dataset/xwiki-commons/xwiki-commons-core/xwiki-commons-component/xwiki-commons-component-default/target/clover/src-test-instrumented/org/xwiki/component/annotation/ComponentDescriptorFactoryTest.java:[73,6] org.xwiki.component.annotation.ComponentRole in org.xwiki.component.annotation has been deprecated
[WARNING] /tmp/icst-2019/september-2018/dataset/xwiki-commons/xwiki-commons-core/xwiki-commons-component/xwiki-commons-component-default/target/clover/src-test-instrumented/org/xwiki/component/annotation/ComponentDescriptorFactoryTest.java:[93,17] found raw type: org.xwiki.component.annotation.ComponentDescriptorFactoryTest.GenericFieldRole
  missing type arguments for generic class org.xwiki.component.annotation.ComponentDescriptorFactoryTest.GenericFieldRole<T>
[WARNING] /tmp/icst-2019/september-2018/dataset/xwiki-commons/xwiki-commons-core/xwiki-commons-component/xwiki-commons-component-default/target/clover/src-test-instrumented/org/xwiki/component/annotation/ComponentDescriptorFactoryTest.java:[158,48] found raw type: org.xwiki.component.descriptor.ComponentDescriptor
  missing type arguments for generic class org.xwiki.component.descriptor.ComponentDescriptor<T>
[WARNING] /tmp/icst-2019/september-2018/dataset/xwiki-commons/xwiki-commons-core/xwiki-commons-component/xwiki-commons-component-default/target/clover/src-test-instrumented/org/xwiki/component/annotation/ComponentDescriptorFactoryTest.java:[159,20] createComponentDescriptors(java.lang.Class<?>,java.lang.Class<?>) in org.xwiki.component.annotation.ComponentDescriptorFactory has been deprecated
[WARNING] /tmp/icst-2019/september-2018/dataset/xwiki-commons/xwiki-commons-core/xwiki-commons-component/xwiki-commons-component-default/target/clover/src-test-instrumented/org/xwiki/component/annotation/ComponentDescriptorFactoryTest.java:[170,48] found raw type: org.xwiki.component.descriptor.ComponentDescriptor
  missing type arguments for generic class org.xwiki.component.descriptor.ComponentDescriptor<T>
[WARNING] /tmp/icst-2019/september-2018/dataset/xwiki-commons/xwiki-commons-core/xwiki-commons-component/xwiki-commons-component-default/target/clover/src-test-instrumented/org/xwiki/component/annotation/ComponentDescriptorFactoryTest.java:[171,20] createComponentDescriptors(java.lang.Class<?>,java.lang.Class<?>) in org.xwiki.component.annotation.ComponentDescriptorFactory has been deprecated
[WARNING] /tmp/icst-2019/september-2018/dataset/xwiki-commons/xwiki-commons-core/xwiki-commons-component/xwiki-commons-component-default/target/clover/src-test-instrumented/org/xwiki/component/annotation/ComponentDescriptorFactoryTest.java:[181,48] found raw type: org.xwiki.component.descriptor.ComponentDescriptor
  missing type arguments for generic class org.xwiki.component.descriptor.ComponentDescriptor<T>
[WARNING] /tmp/icst-2019/september-2018/dataset/xwiki-commons/xwiki-commons-core/xwiki-commons-component/xwiki-commons-component-default/target/clover/src-test-instrumented/org/xwiki/component/annotation/ComponentDescriptorFactoryTest.java:[182,20] createComponentDescriptors(java.lang.Class<?>,java.lang.Class<?>) in org.xwiki.component.annotation.ComponentDescriptorFactory has been deprecated
[WARNING] /tmp/icst-2019/september-2018/dataset/xwiki-commons/xwiki-commons-core/xwiki-commons-component/xwiki-commons-component-default/target/clover/src-test-instrumented/org/xwiki/component/annotation/ComponentDescriptorFactoryTest.java:[191,48] found raw type: org.xwiki.component.descriptor.ComponentDescriptor
  missing type arguments for generic class org.xwiki.component.descriptor.ComponentDescriptor<T>
[WARNING] /tmp/icst-2019/september-2018/dataset/xwiki-commons/xwiki-commons-core/xwiki-commons-component/xwiki-commons-component-default/target/clover/src-test-instrumented/org/xwiki/component/annotation/ComponentDescriptorFactoryTest.java:[191,90] createComponentDescriptors(java.lang.Class<?>,java.lang.Class<?>) in org.xwiki.component.annotation.ComponentDescriptorFactory has been deprecated
[WARNING] /tmp/icst-2019/september-2018/dataset/xwiki-commons/xwiki-commons-core/xwiki-commons-component/xwiki-commons-component-default/target/clover/src-test-instrumented/org/xwiki/component/annotation/ComponentDescriptorFactoryTest.java:[194,43] found raw type: org.xwiki.component.descriptor.ComponentDescriptor
  missing type arguments for generic class org.xwiki.component.descriptor.ComponentDescriptor<T>
[WARNING] /tmp/icst-2019/september-2018/dataset/xwiki-commons/xwiki-commons-core/xwiki-commons-component/xwiki-commons-component-default/target/clover/src-test-instrumented/org/xwiki/component/annotation/ComponentDescriptorFactoryTest.java:[197,91] getRole() in org.xwiki.component.descriptor.ComponentRole has been deprecated
[WARNING] /tmp/icst-2019/september-2018/dataset/xwiki-commons/xwiki-commons-core/xwiki-commons-component/xwiki-commons-component-default/target/clover/src-test-instrumented/org/xwiki/component/annotation/ComponentDescriptorFactoryTest.java:[202,120] unchecked conversion
  required: java.util.Collection<org.xwiki.component.descriptor.ComponentDependency<?>>
  found:    java.util.Collection
[WARNING] /tmp/icst-2019/september-2018/dataset/xwiki-commons/xwiki-commons-core/xwiki-commons-component/xwiki-commons-component-default/target/clover/src-test-instrumented/org/xwiki/component/annotation/ComponentDescriptorFactoryTest.java:[209,43] found raw type: org.xwiki.component.descriptor.ComponentDependency
  missing type arguments for generic class org.xwiki.component.descriptor.ComponentDependency<T>
[WARNING] /tmp/icst-2019/september-2018/dataset/xwiki-commons/xwiki-commons-core/xwiki-commons-component/xwiki-commons-component-default/target/clover/src-test-instrumented/org/xwiki/component/annotation/ComponentDescriptorFactoryTest.java:[210,91] getRole() in org.xwiki.component.descriptor.ComponentRole has been deprecated
[WARNING] /tmp/icst-2019/september-2018/dataset/xwiki-commons/xwiki-commons-core/xwiki-commons-component/xwiki-commons-component-default/target/clover/src-test-instrumented/org/xwiki/component/annotation/ComponentDescriptorFactoryTest.java:[213,91] getMappingType() in org.xwiki.component.descriptor.ComponentDependency has been deprecated
[WARNING] /tmp/icst-2019/september-2018/dataset/xwiki-commons/xwiki-commons-core/xwiki-commons-component/xwiki-commons-component-default/target/clover/src-test-instrumented/org/xwiki/component/annotation/ComponentDescriptorFactoryTest.java:[221,91] getRole() in org.xwiki.component.descriptor.ComponentRole has been deprecated
[WARNING] /tmp/icst-2019/september-2018/dataset/xwiki-commons/xwiki-commons-core/xwiki-commons-component/xwiki-commons-component-default/target/clover/src-test-instrumented/org/xwiki/component/annotation/ComponentDescriptorFactoryTest.java:[224,91] getMappingType() in org.xwiki.component.descriptor.ComponentDependency has been deprecated
[WARNING] /tmp/icst-2019/september-2018/dataset/xwiki-commons/xwiki-commons-core/xwiki-commons-component/xwiki-commons-component-default/target/clover/src-test-instrumented/org/xwiki/component/annotation/ComponentDescriptorFactoryTest.java:[231,88] getRole() in org.xwiki.component.descriptor.ComponentRole has been deprecated
[WARNING] /tmp/icst-2019/september-2018/dataset/xwiki-commons/xwiki-commons-core/xwiki-commons-component/xwiki-commons-component-default/target/clover/src-test-instrumented/org/xwiki/component/annotation/ComponentDescriptorFactoryTest.java:[235,88] getMappingType() in org.xwiki.component.descriptor.ComponentDependency has been deprecated
[WARNING] /tmp/icst-2019/september-2018/dataset/xwiki-commons/xwiki-commons-core/xwiki-commons-component/xwiki-commons-component-default/target/clover/src-test-instrumented/org/xwiki/component/annotation/ComponentDescriptorFactoryTest.java:[242,88] getRole() in org.xwiki.component.descriptor.ComponentRole has been deprecated
[WARNING] /tmp/icst-2019/september-2018/dataset/xwiki-commons/xwiki-commons-core/xwiki-commons-component/xwiki-commons-component-default/target/clover/src-test-instrumented/org/xwiki/component/annotation/ComponentDescriptorFactoryTest.java:[245,88] getMappingType() in org.xwiki.component.descriptor.ComponentDependency has been deprecated
[WARNING] /tmp/icst-2019/september-2018/dataset/xwiki-commons/xwiki-commons-core/xwiki-commons-component/xwiki-commons-component-default/target/clover/src-test-instrumented/org/xwiki/component/annotation/ComponentDescriptorFactoryTest.java:[252,91] getRole() in org.xwiki.component.descriptor.ComponentRole has been deprecated
[WARNING] /tmp/icst-2019/september-2018/dataset/xwiki-commons/xwiki-commons-core/xwiki-commons-component/xwiki-commons-component-default/target/clover/src-test-instrumented/org/xwiki/component/annotation/ComponentDescriptorFactoryTest.java:[254,76] getMappingType() in org.xwiki.component.descriptor.ComponentDependency has been deprecated
[WARNING] /tmp/icst-2019/september-2018/dataset/xwiki-commons/xwiki-commons-core/xwiki-commons-component/xwiki-commons-component-default/target/clover/src-test-instrumented/org/xwiki/component/annotation/ComponentDescriptorFactoryTest.java:[261,91] getRole() in org.xwiki.component.descriptor.ComponentRole has been deprecated
[WARNING] /tmp/icst-2019/september-2018/dataset/xwiki-commons/xwiki-commons-core/xwiki-commons-component/xwiki-commons-component-default/target/clover/src-test-instrumented/org/xwiki/component/annotation/ComponentDescriptorFactoryTest.java:[263,75] getMappingType() in org.xwiki.component.descriptor.ComponentDependency has been deprecated
[WARNING] /tmp/icst-2019/september-2018/dataset/xwiki-commons/xwiki-commons-core/xwiki-commons-component/xwiki-commons-component-default/target/clover/src-test-instrumented/org/xwiki/component/internal/StackingComponentEventManagerTest.java:[47,40] found raw type: java.util.Collection
  missing type arguments for generic class java.util.Collection<E>
[WARNING] /tmp/icst-2019/september-2018/dataset/xwiki-commons/xwiki-commons-core/xwiki-commons-component/xwiki-commons-component-default/target/clover/src-test-instrumented/org/xwiki/component/internal/StackingComponentEventManagerTest.java:[64,96] found raw type: java.util.Collection
  missing type arguments for generic class java.util.Collection<E>
[WARNING] /tmp/icst-2019/september-2018/dataset/xwiki-commons/xwiki-commons-core/xwiki-commons-component/xwiki-commons-component-default/target/clover/src-test-instrumented/org/xwiki/component/annotation/ComponentAnnotationLoaderTest.java:[56,18] org.xwiki.test.jmock.JMockRule in org.xwiki.test.jmock has been deprecated
[WARNING] /tmp/icst-2019/september-2018/dataset/xwiki-commons/xwiki-commons-core/xwiki-commons-component/xwiki-commons-component-default/target/clover/src-test-instrumented/org/xwiki/component/annotation/ComponentAnnotationLoaderTest.java:[56,42] org.xwiki.test.jmock.JMockRule in org.xwiki.test.jmock has been deprecated
[WARNING] /tmp/icst-2019/september-2018/dataset/xwiki-commons/xwiki-commons-core/xwiki-commons-component/xwiki-commons-component-default/target/clover/src-test-instrumented/org/xwiki/component/annotation/ComponentAnnotationLoaderTest.java:[201,49] found raw type: org.xwiki.component.descriptor.ComponentDescriptor
  missing type arguments for generic class org.xwiki.component.descriptor.ComponentDescriptor<T>
[WARNING] /tmp/icst-2019/september-2018/dataset/xwiki-commons/xwiki-commons-core/xwiki-commons-component/xwiki-commons-component-default/target/clover/src-test-instrumented/org/xwiki/component/annotation/ComponentAnnotationLoaderTest.java:[203,49] found raw type: org.xwiki.component.descriptor.ComponentDescriptor
  missing type arguments for generic class org.xwiki.component.descriptor.ComponentDescriptor<T>
[WARNING] /tmp/icst-2019/september-2018/dataset/xwiki-commons/xwiki-commons-core/xwiki-commons-component/xwiki-commons-component-default/target/clover/src-test-instrumented/org/xwiki/component/annotation/ComponentAnnotationLoaderTest.java:[205,49] found raw type: org.xwiki.component.descriptor.ComponentDescriptor
  missing type arguments for generic class org.xwiki.component.descriptor.ComponentDescriptor<T>
[WARNING] /tmp/icst-2019/september-2018/dataset/xwiki-commons/xwiki-commons-core/xwiki-commons-component/xwiki-commons-component-default/target/clover/src-test-instrumented/org/xwiki/component/annotation/ComponentAnnotationLoaderTest.java:[206,49] found raw type: org.xwiki.component.descriptor.ComponentDescriptor
  missing type arguments for generic class org.xwiki.component.descriptor.ComponentDescriptor<T>
[WARNING] /tmp/icst-2019/september-2018/dataset/xwiki-commons/xwiki-commons-core/xwiki-commons-component/xwiki-commons-component-default/target/clover/src-test-instrumented/org/xwiki/component/annotation/ComponentAnnotationLoaderTest.java:[208,49] found raw type: org.xwiki.component.descriptor.ComponentDescriptor
  missing type arguments for generic class org.xwiki.component.descriptor.ComponentDescriptor<T>
[WARNING] /tmp/icst-2019/september-2018/dataset/xwiki-commons/xwiki-commons-core/xwiki-commons-component/xwiki-commons-component-default/target/clover/src-test-instrumented/org/xwiki/component/annotation/ComponentAnnotationLoaderTest.java:[210,49] found raw type: org.xwiki.component.descriptor.ComponentDescriptor
  missing type arguments for generic class org.xwiki.component.descriptor.ComponentDescriptor<T>
[WARNING] /tmp/icst-2019/september-2018/dataset/xwiki-commons/xwiki-commons-core/xwiki-commons-component/xwiki-commons-component-default/target/clover/src-test-instrumented/org/xwiki/component/annotation/ComponentAnnotationLoaderTest.java:[212,49] found raw type: org.xwiki.component.descriptor.ComponentDescriptor
  missing type arguments for generic class org.xwiki.component.descriptor.ComponentDescriptor<T>
[WARNING] /tmp/icst-2019/september-2018/dataset/xwiki-commons/xwiki-commons-core/xwiki-commons-component/xwiki-commons-component-default/target/clover/src-test-instrumented/org/xwiki/component/annotation/ComponentAnnotationLoaderTest.java:[215,49] found raw type: org.xwiki.component.descriptor.ComponentDescriptor
  missing type arguments for generic class org.xwiki.component.descriptor.ComponentDescriptor<T>
[WARNING] /tmp/icst-2019/september-2018/dataset/xwiki-commons/xwiki-commons-core/xwiki-commons-component/xwiki-commons-component-default/target/clover/src-test-instrumented/org/xwiki/component/annotation/ComponentAnnotationLoaderTest.java:[217,49] found raw type: org.xwiki.component.descriptor.ComponentDescriptor
  missing type arguments for generic class org.xwiki.component.descriptor.ComponentDescriptor<T>
[WARNING] /tmp/icst-2019/september-2018/dataset/xwiki-commons/xwiki-commons-core/xwiki-commons-component/xwiki-commons-component-default/target/clover/src-test-instrumented/org/xwiki/component/annotation/ComponentAnnotationLoaderTest.java:[219,49] found raw type: org.xwiki.component.descriptor.ComponentDescriptor
  missing type arguments for generic class org.xwiki.component.descriptor.ComponentDescriptor<T>
[WARNING] /tmp/icst-2019/september-2018/dataset/xwiki-commons/xwiki-commons-core/xwiki-commons-component/xwiki-commons-component-default/target/clover/src-test-instrumented/org/xwiki/component/annotation/ComponentAnnotationLoaderTest.java:[221,49] found raw type: org.xwiki.component.descriptor.ComponentDescriptor
  missing type arguments for generic class org.xwiki.component.descriptor.ComponentDescriptor<T>
[WARNING] /tmp/icst-2019/september-2018/dataset/xwiki-commons/xwiki-commons-core/xwiki-commons-component/xwiki-commons-component-default/target/clover/src-test-instrumented/org/xwiki/component/annotation/ComponentAnnotationLoaderTest.java:[223,49] found raw type: org.xwiki.component.descriptor.ComponentDescriptor
  missing type arguments for generic class org.xwiki.component.descriptor.ComponentDescriptor<T>
[WARNING] /tmp/icst-2019/september-2018/dataset/xwiki-commons/xwiki-commons-core/xwiki-commons-component/xwiki-commons-component-default/target/clover/src-test-instrumented/org/xwiki/component/annotation/ComponentAnnotationLoaderTest.java:[225,49] found raw type: org.xwiki.component.descriptor.ComponentDescriptor
  missing type arguments for generic class org.xwiki.component.descriptor.ComponentDescriptor<T>
[WARNING] /tmp/icst-2019/september-2018/dataset/xwiki-commons/xwiki-commons-core/xwiki-commons-component/xwiki-commons-component-default/target/clover/src-test-instrumented/org/xwiki/component/annotation/ComponentAnnotationLoaderTest.java:[233,87] unchecked method invocation: method registerComponent in interface org.xwiki.component.manager.ComponentManager is applied to given types
  required: org.xwiki.component.descriptor.ComponentDescriptor<T>
  found: org.xwiki.component.descriptor.ComponentDescriptor
[WARNING] /tmp/icst-2019/september-2018/dataset/xwiki-commons/xwiki-commons-core/xwiki-commons-component/xwiki-commons-component-default/target/clover/src-test-instrumented/org/xwiki/component/annotation/ComponentAnnotationLoaderTest.java:[233,88] unchecked conversion
  required: org.xwiki.component.descriptor.ComponentDescriptor<T>
  found:    org.xwiki.component.descriptor.ComponentDescriptor
[WARNING] /tmp/icst-2019/september-2018/dataset/xwiki-commons/xwiki-commons-core/xwiki-commons-component/xwiki-commons-component-default/target/clover/src-test-instrumented/org/xwiki/component/annotation/ComponentAnnotationLoaderTest.java:[234,87] unchecked method invocation: method registerComponent in interface org.xwiki.component.manager.ComponentManager is applied to given types
  required: org.xwiki.component.descriptor.ComponentDescriptor<T>
  found: org.xwiki.component.descriptor.ComponentDescriptor
[WARNING] /tmp/icst-2019/september-2018/dataset/xwiki-commons/xwiki-commons-core/xwiki-commons-component/xwiki-commons-component-default/target/clover/src-test-instrumented/org/xwiki/component/annotation/ComponentAnnotationLoaderTest.java:[234,88] unchecked conversion
  required: org.xwiki.component.descriptor.ComponentDescriptor<T>
  found:    org.xwiki.component.descriptor.ComponentDescriptor
[WARNING] /tmp/icst-2019/september-2018/dataset/xwiki-commons/xwiki-commons-core/xwiki-commons-component/xwiki-commons-component-default/target/clover/src-test-instrumented/org/xwiki/component/annotation/ComponentAnnotationLoaderTest.java:[235,87] unchecked method invocation: method registerComponent in interface org.xwiki.component.manager.ComponentManager is applied to given types
  required: org.xwiki.component.descriptor.ComponentDescriptor<T>
  found: org.xwiki.component.descriptor.ComponentDescriptor
[WARNING] /tmp/icst-2019/september-2018/dataset/xwiki-commons/xwiki-commons-core/xwiki-commons-component/xwiki-commons-component-default/target/clover/src-test-instrumented/org/xwiki/component/annotation/ComponentAnnotationLoaderTest.java:[235,88] unchecked conversion
  required: org.xwiki.component.descriptor.ComponentDescriptor<T>
  found:    org.xwiki.component.descriptor.ComponentDescriptor
[WARNING] /tmp/icst-2019/september-2018/dataset/xwiki-commons/xwiki-commons-core/xwiki-commons-component/xwiki-commons-component-default/target/clover/src-test-instrumented/org/xwiki/component/annotation/ComponentAnnotationLoaderTest.java:[236,87] unchecked method invocation: method registerComponent in interface org.xwiki.component.manager.ComponentManager is applied to given types
  required: org.xwiki.component.descriptor.ComponentDescriptor<T>
  found: org.xwiki.component.descriptor.ComponentDescriptor
[WARNING] /tmp/icst-2019/september-2018/dataset/xwiki-commons/xwiki-commons-core/xwiki-commons-component/xwiki-commons-component-default/target/clover/src-test-instrumented/org/xwiki/component/annotation/ComponentAnnotationLoaderTest.java:[236,88] unchecked conversion
  required: org.xwiki.component.descriptor.ComponentDescriptor<T>
  found:    org.xwiki.component.descriptor.ComponentDescriptor
[WARNING] /tmp/icst-2019/september-2018/dataset/xwiki-commons/xwiki-commons-core/xwiki-commons-component/xwiki-commons-component-default/target/clover/src-test-instrumented/org/xwiki/component/annotation/ComponentAnnotationLoaderTest.java:[237,87] unchecked method invocation: method registerComponent in interface org.xwiki.component.manager.ComponentManager is applied to given types
  required: org.xwiki.component.descriptor.ComponentDescriptor<T>
  found: org.xwiki.component.descriptor.ComponentDescriptor
[WARNING] /tmp/icst-2019/september-2018/dataset/xwiki-commons/xwiki-commons-core/xwiki-commons-component/xwiki-commons-component-default/target/clover/src-test-instrumented/org/xwiki/component/annotation/ComponentAnnotationLoaderTest.java:[237,88] unchecked conversion
  required: org.xwiki.component.descriptor.ComponentDescriptor<T>
  found:    org.xwiki.component.descriptor.ComponentDescriptor
[WARNING] /tmp/icst-2019/september-2018/dataset/xwiki-commons/xwiki-commons-core/xwiki-commons-component/xwiki-commons-component-default/target/clover/src-test-instrumented/org/xwiki/component/annotation/ComponentAnnotationLoaderTest.java:[238,87] unchecked method invocation: method registerComponent in interface org.xwiki.component.manager.ComponentManager is applied to given types
  required: org.xwiki.component.descriptor.ComponentDescriptor<T>
  found: org.xwiki.component.descriptor.ComponentDescriptor
[WARNING] /tmp/icst-2019/september-2018/dataset/xwiki-commons/xwiki-commons-core/xwiki-commons-component/xwiki-commons-component-default/target/clover/src-test-instrumented/org/xwiki/component/annotation/ComponentAnnotationLoaderTest.java:[238,88] unchecked conversion
  required: org.xwiki.component.descriptor.ComponentDescriptor<T>
  found:    org.xwiki.component.descriptor.ComponentDescriptor
[WARNING] /tmp/icst-2019/september-2018/dataset/xwiki-commons/xwiki-commons-core/xwiki-commons-component/xwiki-commons-component-default/target/clover/src-test-instrumented/org/xwiki/component/annotation/ComponentAnnotationLoaderTest.java:[239,87] unchecked method invocation: method registerComponent in interface org.xwiki.component.manager.ComponentManager is applied to given types
  required: org.xwiki.component.descriptor.ComponentDescriptor<T>
  found: org.xwiki.component.descriptor.ComponentDescriptor
[WARNING] /tmp/icst-2019/september-2018/dataset/xwiki-commons/xwiki-commons-core/xwiki-commons-component/xwiki-commons-component-default/target/clover/src-test-instrumented/org/xwiki/component/annotation/ComponentAnnotationLoaderTest.java:[239,88] unchecked conversion
  required: org.xwiki.component.descriptor.ComponentDescriptor<T>
  found:    org.xwiki.component.descriptor.ComponentDescriptor
[WARNING] /tmp/icst-2019/september-2018/dataset/xwiki-commons/xwiki-commons-core/xwiki-commons-component/xwiki-commons-component-default/target/clover/src-test-instrumented/org/xwiki/component/annotation/ComponentAnnotationLoaderTest.java:[240,87] unchecked method invocation: method registerComponent in interface org.xwiki.component.manager.ComponentManager is applied to given types
  required: org.xwiki.component.descriptor.ComponentDescriptor<T>
  found: org.xwiki.component.descriptor.ComponentDescriptor
[WARNING] /tmp/icst-2019/september-2018/dataset/xwiki-commons/xwiki-commons-core/xwiki-commons-component/xwiki-commons-component-default/target/clover/src-test-instrumented/org/xwiki/component/annotation/ComponentAnnotationLoaderTest.java:[240,88] unchecked conversion
  required: org.xwiki.component.descriptor.ComponentDescriptor<T>
  found:    org.xwiki.component.descriptor.ComponentDescriptor
[WARNING] /tmp/icst-2019/september-2018/dataset/xwiki-commons/xwiki-commons-core/xwiki-commons-component/xwiki-commons-component-default/target/clover/src-test-instrumented/org/xwiki/component/annotation/ComponentAnnotationLoaderTest.java:[241,87] unchecked method invocation: method registerComponent in interface org.xwiki.component.manager.ComponentManager is applied to given types
  required: org.xwiki.component.descriptor.ComponentDescriptor<T>
  found: org.xwiki.component.descriptor.ComponentDescriptor
[WARNING] /tmp/icst-2019/september-2018/dataset/xwiki-commons/xwiki-commons-core/xwiki-commons-component/xwiki-commons-component-default/target/clover/src-test-instrumented/org/xwiki/component/annotation/ComponentAnnotationLoaderTest.java:[241,88] unchecked conversion
  required: org.xwiki.component.descriptor.ComponentDescriptor<T>
  found:    org.xwiki.component.descriptor.ComponentDescriptor
[WARNING] /tmp/icst-2019/september-2018/dataset/xwiki-commons/xwiki-commons-core/xwiki-commons-component/xwiki-commons-component-default/target/clover/src-test-instrumented/org/xwiki/component/annotation/ComponentAnnotationLoaderTest.java:[242,87] unchecked method invocation: method registerComponent in interface org.xwiki.component.manager.ComponentManager is applied to given types
  required: org.xwiki.component.descriptor.ComponentDescriptor<T>
  found: org.xwiki.component.descriptor.ComponentDescriptor
[WARNING] /tmp/icst-2019/september-2018/dataset/xwiki-commons/xwiki-commons-core/xwiki-commons-component/xwiki-commons-component-default/target/clover/src-test-instrumented/org/xwiki/component/annotation/ComponentAnnotationLoaderTest.java:[242,88] unchecked conversion
  required: org.xwiki.component.descriptor.ComponentDescriptor<T>
  found:    org.xwiki.component.descriptor.ComponentDescriptor
[WARNING] /tmp/icst-2019/september-2018/dataset/xwiki-commons/xwiki-commons-core/xwiki-commons-component/xwiki-commons-component-default/target/clover/src-test-instrumented/org/xwiki/component/annotation/ComponentAnnotationLoaderTest.java:[243,87] unchecked method invocation: method registerComponent in interface org.xwiki.component.manager.ComponentManager is applied to given types
  required: org.xwiki.component.descriptor.ComponentDescriptor<T>
  found: org.xwiki.component.descriptor.ComponentDescriptor
[WARNING] /tmp/icst-2019/september-2018/dataset/xwiki-commons/xwiki-commons-core/xwiki-commons-component/xwiki-commons-component-default/target/clover/src-test-instrumented/org/xwiki/component/annotation/ComponentAnnotationLoaderTest.java:[243,88] unchecked conversion
  required: org.xwiki.component.descriptor.ComponentDescriptor<T>
  found:    org.xwiki.component.descriptor.ComponentDescriptor
[WARNING] /tmp/icst-2019/september-2018/dataset/xwiki-commons/xwiki-commons-core/xwiki-commons-component/xwiki-commons-component-default/target/clover/src-test-instrumented/org/xwiki/component/annotation/ComponentAnnotationLoaderTest.java:[244,87] unchecked method invocation: method registerComponent in interface org.xwiki.component.manager.ComponentManager is applied to given types
  required: org.xwiki.component.descriptor.ComponentDescriptor<T>
  found: org.xwiki.component.descriptor.ComponentDescriptor
[WARNING] /tmp/icst-2019/september-2018/dataset/xwiki-commons/xwiki-commons-core/xwiki-commons-component/xwiki-commons-component-default/target/clover/src-test-instrumented/org/xwiki/component/annotation/ComponentAnnotationLoaderTest.java:[244,88] unchecked conversion
  required: org.xwiki.component.descriptor.ComponentDescriptor<T>
  found:    org.xwiki.component.descriptor.ComponentDescriptor
[WARNING] /tmp/icst-2019/september-2018/dataset/xwiki-commons/xwiki-commons-core/xwiki-commons-component/xwiki-commons-component-default/target/clover/src-test-instrumented/org/xwiki/component/annotation/ComponentAnnotationLoaderTest.java:[245,87] unchecked method invocation: method registerComponent in interface org.xwiki.component.manager.ComponentManager is applied to given types
  required: org.xwiki.component.descriptor.ComponentDescriptor<T>
  found: org.xwiki.component.descriptor.ComponentDescriptor
[WARNING] /tmp/icst-2019/september-2018/dataset/xwiki-commons/xwiki-commons-core/xwiki-commons-component/xwiki-commons-component-default/target/clover/src-test-instrumented/org/xwiki/component/annotation/ComponentAnnotationLoaderTest.java:[245,88] unchecked conversion
  required: org.xwiki.component.descriptor.ComponentDescriptor<T>
  found:    org.xwiki.component.descriptor.ComponentDescriptor
[WARNING] /tmp/icst-2019/september-2018/dataset/xwiki-commons/xwiki-commons-core/xwiki-commons-component/xwiki-commons-component-default/target/clover/src-test-instrumented/org/xwiki/component/embed/EmbeddableComponentManagerTest.java:[152,84] <T>getComponentDescriptorList(java.lang.Class<T>) in org.xwiki.component.embed.EmbeddableComponentManager has been deprecated
[WARNING] /tmp/icst-2019/september-2018/dataset/xwiki-commons/xwiki-commons-core/xwiki-commons-component/xwiki-commons-component-default/target/clover/src-test-instrumented/org/xwiki/component/embed/EmbeddableComponentManagerTest.java:[202,93] <T>getComponentDescriptorList(java.lang.Class<T>) in org.xwiki.component.embed.EmbeddableComponentManager has been deprecated
[WARNING] /tmp/icst-2019/september-2018/dataset/xwiki-commons/xwiki-commons-core/xwiki-commons-component/xwiki-commons-component-default/target/clover/src-test-instrumented/org/xwiki/component/embed/EmbeddableComponentManagerTest.java:[342,44] found raw type: org.xwiki.component.descriptor.DefaultComponentDependency
  missing type arguments for generic class org.xwiki.component.descriptor.DefaultComponentDependency<T>
[WARNING] /tmp/icst-2019/september-2018/dataset/xwiki-commons/xwiki-commons-core/xwiki-commons-component/xwiki-commons-component-default/target/clover/src-test-instrumented/org/xwiki/component/embed/EmbeddableComponentManagerTest.java:[342,98] found raw type: org.xwiki.component.descriptor.DefaultComponentDependency
  missing type arguments for generic class org.xwiki.component.descriptor.DefaultComponentDependency<T>
[WARNING] /tmp/icst-2019/september-2018/dataset/xwiki-commons/xwiki-commons-core/xwiki-commons-component/xwiki-commons-component-default/target/clover/src-test-instrumented/org/xwiki/component/embed/EmbeddableComponentManagerTest.java:[343,79] unchecked call to setMappingType(java.lang.Class<?>) as a member of the raw type org.xwiki.component.descriptor.DefaultComponentDependency
[WARNING] /tmp/icst-2019/september-2018/dataset/xwiki-commons/xwiki-commons-core/xwiki-commons-component/xwiki-commons-component-default/target/clover/src-test-instrumented/org/xwiki/component/embed/EmbeddableComponentManagerTest.java:[343,64] setMappingType(java.lang.Class<?>) in org.xwiki.component.descriptor.DefaultComponentDependency has been deprecated
[WARNING] /tmp/icst-2019/september-2018/dataset/xwiki-commons/xwiki-commons-core/xwiki-commons-component/xwiki-commons-component-default/target/clover/src-test-instrumented/org/xwiki/component/embed/EmbeddableComponentManagerTest.java:[605,44] found raw type: org.xwiki.component.descriptor.DefaultComponentDependency
  missing type arguments for generic class org.xwiki.component.descriptor.DefaultComponentDependency<T>
[WARNING] /tmp/icst-2019/september-2018/dataset/xwiki-commons/xwiki-commons-core/xwiki-commons-component/xwiki-commons-component-default/target/clover/src-test-instrumented/org/xwiki/component/embed/EmbeddableComponentManagerTest.java:[605,98] found raw type: org.xwiki.component.descriptor.DefaultComponentDependency
  missing type arguments for generic class org.xwiki.component.descriptor.DefaultComponentDependency<T>
[WARNING] /tmp/icst-2019/september-2018/dataset/xwiki-commons/xwiki-commons-core/xwiki-commons-component/xwiki-commons-component-default/target/clover/src-test-instrumented/org/xwiki/component/ProviderTest.java:[51,6] org.xwiki.component.annotation.ComponentRole in org.xwiki.component.annotation has been deprecated
[WARNING] /tmp/icst-2019/september-2018/dataset/xwiki-commons/xwiki-commons-core/xwiki-commons-component/xwiki-commons-component-default/target/clover/src-test-instrumented/org/xwiki/component/ProviderTest.java:[139,46] setRole(java.lang.Class<T>) in org.xwiki.component.descriptor.DefaultComponentRole has been deprecated
[WARNING] /tmp/icst-2019/september-2018/dataset/xwiki-commons/xwiki-commons-core/xwiki-commons-component/xwiki-commons-component-default/target/clover/src-test-instrumented/org/xwiki/component/ProviderTest.java:[144,46] setRole(java.lang.Class<T>) in org.xwiki.component.descriptor.DefaultComponentRole has been deprecated
[INFO] 
[INFO] --- maven-surefire-plugin:2.19.1:test (default-test) @ xwiki-commons-component-default ---

-------------------------------------------------------
 T E S T S
-------------------------------------------------------
Running org.xwiki.component.guice.GuiceCompatibilityTest
Tests run: 1, Failures: 0, Errors: 0, Skipped: 0, Time elapsed: 0.533 sec - in org.xwiki.component.guice.GuiceCompatibilityTest
Running org.xwiki.component.ProviderTest
Tests run: 2, Failures: 0, Errors: 0, Skipped: 0, Time elapsed: 0.038 sec - in org.xwiki.component.ProviderTest
Running org.xwiki.component.annotation.ComponentDescriptorFactoryTest
Tests run: 5, Failures: 0, Errors: 0, Skipped: 0, Time elapsed: 0.011 sec - in org.xwiki.component.annotation.ComponentDescriptorFactoryTest
Running org.xwiki.component.annotation.ComponentAnnotationLoaderTest
Tests run: 8, Failures: 0, Errors: 0, Skipped: 0, Time elapsed: 0.068 sec - in org.xwiki.component.annotation.ComponentAnnotationLoaderTest
Running org.xwiki.component.embed.EmbeddableComponentManagerTest
Tests run: 24, Failures: 0, Errors: 0, Skipped: 0, Time elapsed: 0.54 sec - in org.xwiki.component.embed.EmbeddableComponentManagerTest
Running org.xwiki.component.internal.StackingComponentEventManagerTest
Tests run: 1, Failures: 0, Errors: 0, Skipped: 0, Time elapsed: 0.017 sec - in org.xwiki.component.internal.StackingComponentEventManagerTest

Results :

Tests run: 41, Failures: 0, Errors: 0, Skipped: 0

[INFO] ------------------------------------------------------------------------
[INFO] BUILD SUCCESS
[INFO] ------------------------------------------------------------------------
[INFO] Total time: 15.613 s
[INFO] Finished at: 2018-10-10T19:30:18+02:00
[INFO] ------------------------------------------------------------------------
Writing HTML report to '/tmp/icst-2019/september-2018/dataset/xwiki-commons/xwiki-commons-core/xwiki-commons-component/xwiki-commons-component-default/target/clover/report'
Done. Processed 6 packages in 1498ms (249ms per package).
[INFO] /tmp/icst-2019/september-2018/dataset/xwiki-commons/xwiki-commons-core/xwiki-commons-component/xwiki-commons-component-default/src/main/java/org/xwiki/component/embed/EmbeddableComponentManager.java
[INFO] /tmp/icst-2019/september-2018/dataset/xwiki-commons_parent/xwiki-commons-core/xwiki-commons-component/xwiki-commons-component-default/src/main/java/org/xwiki/component/embed/EmbeddableComponentManager.java
[info] org.xwiki.component.embed.EmbeddableComponentManager:425 is modified.
[info] org.xwiki.component.embed.EmbeddableComponentManager:427 is modified.
[info] org.xwiki.component.embed.EmbeddableComponentManager:427 is modified.
[info] org.xwiki.component.embed.EmbeddableComponentManager:427 is modified.
[info] org.xwiki.component.embed.EmbeddableComponentManager:427 is modified.
[info] org.xwiki.component.embed.EmbeddableComponentManager:425 covered.
[info] org.xwiki.component.embed.EmbeddableComponentManager:427 covered.
[INFO] /tmp/icst-2019/september-2018/dataset/xwiki-commons/xwiki-commons-core/xwiki-commons-component/xwiki-commons-component-default/src/main/java/org/xwiki/component/internal/RoleHint.java
[INFO] /tmp/icst-2019/september-2018/dataset/xwiki-commons_parent/xwiki-commons-core/xwiki-commons-component/xwiki-commons-component-default/src/main/java/org/xwiki/component/internal/RoleHint.java
[INFO] /tmp/icst-2019/september-2018/dataset/xwiki-commons/xwiki-commons-core/xwiki-commons-component/xwiki-commons-component-default/src/test/java/org/xwiki/component/ProviderTest.java
[INFO] /tmp/icst-2019/september-2018/dataset/xwiki-commons_parent/xwiki-commons-core/xwiki-commons-component/xwiki-commons-component-default/src/test/java/org/xwiki/component/ProviderTest.java
[INFO] Saving result in /tmp/icst-2019/september-2018/result/xwiki-commons/commit_11_8f82e34/commit_coverage_testsThatExecuteTheChanges.csv ...
[INFO] org.xwiki.component.ProviderTest;loadAndInjectProviders;loadAndInjectProviderWhenExceptionInInitialize
org.xwiki.component.embed.EmbeddableComponentManagerTest;testGetInstanceWhenComponentInParent;testUnregisterDisposableSingletonComponent;testRegisterComponentInstance;testGetInstanceListAndMapWhenSomeComponentsInParent;testRegisterInitializableComponent;testUnregisterComponent;testRelease;testComponentDescriptorInjection;testLookupThisComponentManager;testDispose;testRegisterComponentOverExistingOne;testLoggingInjection;testReleaseDisposableComponent
[INFO] Writing Coverage in /tmp/icst-2019/september-2018/result/xwiki-commons/commit_11_8f82e34/commit_coverage_testsThatExecuteTheChanges_coverage.csv
[INFO] org.xwiki.component.embed.EmbeddableComponentManager;2;2

[INFO] total;2;2

[INFO] ------------------------------------------------------------------------
[INFO] BUILD SUCCESS
[INFO] ------------------------------------------------------------------------
[INFO] Total time: 25.366 s
[INFO] Finished at: 2018-10-10T19:30:23+02:00
[INFO] ------------------------------------------------------------------------
