[INFO] Scanning for projects...
[WARNING] 
[WARNING] Some problems were encountered while building the effective model for org.xwiki.commons:xwiki-commons-xml:jar:9.10-SNAPSHOT
[WARNING] Reporting configuration should be done in <reporting> section, not in maven-site-plugin <configuration> as reportPlugins parameter.
[WARNING] 
[WARNING] It is highly recommended to fix these problems because they threaten the stability of your build.
[WARNING] 
[WARNING] For this reason, future Maven versions might no longer support building such malformed projects.
[WARNING] 
[INFO] 
[INFO] ----------------< org.xwiki.commons:xwiki-commons-xml >-----------------
[INFO] Building XWiki Commons - XML 9.10-SNAPSHOT
[INFO] --------------------------------[ jar ]---------------------------------
[INFO] 
[INFO] --- maven-clean-plugin:3.0.0:clean (default-clean) @ xwiki-commons-xml ---
[INFO] Deleting /tmp/icst-2019/september-2018/dataset/xwiki-commons/xwiki-commons-core/xwiki-commons-xml/target
[INFO] 
[INFO] --- diff-test-selection:0.5-SNAPSHOT:list (default-cli) @ xwiki-commons-xml ---
[INFO] Computing coverage for /tmp/icst-2019/september-2018/dataset/xwiki-commons/xwiki-commons-core/xwiki-commons-xml
[WARN] Maven will be executed in interactive mode, but no input stream has been configured for this MavenInvoker instance.
[INFO] Scanning for projects...
[WARNING] 
[WARNING] Some problems were encountered while building the effective model for org.xwiki.commons:xwiki-commons-xml:jar:9.10-SNAPSHOT
[WARNING] Reporting configuration should be done in <reporting> section, not in maven-site-plugin <configuration> as reportPlugins parameter.
[WARNING] 
[WARNING] It is highly recommended to fix these problems because they threaten the stability of your build.
[WARNING] 
[WARNING] For this reason, future Maven versions might no longer support building such malformed projects.
[WARNING] 
[INFO] 
[INFO] ----------------< org.xwiki.commons:xwiki-commons-xml >-----------------
[INFO] Building XWiki Commons - XML 9.10-SNAPSHOT
[INFO] --------------------------------[ jar ]---------------------------------
[INFO] 
[INFO] --- maven-clean-plugin:3.0.0:clean (default-clean) @ xwiki-commons-xml ---
[INFO] 
[INFO] --- clover-maven-plugin:4.2.0:setup (default-cli) @ xwiki-commons-xml ---
[INFO] No 'maven.clover.licenseLocation' configured. Using default license.
[INFO] OpenClover Version 4.2.0, built on April 30 2017 (build-1000)
[INFO] Loaded from: /home/spirals/danglot/.m2/repository/org/openclover/clover/4.2.0/clover-4.2.0.jar
[INFO] Clover free edition.
[INFO] Creating new database at '/tmp/icst-2019/september-2018/dataset/xwiki-commons/xwiki-commons-core/xwiki-commons-xml/target/clover/clover.db'.
[INFO] Processing files at 1.8 source level.
[INFO] Clover all over. Instrumented 26 files (8 packages).
[INFO] Elapsed time = 1.93 secs. (13.472 files/sec, 2,264.249 srclines/sec)
[INFO] OpenClover Version 4.2.0, built on April 30 2017 (build-1000)
[INFO] Loaded from: /home/spirals/danglot/.m2/repository/org/openclover/clover/4.2.0/clover-4.2.0.jar
[INFO] Clover free edition.
[INFO] Updating existing database at '/tmp/icst-2019/september-2018/dataset/xwiki-commons/xwiki-commons-core/xwiki-commons-xml/target/clover/clover.db'.
[INFO] Processing files at 1.8 source level.
[INFO] Clover all over. Instrumented 4 files (4 packages).
[INFO] 47 test methods detected.
[INFO] Elapsed time = 0.448 secs. (8.929 files/sec, 1,919.643 srclines/sec)
[INFO] 
[INFO] --- maven-enforcer-plugin:1.4.1:enforce (enforce-plugins) @ xwiki-commons-xml ---
[INFO] Skipping Rule Enforcement.
[INFO] 
[INFO] --- maven-enforcer-plugin:1.4.1:enforce (enforce-jcl-log4j-isolation) @ xwiki-commons-xml ---
[INFO] Skipping Rule Enforcement.
[INFO] 
[INFO] --- maven-enforcer-plugin:1.4.1:enforce (enforce-glasshfish-jaxb) @ xwiki-commons-xml ---
[INFO] Skipping Rule Enforcement.
[INFO] 
[INFO] --- maven-enforcer-plugin:1.4.1:enforce (enforce-commons-lang3) @ xwiki-commons-xml ---
[INFO] Skipping Rule Enforcement.
[INFO] 
[INFO] --- maven-enforcer-plugin:1.4.1:enforce (enforce-commons-configuration2) @ xwiki-commons-xml ---
[INFO] Skipping Rule Enforcement.
[INFO] 
[INFO] --- maven-enforcer-plugin:1.4.1:enforce (enforce-bouncycastle-ids) @ xwiki-commons-xml ---
[INFO] Skipping Rule Enforcement.
[INFO] 
[INFO] --- maven-enforcer-plugin:1.4.1:enforce (enforce-javase-dependencies) @ xwiki-commons-xml ---
[INFO] Skipping Rule Enforcement.
[INFO] 
[INFO] --- maven-enforcer-plugin:1.4.1:enforce (enforce-upper-bounds) @ xwiki-commons-xml ---
[INFO] Skipping Rule Enforcement.
[INFO] 
[INFO] --- maven-enforcer-plugin:1.4.1:enforce (enforce-no-legacy-dependencies) @ xwiki-commons-xml ---
[INFO] 
[INFO] --- maven-enforcer-plugin:1.4.1:enforce (enforce-valid-poms) @ xwiki-commons-xml ---
[INFO] Skipping Rule Enforcement.
[INFO] 
[INFO] --- maven-enforcer-plugin:1.4.1:enforce (enforce-platform-rendering-isolation) @ xwiki-commons-xml ---
[INFO] Skipping Rule Enforcement.
[INFO] 
[INFO] --- maven-enforcer-plugin:1.4.1:enforce (check-dependency-version) @ xwiki-commons-xml ---
[INFO] Skipping Rule Enforcement.
[INFO] 
[INFO] --- maven-remote-resources-plugin:1.5:process (xwiki-license-resources) @ xwiki-commons-xml ---
[INFO] 
[INFO] --- maven-resources-plugin:3.0.2:resources (default-resources) @ xwiki-commons-xml ---
[INFO] Using 'UTF-8' encoding to copy filtered resources.
[INFO] Copying 6 resources
[INFO] Copying 1 resource
[INFO] Copying 2 resources
[INFO] 
[INFO] --- maven-compiler-plugin:3.7.0:compile (default-compile) @ xwiki-commons-xml ---
[INFO] Changes detected - recompiling the module!
[INFO] Compiling 26 source files to /tmp/icst-2019/september-2018/dataset/xwiki-commons/xwiki-commons-core/xwiki-commons-xml/target/classes
[WARNING] /tmp/icst-2019/september-2018/dataset/xwiki-commons/xwiki-commons-core/xwiki-commons-xml/target/clover/src-instrumented/org/htmlcleaner/XWikiDOMSerializer.java:[31,32] org.apache.commons.lang3.StringEscapeUtils in org.apache.commons.lang3 has been deprecated
[WARNING] /tmp/icst-2019/september-2018/dataset/xwiki-commons/xwiki-commons-core/xwiki-commons-xml/target/clover/src-instrumented/org/htmlcleaner/XWikiDOMSerializer.java:[232,58] org.apache.commons.lang3.StringEscapeUtils in org.apache.commons.lang3 has been deprecated
[WARNING] /tmp/icst-2019/september-2018/dataset/xwiki-commons/xwiki-commons-core/xwiki-commons-xml/target/clover/src-instrumented/org/htmlcleaner/XWikiDOMSerializer.java:[238,58] org.apache.commons.lang3.StringEscapeUtils in org.apache.commons.lang3 has been deprecated
[INFO] 
[INFO] --- maven-bundle-plugin:2.5.3:manifest (bundle-manifest) @ xwiki-commons-xml ---
[INFO] 
[INFO] --- maven-resources-plugin:3.0.2:testResources (default-testResources) @ xwiki-commons-xml ---
[INFO] Using 'UTF-8' encoding to copy filtered resources.
[INFO] skip non existing resourceDirectory /tmp/icst-2019/september-2018/dataset/xwiki-commons/xwiki-commons-core/xwiki-commons-xml/src/test/resources
[INFO] Copying 2 resources
[INFO] 
[INFO] --- maven-compiler-plugin:3.7.0:testCompile (default-testCompile) @ xwiki-commons-xml ---
[INFO] Changes detected - recompiling the module!
[INFO] Compiling 4 source files to /tmp/icst-2019/september-2018/dataset/xwiki-commons/xwiki-commons-core/xwiki-commons-xml/target/test-classes
[INFO] 
[INFO] --- maven-surefire-plugin:2.19.1:test (default-test) @ xwiki-commons-xml ---

-------------------------------------------------------
 T E S T S
-------------------------------------------------------
Running org.xwiki.xml.html.HTMLUtilsTest
Tests run: 2, Failures: 0, Errors: 0, Skipped: 0, Time elapsed: 0.786 sec - in org.xwiki.xml.html.HTMLUtilsTest
Running org.xwiki.xml.XMLUtilsTest
Tests run: 21, Failures: 0, Errors: 0, Skipped: 0, Time elapsed: 0.127 sec - in org.xwiki.xml.XMLUtilsTest
Running org.xwiki.xml.internal.html.DefaultHTMLCleanerTest
Tests run: 22, Failures: 0, Errors: 0, Skipped: 2, Time elapsed: 1.735 sec - in org.xwiki.xml.internal.html.DefaultHTMLCleanerTest
Running org.xwiki.xml.stax.StAXUtilsTest
Tests run: 4, Failures: 0, Errors: 0, Skipped: 0, Time elapsed: 0.951 sec - in org.xwiki.xml.stax.StAXUtilsTest

Results :

Tests run: 49, Failures: 0, Errors: 0, Skipped: 2

[INFO] ------------------------------------------------------------------------
[INFO] BUILD SUCCESS
[INFO] ------------------------------------------------------------------------
[INFO] Total time: 34.062 s
[INFO] Finished at: 2018-10-02T16:28:03+02:00
[INFO] ------------------------------------------------------------------------
Writing HTML report to '/tmp/icst-2019/september-2018/dataset/xwiki-commons/xwiki-commons-core/xwiki-commons-xml/target/clover/report'
Done. Processed 8 packages in 5786ms (723ms per package).
[INFO] /tmp/icst-2019/september-2018/dataset/xwiki-commons/xwiki-commons-core/xwiki-commons-xml/src/main/java/org/xwiki/xml/internal/html/filter/BodyFilter.java
[INFO] /tmp/icst-2019/september-2018/dataset/xwiki-commons_parent/xwiki-commons-core/xwiki-commons-xml/src/main/java/org/xwiki/xml/internal/html/filter/BodyFilter.java
[info] org.xwiki.xml.internal.html.filter.BodyFilter:72 is modified.
[info] org.xwiki.xml.internal.html.filter.BodyFilter:101 is modified.
[info] org.xwiki.xml.internal.html.filter.BodyFilter:81 is modified.
[info] org.xwiki.xml.internal.html.filter.BodyFilter:79 is modified.
[info] org.xwiki.xml.internal.html.filter.BodyFilter:82 is modified.
[info] org.xwiki.xml.internal.html.filter.BodyFilter:86 is modified.
[info] org.xwiki.xml.internal.html.filter.BodyFilter:90 is modified.
[info] org.xwiki.xml.internal.html.filter.BodyFilter:80 is modified.
[info] org.xwiki.xml.internal.html.filter.BodyFilter:80 is modified.
[info] org.xwiki.xml.internal.html.filter.BodyFilter:83 is modified.
[info] org.xwiki.xml.internal.html.filter.BodyFilter:89 is modified.
[info] org.xwiki.xml.internal.html.filter.BodyFilter:72 covered.
[info] org.xwiki.xml.internal.html.filter.BodyFilter:101 covered.
[info] org.xwiki.xml.internal.html.filter.BodyFilter:89 covered.
[info] org.xwiki.xml.internal.html.filter.BodyFilter:81 covered.
[info] org.xwiki.xml.internal.html.filter.BodyFilter:79 covered.
[info] org.xwiki.xml.internal.html.filter.BodyFilter:82 covered.
[info] org.xwiki.xml.internal.html.filter.BodyFilter:86 covered.
[info] org.xwiki.xml.internal.html.filter.BodyFilter:90 covered.
[info] org.xwiki.xml.internal.html.filter.BodyFilter:80 covered.
[info] org.xwiki.xml.internal.html.filter.BodyFilter:83 covered.
[INFO] /tmp/icst-2019/september-2018/dataset/xwiki-commons/xwiki-commons-core/xwiki-commons-xml/src/test/java/org/xwiki/xml/internal/html/DefaultHTMLCleanerTest.java
[INFO] /tmp/icst-2019/september-2018/dataset/xwiki-commons_parent/xwiki-commons-core/xwiki-commons-xml/src/test/java/org/xwiki/xml/internal/html/DefaultHTMLCleanerTest.java
[info] org.xwiki.xml.internal.html.DefaultHTMLCleanerTest:420 is modified.
[info] org.xwiki.xml.internal.html.DefaultHTMLCleanerTest:421 is modified.
[info] org.xwiki.xml.internal.html.DefaultHTMLCleanerTest:422 is modified.
[info] org.xwiki.xml.internal.html.DefaultHTMLCleanerTest:424 is modified.
[info] org.xwiki.xml.internal.html.DefaultHTMLCleanerTest:426 is modified.
[INFO] Saving result in /tmp/icst-2019/september-2018/result/xwiki-commons/commit_8_1b79714/commit_coverage_testsThatExecuteTheChanges.csv ...
[INFO] org.xwiki.xml.html.HTMLUtilsTest;testStripTopLevelParagraph;testStripHTMLEnvelope
org.xwiki.xml.internal.html.DefaultHTMLCleanerTest;convertImplicitParagraphs;explicitFilterList;cleanEmptyDIV;fullXHTMLHeader;specialCharacters;convertImageAlignment;scriptAndCData;verifySpanIsExpanded;verifyLegendTagNotStripped;restrictedHtml;duplicateIds;closeUnbalancedTags;cleanNonXHTMLLists;elementExpansion;verifyEntitiesAreNotBroken;conversionsFromHTML;verifyIFRAMECleaning;cleanSVGTags;verifyExternalLinksAreSecure;styleAndCData
[INFO] Writing Coverage in /tmp/icst-2019/september-2018/result/xwiki-commons/commit_8_1b79714/commit_coverage_testsThatExecuteTheChanges_coverage.csv
[INFO] org.xwiki.xml.internal.html.filter.BodyFilter;10;10

[INFO] total;10;10

[INFO] ------------------------------------------------------------------------
[INFO] BUILD SUCCESS
[INFO] ------------------------------------------------------------------------
[INFO] Total time: 54.172 s
[INFO] Finished at: 2018-10-02T16:28:15+02:00
[INFO] ------------------------------------------------------------------------
[INFO] 2018-10-02 16:28:15 RepositoriesSetter - {/tmp/icst-2019/september-2018/dataset/xwiki-commons} Cleaning local repository...
[INFO] 2018-10-02 16:28:17 RepositoriesSetter - Checkout 6dc90595fb844f143b81c2cd314e5f872a5c9b62 revision...
[INFO] 2018-10-02 16:28:18 RepositoriesSetter - {/tmp/icst-2019/september-2018/dataset/xwiki-commons_parent} Cleaning local repository...
[INFO] 2018-10-02 16:28:18 RepositoriesSetter - Checkout 7b9ed5a88b7d2cfe76bb372a0cac1f9553210194 revision...
